INFO: [SIM 2] *************** CSIM start ***************
INFO: [SIM 4] CSIM will launch GCC as the compiler.
   Compiling ../../../matrixmul_test.cpp in debug mode
   Generating csim.exe
m = 2
n = 4
p = 8
Show matrix A
1 1 
2 2 
3 3 
4 4 
Show matrix B
1 2 3 4 5 6 7 8 
1 2 3 4 5 6 7 8 
Show matrix sw_result
2 4 6 8 10 12 14 16 
4 8 12 16 20 24 28 32 
6 12 18 24 30 36 42 48 
8 16 24 32 40 48 56 64 
Show matrix hw_result
2 4 6 8 10 12 14 16 
4 8 12 16 20 24 28 32 
6 12 18 24 30 36 42 48 
8 16 24 32 40 48 56 64 
test pass
INFO: [SIM 1] CSim done with 0 errors.
INFO: [SIM 3] *************** CSIM finish ***************
