
*** Running vivado
    with args -log design_1_wrapper.vds -m64 -product Vivado -mode batch -messageDb vivado.pb -notrace -source design_1_wrapper.tcl


****** Vivado v2018.2 (64-bit)
  **** SW Build 2258646 on Thu Jun 14 20:03:12 MDT 2018
  **** IP Build 2256618 on Thu Jun 14 22:10:49 MDT 2018
    ** Copyright 1986-2018 Xilinx, Inc. All Rights Reserved.

source design_1_wrapper.tcl -notrace
INFO: [IP_Flow 19-234] Refreshing IP repositories
INFO: [IP_Flow 19-1700] Loaded user IP repository 'c:/Xilinx/SoC/matrixmul/solution1/impl/ip'.
INFO: [IP_Flow 19-2313] Loaded Vivado IP repository 'C:/Xilinx/Vivado/2018.2/data/ip'.
add_files: Time (s): cpu = 00:00:05 ; elapsed = 00:00:06 . Memory (MB): peak = 322.227 ; gain = 78.383
Command: synth_design -top design_1_wrapper -part xc7z020clg484-1
Starting synth_design
Attempting to get a license for feature 'Synthesis' and/or device 'xc7z020'
INFO: [Common 17-349] Got license for feature 'Synthesis' and/or device 'xc7z020'
INFO: Launching helper process for spawning children vivado processes
INFO: Helper process launched with PID 19788 
---------------------------------------------------------------------------------
Starting RTL Elaboration : Time (s): cpu = 00:00:02 ; elapsed = 00:00:02 . Memory (MB): peak = 430.020 ; gain = 100.906
---------------------------------------------------------------------------------
INFO: [Synth 8-6157] synthesizing module 'design_1_wrapper' [C:/Xilinx/SoC/matrixmul002/matrixmul002.srcs/sources_1/bd/design_1/hdl/design_1_wrapper.v:12]
INFO: [Synth 8-6157] synthesizing module 'design_1' [C:/Xilinx/SoC/matrixmul002/matrixmul002.srcs/sources_1/bd/design_1/synth/design_1.v:13]
INFO: [Synth 8-6157] synthesizing module 'design_1_axi_dma_0_0' [C:/Xilinx/SoC/matrixmul002/matrixmul002.runs/synth_1/.Xil/Vivado-12712-DESKTOP-K0IDMNB/realtime/design_1_axi_dma_0_0_stub.v:6]
INFO: [Synth 8-6155] done synthesizing module 'design_1_axi_dma_0_0' (1#1) [C:/Xilinx/SoC/matrixmul002/matrixmul002.runs/synth_1/.Xil/Vivado-12712-DESKTOP-K0IDMNB/realtime/design_1_axi_dma_0_0_stub.v:6]
WARNING: [Synth 8-350] instance 'axi_dma_0' of module 'design_1_axi_dma_0_0' requires 64 connections, but only 59 given [C:/Xilinx/SoC/matrixmul002/matrixmul002.srcs/sources_1/bd/design_1/synth/design_1.v:229]
INFO: [Synth 8-6157] synthesizing module 'design_1_axi_dma_1_0' [C:/Xilinx/SoC/matrixmul002/matrixmul002.runs/synth_1/.Xil/Vivado-12712-DESKTOP-K0IDMNB/realtime/design_1_axi_dma_1_0_stub.v:6]
INFO: [Synth 8-6155] done synthesizing module 'design_1_axi_dma_1_0' (2#1) [C:/Xilinx/SoC/matrixmul002/matrixmul002.runs/synth_1/.Xil/Vivado-12712-DESKTOP-K0IDMNB/realtime/design_1_axi_dma_1_0_stub.v:6]
WARNING: [Synth 8-350] instance 'axi_dma_1' of module 'design_1_axi_dma_1_0' requires 64 connections, but only 56 given [C:/Xilinx/SoC/matrixmul002/matrixmul002.srcs/sources_1/bd/design_1/synth/design_1.v:289]
INFO: [Synth 8-6157] synthesizing module 'design_1_axi_smc_0' [C:/Xilinx/SoC/matrixmul002/matrixmul002.runs/synth_1/.Xil/Vivado-12712-DESKTOP-K0IDMNB/realtime/design_1_axi_smc_0_stub.v:6]
INFO: [Synth 8-6155] done synthesizing module 'design_1_axi_smc_0' (3#1) [C:/Xilinx/SoC/matrixmul002/matrixmul002.runs/synth_1/.Xil/Vivado-12712-DESKTOP-K0IDMNB/realtime/design_1_axi_smc_0_stub.v:6]
INFO: [Synth 8-6157] synthesizing module 'design_1_axi_timer_0_0' [C:/Xilinx/SoC/matrixmul002/matrixmul002.runs/synth_1/.Xil/Vivado-12712-DESKTOP-K0IDMNB/realtime/design_1_axi_timer_0_0_stub.v:6]
INFO: [Synth 8-6155] done synthesizing module 'design_1_axi_timer_0_0' (4#1) [C:/Xilinx/SoC/matrixmul002/matrixmul002.runs/synth_1/.Xil/Vivado-12712-DESKTOP-K0IDMNB/realtime/design_1_axi_timer_0_0_stub.v:6]
WARNING: [Synth 8-350] instance 'axi_timer_0' of module 'design_1_axi_timer_0_0' requires 26 connections, but only 22 given [C:/Xilinx/SoC/matrixmul002/matrixmul002.srcs/sources_1/bd/design_1/synth/design_1.v:448]
INFO: [Synth 8-6157] synthesizing module 'design_1_matrixmul_0_0' [C:/Xilinx/SoC/matrixmul002/matrixmul002.runs/synth_1/.Xil/Vivado-12712-DESKTOP-K0IDMNB/realtime/design_1_matrixmul_0_0_stub.v:6]
INFO: [Synth 8-6155] done synthesizing module 'design_1_matrixmul_0_0' (5#1) [C:/Xilinx/SoC/matrixmul002/matrixmul002.runs/synth_1/.Xil/Vivado-12712-DESKTOP-K0IDMNB/realtime/design_1_matrixmul_0_0_stub.v:6]
WARNING: [Synth 8-350] instance 'matrixmul_0' of module 'design_1_matrixmul_0_0' requires 32 connections, but only 29 given [C:/Xilinx/SoC/matrixmul002/matrixmul002.srcs/sources_1/bd/design_1/synth/design_1.v:471]
INFO: [Synth 8-6157] synthesizing module 'design_1_processing_system7_0_0' [C:/Xilinx/SoC/matrixmul002/matrixmul002.runs/synth_1/.Xil/Vivado-12712-DESKTOP-K0IDMNB/realtime/design_1_processing_system7_0_0_stub.v:6]
INFO: [Synth 8-6155] done synthesizing module 'design_1_processing_system7_0_0' (6#1) [C:/Xilinx/SoC/matrixmul002/matrixmul002.runs/synth_1/.Xil/Vivado-12712-DESKTOP-K0IDMNB/realtime/design_1_processing_system7_0_0_stub.v:6]
WARNING: [Synth 8-350] instance 'processing_system7_0' of module 'design_1_processing_system7_0_0' requires 104 connections, but only 81 given [C:/Xilinx/SoC/matrixmul002/matrixmul002.srcs/sources_1/bd/design_1/synth/design_1.v:501]
INFO: [Synth 8-6157] synthesizing module 'design_1_ps7_0_axi_periph_0' [C:/Xilinx/SoC/matrixmul002/matrixmul002.srcs/sources_1/bd/design_1/synth/design_1.v:716]
INFO: [Synth 8-6157] synthesizing module 'm00_couplers_imp_15SPJYW' [C:/Xilinx/SoC/matrixmul002/matrixmul002.srcs/sources_1/bd/design_1/synth/design_1.v:1524]
INFO: [Synth 8-6155] done synthesizing module 'm00_couplers_imp_15SPJYW' (7#1) [C:/Xilinx/SoC/matrixmul002/matrixmul002.srcs/sources_1/bd/design_1/synth/design_1.v:1524]
INFO: [Synth 8-6157] synthesizing module 'm01_couplers_imp_XU9C55' [C:/Xilinx/SoC/matrixmul002/matrixmul002.srcs/sources_1/bd/design_1/synth/design_1.v:1649]
INFO: [Synth 8-6155] done synthesizing module 'm01_couplers_imp_XU9C55' (8#1) [C:/Xilinx/SoC/matrixmul002/matrixmul002.srcs/sources_1/bd/design_1/synth/design_1.v:1649]
INFO: [Synth 8-6157] synthesizing module 'm02_couplers_imp_14WQB4R' [C:/Xilinx/SoC/matrixmul002/matrixmul002.srcs/sources_1/bd/design_1/synth/design_1.v:1774]
INFO: [Synth 8-6155] done synthesizing module 'm02_couplers_imp_14WQB4R' (9#1) [C:/Xilinx/SoC/matrixmul002/matrixmul002.srcs/sources_1/bd/design_1/synth/design_1.v:1774]
INFO: [Synth 8-6157] synthesizing module 'm03_couplers_imp_YFYJ3U' [C:/Xilinx/SoC/matrixmul002/matrixmul002.srcs/sources_1/bd/design_1/synth/design_1.v:1906]
INFO: [Synth 8-6155] done synthesizing module 'm03_couplers_imp_YFYJ3U' (10#1) [C:/Xilinx/SoC/matrixmul002/matrixmul002.srcs/sources_1/bd/design_1/synth/design_1.v:1906]
INFO: [Synth 8-6157] synthesizing module 's00_couplers_imp_UYSKKA' [C:/Xilinx/SoC/matrixmul002/matrixmul002.srcs/sources_1/bd/design_1/synth/design_1.v:2038]
INFO: [Synth 8-6157] synthesizing module 'design_1_auto_pc_0' [C:/Xilinx/SoC/matrixmul002/matrixmul002.runs/synth_1/.Xil/Vivado-12712-DESKTOP-K0IDMNB/realtime/design_1_auto_pc_0_stub.v:6]
INFO: [Synth 8-6155] done synthesizing module 'design_1_auto_pc_0' (11#1) [C:/Xilinx/SoC/matrixmul002/matrixmul002.runs/synth_1/.Xil/Vivado-12712-DESKTOP-K0IDMNB/realtime/design_1_auto_pc_0_stub.v:6]
INFO: [Synth 8-6155] done synthesizing module 's00_couplers_imp_UYSKKA' (12#1) [C:/Xilinx/SoC/matrixmul002/matrixmul002.srcs/sources_1/bd/design_1/synth/design_1.v:2038]
INFO: [Synth 8-6157] synthesizing module 'design_1_xbar_0' [C:/Xilinx/SoC/matrixmul002/matrixmul002.runs/synth_1/.Xil/Vivado-12712-DESKTOP-K0IDMNB/realtime/design_1_xbar_0_stub.v:6]
INFO: [Synth 8-6155] done synthesizing module 'design_1_xbar_0' (13#1) [C:/Xilinx/SoC/matrixmul002/matrixmul002.runs/synth_1/.Xil/Vivado-12712-DESKTOP-K0IDMNB/realtime/design_1_xbar_0_stub.v:6]
WARNING: [Synth 8-350] instance 'xbar' of module 'design_1_xbar_0' requires 40 connections, but only 38 given [C:/Xilinx/SoC/matrixmul002/matrixmul002.srcs/sources_1/bd/design_1/synth/design_1.v:1483]
INFO: [Synth 8-6155] done synthesizing module 'design_1_ps7_0_axi_periph_0' (14#1) [C:/Xilinx/SoC/matrixmul002/matrixmul002.srcs/sources_1/bd/design_1/synth/design_1.v:716]
INFO: [Synth 8-6157] synthesizing module 'design_1_rst_ps7_0_100M_0' [C:/Xilinx/SoC/matrixmul002/matrixmul002.runs/synth_1/.Xil/Vivado-12712-DESKTOP-K0IDMNB/realtime/design_1_rst_ps7_0_100M_0_stub.v:6]
INFO: [Synth 8-6155] done synthesizing module 'design_1_rst_ps7_0_100M_0' (15#1) [C:/Xilinx/SoC/matrixmul002/matrixmul002.runs/synth_1/.Xil/Vivado-12712-DESKTOP-K0IDMNB/realtime/design_1_rst_ps7_0_100M_0_stub.v:6]
WARNING: [Synth 8-350] instance 'rst_ps7_0_100M' of module 'design_1_rst_ps7_0_100M_0' requires 10 connections, but only 7 given [C:/Xilinx/SoC/matrixmul002/matrixmul002.srcs/sources_1/bd/design_1/synth/design_1.v:700]
INFO: [Synth 8-6157] synthesizing module 'design_1_xlconcat_0_0' [C:/Xilinx/SoC/matrixmul002/matrixmul002.runs/synth_1/.Xil/Vivado-12712-DESKTOP-K0IDMNB/realtime/design_1_xlconcat_0_0_stub.v:6]
INFO: [Synth 8-6155] done synthesizing module 'design_1_xlconcat_0_0' (16#1) [C:/Xilinx/SoC/matrixmul002/matrixmul002.runs/synth_1/.Xil/Vivado-12712-DESKTOP-K0IDMNB/realtime/design_1_xlconcat_0_0_stub.v:6]
INFO: [Synth 8-6157] synthesizing module 'design_1_xlconstant_0_0' [C:/Xilinx/SoC/matrixmul002/matrixmul002.runs/synth_1/.Xil/Vivado-12712-DESKTOP-K0IDMNB/realtime/design_1_xlconstant_0_0_stub.v:6]
INFO: [Synth 8-6155] done synthesizing module 'design_1_xlconstant_0_0' (17#1) [C:/Xilinx/SoC/matrixmul002/matrixmul002.runs/synth_1/.Xil/Vivado-12712-DESKTOP-K0IDMNB/realtime/design_1_xlconstant_0_0_stub.v:6]
INFO: [Synth 8-6155] done synthesizing module 'design_1' (18#1) [C:/Xilinx/SoC/matrixmul002/matrixmul002.srcs/sources_1/bd/design_1/synth/design_1.v:13]
WARNING: [Synth 8-115] binding instance 'design_1_i' in module 'design_1_wrapper' to reference 'design_1' which has no pins
INFO: [Synth 8-6155] done synthesizing module 'design_1_wrapper' (19#1) [C:/Xilinx/SoC/matrixmul002/matrixmul002.srcs/sources_1/bd/design_1/hdl/design_1_wrapper.v:12]
WARNING: [Synth 8-3331] design s00_couplers_imp_UYSKKA has unconnected port M_ACLK
WARNING: [Synth 8-3331] design s00_couplers_imp_UYSKKA has unconnected port M_ARESETN
WARNING: [Synth 8-3331] design m03_couplers_imp_YFYJ3U has unconnected port M_ACLK
WARNING: [Synth 8-3331] design m03_couplers_imp_YFYJ3U has unconnected port M_ARESETN
WARNING: [Synth 8-3331] design m03_couplers_imp_YFYJ3U has unconnected port S_ACLK
WARNING: [Synth 8-3331] design m03_couplers_imp_YFYJ3U has unconnected port S_ARESETN
WARNING: [Synth 8-3331] design m02_couplers_imp_14WQB4R has unconnected port M_ACLK
WARNING: [Synth 8-3331] design m02_couplers_imp_14WQB4R has unconnected port M_ARESETN
WARNING: [Synth 8-3331] design m02_couplers_imp_14WQB4R has unconnected port S_ACLK
WARNING: [Synth 8-3331] design m02_couplers_imp_14WQB4R has unconnected port S_ARESETN
WARNING: [Synth 8-3331] design m01_couplers_imp_XU9C55 has unconnected port M_ACLK
WARNING: [Synth 8-3331] design m01_couplers_imp_XU9C55 has unconnected port M_ARESETN
WARNING: [Synth 8-3331] design m01_couplers_imp_XU9C55 has unconnected port S_ACLK
WARNING: [Synth 8-3331] design m01_couplers_imp_XU9C55 has unconnected port S_ARESETN
WARNING: [Synth 8-3331] design m00_couplers_imp_15SPJYW has unconnected port M_ACLK
WARNING: [Synth 8-3331] design m00_couplers_imp_15SPJYW has unconnected port M_ARESETN
WARNING: [Synth 8-3331] design m00_couplers_imp_15SPJYW has unconnected port S_ACLK
WARNING: [Synth 8-3331] design m00_couplers_imp_15SPJYW has unconnected port S_ARESETN
---------------------------------------------------------------------------------
Finished RTL Elaboration : Time (s): cpu = 00:00:03 ; elapsed = 00:00:03 . Memory (MB): peak = 486.211 ; gain = 157.098
---------------------------------------------------------------------------------

Report Check Netlist: 
+------+------------------+-------+---------+-------+------------------+
|      |Item              |Errors |Warnings |Status |Description       |
+------+------------------+-------+---------+-------+------------------+
|1     |multi_driven_nets |      0|        0|Passed |Multi driven nets |
+------+------------------+-------+---------+-------+------------------+
---------------------------------------------------------------------------------
Start Handling Custom Attributes
---------------------------------------------------------------------------------
---------------------------------------------------------------------------------
Finished Handling Custom Attributes : Time (s): cpu = 00:00:03 ; elapsed = 00:00:03 . Memory (MB): peak = 486.211 ; gain = 157.098
---------------------------------------------------------------------------------
---------------------------------------------------------------------------------
Finished RTL Optimization Phase 1 : Time (s): cpu = 00:00:03 ; elapsed = 00:00:03 . Memory (MB): peak = 486.211 ; gain = 157.098
---------------------------------------------------------------------------------
INFO: [Device 21-403] Loading part xc7z020clg484-1
INFO: [Project 1-570] Preparing netlist for logic optimization

Processing XDC Constraints
Initializing timing engine
Parsing XDC File [c:/Xilinx/SoC/matrixmul002/matrixmul002.srcs/sources_1/bd/design_1/ip/design_1_processing_system7_0_0/design_1_processing_system7_0_0/design_1_processing_system7_0_0_in_context.xdc] for cell 'design_1_i/processing_system7_0'
Finished Parsing XDC File [c:/Xilinx/SoC/matrixmul002/matrixmul002.srcs/sources_1/bd/design_1/ip/design_1_processing_system7_0_0/design_1_processing_system7_0_0/design_1_processing_system7_0_0_in_context.xdc] for cell 'design_1_i/processing_system7_0'
Parsing XDC File [c:/Xilinx/SoC/matrixmul002/matrixmul002.srcs/sources_1/bd/design_1/ip/design_1_axi_dma_0_0/design_1_axi_dma_0_0/design_1_axi_dma_0_0_in_context.xdc] for cell 'design_1_i/axi_dma_0'
Finished Parsing XDC File [c:/Xilinx/SoC/matrixmul002/matrixmul002.srcs/sources_1/bd/design_1/ip/design_1_axi_dma_0_0/design_1_axi_dma_0_0/design_1_axi_dma_0_0_in_context.xdc] for cell 'design_1_i/axi_dma_0'
Parsing XDC File [c:/Xilinx/SoC/matrixmul002/matrixmul002.srcs/sources_1/bd/design_1/ip/design_1_axi_dma_1_0/design_1_axi_dma_1_0/design_1_axi_dma_0_0_in_context.xdc] for cell 'design_1_i/axi_dma_1'
Finished Parsing XDC File [c:/Xilinx/SoC/matrixmul002/matrixmul002.srcs/sources_1/bd/design_1/ip/design_1_axi_dma_1_0/design_1_axi_dma_1_0/design_1_axi_dma_0_0_in_context.xdc] for cell 'design_1_i/axi_dma_1'
Parsing XDC File [c:/Xilinx/SoC/matrixmul002/matrixmul002.srcs/sources_1/bd/design_1/ip/design_1_axi_smc_0/design_1_axi_smc_0/design_1_axi_smc_0_in_context.xdc] for cell 'design_1_i/axi_smc'
Finished Parsing XDC File [c:/Xilinx/SoC/matrixmul002/matrixmul002.srcs/sources_1/bd/design_1/ip/design_1_axi_smc_0/design_1_axi_smc_0/design_1_axi_smc_0_in_context.xdc] for cell 'design_1_i/axi_smc'
Parsing XDC File [c:/Xilinx/SoC/matrixmul002/matrixmul002.srcs/sources_1/bd/design_1/ip/design_1_rst_ps7_0_100M_0/design_1_rst_ps7_0_100M_0/design_1_rst_ps7_0_100M_0_in_context.xdc] for cell 'design_1_i/rst_ps7_0_100M'
Finished Parsing XDC File [c:/Xilinx/SoC/matrixmul002/matrixmul002.srcs/sources_1/bd/design_1/ip/design_1_rst_ps7_0_100M_0/design_1_rst_ps7_0_100M_0/design_1_rst_ps7_0_100M_0_in_context.xdc] for cell 'design_1_i/rst_ps7_0_100M'
Parsing XDC File [c:/Xilinx/SoC/matrixmul002/matrixmul002.srcs/sources_1/bd/design_1/ip/design_1_matrixmul_0_0/design_1_matrixmul_0_0/design_1_matrixmul_0_0_in_context.xdc] for cell 'design_1_i/matrixmul_0'
Finished Parsing XDC File [c:/Xilinx/SoC/matrixmul002/matrixmul002.srcs/sources_1/bd/design_1/ip/design_1_matrixmul_0_0/design_1_matrixmul_0_0/design_1_matrixmul_0_0_in_context.xdc] for cell 'design_1_i/matrixmul_0'
Parsing XDC File [c:/Xilinx/SoC/matrixmul002/matrixmul002.srcs/sources_1/bd/design_1/ip/design_1_axi_timer_0_0/design_1_axi_timer_0_0/design_1_axi_timer_0_0_in_context.xdc] for cell 'design_1_i/axi_timer_0'
Finished Parsing XDC File [c:/Xilinx/SoC/matrixmul002/matrixmul002.srcs/sources_1/bd/design_1/ip/design_1_axi_timer_0_0/design_1_axi_timer_0_0/design_1_axi_timer_0_0_in_context.xdc] for cell 'design_1_i/axi_timer_0'
Parsing XDC File [c:/Xilinx/SoC/matrixmul002/matrixmul002.srcs/sources_1/bd/design_1/ip/design_1_xlconcat_0_0/design_1_xlconcat_0_0/design_1_xlconcat_0_0_in_context.xdc] for cell 'design_1_i/xlconcat_0'
Finished Parsing XDC File [c:/Xilinx/SoC/matrixmul002/matrixmul002.srcs/sources_1/bd/design_1/ip/design_1_xlconcat_0_0/design_1_xlconcat_0_0/design_1_xlconcat_0_0_in_context.xdc] for cell 'design_1_i/xlconcat_0'
Parsing XDC File [c:/Xilinx/SoC/matrixmul002/matrixmul002.srcs/sources_1/bd/design_1/ip/design_1_xlconstant_0_0/design_1_xlconstant_0_0/design_1_xlconstant_0_0_in_context.xdc] for cell 'design_1_i/xlconstant_0'
Finished Parsing XDC File [c:/Xilinx/SoC/matrixmul002/matrixmul002.srcs/sources_1/bd/design_1/ip/design_1_xlconstant_0_0/design_1_xlconstant_0_0/design_1_xlconstant_0_0_in_context.xdc] for cell 'design_1_i/xlconstant_0'
Parsing XDC File [c:/Xilinx/SoC/matrixmul002/matrixmul002.srcs/sources_1/bd/design_1/ip/design_1_xbar_0/design_1_xbar_0/design_1_xbar_0_in_context.xdc] for cell 'design_1_i/ps7_0_axi_periph/xbar'
Finished Parsing XDC File [c:/Xilinx/SoC/matrixmul002/matrixmul002.srcs/sources_1/bd/design_1/ip/design_1_xbar_0/design_1_xbar_0/design_1_xbar_0_in_context.xdc] for cell 'design_1_i/ps7_0_axi_periph/xbar'
Parsing XDC File [c:/Xilinx/SoC/matrixmul002/matrixmul002.srcs/sources_1/bd/design_1/ip/design_1_auto_pc_0/design_1_auto_pc_0/design_1_auto_pc_0_in_context.xdc] for cell 'design_1_i/ps7_0_axi_periph/s00_couplers/auto_pc'
Finished Parsing XDC File [c:/Xilinx/SoC/matrixmul002/matrixmul002.srcs/sources_1/bd/design_1/ip/design_1_auto_pc_0/design_1_auto_pc_0/design_1_auto_pc_0_in_context.xdc] for cell 'design_1_i/ps7_0_axi_periph/s00_couplers/auto_pc'
Parsing XDC File [C:/Xilinx/SoC/matrixmul002/matrixmul002.runs/synth_1/dont_touch.xdc]
Finished Parsing XDC File [C:/Xilinx/SoC/matrixmul002/matrixmul002.runs/synth_1/dont_touch.xdc]
Completed Processing XDC Constraints

INFO: [Project 1-111] Unisim Transformation Summary:
No Unisim elements were transformed.

Constraint Validation Runtime : Time (s): cpu = 00:00:00 ; elapsed = 00:00:00.033 . Memory (MB): peak = 796.398 ; gain = 0.000
---------------------------------------------------------------------------------
Finished Constraint Validation : Time (s): cpu = 00:00:11 ; elapsed = 00:00:12 . Memory (MB): peak = 796.398 ; gain = 467.285
---------------------------------------------------------------------------------
---------------------------------------------------------------------------------
Start Loading Part and Timing Information
---------------------------------------------------------------------------------
Loading part: xc7z020clg484-1
---------------------------------------------------------------------------------
Finished Loading Part and Timing Information : Time (s): cpu = 00:00:11 ; elapsed = 00:00:12 . Memory (MB): peak = 796.398 ; gain = 467.285
---------------------------------------------------------------------------------
---------------------------------------------------------------------------------
Start Applying 'set_property' XDC Constraints
---------------------------------------------------------------------------------
Applied set_property DONT_TOUCH = true for design_1_i. (constraint file  auto generated constraint, line ).
Applied set_property DONT_TOUCH = true for design_1_i/processing_system7_0. (constraint file  auto generated constraint, line ).
Applied set_property DONT_TOUCH = true for design_1_i/axi_dma_0. (constraint file  auto generated constraint, line ).
Applied set_property DONT_TOUCH = true for design_1_i/axi_dma_1. (constraint file  auto generated constraint, line ).
Applied set_property DONT_TOUCH = true for design_1_i/axi_smc. (constraint file  auto generated constraint, line ).
Applied set_property DONT_TOUCH = true for design_1_i/rst_ps7_0_100M. (constraint file  auto generated constraint, line ).
Applied set_property DONT_TOUCH = true for design_1_i/ps7_0_axi_periph. (constraint file  auto generated constraint, line ).
Applied set_property DONT_TOUCH = true for design_1_i/matrixmul_0. (constraint file  auto generated constraint, line ).
Applied set_property DONT_TOUCH = true for design_1_i/axi_timer_0. (constraint file  auto generated constraint, line ).
Applied set_property DONT_TOUCH = true for design_1_i/xlconcat_0. (constraint file  auto generated constraint, line ).
Applied set_property DONT_TOUCH = true for design_1_i/xlconstant_0. (constraint file  auto generated constraint, line ).
Applied set_property DONT_TOUCH = true for design_1_i/ps7_0_axi_periph/xbar. (constraint file  auto generated constraint, line ).
Applied set_property DONT_TOUCH = true for design_1_i/ps7_0_axi_periph/s00_couplers/auto_pc. (constraint file  auto generated constraint, line ).
---------------------------------------------------------------------------------
Finished applying 'set_property' XDC Constraints : Time (s): cpu = 00:00:11 ; elapsed = 00:00:12 . Memory (MB): peak = 796.398 ; gain = 467.285
---------------------------------------------------------------------------------
WARNING: [Synth 8-115] binding instance 'design_1_i' in module 'design_1_wrapper' to reference 'design_1' which has no pins
---------------------------------------------------------------------------------
Finished RTL Optimization Phase 2 : Time (s): cpu = 00:00:11 ; elapsed = 00:00:13 . Memory (MB): peak = 796.398 ; gain = 467.285
---------------------------------------------------------------------------------

Report RTL Partitions: 
+-+--------------+------------+----------+
| |RTL Partition |Replication |Instances |
+-+--------------+------------+----------+
+-+--------------+------------+----------+
---------------------------------------------------------------------------------
Start RTL Component Statistics 
---------------------------------------------------------------------------------
Detailed RTL Component Info : 
---------------------------------------------------------------------------------
Finished RTL Component Statistics 
---------------------------------------------------------------------------------
---------------------------------------------------------------------------------
Start RTL Hierarchical Component Statistics 
---------------------------------------------------------------------------------
Hierarchical RTL Component report 
---------------------------------------------------------------------------------
Finished RTL Hierarchical Component Statistics
---------------------------------------------------------------------------------
---------------------------------------------------------------------------------
Start Part Resource Summary
---------------------------------------------------------------------------------
Part Resources:
DSPs: 220 (col length:60)
BRAMs: 280 (col length: RAMB18 60 RAMB36 30)
---------------------------------------------------------------------------------
Finished Part Resource Summary
---------------------------------------------------------------------------------
---------------------------------------------------------------------------------
Start Cross Boundary and Area Optimization
---------------------------------------------------------------------------------
Warning: Parallel synthesis criteria is not met 
WARNING: [Synth 8-3331] design design_1_ps7_0_axi_periph_0 has unconnected port M00_ACLK
WARNING: [Synth 8-3331] design design_1_ps7_0_axi_periph_0 has unconnected port M00_ARESETN
WARNING: [Synth 8-3331] design design_1_ps7_0_axi_periph_0 has unconnected port M01_ACLK
WARNING: [Synth 8-3331] design design_1_ps7_0_axi_periph_0 has unconnected port M01_ARESETN
WARNING: [Synth 8-3331] design design_1_ps7_0_axi_periph_0 has unconnected port M02_ACLK
WARNING: [Synth 8-3331] design design_1_ps7_0_axi_periph_0 has unconnected port M02_ARESETN
WARNING: [Synth 8-3331] design design_1_ps7_0_axi_periph_0 has unconnected port M03_ACLK
WARNING: [Synth 8-3331] design design_1_ps7_0_axi_periph_0 has unconnected port M03_ARESETN
---------------------------------------------------------------------------------
Finished Cross Boundary and Area Optimization : Time (s): cpu = 00:00:11 ; elapsed = 00:00:13 . Memory (MB): peak = 796.398 ; gain = 467.285
---------------------------------------------------------------------------------

Report RTL Partitions: 
+-+--------------+------------+----------+
| |RTL Partition |Replication |Instances |
+-+--------------+------------+----------+
+-+--------------+------------+----------+
---------------------------------------------------------------------------------
Start Applying XDC Timing Constraints
---------------------------------------------------------------------------------
INFO: [Synth 8-5578] Moved timing constraint from pin 'design_1_i/processing_system7_0/FCLK_CLK0' to pin 'design_1_i/processing_system7_0/bbstub_FCLK_CLK0/O'
INFO: [Synth 8-5819] Moved 1 constraints on hierarchical pins to their respective driving/loading pins
---------------------------------------------------------------------------------
Finished Applying XDC Timing Constraints : Time (s): cpu = 00:00:18 ; elapsed = 00:00:21 . Memory (MB): peak = 826.883 ; gain = 497.770
---------------------------------------------------------------------------------
---------------------------------------------------------------------------------
Start Timing Optimization
---------------------------------------------------------------------------------
---------------------------------------------------------------------------------
Finished Timing Optimization : Time (s): cpu = 00:00:18 ; elapsed = 00:00:21 . Memory (MB): peak = 827.031 ; gain = 497.918
---------------------------------------------------------------------------------

Report RTL Partitions: 
+-+--------------+------------+----------+
| |RTL Partition |Replication |Instances |
+-+--------------+------------+----------+
+-+--------------+------------+----------+
---------------------------------------------------------------------------------
Start Technology Mapping
---------------------------------------------------------------------------------
---------------------------------------------------------------------------------
Finished Technology Mapping : Time (s): cpu = 00:00:18 ; elapsed = 00:00:21 . Memory (MB): peak = 828.219 ; gain = 499.105
---------------------------------------------------------------------------------

Report RTL Partitions: 
+-+--------------+------------+----------+
| |RTL Partition |Replication |Instances |
+-+--------------+------------+----------+
+-+--------------+------------+----------+
---------------------------------------------------------------------------------
Start IO Insertion
---------------------------------------------------------------------------------
---------------------------------------------------------------------------------
Start Flattening Before IO Insertion
---------------------------------------------------------------------------------
---------------------------------------------------------------------------------
Finished Flattening Before IO Insertion
---------------------------------------------------------------------------------
---------------------------------------------------------------------------------
Start Final Netlist Cleanup
---------------------------------------------------------------------------------
---------------------------------------------------------------------------------
Finished Final Netlist Cleanup
---------------------------------------------------------------------------------
---------------------------------------------------------------------------------
Finished IO Insertion : Time (s): cpu = 00:00:19 ; elapsed = 00:00:21 . Memory (MB): peak = 828.406 ; gain = 499.293
---------------------------------------------------------------------------------

Report Check Netlist: 
+------+------------------+-------+---------+-------+------------------+
|      |Item              |Errors |Warnings |Status |Description       |
+------+------------------+-------+---------+-------+------------------+
|1     |multi_driven_nets |      0|        0|Passed |Multi driven nets |
+------+------------------+-------+---------+-------+------------------+
---------------------------------------------------------------------------------
Start Renaming Generated Instances
---------------------------------------------------------------------------------
---------------------------------------------------------------------------------
Finished Renaming Generated Instances : Time (s): cpu = 00:00:19 ; elapsed = 00:00:21 . Memory (MB): peak = 828.406 ; gain = 499.293
---------------------------------------------------------------------------------

Report RTL Partitions: 
+-+--------------+------------+----------+
| |RTL Partition |Replication |Instances |
+-+--------------+------------+----------+
+-+--------------+------------+----------+
---------------------------------------------------------------------------------
Start Rebuilding User Hierarchy
---------------------------------------------------------------------------------
---------------------------------------------------------------------------------
Finished Rebuilding User Hierarchy : Time (s): cpu = 00:00:19 ; elapsed = 00:00:21 . Memory (MB): peak = 828.406 ; gain = 499.293
---------------------------------------------------------------------------------
---------------------------------------------------------------------------------
Start Renaming Generated Ports
---------------------------------------------------------------------------------
---------------------------------------------------------------------------------
Finished Renaming Generated Ports : Time (s): cpu = 00:00:19 ; elapsed = 00:00:21 . Memory (MB): peak = 828.406 ; gain = 499.293
---------------------------------------------------------------------------------
---------------------------------------------------------------------------------
Start Handling Custom Attributes
---------------------------------------------------------------------------------
---------------------------------------------------------------------------------
Finished Handling Custom Attributes : Time (s): cpu = 00:00:19 ; elapsed = 00:00:21 . Memory (MB): peak = 828.406 ; gain = 499.293
---------------------------------------------------------------------------------
---------------------------------------------------------------------------------
Start Renaming Generated Nets
---------------------------------------------------------------------------------
---------------------------------------------------------------------------------
Finished Renaming Generated Nets : Time (s): cpu = 00:00:19 ; elapsed = 00:00:21 . Memory (MB): peak = 828.406 ; gain = 499.293
---------------------------------------------------------------------------------
---------------------------------------------------------------------------------
Start Writing Synthesis Report
---------------------------------------------------------------------------------

Report BlackBoxes: 
+------+--------------------------------+----------+
|      |BlackBox name                   |Instances |
+------+--------------------------------+----------+
|1     |design_1_xbar_0                 |         1|
|2     |design_1_auto_pc_0              |         1|
|3     |design_1_axi_dma_0_0            |         1|
|4     |design_1_axi_dma_1_0            |         1|
|5     |design_1_axi_smc_0              |         1|
|6     |design_1_axi_timer_0_0          |         1|
|7     |design_1_matrixmul_0_0          |         1|
|8     |design_1_processing_system7_0_0 |         1|
|9     |design_1_rst_ps7_0_100M_0       |         1|
|10    |design_1_xlconcat_0_0           |         1|
|11    |design_1_xlconstant_0_0         |         1|
+------+--------------------------------+----------+

Report Cell Usage: 
+------+--------------------------------+------+
|      |Cell                            |Count |
+------+--------------------------------+------+
|1     |design_1_auto_pc_0              |     1|
|2     |design_1_axi_dma_0_0            |     1|
|3     |design_1_axi_dma_1_0            |     1|
|4     |design_1_axi_smc_0              |     1|
|5     |design_1_axi_timer_0_0          |     1|
|6     |design_1_matrixmul_0_0          |     1|
|7     |design_1_processing_system7_0_0 |     1|
|8     |design_1_rst_ps7_0_100M_0       |     1|
|9     |design_1_xbar_0                 |     1|
|10    |design_1_xlconcat_0_0           |     1|
|11    |design_1_xlconstant_0_0         |     1|
+------+--------------------------------+------+

Report Instance Areas: 
+------+---------------------+----------------------------+------+
|      |Instance             |Module                      |Cells |
+------+---------------------+----------------------------+------+
|1     |top                  |                            |  1856|
|2     |  design_1_i         |design_1                    |  1856|
|3     |    ps7_0_axi_periph |design_1_ps7_0_axi_periph_0 |   662|
|4     |      s00_couplers   |s00_couplers_imp_UYSKKA     |   177|
+------+---------------------+----------------------------+------+
---------------------------------------------------------------------------------
Finished Writing Synthesis Report : Time (s): cpu = 00:00:19 ; elapsed = 00:00:21 . Memory (MB): peak = 828.406 ; gain = 499.293
---------------------------------------------------------------------------------
Synthesis finished with 0 errors, 0 critical warnings and 9 warnings.
Synthesis Optimization Runtime : Time (s): cpu = 00:00:10 ; elapsed = 00:00:14 . Memory (MB): peak = 828.438 ; gain = 189.137
Synthesis Optimization Complete : Time (s): cpu = 00:00:19 ; elapsed = 00:00:22 . Memory (MB): peak = 828.438 ; gain = 499.324
INFO: [Project 1-571] Translating synthesized netlist
INFO: [Project 1-570] Preparing netlist for logic optimization
INFO: [Opt 31-138] Pushed 0 inverter(s) to 0 load pin(s).
INFO: [Project 1-111] Unisim Transformation Summary:
No Unisim elements were transformed.

INFO: [Common 17-83] Releasing license: Synthesis
52 Infos, 35 Warnings, 0 Critical Warnings and 0 Errors encountered.
synth_design completed successfully
synth_design: Time (s): cpu = 00:00:21 ; elapsed = 00:00:24 . Memory (MB): peak = 855.531 ; gain = 533.305
WARNING: [Constraints 18-5210] No constraint will be written out.
INFO: [Common 17-1381] The checkpoint 'C:/Xilinx/SoC/matrixmul002/matrixmul002.runs/synth_1/design_1_wrapper.dcp' has been generated.
INFO: [runtcl-4] Executing : report_utilization -file design_1_wrapper_utilization_synth.rpt -pb design_1_wrapper_utilization_synth.pb
report_utilization: Time (s): cpu = 00:00:00 ; elapsed = 00:00:00.029 . Memory (MB): peak = 855.531 ; gain = 0.000
INFO: [Common 17-206] Exiting Vivado at Sat Apr 29 11:04:28 2023...
