17:22:54 INFO  : Registering command handlers for SDK TCF services
17:22:55 INFO  : Launching XSCT server: xsct.bat -interactive C:\Xilinx\Capston\project_4\project_4.sdk\temp_xsdb_launch_script.tcl
17:22:58 INFO  : XSCT server has started successfully.
17:22:59 INFO  : Successfully done setting XSCT server connection channel  
17:22:59 INFO  : Successfully done setting SDK workspace  
17:22:59 INFO  : Processing command line option -hwspec C:/Xilinx/Capston/project_4/project_4.sdk/design_1_wrapper.hdf.
17:26:53 INFO  : Connected to target on host '127.0.0.1' and port '3121'.
17:26:53 INFO  : 'targets -set -filter {jtag_cable_name =~ "Digilent JTAG-SMT2 210251988368" && level==0} -index 1' command is executed.
17:26:56 INFO  : FPGA configured successfully with bitstream "C:/Xilinx/Capston/project_4/project_4.sdk/design_1_wrapper_hw_platform_0/design_1_wrapper.bit"
17:28:09 INFO  : 'targets -set -filter {jtag_cable_name =~ "Digilent JTAG-SMT2 210251988368" && level==0} -index 1' command is executed.
17:28:09 INFO  : 'fpga -state' command is executed.
17:28:09 INFO  : Connected to target on host '127.0.0.1' and port '3121'.
17:28:09 INFO  : Jtag cable 'Digilent JTAG-SMT2 210251988368' is selected.
17:28:09 INFO  : 'jtag frequency' command is executed.
17:28:09 INFO  : Sourcing of 'C:/Xilinx/Capston/project_4/project_4.sdk/design_1_wrapper_hw_platform_0/ps7_init.tcl' is done.
17:28:09 INFO  : Context for 'APU' is selected.
17:28:09 INFO  : Hardware design information is loaded from 'C:/Xilinx/Capston/project_4/project_4.sdk/design_1_wrapper_hw_platform_0/system.hdf'.
17:28:09 INFO  : 'configparams force-mem-access 1' command is executed.
17:28:09 INFO  : Context for 'APU' is selected.
17:28:09 INFO  : 'stop' command is executed.
17:28:10 INFO  : 'ps7_init' command is executed.
17:28:10 INFO  : 'ps7_post_config' command is executed.
17:28:10 INFO  : Context for processor 'ps7_cortexa9_0' is selected.
17:28:10 INFO  : Processor reset is completed for 'ps7_cortexa9_0'.
17:28:10 INFO  : Context for processor 'ps7_cortexa9_0' is selected.
17:28:10 INFO  : The application 'C:/Xilinx/Capston/project_4/project_4.sdk/test/Debug/test.elf' is downloaded to processor 'ps7_cortexa9_0'.
17:28:10 INFO  : 'configparams force-mem-access 0' command is executed.
17:28:10 INFO  : ----------------XSDB Script----------------
connect -url tcp:127.0.0.1:3121
source C:/Xilinx/Capston/project_4/project_4.sdk/design_1_wrapper_hw_platform_0/ps7_init.tcl
targets -set -nocase -filter {name =~"APU*" && jtag_cable_name =~ "Digilent JTAG-SMT2 210251988368"} -index 0
loadhw -hw C:/Xilinx/Capston/project_4/project_4.sdk/design_1_wrapper_hw_platform_0/system.hdf -mem-ranges [list {0x40000000 0xbfffffff}]
configparams force-mem-access 1
targets -set -nocase -filter {name =~"APU*" && jtag_cable_name =~ "Digilent JTAG-SMT2 210251988368"} -index 0
stop
ps7_init
ps7_post_config
targets -set -nocase -filter {name =~ "ARM*#0" && jtag_cable_name =~ "Digilent JTAG-SMT2 210251988368"} -index 0
rst -processor
targets -set -nocase -filter {name =~ "ARM*#0" && jtag_cable_name =~ "Digilent JTAG-SMT2 210251988368"} -index 0
dow C:/Xilinx/Capston/project_4/project_4.sdk/test/Debug/test.elf
configparams force-mem-access 0
----------------End of Script----------------

17:28:10 INFO  : Context for processor 'ps7_cortexa9_0' is selected.
17:28:10 INFO  : 'con' command is executed.
17:28:10 INFO  : ----------------XSDB Script (After Launch)----------------
targets -set -nocase -filter {name =~ "ARM*#0" && jtag_cable_name =~ "Digilent JTAG-SMT2 210251988368"} -index 0
con
----------------End of Script----------------

17:28:10 INFO  : Disconnected from the channel tcfchan#1.
17:28:43 INFO  : 'targets -set -filter {jtag_cable_name =~ "Digilent JTAG-SMT2 210251988368" && level==0} -index 1' command is executed.
17:28:43 INFO  : 'fpga -state' command is executed.
17:28:43 INFO  : Connected to target on host '127.0.0.1' and port '3121'.
17:28:44 INFO  : Jtag cable 'Digilent JTAG-SMT2 210251988368' is selected.
17:28:44 INFO  : 'jtag frequency' command is executed.
17:28:44 INFO  : Sourcing of 'C:/Xilinx/Capston/project_4/project_4.sdk/design_1_wrapper_hw_platform_0/ps7_init.tcl' is done.
17:28:44 INFO  : Context for 'APU' is selected.
17:28:46 INFO  : Hardware design information is loaded from 'C:/Xilinx/Capston/project_4/project_4.sdk/design_1_wrapper_hw_platform_0/system.hdf'.
17:28:46 INFO  : 'configparams force-mem-access 1' command is executed.
17:28:46 INFO  : Context for 'APU' is selected.
17:28:46 INFO  : 'stop' command is executed.
17:28:47 INFO  : 'ps7_init' command is executed.
17:28:47 INFO  : 'ps7_post_config' command is executed.
17:28:47 INFO  : Context for processor 'ps7_cortexa9_0' is selected.
17:28:47 INFO  : Processor reset is completed for 'ps7_cortexa9_0'.
17:28:47 INFO  : Context for processor 'ps7_cortexa9_0' is selected.
17:28:47 INFO  : The application 'C:/Xilinx/Capston/project_4/project_4.sdk/test/Debug/test.elf' is downloaded to processor 'ps7_cortexa9_0'.
17:28:47 INFO  : 'configparams force-mem-access 0' command is executed.
17:28:47 INFO  : ----------------XSDB Script----------------
connect -url tcp:127.0.0.1:3121
source C:/Xilinx/Capston/project_4/project_4.sdk/design_1_wrapper_hw_platform_0/ps7_init.tcl
targets -set -nocase -filter {name =~"APU*" && jtag_cable_name =~ "Digilent JTAG-SMT2 210251988368"} -index 0
loadhw -hw C:/Xilinx/Capston/project_4/project_4.sdk/design_1_wrapper_hw_platform_0/system.hdf -mem-ranges [list {0x40000000 0xbfffffff}]
configparams force-mem-access 1
targets -set -nocase -filter {name =~"APU*" && jtag_cable_name =~ "Digilent JTAG-SMT2 210251988368"} -index 0
stop
ps7_init
ps7_post_config
targets -set -nocase -filter {name =~ "ARM*#0" && jtag_cable_name =~ "Digilent JTAG-SMT2 210251988368"} -index 0
rst -processor
targets -set -nocase -filter {name =~ "ARM*#0" && jtag_cable_name =~ "Digilent JTAG-SMT2 210251988368"} -index 0
dow C:/Xilinx/Capston/project_4/project_4.sdk/test/Debug/test.elf
configparams force-mem-access 0
----------------End of Script----------------

17:28:47 INFO  : Context for processor 'ps7_cortexa9_0' is selected.
17:28:47 INFO  : 'con' command is executed.
17:28:47 INFO  : ----------------XSDB Script (After Launch)----------------
targets -set -nocase -filter {name =~ "ARM*#0" && jtag_cable_name =~ "Digilent JTAG-SMT2 210251988368"} -index 0
con
----------------End of Script----------------

17:28:47 INFO  : Disconnected from the channel tcfchan#2.
17:31:48 INFO  : 'targets -set -filter {jtag_cable_name =~ "Digilent JTAG-SMT2 210251988368" && level==0} -index 1' command is executed.
17:31:48 INFO  : 'fpga -state' command is executed.
17:31:48 INFO  : Connected to target on host '127.0.0.1' and port '3121'.
17:31:48 INFO  : Jtag cable 'Digilent JTAG-SMT2 210251988368' is selected.
17:31:48 INFO  : 'jtag frequency' command is executed.
17:31:48 INFO  : Sourcing of 'C:/Xilinx/Capston/project_4/project_4.sdk/design_1_wrapper_hw_platform_0/ps7_init.tcl' is done.
17:31:48 INFO  : Context for 'APU' is selected.
17:31:51 INFO  : Hardware design information is loaded from 'C:/Xilinx/Capston/project_4/project_4.sdk/design_1_wrapper_hw_platform_0/system.hdf'.
17:31:51 INFO  : 'configparams force-mem-access 1' command is executed.
17:31:51 INFO  : Context for 'APU' is selected.
17:31:51 INFO  : 'stop' command is executed.
17:31:51 INFO  : 'ps7_init' command is executed.
17:31:51 INFO  : 'ps7_post_config' command is executed.
17:31:51 INFO  : Context for processor 'ps7_cortexa9_0' is selected.
17:31:51 INFO  : Processor reset is completed for 'ps7_cortexa9_0'.
17:31:51 INFO  : Context for processor 'ps7_cortexa9_0' is selected.
17:31:51 INFO  : The application 'C:/Xilinx/Capston/project_4/project_4.sdk/test/Debug/test.elf' is downloaded to processor 'ps7_cortexa9_0'.
17:31:51 INFO  : 'configparams force-mem-access 0' command is executed.
17:31:51 INFO  : ----------------XSDB Script----------------
connect -url tcp:127.0.0.1:3121
source C:/Xilinx/Capston/project_4/project_4.sdk/design_1_wrapper_hw_platform_0/ps7_init.tcl
targets -set -nocase -filter {name =~"APU*" && jtag_cable_name =~ "Digilent JTAG-SMT2 210251988368"} -index 0
loadhw -hw C:/Xilinx/Capston/project_4/project_4.sdk/design_1_wrapper_hw_platform_0/system.hdf -mem-ranges [list {0x40000000 0xbfffffff}]
configparams force-mem-access 1
targets -set -nocase -filter {name =~"APU*" && jtag_cable_name =~ "Digilent JTAG-SMT2 210251988368"} -index 0
stop
ps7_init
ps7_post_config
targets -set -nocase -filter {name =~ "ARM*#0" && jtag_cable_name =~ "Digilent JTAG-SMT2 210251988368"} -index 0
rst -processor
targets -set -nocase -filter {name =~ "ARM*#0" && jtag_cable_name =~ "Digilent JTAG-SMT2 210251988368"} -index 0
dow C:/Xilinx/Capston/project_4/project_4.sdk/test/Debug/test.elf
configparams force-mem-access 0
----------------End of Script----------------

17:31:52 INFO  : Context for processor 'ps7_cortexa9_0' is selected.
17:31:52 INFO  : 'con' command is executed.
17:31:52 INFO  : ----------------XSDB Script (After Launch)----------------
targets -set -nocase -filter {name =~ "ARM*#0" && jtag_cable_name =~ "Digilent JTAG-SMT2 210251988368"} -index 0
con
----------------End of Script----------------

17:31:52 INFO  : Disconnected from the channel tcfchan#3.
17:34:44 INFO  : 'targets -set -filter {jtag_cable_name =~ "Digilent JTAG-SMT2 210251988368" && level==0} -index 1' command is executed.
17:34:44 INFO  : 'fpga -state' command is executed.
17:34:44 INFO  : Connected to target on host '127.0.0.1' and port '3121'.
17:34:44 INFO  : Jtag cable 'Digilent JTAG-SMT2 210251988368' is selected.
17:34:44 INFO  : 'jtag frequency' command is executed.
17:34:44 INFO  : Sourcing of 'C:/Xilinx/Capston/project_4/project_4.sdk/design_1_wrapper_hw_platform_0/ps7_init.tcl' is done.
17:34:44 INFO  : Context for 'APU' is selected.
17:34:47 INFO  : Hardware design information is loaded from 'C:/Xilinx/Capston/project_4/project_4.sdk/design_1_wrapper_hw_platform_0/system.hdf'.
17:34:47 INFO  : 'configparams force-mem-access 1' command is executed.
17:34:47 INFO  : Context for 'APU' is selected.
17:34:47 INFO  : 'stop' command is executed.
17:34:47 INFO  : 'ps7_init' command is executed.
17:34:47 INFO  : 'ps7_post_config' command is executed.
17:34:47 INFO  : Context for processor 'ps7_cortexa9_0' is selected.
17:34:47 INFO  : Processor reset is completed for 'ps7_cortexa9_0'.
17:34:47 INFO  : Context for processor 'ps7_cortexa9_0' is selected.
17:34:48 INFO  : The application 'C:/Xilinx/Capston/project_4/project_4.sdk/test/Debug/test.elf' is downloaded to processor 'ps7_cortexa9_0'.
17:34:48 INFO  : 'configparams force-mem-access 0' command is executed.
17:34:48 INFO  : ----------------XSDB Script----------------
connect -url tcp:127.0.0.1:3121
source C:/Xilinx/Capston/project_4/project_4.sdk/design_1_wrapper_hw_platform_0/ps7_init.tcl
targets -set -nocase -filter {name =~"APU*" && jtag_cable_name =~ "Digilent JTAG-SMT2 210251988368"} -index 0
loadhw -hw C:/Xilinx/Capston/project_4/project_4.sdk/design_1_wrapper_hw_platform_0/system.hdf -mem-ranges [list {0x40000000 0xbfffffff}]
configparams force-mem-access 1
targets -set -nocase -filter {name =~"APU*" && jtag_cable_name =~ "Digilent JTAG-SMT2 210251988368"} -index 0
stop
ps7_init
ps7_post_config
targets -set -nocase -filter {name =~ "ARM*#0" && jtag_cable_name =~ "Digilent JTAG-SMT2 210251988368"} -index 0
rst -processor
targets -set -nocase -filter {name =~ "ARM*#0" && jtag_cable_name =~ "Digilent JTAG-SMT2 210251988368"} -index 0
dow C:/Xilinx/Capston/project_4/project_4.sdk/test/Debug/test.elf
configparams force-mem-access 0
----------------End of Script----------------

17:34:48 INFO  : Context for processor 'ps7_cortexa9_0' is selected.
17:34:48 INFO  : 'con' command is executed.
17:34:48 INFO  : ----------------XSDB Script (After Launch)----------------
targets -set -nocase -filter {name =~ "ARM*#0" && jtag_cable_name =~ "Digilent JTAG-SMT2 210251988368"} -index 0
con
----------------End of Script----------------

17:34:48 INFO  : Disconnected from the channel tcfchan#4.
17:37:15 INFO  : 'targets -set -filter {jtag_cable_name =~ "Digilent JTAG-SMT2 210251988368" && level==0} -index 1' command is executed.
17:37:15 INFO  : 'fpga -state' command is executed.
17:37:15 INFO  : Connected to target on host '127.0.0.1' and port '3121'.
17:37:16 INFO  : Jtag cable 'Digilent JTAG-SMT2 210251988368' is selected.
17:37:16 INFO  : 'jtag frequency' command is executed.
17:37:16 INFO  : Sourcing of 'C:/Xilinx/Capston/project_4/project_4.sdk/design_1_wrapper_hw_platform_0/ps7_init.tcl' is done.
17:37:16 INFO  : Context for 'APU' is selected.
17:37:18 INFO  : Hardware design information is loaded from 'C:/Xilinx/Capston/project_4/project_4.sdk/design_1_wrapper_hw_platform_0/system.hdf'.
17:37:18 INFO  : 'configparams force-mem-access 1' command is executed.
17:37:18 INFO  : Context for 'APU' is selected.
17:37:18 INFO  : 'stop' command is executed.
17:37:19 INFO  : 'ps7_init' command is executed.
17:37:19 INFO  : 'ps7_post_config' command is executed.
17:37:19 INFO  : Context for processor 'ps7_cortexa9_0' is selected.
17:37:19 INFO  : Processor reset is completed for 'ps7_cortexa9_0'.
17:37:19 INFO  : Context for processor 'ps7_cortexa9_0' is selected.
17:37:19 INFO  : The application 'C:/Xilinx/Capston/project_4/project_4.sdk/test/Debug/test.elf' is downloaded to processor 'ps7_cortexa9_0'.
17:37:19 INFO  : 'configparams force-mem-access 0' command is executed.
17:37:19 INFO  : ----------------XSDB Script----------------
connect -url tcp:127.0.0.1:3121
source C:/Xilinx/Capston/project_4/project_4.sdk/design_1_wrapper_hw_platform_0/ps7_init.tcl
targets -set -nocase -filter {name =~"APU*" && jtag_cable_name =~ "Digilent JTAG-SMT2 210251988368"} -index 0
loadhw -hw C:/Xilinx/Capston/project_4/project_4.sdk/design_1_wrapper_hw_platform_0/system.hdf -mem-ranges [list {0x40000000 0xbfffffff}]
configparams force-mem-access 1
targets -set -nocase -filter {name =~"APU*" && jtag_cable_name =~ "Digilent JTAG-SMT2 210251988368"} -index 0
stop
ps7_init
ps7_post_config
targets -set -nocase -filter {name =~ "ARM*#0" && jtag_cable_name =~ "Digilent JTAG-SMT2 210251988368"} -index 0
rst -processor
targets -set -nocase -filter {name =~ "ARM*#0" && jtag_cable_name =~ "Digilent JTAG-SMT2 210251988368"} -index 0
dow C:/Xilinx/Capston/project_4/project_4.sdk/test/Debug/test.elf
configparams force-mem-access 0
----------------End of Script----------------

17:37:19 INFO  : Context for processor 'ps7_cortexa9_0' is selected.
17:37:19 INFO  : 'con' command is executed.
17:37:19 INFO  : ----------------XSDB Script (After Launch)----------------
targets -set -nocase -filter {name =~ "ARM*#0" && jtag_cable_name =~ "Digilent JTAG-SMT2 210251988368"} -index 0
con
----------------End of Script----------------

17:37:19 INFO  : Disconnected from the channel tcfchan#5.
17:39:04 INFO  : 'targets -set -filter {jtag_cable_name =~ "Digilent JTAG-SMT2 210251988368" && level==0} -index 1' command is executed.
17:39:04 INFO  : 'fpga -state' command is executed.
17:39:04 INFO  : Connected to target on host '127.0.0.1' and port '3121'.
17:39:04 INFO  : Jtag cable 'Digilent JTAG-SMT2 210251988368' is selected.
17:39:04 INFO  : 'jtag frequency' command is executed.
17:39:04 INFO  : Sourcing of 'C:/Xilinx/Capston/project_4/project_4.sdk/design_1_wrapper_hw_platform_0/ps7_init.tcl' is done.
17:39:04 INFO  : Context for 'APU' is selected.
17:39:07 INFO  : Hardware design information is loaded from 'C:/Xilinx/Capston/project_4/project_4.sdk/design_1_wrapper_hw_platform_0/system.hdf'.
17:39:07 INFO  : 'configparams force-mem-access 1' command is executed.
17:39:07 INFO  : Context for 'APU' is selected.
17:39:07 INFO  : 'stop' command is executed.
17:39:08 INFO  : 'ps7_init' command is executed.
17:39:08 INFO  : 'ps7_post_config' command is executed.
17:39:08 INFO  : Context for processor 'ps7_cortexa9_0' is selected.
17:39:08 INFO  : Processor reset is completed for 'ps7_cortexa9_0'.
17:39:08 INFO  : Context for processor 'ps7_cortexa9_0' is selected.
17:39:08 INFO  : The application 'C:/Xilinx/Capston/project_4/project_4.sdk/test/Debug/test.elf' is downloaded to processor 'ps7_cortexa9_0'.
17:39:08 INFO  : 'configparams force-mem-access 0' command is executed.
17:39:08 INFO  : ----------------XSDB Script----------------
connect -url tcp:127.0.0.1:3121
source C:/Xilinx/Capston/project_4/project_4.sdk/design_1_wrapper_hw_platform_0/ps7_init.tcl
targets -set -nocase -filter {name =~"APU*" && jtag_cable_name =~ "Digilent JTAG-SMT2 210251988368"} -index 0
loadhw -hw C:/Xilinx/Capston/project_4/project_4.sdk/design_1_wrapper_hw_platform_0/system.hdf -mem-ranges [list {0x40000000 0xbfffffff}]
configparams force-mem-access 1
targets -set -nocase -filter {name =~"APU*" && jtag_cable_name =~ "Digilent JTAG-SMT2 210251988368"} -index 0
stop
ps7_init
ps7_post_config
targets -set -nocase -filter {name =~ "ARM*#0" && jtag_cable_name =~ "Digilent JTAG-SMT2 210251988368"} -index 0
rst -processor
targets -set -nocase -filter {name =~ "ARM*#0" && jtag_cable_name =~ "Digilent JTAG-SMT2 210251988368"} -index 0
dow C:/Xilinx/Capston/project_4/project_4.sdk/test/Debug/test.elf
configparams force-mem-access 0
----------------End of Script----------------

17:39:08 INFO  : Context for processor 'ps7_cortexa9_0' is selected.
17:39:08 INFO  : 'con' command is executed.
17:39:08 INFO  : ----------------XSDB Script (After Launch)----------------
targets -set -nocase -filter {name =~ "ARM*#0" && jtag_cable_name =~ "Digilent JTAG-SMT2 210251988368"} -index 0
con
----------------End of Script----------------

17:39:08 INFO  : Disconnected from the channel tcfchan#6.
17:39:52 INFO  : 'targets -set -filter {jtag_cable_name =~ "Digilent JTAG-SMT2 210251988368" && level==0} -index 1' command is executed.
17:39:52 INFO  : 'fpga -state' command is executed.
17:39:52 INFO  : Connected to target on host '127.0.0.1' and port '3121'.
17:39:52 INFO  : Jtag cable 'Digilent JTAG-SMT2 210251988368' is selected.
17:39:52 INFO  : 'jtag frequency' command is executed.
17:39:52 INFO  : Sourcing of 'C:/Xilinx/Capston/project_4/project_4.sdk/design_1_wrapper_hw_platform_0/ps7_init.tcl' is done.
17:39:52 INFO  : Context for 'APU' is selected.
17:39:55 INFO  : Hardware design information is loaded from 'C:/Xilinx/Capston/project_4/project_4.sdk/design_1_wrapper_hw_platform_0/system.hdf'.
17:39:55 INFO  : 'configparams force-mem-access 1' command is executed.
17:39:55 INFO  : Context for 'APU' is selected.
17:39:55 INFO  : 'stop' command is executed.
17:39:55 INFO  : 'ps7_init' command is executed.
17:39:55 INFO  : 'ps7_post_config' command is executed.
17:39:55 INFO  : Context for processor 'ps7_cortexa9_0' is selected.
17:39:55 INFO  : Processor reset is completed for 'ps7_cortexa9_0'.
17:39:55 INFO  : Context for processor 'ps7_cortexa9_0' is selected.
17:39:56 INFO  : The application 'C:/Xilinx/Capston/project_4/project_4.sdk/test/Debug/test.elf' is downloaded to processor 'ps7_cortexa9_0'.
17:39:56 INFO  : 'configparams force-mem-access 0' command is executed.
17:39:56 INFO  : ----------------XSDB Script----------------
connect -url tcp:127.0.0.1:3121
source C:/Xilinx/Capston/project_4/project_4.sdk/design_1_wrapper_hw_platform_0/ps7_init.tcl
targets -set -nocase -filter {name =~"APU*" && jtag_cable_name =~ "Digilent JTAG-SMT2 210251988368"} -index 0
loadhw -hw C:/Xilinx/Capston/project_4/project_4.sdk/design_1_wrapper_hw_platform_0/system.hdf -mem-ranges [list {0x40000000 0xbfffffff}]
configparams force-mem-access 1
targets -set -nocase -filter {name =~"APU*" && jtag_cable_name =~ "Digilent JTAG-SMT2 210251988368"} -index 0
stop
ps7_init
ps7_post_config
targets -set -nocase -filter {name =~ "ARM*#0" && jtag_cable_name =~ "Digilent JTAG-SMT2 210251988368"} -index 0
rst -processor
targets -set -nocase -filter {name =~ "ARM*#0" && jtag_cable_name =~ "Digilent JTAG-SMT2 210251988368"} -index 0
dow C:/Xilinx/Capston/project_4/project_4.sdk/test/Debug/test.elf
configparams force-mem-access 0
----------------End of Script----------------

17:39:56 INFO  : Context for processor 'ps7_cortexa9_0' is selected.
17:39:56 INFO  : 'con' command is executed.
17:39:56 INFO  : ----------------XSDB Script (After Launch)----------------
targets -set -nocase -filter {name =~ "ARM*#0" && jtag_cable_name =~ "Digilent JTAG-SMT2 210251988368"} -index 0
con
----------------End of Script----------------

17:39:56 INFO  : Disconnected from the channel tcfchan#7.
17:41:13 INFO  : 'targets -set -filter {jtag_cable_name =~ "Digilent JTAG-SMT2 210251988368" && level==0} -index 1' command is executed.
17:41:13 INFO  : 'fpga -state' command is executed.
17:41:13 INFO  : Connected to target on host '127.0.0.1' and port '3121'.
17:41:13 INFO  : Jtag cable 'Digilent JTAG-SMT2 210251988368' is selected.
17:41:13 INFO  : 'jtag frequency' command is executed.
17:41:13 INFO  : Sourcing of 'C:/Xilinx/Capston/project_4/project_4.sdk/design_1_wrapper_hw_platform_0/ps7_init.tcl' is done.
17:41:13 INFO  : Context for 'APU' is selected.
17:41:16 INFO  : Hardware design information is loaded from 'C:/Xilinx/Capston/project_4/project_4.sdk/design_1_wrapper_hw_platform_0/system.hdf'.
17:41:16 INFO  : 'configparams force-mem-access 1' command is executed.
17:41:16 INFO  : Context for 'APU' is selected.
17:41:16 INFO  : 'stop' command is executed.
17:41:17 INFO  : 'ps7_init' command is executed.
17:41:17 INFO  : 'ps7_post_config' command is executed.
17:41:17 INFO  : Context for processor 'ps7_cortexa9_0' is selected.
17:41:17 INFO  : Processor reset is completed for 'ps7_cortexa9_0'.
17:41:17 INFO  : Context for processor 'ps7_cortexa9_0' is selected.
17:41:17 INFO  : The application 'C:/Xilinx/Capston/project_4/project_4.sdk/test/Debug/test.elf' is downloaded to processor 'ps7_cortexa9_0'.
17:41:17 INFO  : 'configparams force-mem-access 0' command is executed.
17:41:17 INFO  : ----------------XSDB Script----------------
connect -url tcp:127.0.0.1:3121
source C:/Xilinx/Capston/project_4/project_4.sdk/design_1_wrapper_hw_platform_0/ps7_init.tcl
targets -set -nocase -filter {name =~"APU*" && jtag_cable_name =~ "Digilent JTAG-SMT2 210251988368"} -index 0
loadhw -hw C:/Xilinx/Capston/project_4/project_4.sdk/design_1_wrapper_hw_platform_0/system.hdf -mem-ranges [list {0x40000000 0xbfffffff}]
configparams force-mem-access 1
targets -set -nocase -filter {name =~"APU*" && jtag_cable_name =~ "Digilent JTAG-SMT2 210251988368"} -index 0
stop
ps7_init
ps7_post_config
targets -set -nocase -filter {name =~ "ARM*#0" && jtag_cable_name =~ "Digilent JTAG-SMT2 210251988368"} -index 0
rst -processor
targets -set -nocase -filter {name =~ "ARM*#0" && jtag_cable_name =~ "Digilent JTAG-SMT2 210251988368"} -index 0
dow C:/Xilinx/Capston/project_4/project_4.sdk/test/Debug/test.elf
configparams force-mem-access 0
----------------End of Script----------------

17:41:17 INFO  : Context for processor 'ps7_cortexa9_0' is selected.
17:41:17 INFO  : 'con' command is executed.
17:41:17 INFO  : ----------------XSDB Script (After Launch)----------------
targets -set -nocase -filter {name =~ "ARM*#0" && jtag_cable_name =~ "Digilent JTAG-SMT2 210251988368"} -index 0
con
----------------End of Script----------------

17:41:17 INFO  : Disconnected from the channel tcfchan#8.
17:45:01 INFO  : 'targets -set -filter {jtag_cable_name =~ "Digilent JTAG-SMT2 210251988368" && level==0} -index 1' command is executed.
17:45:01 INFO  : 'fpga -state' command is executed.
17:45:01 INFO  : Connected to target on host '127.0.0.1' and port '3121'.
17:45:01 INFO  : Jtag cable 'Digilent JTAG-SMT2 210251988368' is selected.
17:45:01 INFO  : 'jtag frequency' command is executed.
17:45:01 INFO  : Sourcing of 'C:/Xilinx/Capston/project_4/project_4.sdk/design_1_wrapper_hw_platform_0/ps7_init.tcl' is done.
17:45:01 INFO  : Context for 'APU' is selected.
17:45:04 INFO  : Hardware design information is loaded from 'C:/Xilinx/Capston/project_4/project_4.sdk/design_1_wrapper_hw_platform_0/system.hdf'.
17:45:04 INFO  : 'configparams force-mem-access 1' command is executed.
17:45:04 INFO  : Context for 'APU' is selected.
17:45:04 INFO  : 'stop' command is executed.
17:45:04 INFO  : 'ps7_init' command is executed.
17:45:04 INFO  : 'ps7_post_config' command is executed.
17:45:04 INFO  : Context for processor 'ps7_cortexa9_0' is selected.
17:45:04 INFO  : Processor reset is completed for 'ps7_cortexa9_0'.
17:45:04 INFO  : Context for processor 'ps7_cortexa9_0' is selected.
17:45:05 INFO  : The application 'C:/Xilinx/Capston/project_4/project_4.sdk/test/Debug/test.elf' is downloaded to processor 'ps7_cortexa9_0'.
17:45:05 INFO  : 'configparams force-mem-access 0' command is executed.
17:45:05 INFO  : ----------------XSDB Script----------------
connect -url tcp:127.0.0.1:3121
source C:/Xilinx/Capston/project_4/project_4.sdk/design_1_wrapper_hw_platform_0/ps7_init.tcl
targets -set -nocase -filter {name =~"APU*" && jtag_cable_name =~ "Digilent JTAG-SMT2 210251988368"} -index 0
loadhw -hw C:/Xilinx/Capston/project_4/project_4.sdk/design_1_wrapper_hw_platform_0/system.hdf -mem-ranges [list {0x40000000 0xbfffffff}]
configparams force-mem-access 1
targets -set -nocase -filter {name =~"APU*" && jtag_cable_name =~ "Digilent JTAG-SMT2 210251988368"} -index 0
stop
ps7_init
ps7_post_config
targets -set -nocase -filter {name =~ "ARM*#0" && jtag_cable_name =~ "Digilent JTAG-SMT2 210251988368"} -index 0
rst -processor
targets -set -nocase -filter {name =~ "ARM*#0" && jtag_cable_name =~ "Digilent JTAG-SMT2 210251988368"} -index 0
dow C:/Xilinx/Capston/project_4/project_4.sdk/test/Debug/test.elf
configparams force-mem-access 0
----------------End of Script----------------

17:45:05 INFO  : Context for processor 'ps7_cortexa9_0' is selected.
17:45:05 INFO  : 'con' command is executed.
17:45:05 INFO  : ----------------XSDB Script (After Launch)----------------
targets -set -nocase -filter {name =~ "ARM*#0" && jtag_cable_name =~ "Digilent JTAG-SMT2 210251988368"} -index 0
con
----------------End of Script----------------

17:45:05 INFO  : Disconnected from the channel tcfchan#9.
17:48:41 INFO  : 'targets -set -filter {jtag_cable_name =~ "Digilent JTAG-SMT2 210251988368" && level==0} -index 1' command is executed.
17:48:41 INFO  : 'fpga -state' command is executed.
17:48:41 INFO  : Connected to target on host '127.0.0.1' and port '3121'.
17:48:41 INFO  : Jtag cable 'Digilent JTAG-SMT2 210251988368' is selected.
17:48:41 INFO  : 'jtag frequency' command is executed.
17:48:41 INFO  : Sourcing of 'C:/Xilinx/Capston/project_4/project_4.sdk/design_1_wrapper_hw_platform_0/ps7_init.tcl' is done.
17:48:41 INFO  : Context for 'APU' is selected.
17:48:44 INFO  : Hardware design information is loaded from 'C:/Xilinx/Capston/project_4/project_4.sdk/design_1_wrapper_hw_platform_0/system.hdf'.
17:48:44 INFO  : 'configparams force-mem-access 1' command is executed.
17:48:44 INFO  : Context for 'APU' is selected.
17:48:44 INFO  : 'stop' command is executed.
17:48:44 INFO  : 'ps7_init' command is executed.
17:48:44 INFO  : 'ps7_post_config' command is executed.
17:48:44 INFO  : Context for processor 'ps7_cortexa9_0' is selected.
17:48:44 INFO  : Processor reset is completed for 'ps7_cortexa9_0'.
17:48:44 INFO  : Context for processor 'ps7_cortexa9_0' is selected.
17:48:45 INFO  : The application 'C:/Xilinx/Capston/project_4/project_4.sdk/test/Debug/test.elf' is downloaded to processor 'ps7_cortexa9_0'.
17:48:45 INFO  : 'configparams force-mem-access 0' command is executed.
17:48:45 INFO  : ----------------XSDB Script----------------
connect -url tcp:127.0.0.1:3121
source C:/Xilinx/Capston/project_4/project_4.sdk/design_1_wrapper_hw_platform_0/ps7_init.tcl
targets -set -nocase -filter {name =~"APU*" && jtag_cable_name =~ "Digilent JTAG-SMT2 210251988368"} -index 0
loadhw -hw C:/Xilinx/Capston/project_4/project_4.sdk/design_1_wrapper_hw_platform_0/system.hdf -mem-ranges [list {0x40000000 0xbfffffff}]
configparams force-mem-access 1
targets -set -nocase -filter {name =~"APU*" && jtag_cable_name =~ "Digilent JTAG-SMT2 210251988368"} -index 0
stop
ps7_init
ps7_post_config
targets -set -nocase -filter {name =~ "ARM*#0" && jtag_cable_name =~ "Digilent JTAG-SMT2 210251988368"} -index 0
rst -processor
targets -set -nocase -filter {name =~ "ARM*#0" && jtag_cable_name =~ "Digilent JTAG-SMT2 210251988368"} -index 0
dow C:/Xilinx/Capston/project_4/project_4.sdk/test/Debug/test.elf
configparams force-mem-access 0
----------------End of Script----------------

17:48:45 INFO  : Context for processor 'ps7_cortexa9_0' is selected.
17:48:45 INFO  : 'con' command is executed.
17:48:45 INFO  : ----------------XSDB Script (After Launch)----------------
targets -set -nocase -filter {name =~ "ARM*#0" && jtag_cable_name =~ "Digilent JTAG-SMT2 210251988368"} -index 0
con
----------------End of Script----------------

17:48:45 INFO  : Disconnected from the channel tcfchan#10.
17:53:11 INFO  : 'targets -set -filter {jtag_cable_name =~ "Digilent JTAG-SMT2 210251988368" && level==0} -index 1' command is executed.
17:53:11 INFO  : 'fpga -state' command is executed.
17:53:11 INFO  : Connected to target on host '127.0.0.1' and port '3121'.
17:53:11 INFO  : Jtag cable 'Digilent JTAG-SMT2 210251988368' is selected.
17:53:11 INFO  : 'jtag frequency' command is executed.
17:53:11 INFO  : Sourcing of 'C:/Xilinx/Capston/project_4/project_4.sdk/design_1_wrapper_hw_platform_0/ps7_init.tcl' is done.
17:53:11 INFO  : Context for 'APU' is selected.
17:53:14 INFO  : Hardware design information is loaded from 'C:/Xilinx/Capston/project_4/project_4.sdk/design_1_wrapper_hw_platform_0/system.hdf'.
17:53:14 INFO  : 'configparams force-mem-access 1' command is executed.
17:53:14 INFO  : Context for 'APU' is selected.
17:53:14 INFO  : 'stop' command is executed.
17:53:14 INFO  : 'ps7_init' command is executed.
17:53:14 INFO  : 'ps7_post_config' command is executed.
17:53:14 INFO  : Context for processor 'ps7_cortexa9_0' is selected.
17:53:14 INFO  : Processor reset is completed for 'ps7_cortexa9_0'.
17:53:14 INFO  : Context for processor 'ps7_cortexa9_0' is selected.
17:53:15 INFO  : The application 'C:/Xilinx/Capston/project_4/project_4.sdk/test/Debug/test.elf' is downloaded to processor 'ps7_cortexa9_0'.
17:53:15 INFO  : 'configparams force-mem-access 0' command is executed.
17:53:15 INFO  : ----------------XSDB Script----------------
connect -url tcp:127.0.0.1:3121
source C:/Xilinx/Capston/project_4/project_4.sdk/design_1_wrapper_hw_platform_0/ps7_init.tcl
targets -set -nocase -filter {name =~"APU*" && jtag_cable_name =~ "Digilent JTAG-SMT2 210251988368"} -index 0
loadhw -hw C:/Xilinx/Capston/project_4/project_4.sdk/design_1_wrapper_hw_platform_0/system.hdf -mem-ranges [list {0x40000000 0xbfffffff}]
configparams force-mem-access 1
targets -set -nocase -filter {name =~"APU*" && jtag_cable_name =~ "Digilent JTAG-SMT2 210251988368"} -index 0
stop
ps7_init
ps7_post_config
targets -set -nocase -filter {name =~ "ARM*#0" && jtag_cable_name =~ "Digilent JTAG-SMT2 210251988368"} -index 0
rst -processor
targets -set -nocase -filter {name =~ "ARM*#0" && jtag_cable_name =~ "Digilent JTAG-SMT2 210251988368"} -index 0
dow C:/Xilinx/Capston/project_4/project_4.sdk/test/Debug/test.elf
configparams force-mem-access 0
----------------End of Script----------------

17:53:15 INFO  : Context for processor 'ps7_cortexa9_0' is selected.
17:53:15 INFO  : 'con' command is executed.
17:53:15 INFO  : ----------------XSDB Script (After Launch)----------------
targets -set -nocase -filter {name =~ "ARM*#0" && jtag_cable_name =~ "Digilent JTAG-SMT2 210251988368"} -index 0
con
----------------End of Script----------------

17:53:15 INFO  : Disconnected from the channel tcfchan#11.
17:55:57 INFO  : 'targets -set -filter {jtag_cable_name =~ "Digilent JTAG-SMT2 210251988368" && level==0} -index 1' command is executed.
17:55:57 INFO  : 'fpga -state' command is executed.
17:55:57 INFO  : Connected to target on host '127.0.0.1' and port '3121'.
17:55:58 INFO  : Jtag cable 'Digilent JTAG-SMT2 210251988368' is selected.
17:55:58 INFO  : 'jtag frequency' command is executed.
17:55:58 INFO  : Sourcing of 'C:/Xilinx/Capston/project_4/project_4.sdk/design_1_wrapper_hw_platform_0/ps7_init.tcl' is done.
17:55:58 INFO  : Context for 'APU' is selected.
17:56:00 INFO  : Hardware design information is loaded from 'C:/Xilinx/Capston/project_4/project_4.sdk/design_1_wrapper_hw_platform_0/system.hdf'.
17:56:00 INFO  : 'configparams force-mem-access 1' command is executed.
17:56:00 INFO  : Context for 'APU' is selected.
17:56:00 INFO  : 'stop' command is executed.
17:56:01 INFO  : 'ps7_init' command is executed.
17:56:01 INFO  : 'ps7_post_config' command is executed.
17:56:01 INFO  : Context for processor 'ps7_cortexa9_0' is selected.
17:56:01 INFO  : Processor reset is completed for 'ps7_cortexa9_0'.
17:56:01 INFO  : Context for processor 'ps7_cortexa9_0' is selected.
17:56:01 INFO  : The application 'C:/Xilinx/Capston/project_4/project_4.sdk/test/Debug/test.elf' is downloaded to processor 'ps7_cortexa9_0'.
17:56:01 INFO  : 'configparams force-mem-access 0' command is executed.
17:56:01 INFO  : ----------------XSDB Script----------------
connect -url tcp:127.0.0.1:3121
source C:/Xilinx/Capston/project_4/project_4.sdk/design_1_wrapper_hw_platform_0/ps7_init.tcl
targets -set -nocase -filter {name =~"APU*" && jtag_cable_name =~ "Digilent JTAG-SMT2 210251988368"} -index 0
loadhw -hw C:/Xilinx/Capston/project_4/project_4.sdk/design_1_wrapper_hw_platform_0/system.hdf -mem-ranges [list {0x40000000 0xbfffffff}]
configparams force-mem-access 1
targets -set -nocase -filter {name =~"APU*" && jtag_cable_name =~ "Digilent JTAG-SMT2 210251988368"} -index 0
stop
ps7_init
ps7_post_config
targets -set -nocase -filter {name =~ "ARM*#0" && jtag_cable_name =~ "Digilent JTAG-SMT2 210251988368"} -index 0
rst -processor
targets -set -nocase -filter {name =~ "ARM*#0" && jtag_cable_name =~ "Digilent JTAG-SMT2 210251988368"} -index 0
dow C:/Xilinx/Capston/project_4/project_4.sdk/test/Debug/test.elf
configparams force-mem-access 0
----------------End of Script----------------

17:56:01 INFO  : Context for processor 'ps7_cortexa9_0' is selected.
17:56:01 INFO  : 'con' command is executed.
17:56:01 INFO  : ----------------XSDB Script (After Launch)----------------
targets -set -nocase -filter {name =~ "ARM*#0" && jtag_cable_name =~ "Digilent JTAG-SMT2 210251988368"} -index 0
con
----------------End of Script----------------

17:56:01 INFO  : Disconnected from the channel tcfchan#12.
17:57:38 INFO  : 'targets -set -filter {jtag_cable_name =~ "Digilent JTAG-SMT2 210251988368" && level==0} -index 1' command is executed.
17:57:38 INFO  : 'fpga -state' command is executed.
17:57:38 INFO  : Connected to target on host '127.0.0.1' and port '3121'.
17:57:38 INFO  : Jtag cable 'Digilent JTAG-SMT2 210251988368' is selected.
17:57:38 INFO  : 'jtag frequency' command is executed.
17:57:38 INFO  : Sourcing of 'C:/Xilinx/Capston/project_4/project_4.sdk/design_1_wrapper_hw_platform_0/ps7_init.tcl' is done.
17:57:38 INFO  : Context for 'APU' is selected.
17:57:41 INFO  : Hardware design information is loaded from 'C:/Xilinx/Capston/project_4/project_4.sdk/design_1_wrapper_hw_platform_0/system.hdf'.
17:57:41 INFO  : 'configparams force-mem-access 1' command is executed.
17:57:41 INFO  : Context for 'APU' is selected.
17:57:41 INFO  : 'stop' command is executed.
17:57:41 INFO  : 'ps7_init' command is executed.
17:57:41 INFO  : 'ps7_post_config' command is executed.
17:57:41 INFO  : Context for processor 'ps7_cortexa9_0' is selected.
17:57:41 INFO  : Processor reset is completed for 'ps7_cortexa9_0'.
17:57:41 INFO  : Context for processor 'ps7_cortexa9_0' is selected.
17:57:41 INFO  : The application 'C:/Xilinx/Capston/project_4/project_4.sdk/test/Debug/test.elf' is downloaded to processor 'ps7_cortexa9_0'.
17:57:41 INFO  : 'configparams force-mem-access 0' command is executed.
17:57:41 INFO  : ----------------XSDB Script----------------
connect -url tcp:127.0.0.1:3121
source C:/Xilinx/Capston/project_4/project_4.sdk/design_1_wrapper_hw_platform_0/ps7_init.tcl
targets -set -nocase -filter {name =~"APU*" && jtag_cable_name =~ "Digilent JTAG-SMT2 210251988368"} -index 0
loadhw -hw C:/Xilinx/Capston/project_4/project_4.sdk/design_1_wrapper_hw_platform_0/system.hdf -mem-ranges [list {0x40000000 0xbfffffff}]
configparams force-mem-access 1
targets -set -nocase -filter {name =~"APU*" && jtag_cable_name =~ "Digilent JTAG-SMT2 210251988368"} -index 0
stop
ps7_init
ps7_post_config
targets -set -nocase -filter {name =~ "ARM*#0" && jtag_cable_name =~ "Digilent JTAG-SMT2 210251988368"} -index 0
rst -processor
targets -set -nocase -filter {name =~ "ARM*#0" && jtag_cable_name =~ "Digilent JTAG-SMT2 210251988368"} -index 0
dow C:/Xilinx/Capston/project_4/project_4.sdk/test/Debug/test.elf
configparams force-mem-access 0
----------------End of Script----------------

17:57:41 INFO  : Context for processor 'ps7_cortexa9_0' is selected.
17:57:41 INFO  : 'con' command is executed.
17:57:41 INFO  : ----------------XSDB Script (After Launch)----------------
targets -set -nocase -filter {name =~ "ARM*#0" && jtag_cable_name =~ "Digilent JTAG-SMT2 210251988368"} -index 0
con
----------------End of Script----------------

17:57:41 INFO  : Disconnected from the channel tcfchan#13.
17:58:43 INFO  : 'targets -set -filter {jtag_cable_name =~ "Digilent JTAG-SMT2 210251988368" && level==0} -index 1' command is executed.
17:58:43 INFO  : 'fpga -state' command is executed.
17:58:43 INFO  : Connected to target on host '127.0.0.1' and port '3121'.
17:58:43 INFO  : Jtag cable 'Digilent JTAG-SMT2 210251988368' is selected.
17:58:43 INFO  : 'jtag frequency' command is executed.
17:58:43 INFO  : Sourcing of 'C:/Xilinx/Capston/project_4/project_4.sdk/design_1_wrapper_hw_platform_0/ps7_init.tcl' is done.
17:58:43 INFO  : Context for 'APU' is selected.
17:58:46 INFO  : Hardware design information is loaded from 'C:/Xilinx/Capston/project_4/project_4.sdk/design_1_wrapper_hw_platform_0/system.hdf'.
17:58:46 INFO  : 'configparams force-mem-access 1' command is executed.
17:58:46 INFO  : Context for 'APU' is selected.
17:58:46 INFO  : 'stop' command is executed.
17:58:46 INFO  : 'ps7_init' command is executed.
17:58:46 INFO  : 'ps7_post_config' command is executed.
17:58:46 INFO  : Context for processor 'ps7_cortexa9_0' is selected.
17:58:46 INFO  : Processor reset is completed for 'ps7_cortexa9_0'.
17:58:46 INFO  : Context for processor 'ps7_cortexa9_0' is selected.
17:58:47 INFO  : The application 'C:/Xilinx/Capston/project_4/project_4.sdk/test/Debug/test.elf' is downloaded to processor 'ps7_cortexa9_0'.
17:58:47 INFO  : 'configparams force-mem-access 0' command is executed.
17:58:47 INFO  : ----------------XSDB Script----------------
connect -url tcp:127.0.0.1:3121
source C:/Xilinx/Capston/project_4/project_4.sdk/design_1_wrapper_hw_platform_0/ps7_init.tcl
targets -set -nocase -filter {name =~"APU*" && jtag_cable_name =~ "Digilent JTAG-SMT2 210251988368"} -index 0
loadhw -hw C:/Xilinx/Capston/project_4/project_4.sdk/design_1_wrapper_hw_platform_0/system.hdf -mem-ranges [list {0x40000000 0xbfffffff}]
configparams force-mem-access 1
targets -set -nocase -filter {name =~"APU*" && jtag_cable_name =~ "Digilent JTAG-SMT2 210251988368"} -index 0
stop
ps7_init
ps7_post_config
targets -set -nocase -filter {name =~ "ARM*#0" && jtag_cable_name =~ "Digilent JTAG-SMT2 210251988368"} -index 0
rst -processor
targets -set -nocase -filter {name =~ "ARM*#0" && jtag_cable_name =~ "Digilent JTAG-SMT2 210251988368"} -index 0
dow C:/Xilinx/Capston/project_4/project_4.sdk/test/Debug/test.elf
configparams force-mem-access 0
----------------End of Script----------------

17:58:47 INFO  : Context for processor 'ps7_cortexa9_0' is selected.
17:58:47 INFO  : 'con' command is executed.
17:58:47 INFO  : ----------------XSDB Script (After Launch)----------------
targets -set -nocase -filter {name =~ "ARM*#0" && jtag_cable_name =~ "Digilent JTAG-SMT2 210251988368"} -index 0
con
----------------End of Script----------------

17:58:47 INFO  : Disconnected from the channel tcfchan#14.
18:13:01 INFO  : 'targets -set -filter {jtag_cable_name =~ "Digilent JTAG-SMT2 210251988368" && level==0} -index 1' command is executed.
18:13:02 INFO  : 'fpga -state' command is executed.
18:13:02 INFO  : Connected to target on host '127.0.0.1' and port '3121'.
18:13:02 INFO  : Jtag cable 'Digilent JTAG-SMT2 210251988368' is selected.
18:13:02 INFO  : 'jtag frequency' command is executed.
18:13:02 INFO  : Sourcing of 'C:/Xilinx/Capston/project_4/project_4.sdk/design_1_wrapper_hw_platform_0/ps7_init.tcl' is done.
18:13:02 INFO  : Context for 'APU' is selected.
18:13:04 INFO  : Hardware design information is loaded from 'C:/Xilinx/Capston/project_4/project_4.sdk/design_1_wrapper_hw_platform_0/system.hdf'.
18:13:04 INFO  : 'configparams force-mem-access 1' command is executed.
18:13:04 INFO  : Context for 'APU' is selected.
18:13:04 INFO  : 'stop' command is executed.
18:13:05 INFO  : 'ps7_init' command is executed.
18:13:05 INFO  : 'ps7_post_config' command is executed.
18:13:05 INFO  : Context for processor 'ps7_cortexa9_0' is selected.
18:13:05 INFO  : Processor reset is completed for 'ps7_cortexa9_0'.
18:13:05 INFO  : Context for processor 'ps7_cortexa9_0' is selected.
18:13:05 INFO  : The application 'C:/Xilinx/Capston/project_4/project_4.sdk/test/Debug/test.elf' is downloaded to processor 'ps7_cortexa9_0'.
18:13:05 INFO  : 'configparams force-mem-access 0' command is executed.
18:13:05 INFO  : ----------------XSDB Script----------------
connect -url tcp:127.0.0.1:3121
source C:/Xilinx/Capston/project_4/project_4.sdk/design_1_wrapper_hw_platform_0/ps7_init.tcl
targets -set -nocase -filter {name =~"APU*" && jtag_cable_name =~ "Digilent JTAG-SMT2 210251988368"} -index 0
loadhw -hw C:/Xilinx/Capston/project_4/project_4.sdk/design_1_wrapper_hw_platform_0/system.hdf -mem-ranges [list {0x40000000 0xbfffffff}]
configparams force-mem-access 1
targets -set -nocase -filter {name =~"APU*" && jtag_cable_name =~ "Digilent JTAG-SMT2 210251988368"} -index 0
stop
ps7_init
ps7_post_config
targets -set -nocase -filter {name =~ "ARM*#0" && jtag_cable_name =~ "Digilent JTAG-SMT2 210251988368"} -index 0
rst -processor
targets -set -nocase -filter {name =~ "ARM*#0" && jtag_cable_name =~ "Digilent JTAG-SMT2 210251988368"} -index 0
dow C:/Xilinx/Capston/project_4/project_4.sdk/test/Debug/test.elf
configparams force-mem-access 0
----------------End of Script----------------

18:13:05 INFO  : Context for processor 'ps7_cortexa9_0' is selected.
18:13:05 INFO  : 'con' command is executed.
18:13:05 INFO  : ----------------XSDB Script (After Launch)----------------
targets -set -nocase -filter {name =~ "ARM*#0" && jtag_cable_name =~ "Digilent JTAG-SMT2 210251988368"} -index 0
con
----------------End of Script----------------

18:13:05 INFO  : Disconnected from the channel tcfchan#15.
18:13:38 INFO  : 'targets -set -filter {jtag_cable_name =~ "Digilent JTAG-SMT2 210251988368" && level==0} -index 1' command is executed.
18:13:38 INFO  : 'fpga -state' command is executed.
18:13:38 INFO  : Connected to target on host '127.0.0.1' and port '3121'.
18:13:38 INFO  : Jtag cable 'Digilent JTAG-SMT2 210251988368' is selected.
18:13:38 INFO  : 'jtag frequency' command is executed.
18:13:38 INFO  : Sourcing of 'C:/Xilinx/Capston/project_4/project_4.sdk/design_1_wrapper_hw_platform_0/ps7_init.tcl' is done.
18:13:38 INFO  : Context for 'APU' is selected.
18:13:41 INFO  : Hardware design information is loaded from 'C:/Xilinx/Capston/project_4/project_4.sdk/design_1_wrapper_hw_platform_0/system.hdf'.
18:13:41 INFO  : 'configparams force-mem-access 1' command is executed.
18:13:41 INFO  : Context for 'APU' is selected.
18:13:41 INFO  : 'stop' command is executed.
18:13:41 INFO  : 'ps7_init' command is executed.
18:13:41 INFO  : 'ps7_post_config' command is executed.
18:13:41 INFO  : Context for processor 'ps7_cortexa9_0' is selected.
18:13:41 INFO  : Processor reset is completed for 'ps7_cortexa9_0'.
18:13:41 INFO  : Context for processor 'ps7_cortexa9_0' is selected.
18:13:42 INFO  : The application 'C:/Xilinx/Capston/project_4/project_4.sdk/test/Debug/test.elf' is downloaded to processor 'ps7_cortexa9_0'.
18:13:42 INFO  : 'configparams force-mem-access 0' command is executed.
18:13:42 INFO  : ----------------XSDB Script----------------
connect -url tcp:127.0.0.1:3121
source C:/Xilinx/Capston/project_4/project_4.sdk/design_1_wrapper_hw_platform_0/ps7_init.tcl
targets -set -nocase -filter {name =~"APU*" && jtag_cable_name =~ "Digilent JTAG-SMT2 210251988368"} -index 0
loadhw -hw C:/Xilinx/Capston/project_4/project_4.sdk/design_1_wrapper_hw_platform_0/system.hdf -mem-ranges [list {0x40000000 0xbfffffff}]
configparams force-mem-access 1
targets -set -nocase -filter {name =~"APU*" && jtag_cable_name =~ "Digilent JTAG-SMT2 210251988368"} -index 0
stop
ps7_init
ps7_post_config
targets -set -nocase -filter {name =~ "ARM*#0" && jtag_cable_name =~ "Digilent JTAG-SMT2 210251988368"} -index 0
rst -processor
targets -set -nocase -filter {name =~ "ARM*#0" && jtag_cable_name =~ "Digilent JTAG-SMT2 210251988368"} -index 0
dow C:/Xilinx/Capston/project_4/project_4.sdk/test/Debug/test.elf
configparams force-mem-access 0
----------------End of Script----------------

18:13:42 INFO  : Context for processor 'ps7_cortexa9_0' is selected.
18:13:42 INFO  : 'con' command is executed.
18:13:42 INFO  : ----------------XSDB Script (After Launch)----------------
targets -set -nocase -filter {name =~ "ARM*#0" && jtag_cable_name =~ "Digilent JTAG-SMT2 210251988368"} -index 0
con
----------------End of Script----------------

18:13:42 INFO  : Disconnected from the channel tcfchan#16.
18:16:42 INFO  : 'targets -set -filter {jtag_cable_name =~ "Digilent JTAG-SMT2 210251988368" && level==0} -index 1' command is executed.
18:16:42 INFO  : 'fpga -state' command is executed.
18:16:42 INFO  : Connected to target on host '127.0.0.1' and port '3121'.
18:16:42 INFO  : Jtag cable 'Digilent JTAG-SMT2 210251988368' is selected.
18:16:42 INFO  : 'jtag frequency' command is executed.
18:16:42 INFO  : Sourcing of 'C:/Xilinx/Capston/project_4/project_4.sdk/design_1_wrapper_hw_platform_0/ps7_init.tcl' is done.
18:16:42 INFO  : Context for 'APU' is selected.
18:16:45 INFO  : Hardware design information is loaded from 'C:/Xilinx/Capston/project_4/project_4.sdk/design_1_wrapper_hw_platform_0/system.hdf'.
18:16:45 INFO  : 'configparams force-mem-access 1' command is executed.
18:16:45 INFO  : Context for 'APU' is selected.
18:16:45 INFO  : 'stop' command is executed.
18:16:46 INFO  : 'ps7_init' command is executed.
18:16:46 INFO  : 'ps7_post_config' command is executed.
18:16:46 INFO  : Context for processor 'ps7_cortexa9_0' is selected.
18:16:46 INFO  : Processor reset is completed for 'ps7_cortexa9_0'.
18:16:46 INFO  : Context for processor 'ps7_cortexa9_0' is selected.
18:16:46 INFO  : The application 'C:/Xilinx/Capston/project_4/project_4.sdk/test/Debug/test.elf' is downloaded to processor 'ps7_cortexa9_0'.
18:16:46 INFO  : 'configparams force-mem-access 0' command is executed.
18:16:46 INFO  : ----------------XSDB Script----------------
connect -url tcp:127.0.0.1:3121
source C:/Xilinx/Capston/project_4/project_4.sdk/design_1_wrapper_hw_platform_0/ps7_init.tcl
targets -set -nocase -filter {name =~"APU*" && jtag_cable_name =~ "Digilent JTAG-SMT2 210251988368"} -index 0
loadhw -hw C:/Xilinx/Capston/project_4/project_4.sdk/design_1_wrapper_hw_platform_0/system.hdf -mem-ranges [list {0x40000000 0xbfffffff}]
configparams force-mem-access 1
targets -set -nocase -filter {name =~"APU*" && jtag_cable_name =~ "Digilent JTAG-SMT2 210251988368"} -index 0
stop
ps7_init
ps7_post_config
targets -set -nocase -filter {name =~ "ARM*#0" && jtag_cable_name =~ "Digilent JTAG-SMT2 210251988368"} -index 0
rst -processor
targets -set -nocase -filter {name =~ "ARM*#0" && jtag_cable_name =~ "Digilent JTAG-SMT2 210251988368"} -index 0
dow C:/Xilinx/Capston/project_4/project_4.sdk/test/Debug/test.elf
configparams force-mem-access 0
----------------End of Script----------------

18:16:46 INFO  : Context for processor 'ps7_cortexa9_0' is selected.
18:16:46 INFO  : 'con' command is executed.
18:16:46 INFO  : ----------------XSDB Script (After Launch)----------------
targets -set -nocase -filter {name =~ "ARM*#0" && jtag_cable_name =~ "Digilent JTAG-SMT2 210251988368"} -index 0
con
----------------End of Script----------------

18:16:46 INFO  : Disconnected from the channel tcfchan#17.
18:18:58 INFO  : Example project test_bsp_xadcps_intr_example_1 has been created successfully.
18:18:59 INFO  : Example project test_bsp_xadcps_polled_printf_example_1 has been created successfully.
18:20:28 INFO  : 'targets -set -filter {jtag_cable_name =~ "Digilent JTAG-SMT2 210251988368" && level==0} -index 1' command is executed.
18:20:28 INFO  : 'fpga -state' command is executed.
18:20:28 INFO  : Connected to target on host '127.0.0.1' and port '3121'.
18:20:28 INFO  : Jtag cable 'Digilent JTAG-SMT2 210251988368' is selected.
18:20:28 INFO  : 'jtag frequency' command is executed.
18:20:28 INFO  : Sourcing of 'C:/Xilinx/Capston/project_4/project_4.sdk/design_1_wrapper_hw_platform_0/ps7_init.tcl' is done.
18:20:28 INFO  : Context for 'APU' is selected.
18:20:28 INFO  : Hardware design information is loaded from 'C:/Xilinx/Capston/project_4/project_4.sdk/design_1_wrapper_hw_platform_0/system.hdf'.
18:20:28 INFO  : 'configparams force-mem-access 1' command is executed.
18:20:28 INFO  : Context for 'APU' is selected.
18:20:28 INFO  : 'stop' command is executed.
18:20:29 INFO  : 'ps7_init' command is executed.
18:20:29 INFO  : 'ps7_post_config' command is executed.
18:20:29 INFO  : Context for processor 'ps7_cortexa9_0' is selected.
18:20:29 INFO  : Processor reset is completed for 'ps7_cortexa9_0'.
18:20:29 INFO  : Context for processor 'ps7_cortexa9_0' is selected.
18:20:29 INFO  : The application 'C:/Xilinx/Capston/project_4/project_4.sdk/test/Debug/test.elf' is downloaded to processor 'ps7_cortexa9_0'.
18:20:29 INFO  : 'configparams force-mem-access 0' command is executed.
18:20:29 INFO  : ----------------XSDB Script----------------
connect -url tcp:127.0.0.1:3121
source C:/Xilinx/Capston/project_4/project_4.sdk/design_1_wrapper_hw_platform_0/ps7_init.tcl
targets -set -nocase -filter {name =~"APU*" && jtag_cable_name =~ "Digilent JTAG-SMT2 210251988368"} -index 0
loadhw -hw C:/Xilinx/Capston/project_4/project_4.sdk/design_1_wrapper_hw_platform_0/system.hdf -mem-ranges [list {0x40000000 0xbfffffff}]
configparams force-mem-access 1
targets -set -nocase -filter {name =~"APU*" && jtag_cable_name =~ "Digilent JTAG-SMT2 210251988368"} -index 0
stop
ps7_init
ps7_post_config
targets -set -nocase -filter {name =~ "ARM*#0" && jtag_cable_name =~ "Digilent JTAG-SMT2 210251988368"} -index 0
rst -processor
targets -set -nocase -filter {name =~ "ARM*#0" && jtag_cable_name =~ "Digilent JTAG-SMT2 210251988368"} -index 0
dow C:/Xilinx/Capston/project_4/project_4.sdk/test/Debug/test.elf
configparams force-mem-access 0
----------------End of Script----------------

18:20:29 INFO  : Context for processor 'ps7_cortexa9_0' is selected.
18:20:29 INFO  : 'con' command is executed.
18:20:29 INFO  : ----------------XSDB Script (After Launch)----------------
targets -set -nocase -filter {name =~ "ARM*#0" && jtag_cable_name =~ "Digilent JTAG-SMT2 210251988368"} -index 0
con
----------------End of Script----------------

18:20:29 INFO  : Disconnected from the channel tcfchan#18.
18:22:01 INFO  : 'targets -set -filter {jtag_cable_name =~ "Digilent JTAG-SMT2 210251988368" && level==0} -index 1' command is executed.
18:22:01 INFO  : 'fpga -state' command is executed.
18:22:01 INFO  : Connected to target on host '127.0.0.1' and port '3121'.
18:22:01 INFO  : Jtag cable 'Digilent JTAG-SMT2 210251988368' is selected.
18:22:01 INFO  : 'jtag frequency' command is executed.
18:22:01 INFO  : Sourcing of 'C:/Xilinx/Capston/project_4/project_4.sdk/design_1_wrapper_hw_platform_0/ps7_init.tcl' is done.
18:22:01 INFO  : Context for 'APU' is selected.
18:22:04 INFO  : Hardware design information is loaded from 'C:/Xilinx/Capston/project_4/project_4.sdk/design_1_wrapper_hw_platform_0/system.hdf'.
18:22:04 INFO  : 'configparams force-mem-access 1' command is executed.
18:22:04 INFO  : Context for 'APU' is selected.
18:22:04 INFO  : 'stop' command is executed.
18:22:04 INFO  : 'ps7_init' command is executed.
18:22:04 INFO  : 'ps7_post_config' command is executed.
18:22:04 INFO  : Context for processor 'ps7_cortexa9_0' is selected.
18:22:04 INFO  : Processor reset is completed for 'ps7_cortexa9_0'.
18:22:04 INFO  : Context for processor 'ps7_cortexa9_0' is selected.
18:22:05 INFO  : The application 'C:/Xilinx/Capston/project_4/project_4.sdk/test/Debug/test.elf' is downloaded to processor 'ps7_cortexa9_0'.
18:22:05 INFO  : 'configparams force-mem-access 0' command is executed.
18:22:05 INFO  : ----------------XSDB Script----------------
connect -url tcp:127.0.0.1:3121
source C:/Xilinx/Capston/project_4/project_4.sdk/design_1_wrapper_hw_platform_0/ps7_init.tcl
targets -set -nocase -filter {name =~"APU*" && jtag_cable_name =~ "Digilent JTAG-SMT2 210251988368"} -index 0
loadhw -hw C:/Xilinx/Capston/project_4/project_4.sdk/design_1_wrapper_hw_platform_0/system.hdf -mem-ranges [list {0x40000000 0xbfffffff}]
configparams force-mem-access 1
targets -set -nocase -filter {name =~"APU*" && jtag_cable_name =~ "Digilent JTAG-SMT2 210251988368"} -index 0
stop
ps7_init
ps7_post_config
targets -set -nocase -filter {name =~ "ARM*#0" && jtag_cable_name =~ "Digilent JTAG-SMT2 210251988368"} -index 0
rst -processor
targets -set -nocase -filter {name =~ "ARM*#0" && jtag_cable_name =~ "Digilent JTAG-SMT2 210251988368"} -index 0
dow C:/Xilinx/Capston/project_4/project_4.sdk/test/Debug/test.elf
configparams force-mem-access 0
----------------End of Script----------------

18:22:05 INFO  : Context for processor 'ps7_cortexa9_0' is selected.
18:22:05 INFO  : 'con' command is executed.
18:22:05 INFO  : ----------------XSDB Script (After Launch)----------------
targets -set -nocase -filter {name =~ "ARM*#0" && jtag_cable_name =~ "Digilent JTAG-SMT2 210251988368"} -index 0
con
----------------End of Script----------------

18:22:05 INFO  : Disconnected from the channel tcfchan#19.
19:13:33 INFO  : Registering command handlers for SDK TCF services
19:13:34 INFO  : Launching XSCT server: xsct.bat -interactive C:\Xilinx\Capston\project_4\project_4.sdk\temp_xsdb_launch_script.tcl
19:13:39 INFO  : XSCT server has started successfully.
19:13:43 INFO  : Successfully done setting XSCT server connection channel  
19:13:43 INFO  : Successfully done setting SDK workspace  
19:19:41 INFO  : 'targets -set -filter {jtag_cable_name =~ "Digilent JTAG-SMT2 210251988368" && level==0} -index 1' command is executed.
19:19:41 INFO  : 'fpga -state' command is executed.
19:19:41 INFO  : Connected to target on host '127.0.0.1' and port '3121'.
19:19:41 INFO  : Jtag cable 'Digilent JTAG-SMT2 210251988368' is selected.
19:19:41 INFO  : 'jtag frequency' command is executed.
19:19:41 INFO  : Sourcing of 'C:/Xilinx/Capston/project_4/project_4.sdk/design_1_wrapper_hw_platform_0/ps7_init.tcl' is done.
19:19:41 INFO  : Context for 'APU' is selected.
19:19:41 INFO  : Hardware design information is loaded from 'C:/Xilinx/Capston/project_4/project_4.sdk/design_1_wrapper_hw_platform_0/system.hdf'.
19:19:41 INFO  : 'configparams force-mem-access 1' command is executed.
19:19:41 INFO  : Context for 'APU' is selected.
19:19:41 INFO  : 'stop' command is executed.
19:19:42 INFO  : 'ps7_init' command is executed.
19:19:42 INFO  : 'ps7_post_config' command is executed.
19:19:42 INFO  : Context for processor 'ps7_cortexa9_0' is selected.
19:19:42 INFO  : Processor reset is completed for 'ps7_cortexa9_0'.
19:19:42 INFO  : Context for processor 'ps7_cortexa9_0' is selected.
19:19:42 INFO  : The application 'C:/Xilinx/Capston/project_4/project_4.sdk/test/Debug/test.elf' is downloaded to processor 'ps7_cortexa9_0'.
19:19:42 INFO  : 'configparams force-mem-access 0' command is executed.
19:19:42 INFO  : ----------------XSDB Script----------------
connect -url tcp:127.0.0.1:3121
source C:/Xilinx/Capston/project_4/project_4.sdk/design_1_wrapper_hw_platform_0/ps7_init.tcl
targets -set -nocase -filter {name =~"APU*" && jtag_cable_name =~ "Digilent JTAG-SMT2 210251988368"} -index 0
loadhw -hw C:/Xilinx/Capston/project_4/project_4.sdk/design_1_wrapper_hw_platform_0/system.hdf -mem-ranges [list {0x40000000 0xbfffffff}]
configparams force-mem-access 1
targets -set -nocase -filter {name =~"APU*" && jtag_cable_name =~ "Digilent JTAG-SMT2 210251988368"} -index 0
stop
ps7_init
ps7_post_config
targets -set -nocase -filter {name =~ "ARM*#0" && jtag_cable_name =~ "Digilent JTAG-SMT2 210251988368"} -index 0
rst -processor
targets -set -nocase -filter {name =~ "ARM*#0" && jtag_cable_name =~ "Digilent JTAG-SMT2 210251988368"} -index 0
dow C:/Xilinx/Capston/project_4/project_4.sdk/test/Debug/test.elf
configparams force-mem-access 0
----------------End of Script----------------

19:19:43 INFO  : Context for processor 'ps7_cortexa9_0' is selected.
19:19:43 INFO  : 'con' command is executed.
19:19:43 INFO  : ----------------XSDB Script (After Launch)----------------
targets -set -nocase -filter {name =~ "ARM*#0" && jtag_cable_name =~ "Digilent JTAG-SMT2 210251988368"} -index 0
con
----------------End of Script----------------

19:19:43 INFO  : Disconnected from the channel tcfchan#1.
19:22:58 INFO  : 'targets -set -filter {jtag_cable_name =~ "Digilent JTAG-SMT2 210251988368" && level==0} -index 1' command is executed.
19:22:58 INFO  : 'fpga -state' command is executed.
19:22:58 INFO  : Connected to target on host '127.0.0.1' and port '3121'.
19:22:58 INFO  : Jtag cable 'Digilent JTAG-SMT2 210251988368' is selected.
19:22:58 INFO  : 'jtag frequency' command is executed.
19:22:58 INFO  : Sourcing of 'C:/Xilinx/Capston/project_4/project_4.sdk/design_1_wrapper_hw_platform_0/ps7_init.tcl' is done.
19:22:58 INFO  : Context for 'APU' is selected.
19:23:01 INFO  : Hardware design information is loaded from 'C:/Xilinx/Capston/project_4/project_4.sdk/design_1_wrapper_hw_platform_0/system.hdf'.
19:23:01 INFO  : 'configparams force-mem-access 1' command is executed.
19:23:01 INFO  : Context for 'APU' is selected.
19:23:01 INFO  : 'stop' command is executed.
19:23:01 INFO  : 'ps7_init' command is executed.
19:23:01 INFO  : 'ps7_post_config' command is executed.
19:23:01 INFO  : Context for processor 'ps7_cortexa9_0' is selected.
19:23:01 INFO  : Processor reset is completed for 'ps7_cortexa9_0'.
19:23:01 INFO  : Context for processor 'ps7_cortexa9_0' is selected.
19:23:02 INFO  : The application 'C:/Xilinx/Capston/project_4/project_4.sdk/test/Debug/test.elf' is downloaded to processor 'ps7_cortexa9_0'.
19:23:02 INFO  : 'configparams force-mem-access 0' command is executed.
19:23:02 INFO  : ----------------XSDB Script----------------
connect -url tcp:127.0.0.1:3121
source C:/Xilinx/Capston/project_4/project_4.sdk/design_1_wrapper_hw_platform_0/ps7_init.tcl
targets -set -nocase -filter {name =~"APU*" && jtag_cable_name =~ "Digilent JTAG-SMT2 210251988368"} -index 0
loadhw -hw C:/Xilinx/Capston/project_4/project_4.sdk/design_1_wrapper_hw_platform_0/system.hdf -mem-ranges [list {0x40000000 0xbfffffff}]
configparams force-mem-access 1
targets -set -nocase -filter {name =~"APU*" && jtag_cable_name =~ "Digilent JTAG-SMT2 210251988368"} -index 0
stop
ps7_init
ps7_post_config
targets -set -nocase -filter {name =~ "ARM*#0" && jtag_cable_name =~ "Digilent JTAG-SMT2 210251988368"} -index 0
rst -processor
targets -set -nocase -filter {name =~ "ARM*#0" && jtag_cable_name =~ "Digilent JTAG-SMT2 210251988368"} -index 0
dow C:/Xilinx/Capston/project_4/project_4.sdk/test/Debug/test.elf
configparams force-mem-access 0
----------------End of Script----------------

19:23:02 INFO  : Context for processor 'ps7_cortexa9_0' is selected.
19:23:02 INFO  : 'con' command is executed.
19:23:02 INFO  : ----------------XSDB Script (After Launch)----------------
targets -set -nocase -filter {name =~ "ARM*#0" && jtag_cable_name =~ "Digilent JTAG-SMT2 210251988368"} -index 0
con
----------------End of Script----------------

19:23:02 INFO  : Disconnected from the channel tcfchan#2.
19:24:45 INFO  : 'targets -set -filter {jtag_cable_name =~ "Digilent JTAG-SMT2 210251988368" && level==0} -index 1' command is executed.
19:24:45 INFO  : 'fpga -state' command is executed.
19:24:45 INFO  : Connected to target on host '127.0.0.1' and port '3121'.
19:24:45 INFO  : Jtag cable 'Digilent JTAG-SMT2 210251988368' is selected.
19:24:45 INFO  : 'jtag frequency' command is executed.
19:24:45 INFO  : Sourcing of 'C:/Xilinx/Capston/project_4/project_4.sdk/design_1_wrapper_hw_platform_0/ps7_init.tcl' is done.
19:24:45 INFO  : Context for 'APU' is selected.
19:24:48 INFO  : Hardware design information is loaded from 'C:/Xilinx/Capston/project_4/project_4.sdk/design_1_wrapper_hw_platform_0/system.hdf'.
19:24:48 INFO  : 'configparams force-mem-access 1' command is executed.
19:24:48 INFO  : Context for 'APU' is selected.
19:24:48 INFO  : 'stop' command is executed.
19:24:48 INFO  : 'ps7_init' command is executed.
19:24:48 INFO  : 'ps7_post_config' command is executed.
19:24:48 INFO  : Context for processor 'ps7_cortexa9_0' is selected.
19:24:48 INFO  : Processor reset is completed for 'ps7_cortexa9_0'.
19:24:48 INFO  : Context for processor 'ps7_cortexa9_0' is selected.
19:24:49 INFO  : The application 'C:/Xilinx/Capston/project_4/project_4.sdk/test/Debug/test.elf' is downloaded to processor 'ps7_cortexa9_0'.
19:24:49 INFO  : 'configparams force-mem-access 0' command is executed.
19:24:49 INFO  : ----------------XSDB Script----------------
connect -url tcp:127.0.0.1:3121
source C:/Xilinx/Capston/project_4/project_4.sdk/design_1_wrapper_hw_platform_0/ps7_init.tcl
targets -set -nocase -filter {name =~"APU*" && jtag_cable_name =~ "Digilent JTAG-SMT2 210251988368"} -index 0
loadhw -hw C:/Xilinx/Capston/project_4/project_4.sdk/design_1_wrapper_hw_platform_0/system.hdf -mem-ranges [list {0x40000000 0xbfffffff}]
configparams force-mem-access 1
targets -set -nocase -filter {name =~"APU*" && jtag_cable_name =~ "Digilent JTAG-SMT2 210251988368"} -index 0
stop
ps7_init
ps7_post_config
targets -set -nocase -filter {name =~ "ARM*#0" && jtag_cable_name =~ "Digilent JTAG-SMT2 210251988368"} -index 0
rst -processor
targets -set -nocase -filter {name =~ "ARM*#0" && jtag_cable_name =~ "Digilent JTAG-SMT2 210251988368"} -index 0
dow C:/Xilinx/Capston/project_4/project_4.sdk/test/Debug/test.elf
configparams force-mem-access 0
----------------End of Script----------------

19:24:49 INFO  : Context for processor 'ps7_cortexa9_0' is selected.
19:24:49 INFO  : 'con' command is executed.
19:24:49 INFO  : ----------------XSDB Script (After Launch)----------------
targets -set -nocase -filter {name =~ "ARM*#0" && jtag_cable_name =~ "Digilent JTAG-SMT2 210251988368"} -index 0
con
----------------End of Script----------------

19:24:49 INFO  : Disconnected from the channel tcfchan#3.
19:36:30 INFO  : 'targets -set -filter {jtag_cable_name =~ "Digilent JTAG-SMT2 210251988368" && level==0} -index 1' command is executed.
19:36:30 INFO  : 'fpga -state' command is executed.
19:36:30 INFO  : Connected to target on host '127.0.0.1' and port '3121'.
19:36:31 INFO  : Jtag cable 'Digilent JTAG-SMT2 210251988368' is selected.
19:36:31 INFO  : 'jtag frequency' command is executed.
19:36:31 INFO  : Sourcing of 'C:/Xilinx/Capston/project_4/project_4.sdk/design_1_wrapper_hw_platform_0/ps7_init.tcl' is done.
19:36:31 INFO  : Context for 'APU' is selected.
19:36:33 INFO  : Hardware design information is loaded from 'C:/Xilinx/Capston/project_4/project_4.sdk/design_1_wrapper_hw_platform_0/system.hdf'.
19:36:33 INFO  : 'configparams force-mem-access 1' command is executed.
19:36:33 INFO  : Context for 'APU' is selected.
19:36:33 INFO  : 'stop' command is executed.
19:36:34 INFO  : 'ps7_init' command is executed.
19:36:34 INFO  : 'ps7_post_config' command is executed.
19:36:34 INFO  : Context for processor 'ps7_cortexa9_0' is selected.
19:36:34 INFO  : Processor reset is completed for 'ps7_cortexa9_0'.
19:36:34 INFO  : Context for processor 'ps7_cortexa9_0' is selected.
19:36:34 INFO  : The application 'C:/Xilinx/Capston/project_4/project_4.sdk/test/Debug/test.elf' is downloaded to processor 'ps7_cortexa9_0'.
19:36:34 INFO  : 'configparams force-mem-access 0' command is executed.
19:36:34 INFO  : ----------------XSDB Script----------------
connect -url tcp:127.0.0.1:3121
source C:/Xilinx/Capston/project_4/project_4.sdk/design_1_wrapper_hw_platform_0/ps7_init.tcl
targets -set -nocase -filter {name =~"APU*" && jtag_cable_name =~ "Digilent JTAG-SMT2 210251988368"} -index 0
loadhw -hw C:/Xilinx/Capston/project_4/project_4.sdk/design_1_wrapper_hw_platform_0/system.hdf -mem-ranges [list {0x40000000 0xbfffffff}]
configparams force-mem-access 1
targets -set -nocase -filter {name =~"APU*" && jtag_cable_name =~ "Digilent JTAG-SMT2 210251988368"} -index 0
stop
ps7_init
ps7_post_config
targets -set -nocase -filter {name =~ "ARM*#0" && jtag_cable_name =~ "Digilent JTAG-SMT2 210251988368"} -index 0
rst -processor
targets -set -nocase -filter {name =~ "ARM*#0" && jtag_cable_name =~ "Digilent JTAG-SMT2 210251988368"} -index 0
dow C:/Xilinx/Capston/project_4/project_4.sdk/test/Debug/test.elf
configparams force-mem-access 0
----------------End of Script----------------

19:36:34 INFO  : Context for processor 'ps7_cortexa9_0' is selected.
19:36:34 INFO  : 'con' command is executed.
19:36:34 INFO  : ----------------XSDB Script (After Launch)----------------
targets -set -nocase -filter {name =~ "ARM*#0" && jtag_cable_name =~ "Digilent JTAG-SMT2 210251988368"} -index 0
con
----------------End of Script----------------

19:36:34 INFO  : Disconnected from the channel tcfchan#4.
19:40:26 INFO  : 'targets -set -filter {jtag_cable_name =~ "Digilent JTAG-SMT2 210251988368" && level==0} -index 1' command is executed.
19:40:26 INFO  : 'fpga -state' command is executed.
19:40:26 INFO  : Connected to target on host '127.0.0.1' and port '3121'.
19:40:26 INFO  : Jtag cable 'Digilent JTAG-SMT2 210251988368' is selected.
19:40:26 INFO  : 'jtag frequency' command is executed.
19:40:26 INFO  : Sourcing of 'C:/Xilinx/Capston/project_4/project_4.sdk/design_1_wrapper_hw_platform_0/ps7_init.tcl' is done.
19:40:26 INFO  : Context for 'APU' is selected.
19:40:29 INFO  : Hardware design information is loaded from 'C:/Xilinx/Capston/project_4/project_4.sdk/design_1_wrapper_hw_platform_0/system.hdf'.
19:40:29 INFO  : 'configparams force-mem-access 1' command is executed.
19:40:29 INFO  : Context for 'APU' is selected.
19:40:29 INFO  : 'stop' command is executed.
19:40:29 INFO  : 'ps7_init' command is executed.
19:40:29 INFO  : 'ps7_post_config' command is executed.
19:40:30 INFO  : Context for processor 'ps7_cortexa9_0' is selected.
19:40:30 INFO  : Processor reset is completed for 'ps7_cortexa9_0'.
19:40:30 INFO  : Context for processor 'ps7_cortexa9_0' is selected.
19:40:30 INFO  : The application 'C:/Xilinx/Capston/project_4/project_4.sdk/test/Debug/test.elf' is downloaded to processor 'ps7_cortexa9_0'.
19:40:30 INFO  : 'configparams force-mem-access 0' command is executed.
19:40:30 INFO  : ----------------XSDB Script----------------
connect -url tcp:127.0.0.1:3121
source C:/Xilinx/Capston/project_4/project_4.sdk/design_1_wrapper_hw_platform_0/ps7_init.tcl
targets -set -nocase -filter {name =~"APU*" && jtag_cable_name =~ "Digilent JTAG-SMT2 210251988368"} -index 0
loadhw -hw C:/Xilinx/Capston/project_4/project_4.sdk/design_1_wrapper_hw_platform_0/system.hdf -mem-ranges [list {0x40000000 0xbfffffff}]
configparams force-mem-access 1
targets -set -nocase -filter {name =~"APU*" && jtag_cable_name =~ "Digilent JTAG-SMT2 210251988368"} -index 0
stop
ps7_init
ps7_post_config
targets -set -nocase -filter {name =~ "ARM*#0" && jtag_cable_name =~ "Digilent JTAG-SMT2 210251988368"} -index 0
rst -processor
targets -set -nocase -filter {name =~ "ARM*#0" && jtag_cable_name =~ "Digilent JTAG-SMT2 210251988368"} -index 0
dow C:/Xilinx/Capston/project_4/project_4.sdk/test/Debug/test.elf
configparams force-mem-access 0
----------------End of Script----------------

19:40:30 INFO  : Context for processor 'ps7_cortexa9_0' is selected.
19:40:30 INFO  : 'con' command is executed.
19:40:30 INFO  : ----------------XSDB Script (After Launch)----------------
targets -set -nocase -filter {name =~ "ARM*#0" && jtag_cable_name =~ "Digilent JTAG-SMT2 210251988368"} -index 0
con
----------------End of Script----------------

19:40:30 INFO  : Disconnected from the channel tcfchan#5.
19:42:44 INFO  : 'targets -set -filter {jtag_cable_name =~ "Digilent JTAG-SMT2 210251988368" && level==0} -index 1' command is executed.
19:42:44 INFO  : 'fpga -state' command is executed.
19:42:44 INFO  : Connected to target on host '127.0.0.1' and port '3121'.
19:42:44 INFO  : Jtag cable 'Digilent JTAG-SMT2 210251988368' is selected.
19:42:44 INFO  : 'jtag frequency' command is executed.
19:42:44 INFO  : Sourcing of 'C:/Xilinx/Capston/project_4/project_4.sdk/design_1_wrapper_hw_platform_0/ps7_init.tcl' is done.
19:42:44 INFO  : Context for 'APU' is selected.
19:42:47 INFO  : Hardware design information is loaded from 'C:/Xilinx/Capston/project_4/project_4.sdk/design_1_wrapper_hw_platform_0/system.hdf'.
19:42:47 INFO  : 'configparams force-mem-access 1' command is executed.
19:42:47 INFO  : Context for 'APU' is selected.
19:42:47 INFO  : 'stop' command is executed.
19:42:47 INFO  : 'ps7_init' command is executed.
19:42:47 INFO  : 'ps7_post_config' command is executed.
19:42:47 INFO  : Context for processor 'ps7_cortexa9_0' is selected.
19:42:48 INFO  : Processor reset is completed for 'ps7_cortexa9_0'.
19:42:48 INFO  : Context for processor 'ps7_cortexa9_0' is selected.
19:42:48 INFO  : The application 'C:/Xilinx/Capston/project_4/project_4.sdk/test/Debug/test.elf' is downloaded to processor 'ps7_cortexa9_0'.
19:42:48 INFO  : 'configparams force-mem-access 0' command is executed.
19:42:48 INFO  : ----------------XSDB Script----------------
connect -url tcp:127.0.0.1:3121
source C:/Xilinx/Capston/project_4/project_4.sdk/design_1_wrapper_hw_platform_0/ps7_init.tcl
targets -set -nocase -filter {name =~"APU*" && jtag_cable_name =~ "Digilent JTAG-SMT2 210251988368"} -index 0
loadhw -hw C:/Xilinx/Capston/project_4/project_4.sdk/design_1_wrapper_hw_platform_0/system.hdf -mem-ranges [list {0x40000000 0xbfffffff}]
configparams force-mem-access 1
targets -set -nocase -filter {name =~"APU*" && jtag_cable_name =~ "Digilent JTAG-SMT2 210251988368"} -index 0
stop
ps7_init
ps7_post_config
targets -set -nocase -filter {name =~ "ARM*#0" && jtag_cable_name =~ "Digilent JTAG-SMT2 210251988368"} -index 0
rst -processor
targets -set -nocase -filter {name =~ "ARM*#0" && jtag_cable_name =~ "Digilent JTAG-SMT2 210251988368"} -index 0
dow C:/Xilinx/Capston/project_4/project_4.sdk/test/Debug/test.elf
configparams force-mem-access 0
----------------End of Script----------------

19:42:48 INFO  : Context for processor 'ps7_cortexa9_0' is selected.
19:42:48 INFO  : 'con' command is executed.
19:42:48 INFO  : ----------------XSDB Script (After Launch)----------------
targets -set -nocase -filter {name =~ "ARM*#0" && jtag_cable_name =~ "Digilent JTAG-SMT2 210251988368"} -index 0
con
----------------End of Script----------------

19:42:48 INFO  : Disconnected from the channel tcfchan#6.
19:43:30 INFO  : 'targets -set -filter {jtag_cable_name =~ "Digilent JTAG-SMT2 210251988368" && level==0} -index 1' command is executed.
19:43:30 INFO  : 'fpga -state' command is executed.
19:43:30 INFO  : Connected to target on host '127.0.0.1' and port '3121'.
19:43:31 INFO  : Jtag cable 'Digilent JTAG-SMT2 210251988368' is selected.
19:43:31 INFO  : 'jtag frequency' command is executed.
19:43:31 INFO  : Sourcing of 'C:/Xilinx/Capston/project_4/project_4.sdk/design_1_wrapper_hw_platform_0/ps7_init.tcl' is done.
19:43:31 INFO  : Context for 'APU' is selected.
19:43:34 INFO  : Hardware design information is loaded from 'C:/Xilinx/Capston/project_4/project_4.sdk/design_1_wrapper_hw_platform_0/system.hdf'.
19:43:34 INFO  : 'configparams force-mem-access 1' command is executed.
19:43:34 INFO  : Context for 'APU' is selected.
19:43:34 INFO  : 'stop' command is executed.
19:43:34 INFO  : 'ps7_init' command is executed.
19:43:34 INFO  : 'ps7_post_config' command is executed.
19:43:34 INFO  : Context for processor 'ps7_cortexa9_0' is selected.
19:43:34 INFO  : Processor reset is completed for 'ps7_cortexa9_0'.
19:43:34 INFO  : Context for processor 'ps7_cortexa9_0' is selected.
19:43:35 INFO  : The application 'C:/Xilinx/Capston/project_4/project_4.sdk/test/Debug/test.elf' is downloaded to processor 'ps7_cortexa9_0'.
19:43:35 INFO  : 'configparams force-mem-access 0' command is executed.
19:43:35 INFO  : ----------------XSDB Script----------------
connect -url tcp:127.0.0.1:3121
source C:/Xilinx/Capston/project_4/project_4.sdk/design_1_wrapper_hw_platform_0/ps7_init.tcl
targets -set -nocase -filter {name =~"APU*" && jtag_cable_name =~ "Digilent JTAG-SMT2 210251988368"} -index 0
loadhw -hw C:/Xilinx/Capston/project_4/project_4.sdk/design_1_wrapper_hw_platform_0/system.hdf -mem-ranges [list {0x40000000 0xbfffffff}]
configparams force-mem-access 1
targets -set -nocase -filter {name =~"APU*" && jtag_cable_name =~ "Digilent JTAG-SMT2 210251988368"} -index 0
stop
ps7_init
ps7_post_config
targets -set -nocase -filter {name =~ "ARM*#0" && jtag_cable_name =~ "Digilent JTAG-SMT2 210251988368"} -index 0
rst -processor
targets -set -nocase -filter {name =~ "ARM*#0" && jtag_cable_name =~ "Digilent JTAG-SMT2 210251988368"} -index 0
dow C:/Xilinx/Capston/project_4/project_4.sdk/test/Debug/test.elf
configparams force-mem-access 0
----------------End of Script----------------

19:43:35 INFO  : Context for processor 'ps7_cortexa9_0' is selected.
19:43:35 INFO  : 'con' command is executed.
19:43:35 INFO  : ----------------XSDB Script (After Launch)----------------
targets -set -nocase -filter {name =~ "ARM*#0" && jtag_cable_name =~ "Digilent JTAG-SMT2 210251988368"} -index 0
con
----------------End of Script----------------

19:43:35 INFO  : Disconnected from the channel tcfchan#7.
19:43:58 INFO  : 'targets -set -filter {jtag_cable_name =~ "Digilent JTAG-SMT2 210251988368" && level==0} -index 1' command is executed.
19:43:58 INFO  : 'fpga -state' command is executed.
19:43:58 INFO  : Connected to target on host '127.0.0.1' and port '3121'.
19:43:59 INFO  : Jtag cable 'Digilent JTAG-SMT2 210251988368' is selected.
19:43:59 INFO  : 'jtag frequency' command is executed.
19:43:59 INFO  : Sourcing of 'C:/Xilinx/Capston/project_4/project_4.sdk/design_1_wrapper_hw_platform_0/ps7_init.tcl' is done.
19:43:59 INFO  : Context for 'APU' is selected.
19:44:01 INFO  : Hardware design information is loaded from 'C:/Xilinx/Capston/project_4/project_4.sdk/design_1_wrapper_hw_platform_0/system.hdf'.
19:44:01 INFO  : 'configparams force-mem-access 1' command is executed.
19:44:01 INFO  : Context for 'APU' is selected.
19:44:01 INFO  : 'stop' command is executed.
19:44:02 INFO  : 'ps7_init' command is executed.
19:44:02 INFO  : 'ps7_post_config' command is executed.
19:44:02 INFO  : Context for processor 'ps7_cortexa9_0' is selected.
19:44:02 INFO  : Processor reset is completed for 'ps7_cortexa9_0'.
19:44:02 INFO  : Context for processor 'ps7_cortexa9_0' is selected.
19:44:02 INFO  : The application 'C:/Xilinx/Capston/project_4/project_4.sdk/test/Debug/test.elf' is downloaded to processor 'ps7_cortexa9_0'.
19:44:02 INFO  : 'configparams force-mem-access 0' command is executed.
19:44:02 INFO  : ----------------XSDB Script----------------
connect -url tcp:127.0.0.1:3121
source C:/Xilinx/Capston/project_4/project_4.sdk/design_1_wrapper_hw_platform_0/ps7_init.tcl
targets -set -nocase -filter {name =~"APU*" && jtag_cable_name =~ "Digilent JTAG-SMT2 210251988368"} -index 0
loadhw -hw C:/Xilinx/Capston/project_4/project_4.sdk/design_1_wrapper_hw_platform_0/system.hdf -mem-ranges [list {0x40000000 0xbfffffff}]
configparams force-mem-access 1
targets -set -nocase -filter {name =~"APU*" && jtag_cable_name =~ "Digilent JTAG-SMT2 210251988368"} -index 0
stop
ps7_init
ps7_post_config
targets -set -nocase -filter {name =~ "ARM*#0" && jtag_cable_name =~ "Digilent JTAG-SMT2 210251988368"} -index 0
rst -processor
targets -set -nocase -filter {name =~ "ARM*#0" && jtag_cable_name =~ "Digilent JTAG-SMT2 210251988368"} -index 0
dow C:/Xilinx/Capston/project_4/project_4.sdk/test/Debug/test.elf
configparams force-mem-access 0
----------------End of Script----------------

19:44:02 INFO  : Context for processor 'ps7_cortexa9_0' is selected.
19:44:02 INFO  : 'con' command is executed.
19:44:02 INFO  : ----------------XSDB Script (After Launch)----------------
targets -set -nocase -filter {name =~ "ARM*#0" && jtag_cable_name =~ "Digilent JTAG-SMT2 210251988368"} -index 0
con
----------------End of Script----------------

19:44:02 INFO  : Disconnected from the channel tcfchan#8.
