18:18:13 INFO  : Registering command handlers for SDK TCF services
18:18:13 INFO  : Launching XSCT server: xsct.bat -interactive C:\Xilinx\SoC\Matrixmul_vivado\Matrixmul_vivado.sdk\temp_xsdb_launch_script.tcl
18:18:16 INFO  : XSCT server has started successfully.
18:18:18 INFO  : Successfully done setting XSCT server connection channel  
18:18:18 INFO  : Successfully done setting SDK workspace  
18:18:18 INFO  : Processing command line option -hwspec C:/Xilinx/SoC/Matrixmul_vivado/Matrixmul_vivado.sdk/design_1_wrapper.hdf.
18:22:26 INFO  : Example project matrixmul_bsp_xaxidma_example_multichan_sg_intr_1 has been created successfully.
18:22:27 INFO  : Example project matrixmul_bsp_xaxidma_example_poll_multi_pkts_1 has been created successfully.
18:22:27 INFO  : Example project matrixmul_bsp_xaxidma_example_selftest_1 has been created successfully.
18:22:28 INFO  : Example project matrixmul_bsp_xaxidma_example_sgcyclic_intr_1 has been created successfully.
18:22:28 INFO  : Example project matrixmul_bsp_xaxidma_example_sg_intr_1 has been created successfully.
18:22:29 INFO  : Example project matrixmul_bsp_xaxidma_example_sg_poll_1 has been created successfully.
18:22:29 INFO  : Example project matrixmul_bsp_xaxidma_example_simple_intr_1 has been created successfully.
18:22:30 INFO  : Example project matrixmul_bsp_xaxidma_example_simple_poll_1 has been created successfully.
18:54:48 INFO  : Registering command handlers for SDK TCF services
18:54:48 INFO  : Launching XSCT server: xsct.bat -interactive C:\Xilinx\SoC\Matrixmul_vivado\Matrixmul_vivado.sdk\temp_xsdb_launch_script.tcl
18:54:50 INFO  : XSCT server has started successfully.
18:54:50 INFO  : Successfully done setting XSCT server connection channel  
18:54:50 INFO  : Successfully done setting SDK workspace  
18:54:50 INFO  : Processing command line option -hwspec C:/Xilinx/SoC/Matrixmul_vivado/Matrixmul_vivado.sdk/design_1_wrapper.hdf.
20:00:26 INFO  : Connected to target on host '127.0.0.1' and port '3121'.
20:00:27 INFO  : 'targets -set -filter {jtag_cable_name =~ "Digilent JTAG-SMT2 210251988368" && level==0} -index 1' command is executed.
20:00:30 INFO  : FPGA configured successfully with bitstream "C:/Xilinx/SoC/Matrixmul_vivado/Matrixmul_vivado.sdk/design_1_wrapper_hw_platform_0/design_1_wrapper.bit"
20:02:16 INFO  : 'targets -set -filter {jtag_cable_name =~ "Digilent JTAG-SMT2 210251988368" && level==0} -index 1' command is executed.
20:02:16 INFO  : 'fpga -state' command is executed.
20:02:16 INFO  : Connected to target on host '127.0.0.1' and port '3121'.
20:02:16 INFO  : Jtag cable 'Digilent JTAG-SMT2 210251988368' is selected.
20:02:16 INFO  : 'jtag frequency' command is executed.
20:02:16 INFO  : Sourcing of 'C:/Xilinx/SoC/Matrixmul_vivado/Matrixmul_vivado.sdk/design_1_wrapper_hw_platform_0/ps7_init.tcl' is done.
20:02:16 INFO  : Context for 'APU' is selected.
20:02:16 INFO  : Hardware design information is loaded from 'C:/Xilinx/SoC/Matrixmul_vivado/Matrixmul_vivado.sdk/design_1_wrapper_hw_platform_0/system.hdf'.
20:02:16 INFO  : 'configparams force-mem-access 1' command is executed.
20:02:16 INFO  : Context for 'APU' is selected.
20:02:16 INFO  : 'stop' command is executed.
20:02:16 INFO  : 'ps7_init' command is executed.
20:02:16 INFO  : 'ps7_post_config' command is executed.
20:02:16 INFO  : Context for processor 'ps7_cortexa9_0' is selected.
20:02:16 INFO  : Processor reset is completed for 'ps7_cortexa9_0'.
20:02:16 INFO  : Context for processor 'ps7_cortexa9_0' is selected.
20:02:17 INFO  : The application 'C:/Xilinx/SoC/Matrixmul_vivado/Matrixmul_vivado.sdk/matrixmul/Debug/matrixmul.elf' is downloaded to processor 'ps7_cortexa9_0'.
20:02:17 INFO  : 'configparams force-mem-access 0' command is executed.
20:02:17 INFO  : ----------------XSDB Script----------------
connect -url tcp:127.0.0.1:3121
source C:/Xilinx/SoC/Matrixmul_vivado/Matrixmul_vivado.sdk/design_1_wrapper_hw_platform_0/ps7_init.tcl
targets -set -nocase -filter {name =~"APU*" && jtag_cable_name =~ "Digilent JTAG-SMT2 210251988368"} -index 0
loadhw -hw C:/Xilinx/SoC/Matrixmul_vivado/Matrixmul_vivado.sdk/design_1_wrapper_hw_platform_0/system.hdf -mem-ranges [list {0x40000000 0xbfffffff}]
configparams force-mem-access 1
targets -set -nocase -filter {name =~"APU*" && jtag_cable_name =~ "Digilent JTAG-SMT2 210251988368"} -index 0
stop
ps7_init
ps7_post_config
targets -set -nocase -filter {name =~ "ARM*#0" && jtag_cable_name =~ "Digilent JTAG-SMT2 210251988368"} -index 0
rst -processor
targets -set -nocase -filter {name =~ "ARM*#0" && jtag_cable_name =~ "Digilent JTAG-SMT2 210251988368"} -index 0
dow C:/Xilinx/SoC/Matrixmul_vivado/Matrixmul_vivado.sdk/matrixmul/Debug/matrixmul.elf
configparams force-mem-access 0
----------------End of Script----------------

20:02:17 INFO  : Context for processor 'ps7_cortexa9_0' is selected.
20:02:17 INFO  : 'con' command is executed.
20:02:17 INFO  : ----------------XSDB Script (After Launch)----------------
targets -set -nocase -filter {name =~ "ARM*#0" && jtag_cable_name =~ "Digilent JTAG-SMT2 210251988368"} -index 0
con
----------------End of Script----------------

20:02:17 INFO  : Disconnected from the channel tcfchan#1.
20:02:35 INFO  : 'targets -set -filter {jtag_cable_name =~ "Digilent JTAG-SMT2 210251988368" && level==0} -index 1' command is executed.
20:02:35 INFO  : 'fpga -state' command is executed.
20:02:35 INFO  : Connected to target on host '127.0.0.1' and port '3121'.
20:02:35 INFO  : Jtag cable 'Digilent JTAG-SMT2 210251988368' is selected.
20:02:35 INFO  : 'jtag frequency' command is executed.
20:02:35 INFO  : Sourcing of 'C:/Xilinx/SoC/Matrixmul_vivado/Matrixmul_vivado.sdk/design_1_wrapper_hw_platform_0/ps7_init.tcl' is done.
20:02:35 INFO  : Context for 'APU' is selected.
20:02:37 INFO  : Hardware design information is loaded from 'C:/Xilinx/SoC/Matrixmul_vivado/Matrixmul_vivado.sdk/design_1_wrapper_hw_platform_0/system.hdf'.
20:02:37 INFO  : 'configparams force-mem-access 1' command is executed.
20:02:37 INFO  : Context for 'APU' is selected.
20:02:37 INFO  : 'stop' command is executed.
20:02:37 INFO  : 'ps7_init' command is executed.
20:02:37 INFO  : 'ps7_post_config' command is executed.
20:02:37 INFO  : Context for processor 'ps7_cortexa9_0' is selected.
20:02:37 INFO  : Processor reset is completed for 'ps7_cortexa9_0'.
20:02:37 INFO  : Context for processor 'ps7_cortexa9_0' is selected.
20:02:37 INFO  : The application 'C:/Xilinx/SoC/Matrixmul_vivado/Matrixmul_vivado.sdk/matrixmul/Debug/matrixmul.elf' is downloaded to processor 'ps7_cortexa9_0'.
20:02:37 INFO  : 'configparams force-mem-access 0' command is executed.
20:02:37 INFO  : ----------------XSDB Script----------------
connect -url tcp:127.0.0.1:3121
source C:/Xilinx/SoC/Matrixmul_vivado/Matrixmul_vivado.sdk/design_1_wrapper_hw_platform_0/ps7_init.tcl
targets -set -nocase -filter {name =~"APU*" && jtag_cable_name =~ "Digilent JTAG-SMT2 210251988368"} -index 0
loadhw -hw C:/Xilinx/SoC/Matrixmul_vivado/Matrixmul_vivado.sdk/design_1_wrapper_hw_platform_0/system.hdf -mem-ranges [list {0x40000000 0xbfffffff}]
configparams force-mem-access 1
targets -set -nocase -filter {name =~"APU*" && jtag_cable_name =~ "Digilent JTAG-SMT2 210251988368"} -index 0
stop
ps7_init
ps7_post_config
targets -set -nocase -filter {name =~ "ARM*#0" && jtag_cable_name =~ "Digilent JTAG-SMT2 210251988368"} -index 0
rst -processor
targets -set -nocase -filter {name =~ "ARM*#0" && jtag_cable_name =~ "Digilent JTAG-SMT2 210251988368"} -index 0
dow C:/Xilinx/SoC/Matrixmul_vivado/Matrixmul_vivado.sdk/matrixmul/Debug/matrixmul.elf
configparams force-mem-access 0
----------------End of Script----------------

20:02:37 INFO  : Context for processor 'ps7_cortexa9_0' is selected.
20:02:37 INFO  : 'con' command is executed.
20:02:37 INFO  : ----------------XSDB Script (After Launch)----------------
targets -set -nocase -filter {name =~ "ARM*#0" && jtag_cable_name =~ "Digilent JTAG-SMT2 210251988368"} -index 0
con
----------------End of Script----------------

20:02:37 INFO  : Disconnected from the channel tcfchan#2.
20:02:46 INFO  : 'targets -set -filter {jtag_cable_name =~ "Digilent JTAG-SMT2 210251988368" && level==0} -index 1' command is executed.
20:02:46 INFO  : 'fpga -state' command is executed.
20:02:46 INFO  : Connected to target on host '127.0.0.1' and port '3121'.
20:02:46 INFO  : Jtag cable 'Digilent JTAG-SMT2 210251988368' is selected.
20:02:46 INFO  : 'jtag frequency' command is executed.
20:02:46 INFO  : Sourcing of 'C:/Xilinx/SoC/Matrixmul_vivado/Matrixmul_vivado.sdk/design_1_wrapper_hw_platform_0/ps7_init.tcl' is done.
20:02:46 INFO  : Context for 'APU' is selected.
20:02:47 INFO  : Hardware design information is loaded from 'C:/Xilinx/SoC/Matrixmul_vivado/Matrixmul_vivado.sdk/design_1_wrapper_hw_platform_0/system.hdf'.
20:02:47 INFO  : 'configparams force-mem-access 1' command is executed.
20:02:47 INFO  : Context for 'APU' is selected.
20:02:48 INFO  : 'stop' command is executed.
20:02:48 INFO  : 'ps7_init' command is executed.
20:02:48 INFO  : 'ps7_post_config' command is executed.
20:02:48 INFO  : Context for processor 'ps7_cortexa9_0' is selected.
20:02:48 INFO  : Processor reset is completed for 'ps7_cortexa9_0'.
20:02:48 INFO  : Context for processor 'ps7_cortexa9_0' is selected.
20:02:48 INFO  : The application 'C:/Xilinx/SoC/Matrixmul_vivado/Matrixmul_vivado.sdk/matrixmul/Debug/matrixmul.elf' is downloaded to processor 'ps7_cortexa9_0'.
20:02:48 INFO  : 'configparams force-mem-access 0' command is executed.
20:02:48 INFO  : ----------------XSDB Script----------------
connect -url tcp:127.0.0.1:3121
source C:/Xilinx/SoC/Matrixmul_vivado/Matrixmul_vivado.sdk/design_1_wrapper_hw_platform_0/ps7_init.tcl
targets -set -nocase -filter {name =~"APU*" && jtag_cable_name =~ "Digilent JTAG-SMT2 210251988368"} -index 0
loadhw -hw C:/Xilinx/SoC/Matrixmul_vivado/Matrixmul_vivado.sdk/design_1_wrapper_hw_platform_0/system.hdf -mem-ranges [list {0x40000000 0xbfffffff}]
configparams force-mem-access 1
targets -set -nocase -filter {name =~"APU*" && jtag_cable_name =~ "Digilent JTAG-SMT2 210251988368"} -index 0
stop
ps7_init
ps7_post_config
targets -set -nocase -filter {name =~ "ARM*#0" && jtag_cable_name =~ "Digilent JTAG-SMT2 210251988368"} -index 0
rst -processor
targets -set -nocase -filter {name =~ "ARM*#0" && jtag_cable_name =~ "Digilent JTAG-SMT2 210251988368"} -index 0
dow C:/Xilinx/SoC/Matrixmul_vivado/Matrixmul_vivado.sdk/matrixmul/Debug/matrixmul.elf
configparams force-mem-access 0
----------------End of Script----------------

20:02:48 INFO  : Context for processor 'ps7_cortexa9_0' is selected.
20:02:48 INFO  : 'con' command is executed.
20:02:48 INFO  : ----------------XSDB Script (After Launch)----------------
targets -set -nocase -filter {name =~ "ARM*#0" && jtag_cable_name =~ "Digilent JTAG-SMT2 210251988368"} -index 0
con
----------------End of Script----------------

20:02:48 INFO  : Disconnected from the channel tcfchan#3.
20:04:24 INFO  : 'targets -set -filter {jtag_cable_name =~ "Digilent JTAG-SMT2 210251988368" && level==0} -index 1' command is executed.
20:04:24 INFO  : 'fpga -state' command is executed.
20:04:24 INFO  : Connected to target on host '127.0.0.1' and port '3121'.
20:04:24 INFO  : Jtag cable 'Digilent JTAG-SMT2 210251988368' is selected.
20:04:24 INFO  : 'jtag frequency' command is executed.
20:04:24 INFO  : Sourcing of 'C:/Xilinx/SoC/Matrixmul_vivado/Matrixmul_vivado.sdk/design_1_wrapper_hw_platform_0/ps7_init.tcl' is done.
20:04:24 INFO  : Context for 'APU' is selected.
20:04:25 INFO  : Hardware design information is loaded from 'C:/Xilinx/SoC/Matrixmul_vivado/Matrixmul_vivado.sdk/design_1_wrapper_hw_platform_0/system.hdf'.
20:04:25 INFO  : 'configparams force-mem-access 1' command is executed.
20:04:25 INFO  : Context for 'APU' is selected.
20:04:25 INFO  : 'stop' command is executed.
20:04:26 INFO  : 'ps7_init' command is executed.
20:04:26 INFO  : 'ps7_post_config' command is executed.
20:04:26 INFO  : Context for processor 'ps7_cortexa9_0' is selected.
20:04:26 INFO  : Processor reset is completed for 'ps7_cortexa9_0'.
20:04:26 INFO  : Context for processor 'ps7_cortexa9_0' is selected.
20:04:26 INFO  : The application 'C:/Xilinx/SoC/Matrixmul_vivado/Matrixmul_vivado.sdk/matrixmul/Debug/matrixmul.elf' is downloaded to processor 'ps7_cortexa9_0'.
20:04:26 INFO  : 'configparams force-mem-access 0' command is executed.
20:04:26 INFO  : ----------------XSDB Script----------------
connect -url tcp:127.0.0.1:3121
source C:/Xilinx/SoC/Matrixmul_vivado/Matrixmul_vivado.sdk/design_1_wrapper_hw_platform_0/ps7_init.tcl
targets -set -nocase -filter {name =~"APU*" && jtag_cable_name =~ "Digilent JTAG-SMT2 210251988368"} -index 0
loadhw -hw C:/Xilinx/SoC/Matrixmul_vivado/Matrixmul_vivado.sdk/design_1_wrapper_hw_platform_0/system.hdf -mem-ranges [list {0x40000000 0xbfffffff}]
configparams force-mem-access 1
targets -set -nocase -filter {name =~"APU*" && jtag_cable_name =~ "Digilent JTAG-SMT2 210251988368"} -index 0
stop
ps7_init
ps7_post_config
targets -set -nocase -filter {name =~ "ARM*#0" && jtag_cable_name =~ "Digilent JTAG-SMT2 210251988368"} -index 0
rst -processor
targets -set -nocase -filter {name =~ "ARM*#0" && jtag_cable_name =~ "Digilent JTAG-SMT2 210251988368"} -index 0
dow C:/Xilinx/SoC/Matrixmul_vivado/Matrixmul_vivado.sdk/matrixmul/Debug/matrixmul.elf
configparams force-mem-access 0
----------------End of Script----------------

20:04:26 INFO  : Context for processor 'ps7_cortexa9_0' is selected.
20:04:26 INFO  : 'con' command is executed.
20:04:26 INFO  : ----------------XSDB Script (After Launch)----------------
targets -set -nocase -filter {name =~ "ARM*#0" && jtag_cable_name =~ "Digilent JTAG-SMT2 210251988368"} -index 0
con
----------------End of Script----------------

20:04:26 INFO  : Disconnected from the channel tcfchan#4.
20:05:19 INFO  : 'targets -set -filter {jtag_cable_name =~ "Digilent JTAG-SMT2 210251988368" && level==0} -index 1' command is executed.
20:05:19 INFO  : 'fpga -state' command is executed.
20:05:19 INFO  : Connected to target on host '127.0.0.1' and port '3121'.
20:05:20 INFO  : Jtag cable 'Digilent JTAG-SMT2 210251988368' is selected.
20:05:20 INFO  : 'jtag frequency' command is executed.
20:05:20 INFO  : Sourcing of 'C:/Xilinx/SoC/Matrixmul_vivado/Matrixmul_vivado.sdk/design_1_wrapper_hw_platform_0/ps7_init.tcl' is done.
20:05:20 INFO  : Context for 'APU' is selected.
20:05:21 INFO  : Hardware design information is loaded from 'C:/Xilinx/SoC/Matrixmul_vivado/Matrixmul_vivado.sdk/design_1_wrapper_hw_platform_0/system.hdf'.
20:05:21 INFO  : 'configparams force-mem-access 1' command is executed.
20:05:21 INFO  : Context for 'APU' is selected.
20:05:21 INFO  : 'stop' command is executed.
20:05:21 INFO  : 'ps7_init' command is executed.
20:05:21 INFO  : 'ps7_post_config' command is executed.
20:05:21 INFO  : Context for processor 'ps7_cortexa9_0' is selected.
20:05:21 INFO  : Processor reset is completed for 'ps7_cortexa9_0'.
20:05:21 INFO  : Context for processor 'ps7_cortexa9_0' is selected.
20:05:21 INFO  : The application 'C:/Xilinx/SoC/Matrixmul_vivado/Matrixmul_vivado.sdk/matrixmul/Debug/matrixmul.elf' is downloaded to processor 'ps7_cortexa9_0'.
20:05:21 INFO  : 'configparams force-mem-access 0' command is executed.
20:05:21 INFO  : ----------------XSDB Script----------------
connect -url tcp:127.0.0.1:3121
source C:/Xilinx/SoC/Matrixmul_vivado/Matrixmul_vivado.sdk/design_1_wrapper_hw_platform_0/ps7_init.tcl
targets -set -nocase -filter {name =~"APU*" && jtag_cable_name =~ "Digilent JTAG-SMT2 210251988368"} -index 0
loadhw -hw C:/Xilinx/SoC/Matrixmul_vivado/Matrixmul_vivado.sdk/design_1_wrapper_hw_platform_0/system.hdf -mem-ranges [list {0x40000000 0xbfffffff}]
configparams force-mem-access 1
targets -set -nocase -filter {name =~"APU*" && jtag_cable_name =~ "Digilent JTAG-SMT2 210251988368"} -index 0
stop
ps7_init
ps7_post_config
targets -set -nocase -filter {name =~ "ARM*#0" && jtag_cable_name =~ "Digilent JTAG-SMT2 210251988368"} -index 0
rst -processor
targets -set -nocase -filter {name =~ "ARM*#0" && jtag_cable_name =~ "Digilent JTAG-SMT2 210251988368"} -index 0
dow C:/Xilinx/SoC/Matrixmul_vivado/Matrixmul_vivado.sdk/matrixmul/Debug/matrixmul.elf
configparams force-mem-access 0
----------------End of Script----------------

20:05:22 INFO  : Context for processor 'ps7_cortexa9_0' is selected.
20:05:22 INFO  : 'con' command is executed.
20:05:22 INFO  : ----------------XSDB Script (After Launch)----------------
targets -set -nocase -filter {name =~ "ARM*#0" && jtag_cable_name =~ "Digilent JTAG-SMT2 210251988368"} -index 0
con
----------------End of Script----------------

20:05:22 INFO  : Disconnected from the channel tcfchan#5.
20:06:26 INFO  : 'targets -set -filter {jtag_cable_name =~ "Digilent JTAG-SMT2 210251988368" && level==0} -index 1' command is executed.
20:06:26 INFO  : 'fpga -state' command is executed.
20:06:26 INFO  : Connected to target on host '127.0.0.1' and port '3121'.
20:06:27 INFO  : Jtag cable 'Digilent JTAG-SMT2 210251988368' is selected.
20:06:27 INFO  : 'jtag frequency' command is executed.
20:06:27 INFO  : Sourcing of 'C:/Xilinx/SoC/Matrixmul_vivado/Matrixmul_vivado.sdk/design_1_wrapper_hw_platform_0/ps7_init.tcl' is done.
20:06:27 INFO  : Context for 'APU' is selected.
20:06:28 INFO  : Hardware design information is loaded from 'C:/Xilinx/SoC/Matrixmul_vivado/Matrixmul_vivado.sdk/design_1_wrapper_hw_platform_0/system.hdf'.
20:06:28 INFO  : 'configparams force-mem-access 1' command is executed.
20:06:28 INFO  : Context for 'APU' is selected.
20:06:28 INFO  : 'stop' command is executed.
20:06:28 INFO  : 'ps7_init' command is executed.
20:06:28 INFO  : 'ps7_post_config' command is executed.
20:06:28 INFO  : Context for processor 'ps7_cortexa9_0' is selected.
20:06:28 INFO  : Processor reset is completed for 'ps7_cortexa9_0'.
20:06:28 INFO  : Context for processor 'ps7_cortexa9_0' is selected.
20:06:28 INFO  : The application 'C:/Xilinx/SoC/Matrixmul_vivado/Matrixmul_vivado.sdk/matrixmul/Debug/matrixmul.elf' is downloaded to processor 'ps7_cortexa9_0'.
20:06:28 INFO  : 'configparams force-mem-access 0' command is executed.
20:06:28 INFO  : ----------------XSDB Script----------------
connect -url tcp:127.0.0.1:3121
source C:/Xilinx/SoC/Matrixmul_vivado/Matrixmul_vivado.sdk/design_1_wrapper_hw_platform_0/ps7_init.tcl
targets -set -nocase -filter {name =~"APU*" && jtag_cable_name =~ "Digilent JTAG-SMT2 210251988368"} -index 0
loadhw -hw C:/Xilinx/SoC/Matrixmul_vivado/Matrixmul_vivado.sdk/design_1_wrapper_hw_platform_0/system.hdf -mem-ranges [list {0x40000000 0xbfffffff}]
configparams force-mem-access 1
targets -set -nocase -filter {name =~"APU*" && jtag_cable_name =~ "Digilent JTAG-SMT2 210251988368"} -index 0
stop
ps7_init
ps7_post_config
targets -set -nocase -filter {name =~ "ARM*#0" && jtag_cable_name =~ "Digilent JTAG-SMT2 210251988368"} -index 0
rst -processor
targets -set -nocase -filter {name =~ "ARM*#0" && jtag_cable_name =~ "Digilent JTAG-SMT2 210251988368"} -index 0
dow C:/Xilinx/SoC/Matrixmul_vivado/Matrixmul_vivado.sdk/matrixmul/Debug/matrixmul.elf
configparams force-mem-access 0
----------------End of Script----------------

20:06:28 INFO  : Context for processor 'ps7_cortexa9_0' is selected.
20:06:28 INFO  : 'con' command is executed.
20:06:28 INFO  : ----------------XSDB Script (After Launch)----------------
targets -set -nocase -filter {name =~ "ARM*#0" && jtag_cable_name =~ "Digilent JTAG-SMT2 210251988368"} -index 0
con
----------------End of Script----------------

20:06:28 INFO  : Disconnected from the channel tcfchan#6.
20:09:20 INFO  : 'targets -set -filter {jtag_cable_name =~ "Digilent JTAG-SMT2 210251988368" && level==0} -index 1' command is executed.
20:09:20 INFO  : 'fpga -state' command is executed.
20:09:20 INFO  : Connected to target on host '127.0.0.1' and port '3121'.
20:09:21 INFO  : Jtag cable 'Digilent JTAG-SMT2 210251988368' is selected.
20:09:21 INFO  : 'jtag frequency' command is executed.
20:09:21 INFO  : Sourcing of 'C:/Xilinx/SoC/Matrixmul_vivado/Matrixmul_vivado.sdk/design_1_wrapper_hw_platform_0/ps7_init.tcl' is done.
20:09:21 INFO  : Context for 'APU' is selected.
20:09:22 INFO  : Hardware design information is loaded from 'C:/Xilinx/SoC/Matrixmul_vivado/Matrixmul_vivado.sdk/design_1_wrapper_hw_platform_0/system.hdf'.
20:09:22 INFO  : 'configparams force-mem-access 1' command is executed.
20:09:22 INFO  : Context for 'APU' is selected.
20:09:22 INFO  : 'stop' command is executed.
20:09:22 INFO  : 'ps7_init' command is executed.
20:09:22 INFO  : 'ps7_post_config' command is executed.
20:09:22 INFO  : Context for processor 'ps7_cortexa9_0' is selected.
20:09:22 INFO  : Processor reset is completed for 'ps7_cortexa9_0'.
20:09:22 INFO  : Context for processor 'ps7_cortexa9_0' is selected.
20:09:22 INFO  : The application 'C:/Xilinx/SoC/Matrixmul_vivado/Matrixmul_vivado.sdk/matrixmul/Debug/matrixmul.elf' is downloaded to processor 'ps7_cortexa9_0'.
20:09:22 INFO  : 'configparams force-mem-access 0' command is executed.
20:09:22 INFO  : ----------------XSDB Script----------------
connect -url tcp:127.0.0.1:3121
source C:/Xilinx/SoC/Matrixmul_vivado/Matrixmul_vivado.sdk/design_1_wrapper_hw_platform_0/ps7_init.tcl
targets -set -nocase -filter {name =~"APU*" && jtag_cable_name =~ "Digilent JTAG-SMT2 210251988368"} -index 0
loadhw -hw C:/Xilinx/SoC/Matrixmul_vivado/Matrixmul_vivado.sdk/design_1_wrapper_hw_platform_0/system.hdf -mem-ranges [list {0x40000000 0xbfffffff}]
configparams force-mem-access 1
targets -set -nocase -filter {name =~"APU*" && jtag_cable_name =~ "Digilent JTAG-SMT2 210251988368"} -index 0
stop
ps7_init
ps7_post_config
targets -set -nocase -filter {name =~ "ARM*#0" && jtag_cable_name =~ "Digilent JTAG-SMT2 210251988368"} -index 0
rst -processor
targets -set -nocase -filter {name =~ "ARM*#0" && jtag_cable_name =~ "Digilent JTAG-SMT2 210251988368"} -index 0
dow C:/Xilinx/SoC/Matrixmul_vivado/Matrixmul_vivado.sdk/matrixmul/Debug/matrixmul.elf
configparams force-mem-access 0
----------------End of Script----------------

20:09:22 INFO  : Context for processor 'ps7_cortexa9_0' is selected.
20:09:23 INFO  : 'con' command is executed.
20:09:23 INFO  : ----------------XSDB Script (After Launch)----------------
targets -set -nocase -filter {name =~ "ARM*#0" && jtag_cable_name =~ "Digilent JTAG-SMT2 210251988368"} -index 0
con
----------------End of Script----------------

20:09:23 INFO  : Disconnected from the channel tcfchan#7.
20:10:01 INFO  : 'targets -set -filter {jtag_cable_name =~ "Digilent JTAG-SMT2 210251988368" && level==0} -index 1' command is executed.
20:10:01 INFO  : 'fpga -state' command is executed.
20:10:01 INFO  : Connected to target on host '127.0.0.1' and port '3121'.
20:10:02 INFO  : Jtag cable 'Digilent JTAG-SMT2 210251988368' is selected.
20:10:02 INFO  : 'jtag frequency' command is executed.
20:10:02 INFO  : Sourcing of 'C:/Xilinx/SoC/Matrixmul_vivado/Matrixmul_vivado.sdk/design_1_wrapper_hw_platform_0/ps7_init.tcl' is done.
20:10:02 INFO  : Context for 'APU' is selected.
20:10:03 INFO  : Hardware design information is loaded from 'C:/Xilinx/SoC/Matrixmul_vivado/Matrixmul_vivado.sdk/design_1_wrapper_hw_platform_0/system.hdf'.
20:10:03 INFO  : 'configparams force-mem-access 1' command is executed.
20:10:03 INFO  : Context for 'APU' is selected.
20:10:03 INFO  : 'stop' command is executed.
20:10:03 INFO  : 'ps7_init' command is executed.
20:10:03 INFO  : 'ps7_post_config' command is executed.
20:10:03 INFO  : Context for processor 'ps7_cortexa9_0' is selected.
20:10:03 INFO  : Processor reset is completed for 'ps7_cortexa9_0'.
20:10:03 INFO  : Context for processor 'ps7_cortexa9_0' is selected.
20:10:03 INFO  : The application 'C:/Xilinx/SoC/Matrixmul_vivado/Matrixmul_vivado.sdk/matrixmul/Debug/matrixmul.elf' is downloaded to processor 'ps7_cortexa9_0'.
20:10:03 INFO  : 'configparams force-mem-access 0' command is executed.
20:10:03 INFO  : ----------------XSDB Script----------------
connect -url tcp:127.0.0.1:3121
source C:/Xilinx/SoC/Matrixmul_vivado/Matrixmul_vivado.sdk/design_1_wrapper_hw_platform_0/ps7_init.tcl
targets -set -nocase -filter {name =~"APU*" && jtag_cable_name =~ "Digilent JTAG-SMT2 210251988368"} -index 0
loadhw -hw C:/Xilinx/SoC/Matrixmul_vivado/Matrixmul_vivado.sdk/design_1_wrapper_hw_platform_0/system.hdf -mem-ranges [list {0x40000000 0xbfffffff}]
configparams force-mem-access 1
targets -set -nocase -filter {name =~"APU*" && jtag_cable_name =~ "Digilent JTAG-SMT2 210251988368"} -index 0
stop
ps7_init
ps7_post_config
targets -set -nocase -filter {name =~ "ARM*#0" && jtag_cable_name =~ "Digilent JTAG-SMT2 210251988368"} -index 0
rst -processor
targets -set -nocase -filter {name =~ "ARM*#0" && jtag_cable_name =~ "Digilent JTAG-SMT2 210251988368"} -index 0
dow C:/Xilinx/SoC/Matrixmul_vivado/Matrixmul_vivado.sdk/matrixmul/Debug/matrixmul.elf
configparams force-mem-access 0
----------------End of Script----------------

20:10:03 INFO  : Context for processor 'ps7_cortexa9_0' is selected.
20:10:03 INFO  : 'con' command is executed.
20:10:03 INFO  : ----------------XSDB Script (After Launch)----------------
targets -set -nocase -filter {name =~ "ARM*#0" && jtag_cable_name =~ "Digilent JTAG-SMT2 210251988368"} -index 0
con
----------------End of Script----------------

20:10:03 INFO  : Disconnected from the channel tcfchan#8.
20:12:30 INFO  : 'targets -set -filter {jtag_cable_name =~ "Digilent JTAG-SMT2 210251988368" && level==0} -index 1' command is executed.
20:12:30 INFO  : 'fpga -state' command is executed.
20:12:30 INFO  : Connected to target on host '127.0.0.1' and port '3121'.
20:12:31 INFO  : Jtag cable 'Digilent JTAG-SMT2 210251988368' is selected.
20:12:31 INFO  : 'jtag frequency' command is executed.
20:12:31 INFO  : Sourcing of 'C:/Xilinx/SoC/Matrixmul_vivado/Matrixmul_vivado.sdk/design_1_wrapper_hw_platform_0/ps7_init.tcl' is done.
20:12:31 INFO  : Context for 'APU' is selected.
20:12:32 INFO  : Hardware design information is loaded from 'C:/Xilinx/SoC/Matrixmul_vivado/Matrixmul_vivado.sdk/design_1_wrapper_hw_platform_0/system.hdf'.
20:12:32 INFO  : 'configparams force-mem-access 1' command is executed.
20:12:32 INFO  : Context for 'APU' is selected.
20:12:32 INFO  : 'stop' command is executed.
20:12:32 INFO  : 'ps7_init' command is executed.
20:12:32 INFO  : 'ps7_post_config' command is executed.
20:12:32 INFO  : Context for processor 'ps7_cortexa9_0' is selected.
20:12:32 INFO  : Processor reset is completed for 'ps7_cortexa9_0'.
20:12:32 INFO  : Context for processor 'ps7_cortexa9_0' is selected.
20:12:33 INFO  : The application 'C:/Xilinx/SoC/Matrixmul_vivado/Matrixmul_vivado.sdk/matrixmul/Debug/matrixmul.elf' is downloaded to processor 'ps7_cortexa9_0'.
20:12:33 INFO  : 'configparams force-mem-access 0' command is executed.
20:12:33 INFO  : ----------------XSDB Script----------------
connect -url tcp:127.0.0.1:3121
source C:/Xilinx/SoC/Matrixmul_vivado/Matrixmul_vivado.sdk/design_1_wrapper_hw_platform_0/ps7_init.tcl
targets -set -nocase -filter {name =~"APU*" && jtag_cable_name =~ "Digilent JTAG-SMT2 210251988368"} -index 0
loadhw -hw C:/Xilinx/SoC/Matrixmul_vivado/Matrixmul_vivado.sdk/design_1_wrapper_hw_platform_0/system.hdf -mem-ranges [list {0x40000000 0xbfffffff}]
configparams force-mem-access 1
targets -set -nocase -filter {name =~"APU*" && jtag_cable_name =~ "Digilent JTAG-SMT2 210251988368"} -index 0
stop
ps7_init
ps7_post_config
targets -set -nocase -filter {name =~ "ARM*#0" && jtag_cable_name =~ "Digilent JTAG-SMT2 210251988368"} -index 0
rst -processor
targets -set -nocase -filter {name =~ "ARM*#0" && jtag_cable_name =~ "Digilent JTAG-SMT2 210251988368"} -index 0
dow C:/Xilinx/SoC/Matrixmul_vivado/Matrixmul_vivado.sdk/matrixmul/Debug/matrixmul.elf
configparams force-mem-access 0
----------------End of Script----------------

20:12:33 INFO  : Context for processor 'ps7_cortexa9_0' is selected.
20:12:33 INFO  : 'con' command is executed.
20:12:33 INFO  : ----------------XSDB Script (After Launch)----------------
targets -set -nocase -filter {name =~ "ARM*#0" && jtag_cable_name =~ "Digilent JTAG-SMT2 210251988368"} -index 0
con
----------------End of Script----------------

20:12:33 INFO  : Disconnected from the channel tcfchan#9.
20:14:41 INFO  : 'targets -set -filter {jtag_cable_name =~ "Digilent JTAG-SMT2 210251988368" && level==0} -index 1' command is executed.
20:14:41 INFO  : 'fpga -state' command is executed.
20:14:41 INFO  : Connected to target on host '127.0.0.1' and port '3121'.
20:14:41 INFO  : Jtag cable 'Digilent JTAG-SMT2 210251988368' is selected.
20:14:41 INFO  : 'jtag frequency' command is executed.
20:14:41 INFO  : Sourcing of 'C:/Xilinx/SoC/Matrixmul_vivado/Matrixmul_vivado.sdk/design_1_wrapper_hw_platform_0/ps7_init.tcl' is done.
20:14:41 INFO  : Context for 'APU' is selected.
20:14:43 INFO  : Hardware design information is loaded from 'C:/Xilinx/SoC/Matrixmul_vivado/Matrixmul_vivado.sdk/design_1_wrapper_hw_platform_0/system.hdf'.
20:14:43 INFO  : 'configparams force-mem-access 1' command is executed.
20:14:43 INFO  : Context for 'APU' is selected.
20:14:43 INFO  : 'stop' command is executed.
20:14:43 INFO  : 'ps7_init' command is executed.
20:14:43 INFO  : 'ps7_post_config' command is executed.
20:14:43 INFO  : Context for processor 'ps7_cortexa9_0' is selected.
20:14:43 INFO  : Processor reset is completed for 'ps7_cortexa9_0'.
20:14:43 INFO  : Context for processor 'ps7_cortexa9_0' is selected.
20:14:43 INFO  : The application 'C:/Xilinx/SoC/Matrixmul_vivado/Matrixmul_vivado.sdk/matrixmul/Debug/matrixmul.elf' is downloaded to processor 'ps7_cortexa9_0'.
20:14:43 INFO  : 'configparams force-mem-access 0' command is executed.
20:14:43 INFO  : ----------------XSDB Script----------------
connect -url tcp:127.0.0.1:3121
source C:/Xilinx/SoC/Matrixmul_vivado/Matrixmul_vivado.sdk/design_1_wrapper_hw_platform_0/ps7_init.tcl
targets -set -nocase -filter {name =~"APU*" && jtag_cable_name =~ "Digilent JTAG-SMT2 210251988368"} -index 0
loadhw -hw C:/Xilinx/SoC/Matrixmul_vivado/Matrixmul_vivado.sdk/design_1_wrapper_hw_platform_0/system.hdf -mem-ranges [list {0x40000000 0xbfffffff}]
configparams force-mem-access 1
targets -set -nocase -filter {name =~"APU*" && jtag_cable_name =~ "Digilent JTAG-SMT2 210251988368"} -index 0
stop
ps7_init
ps7_post_config
targets -set -nocase -filter {name =~ "ARM*#0" && jtag_cable_name =~ "Digilent JTAG-SMT2 210251988368"} -index 0
rst -processor
targets -set -nocase -filter {name =~ "ARM*#0" && jtag_cable_name =~ "Digilent JTAG-SMT2 210251988368"} -index 0
dow C:/Xilinx/SoC/Matrixmul_vivado/Matrixmul_vivado.sdk/matrixmul/Debug/matrixmul.elf
configparams force-mem-access 0
----------------End of Script----------------

20:14:43 INFO  : Context for processor 'ps7_cortexa9_0' is selected.
20:14:43 INFO  : 'con' command is executed.
20:14:43 INFO  : ----------------XSDB Script (After Launch)----------------
targets -set -nocase -filter {name =~ "ARM*#0" && jtag_cable_name =~ "Digilent JTAG-SMT2 210251988368"} -index 0
con
----------------End of Script----------------

20:14:43 INFO  : Disconnected from the channel tcfchan#10.
20:17:23 INFO  : 'targets -set -filter {jtag_cable_name =~ "Digilent JTAG-SMT2 210251988368" && level==0} -index 1' command is executed.
20:17:23 INFO  : 'fpga -state' command is executed.
20:17:23 INFO  : Connected to target on host '127.0.0.1' and port '3121'.
20:17:24 INFO  : Jtag cable 'Digilent JTAG-SMT2 210251988368' is selected.
20:17:24 INFO  : 'jtag frequency' command is executed.
20:17:24 INFO  : Sourcing of 'C:/Xilinx/SoC/Matrixmul_vivado/Matrixmul_vivado.sdk/design_1_wrapper_hw_platform_0/ps7_init.tcl' is done.
20:17:24 INFO  : Context for 'APU' is selected.
20:17:25 INFO  : Hardware design information is loaded from 'C:/Xilinx/SoC/Matrixmul_vivado/Matrixmul_vivado.sdk/design_1_wrapper_hw_platform_0/system.hdf'.
20:17:25 INFO  : 'configparams force-mem-access 1' command is executed.
20:17:25 INFO  : Context for 'APU' is selected.
20:17:25 INFO  : 'stop' command is executed.
20:17:25 INFO  : 'ps7_init' command is executed.
20:17:25 INFO  : 'ps7_post_config' command is executed.
20:17:25 INFO  : Context for processor 'ps7_cortexa9_0' is selected.
20:17:25 INFO  : Processor reset is completed for 'ps7_cortexa9_0'.
20:17:25 INFO  : Context for processor 'ps7_cortexa9_0' is selected.
20:17:25 INFO  : The application 'C:/Xilinx/SoC/Matrixmul_vivado/Matrixmul_vivado.sdk/matrixmul/Debug/matrixmul.elf' is downloaded to processor 'ps7_cortexa9_0'.
20:17:25 INFO  : 'configparams force-mem-access 0' command is executed.
20:17:25 INFO  : ----------------XSDB Script----------------
connect -url tcp:127.0.0.1:3121
source C:/Xilinx/SoC/Matrixmul_vivado/Matrixmul_vivado.sdk/design_1_wrapper_hw_platform_0/ps7_init.tcl
targets -set -nocase -filter {name =~"APU*" && jtag_cable_name =~ "Digilent JTAG-SMT2 210251988368"} -index 0
loadhw -hw C:/Xilinx/SoC/Matrixmul_vivado/Matrixmul_vivado.sdk/design_1_wrapper_hw_platform_0/system.hdf -mem-ranges [list {0x40000000 0xbfffffff}]
configparams force-mem-access 1
targets -set -nocase -filter {name =~"APU*" && jtag_cable_name =~ "Digilent JTAG-SMT2 210251988368"} -index 0
stop
ps7_init
ps7_post_config
targets -set -nocase -filter {name =~ "ARM*#0" && jtag_cable_name =~ "Digilent JTAG-SMT2 210251988368"} -index 0
rst -processor
targets -set -nocase -filter {name =~ "ARM*#0" && jtag_cable_name =~ "Digilent JTAG-SMT2 210251988368"} -index 0
dow C:/Xilinx/SoC/Matrixmul_vivado/Matrixmul_vivado.sdk/matrixmul/Debug/matrixmul.elf
configparams force-mem-access 0
----------------End of Script----------------

20:17:25 INFO  : Context for processor 'ps7_cortexa9_0' is selected.
20:17:25 INFO  : 'con' command is executed.
20:17:25 INFO  : ----------------XSDB Script (After Launch)----------------
targets -set -nocase -filter {name =~ "ARM*#0" && jtag_cable_name =~ "Digilent JTAG-SMT2 210251988368"} -index 0
con
----------------End of Script----------------

20:17:25 INFO  : Disconnected from the channel tcfchan#11.
20:18:16 INFO  : 'targets -set -filter {jtag_cable_name =~ "Digilent JTAG-SMT2 210251988368" && level==0} -index 1' command is executed.
20:18:16 INFO  : 'fpga -state' command is executed.
20:18:16 INFO  : Connected to target on host '127.0.0.1' and port '3121'.
20:18:16 INFO  : Jtag cable 'Digilent JTAG-SMT2 210251988368' is selected.
20:18:16 INFO  : 'jtag frequency' command is executed.
20:18:16 INFO  : Sourcing of 'C:/Xilinx/SoC/Matrixmul_vivado/Matrixmul_vivado.sdk/design_1_wrapper_hw_platform_0/ps7_init.tcl' is done.
20:18:16 INFO  : Context for 'APU' is selected.
20:18:17 INFO  : Hardware design information is loaded from 'C:/Xilinx/SoC/Matrixmul_vivado/Matrixmul_vivado.sdk/design_1_wrapper_hw_platform_0/system.hdf'.
20:18:17 INFO  : 'configparams force-mem-access 1' command is executed.
20:18:18 INFO  : Context for 'APU' is selected.
20:18:18 INFO  : 'stop' command is executed.
20:18:18 INFO  : 'ps7_init' command is executed.
20:18:18 INFO  : 'ps7_post_config' command is executed.
20:18:18 INFO  : Context for processor 'ps7_cortexa9_0' is selected.
20:18:18 INFO  : Processor reset is completed for 'ps7_cortexa9_0'.
20:18:18 INFO  : Context for processor 'ps7_cortexa9_0' is selected.
20:18:18 INFO  : The application 'C:/Xilinx/SoC/Matrixmul_vivado/Matrixmul_vivado.sdk/matrixmul/Debug/matrixmul.elf' is downloaded to processor 'ps7_cortexa9_0'.
20:18:18 INFO  : 'configparams force-mem-access 0' command is executed.
20:18:18 INFO  : ----------------XSDB Script----------------
connect -url tcp:127.0.0.1:3121
source C:/Xilinx/SoC/Matrixmul_vivado/Matrixmul_vivado.sdk/design_1_wrapper_hw_platform_0/ps7_init.tcl
targets -set -nocase -filter {name =~"APU*" && jtag_cable_name =~ "Digilent JTAG-SMT2 210251988368"} -index 0
loadhw -hw C:/Xilinx/SoC/Matrixmul_vivado/Matrixmul_vivado.sdk/design_1_wrapper_hw_platform_0/system.hdf -mem-ranges [list {0x40000000 0xbfffffff}]
configparams force-mem-access 1
targets -set -nocase -filter {name =~"APU*" && jtag_cable_name =~ "Digilent JTAG-SMT2 210251988368"} -index 0
stop
ps7_init
ps7_post_config
targets -set -nocase -filter {name =~ "ARM*#0" && jtag_cable_name =~ "Digilent JTAG-SMT2 210251988368"} -index 0
rst -processor
targets -set -nocase -filter {name =~ "ARM*#0" && jtag_cable_name =~ "Digilent JTAG-SMT2 210251988368"} -index 0
dow C:/Xilinx/SoC/Matrixmul_vivado/Matrixmul_vivado.sdk/matrixmul/Debug/matrixmul.elf
configparams force-mem-access 0
----------------End of Script----------------

20:18:18 INFO  : Context for processor 'ps7_cortexa9_0' is selected.
20:18:18 INFO  : 'con' command is executed.
20:18:18 INFO  : ----------------XSDB Script (After Launch)----------------
targets -set -nocase -filter {name =~ "ARM*#0" && jtag_cable_name =~ "Digilent JTAG-SMT2 210251988368"} -index 0
con
----------------End of Script----------------

20:18:18 INFO  : Disconnected from the channel tcfchan#12.
20:19:49 INFO  : 'targets -set -filter {jtag_cable_name =~ "Digilent JTAG-SMT2 210251988368" && level==0} -index 1' command is executed.
20:19:50 INFO  : 'fpga -state' command is executed.
20:19:50 INFO  : Connected to target on host '127.0.0.1' and port '3121'.
20:19:50 INFO  : Jtag cable 'Digilent JTAG-SMT2 210251988368' is selected.
20:19:50 INFO  : 'jtag frequency' command is executed.
20:19:50 INFO  : Sourcing of 'C:/Xilinx/SoC/Matrixmul_vivado/Matrixmul_vivado.sdk/design_1_wrapper_hw_platform_0/ps7_init.tcl' is done.
20:19:50 INFO  : Context for 'APU' is selected.
20:19:51 INFO  : Hardware design information is loaded from 'C:/Xilinx/SoC/Matrixmul_vivado/Matrixmul_vivado.sdk/design_1_wrapper_hw_platform_0/system.hdf'.
20:19:51 INFO  : 'configparams force-mem-access 1' command is executed.
20:19:51 INFO  : Context for 'APU' is selected.
20:19:51 INFO  : 'stop' command is executed.
20:19:51 INFO  : 'ps7_init' command is executed.
20:19:51 INFO  : 'ps7_post_config' command is executed.
20:19:51 INFO  : Context for processor 'ps7_cortexa9_0' is selected.
20:19:51 INFO  : Processor reset is completed for 'ps7_cortexa9_0'.
20:19:51 INFO  : Context for processor 'ps7_cortexa9_0' is selected.
20:19:51 INFO  : The application 'C:/Xilinx/SoC/Matrixmul_vivado/Matrixmul_vivado.sdk/matrixmul/Debug/matrixmul.elf' is downloaded to processor 'ps7_cortexa9_0'.
20:19:51 INFO  : 'configparams force-mem-access 0' command is executed.
20:19:51 INFO  : ----------------XSDB Script----------------
connect -url tcp:127.0.0.1:3121
source C:/Xilinx/SoC/Matrixmul_vivado/Matrixmul_vivado.sdk/design_1_wrapper_hw_platform_0/ps7_init.tcl
targets -set -nocase -filter {name =~"APU*" && jtag_cable_name =~ "Digilent JTAG-SMT2 210251988368"} -index 0
loadhw -hw C:/Xilinx/SoC/Matrixmul_vivado/Matrixmul_vivado.sdk/design_1_wrapper_hw_platform_0/system.hdf -mem-ranges [list {0x40000000 0xbfffffff}]
configparams force-mem-access 1
targets -set -nocase -filter {name =~"APU*" && jtag_cable_name =~ "Digilent JTAG-SMT2 210251988368"} -index 0
stop
ps7_init
ps7_post_config
targets -set -nocase -filter {name =~ "ARM*#0" && jtag_cable_name =~ "Digilent JTAG-SMT2 210251988368"} -index 0
rst -processor
targets -set -nocase -filter {name =~ "ARM*#0" && jtag_cable_name =~ "Digilent JTAG-SMT2 210251988368"} -index 0
dow C:/Xilinx/SoC/Matrixmul_vivado/Matrixmul_vivado.sdk/matrixmul/Debug/matrixmul.elf
configparams force-mem-access 0
----------------End of Script----------------

20:19:51 INFO  : Context for processor 'ps7_cortexa9_0' is selected.
20:19:51 INFO  : 'con' command is executed.
20:19:51 INFO  : ----------------XSDB Script (After Launch)----------------
targets -set -nocase -filter {name =~ "ARM*#0" && jtag_cable_name =~ "Digilent JTAG-SMT2 210251988368"} -index 0
con
----------------End of Script----------------

20:19:51 INFO  : Disconnected from the channel tcfchan#13.
20:42:27 INFO  : Registering command handlers for SDK TCF services
20:42:27 INFO  : Launching XSCT server: xsct.bat -interactive C:\Xilinx\SoC\Matrixmul_vivado\Matrixmul_vivado.sdk\temp_xsdb_launch_script.tcl
20:42:29 INFO  : XSCT server has started successfully.
20:42:29 INFO  : Successfully done setting XSCT server connection channel  
20:42:29 INFO  : Successfully done setting SDK workspace  
20:42:29 INFO  : Processing command line option -hwspec C:/Xilinx/SoC/Matrixmul_vivado/Matrixmul_vivado.sdk/design_1_wrapper.hdf.
20:42:29 INFO  : Checking for hwspec changes in the project design_1_wrapper_hw_platform_0.
20:47:22 INFO  : Connected to target on host '127.0.0.1' and port '3121'.
20:47:57 INFO  : Connected to target on host '127.0.0.1' and port '3121'.
20:47:58 INFO  : 'targets -set -filter {jtag_cable_name =~ "Digilent JTAG-SMT2 210251988368" && level==0} -index 1' command is executed.
20:48:01 INFO  : FPGA configured successfully with bitstream "C:/Xilinx/SoC/Matrixmul_vivado/Matrixmul_vivado.sdk/design_1_wrapper_hw_platform_0/design_1_wrapper.bit"
20:48:15 INFO  : 'targets -set -filter {jtag_cable_name =~ "Digilent JTAG-SMT2 210251988368" && level==0} -index 1' command is executed.
20:48:15 INFO  : 'fpga -state' command is executed.
20:48:15 INFO  : Connected to target on host '127.0.0.1' and port '3121'.
20:48:15 INFO  : Jtag cable 'Digilent JTAG-SMT2 210251988368' is selected.
20:48:15 INFO  : 'jtag frequency' command is executed.
20:48:15 INFO  : Sourcing of 'C:/Xilinx/SoC/Matrixmul_vivado/Matrixmul_vivado.sdk/design_1_wrapper_hw_platform_0/ps7_init.tcl' is done.
20:48:15 INFO  : Context for 'APU' is selected.
20:48:15 INFO  : Hardware design information is loaded from 'C:/Xilinx/SoC/Matrixmul_vivado/Matrixmul_vivado.sdk/design_1_wrapper_hw_platform_0/system.hdf'.
20:48:15 INFO  : 'configparams force-mem-access 1' command is executed.
20:48:15 INFO  : Context for 'APU' is selected.
20:48:15 INFO  : 'stop' command is executed.
20:48:15 INFO  : 'ps7_init' command is executed.
20:48:15 INFO  : 'ps7_post_config' command is executed.
20:48:15 INFO  : Context for processor 'ps7_cortexa9_0' is selected.
20:48:15 INFO  : Processor reset is completed for 'ps7_cortexa9_0'.
20:48:15 INFO  : Context for processor 'ps7_cortexa9_0' is selected.
20:48:16 INFO  : The application 'C:/Xilinx/SoC/Matrixmul_vivado/Matrixmul_vivado.sdk/matrixmul/Debug/matrixmul.elf' is downloaded to processor 'ps7_cortexa9_0'.
20:48:16 INFO  : 'configparams force-mem-access 0' command is executed.
20:48:16 INFO  : ----------------XSDB Script----------------
connect -url tcp:127.0.0.1:3121
source C:/Xilinx/SoC/Matrixmul_vivado/Matrixmul_vivado.sdk/design_1_wrapper_hw_platform_0/ps7_init.tcl
targets -set -nocase -filter {name =~"APU*" && jtag_cable_name =~ "Digilent JTAG-SMT2 210251988368"} -index 0
loadhw -hw C:/Xilinx/SoC/Matrixmul_vivado/Matrixmul_vivado.sdk/design_1_wrapper_hw_platform_0/system.hdf -mem-ranges [list {0x40000000 0xbfffffff}]
configparams force-mem-access 1
targets -set -nocase -filter {name =~"APU*" && jtag_cable_name =~ "Digilent JTAG-SMT2 210251988368"} -index 0
stop
ps7_init
ps7_post_config
targets -set -nocase -filter {name =~ "ARM*#0" && jtag_cable_name =~ "Digilent JTAG-SMT2 210251988368"} -index 0
rst -processor
targets -set -nocase -filter {name =~ "ARM*#0" && jtag_cable_name =~ "Digilent JTAG-SMT2 210251988368"} -index 0
dow C:/Xilinx/SoC/Matrixmul_vivado/Matrixmul_vivado.sdk/matrixmul/Debug/matrixmul.elf
configparams force-mem-access 0
----------------End of Script----------------

20:48:16 INFO  : Context for processor 'ps7_cortexa9_0' is selected.
20:48:16 INFO  : 'con' command is executed.
20:48:16 INFO  : ----------------XSDB Script (After Launch)----------------
targets -set -nocase -filter {name =~ "ARM*#0" && jtag_cable_name =~ "Digilent JTAG-SMT2 210251988368"} -index 0
con
----------------End of Script----------------

20:48:16 INFO  : Disconnected from the channel tcfchan#1.
20:51:16 INFO  : 'targets -set -filter {jtag_cable_name =~ "Digilent JTAG-SMT2 210251988368" && level==0} -index 1' command is executed.
20:51:16 INFO  : 'fpga -state' command is executed.
20:51:16 INFO  : Connected to target on host '127.0.0.1' and port '3121'.
20:51:16 INFO  : Jtag cable 'Digilent JTAG-SMT2 210251988368' is selected.
20:51:16 INFO  : 'jtag frequency' command is executed.
20:51:16 INFO  : Sourcing of 'C:/Xilinx/SoC/Matrixmul_vivado/Matrixmul_vivado.sdk/design_1_wrapper_hw_platform_0/ps7_init.tcl' is done.
20:51:16 INFO  : Context for 'APU' is selected.
20:51:17 INFO  : Hardware design information is loaded from 'C:/Xilinx/SoC/Matrixmul_vivado/Matrixmul_vivado.sdk/design_1_wrapper_hw_platform_0/system.hdf'.
20:51:17 INFO  : 'configparams force-mem-access 1' command is executed.
20:51:17 INFO  : Context for 'APU' is selected.
20:51:17 INFO  : 'stop' command is executed.
20:51:18 INFO  : 'ps7_init' command is executed.
20:51:18 INFO  : 'ps7_post_config' command is executed.
20:51:18 INFO  : Context for processor 'ps7_cortexa9_0' is selected.
20:51:18 INFO  : Processor reset is completed for 'ps7_cortexa9_0'.
20:51:18 INFO  : Context for processor 'ps7_cortexa9_0' is selected.
20:51:18 INFO  : The application 'C:/Xilinx/SoC/Matrixmul_vivado/Matrixmul_vivado.sdk/matrixmul/Debug/matrixmul.elf' is downloaded to processor 'ps7_cortexa9_0'.
20:51:18 INFO  : 'configparams force-mem-access 0' command is executed.
20:51:18 INFO  : ----------------XSDB Script----------------
connect -url tcp:127.0.0.1:3121
source C:/Xilinx/SoC/Matrixmul_vivado/Matrixmul_vivado.sdk/design_1_wrapper_hw_platform_0/ps7_init.tcl
targets -set -nocase -filter {name =~"APU*" && jtag_cable_name =~ "Digilent JTAG-SMT2 210251988368"} -index 0
loadhw -hw C:/Xilinx/SoC/Matrixmul_vivado/Matrixmul_vivado.sdk/design_1_wrapper_hw_platform_0/system.hdf -mem-ranges [list {0x40000000 0xbfffffff}]
configparams force-mem-access 1
targets -set -nocase -filter {name =~"APU*" && jtag_cable_name =~ "Digilent JTAG-SMT2 210251988368"} -index 0
stop
ps7_init
ps7_post_config
targets -set -nocase -filter {name =~ "ARM*#0" && jtag_cable_name =~ "Digilent JTAG-SMT2 210251988368"} -index 0
rst -processor
targets -set -nocase -filter {name =~ "ARM*#0" && jtag_cable_name =~ "Digilent JTAG-SMT2 210251988368"} -index 0
dow C:/Xilinx/SoC/Matrixmul_vivado/Matrixmul_vivado.sdk/matrixmul/Debug/matrixmul.elf
configparams force-mem-access 0
----------------End of Script----------------

20:51:18 INFO  : Context for processor 'ps7_cortexa9_0' is selected.
20:51:18 INFO  : 'con' command is executed.
20:51:18 INFO  : ----------------XSDB Script (After Launch)----------------
targets -set -nocase -filter {name =~ "ARM*#0" && jtag_cable_name =~ "Digilent JTAG-SMT2 210251988368"} -index 0
con
----------------End of Script----------------

20:51:18 INFO  : Disconnected from the channel tcfchan#2.
20:51:58 INFO  : 'targets -set -filter {jtag_cable_name =~ "Digilent JTAG-SMT2 210251988368" && level==0} -index 1' command is executed.
20:51:58 INFO  : 'fpga -state' command is executed.
20:51:58 INFO  : Connected to target on host '127.0.0.1' and port '3121'.
20:51:58 INFO  : Jtag cable 'Digilent JTAG-SMT2 210251988368' is selected.
20:51:58 INFO  : 'jtag frequency' command is executed.
20:51:58 INFO  : Sourcing of 'C:/Xilinx/SoC/Matrixmul_vivado/Matrixmul_vivado.sdk/design_1_wrapper_hw_platform_0/ps7_init.tcl' is done.
20:51:58 INFO  : Context for 'APU' is selected.
20:52:00 INFO  : Hardware design information is loaded from 'C:/Xilinx/SoC/Matrixmul_vivado/Matrixmul_vivado.sdk/design_1_wrapper_hw_platform_0/system.hdf'.
20:52:00 INFO  : 'configparams force-mem-access 1' command is executed.
20:52:00 INFO  : Context for 'APU' is selected.
20:52:00 INFO  : 'stop' command is executed.
20:52:00 INFO  : 'ps7_init' command is executed.
20:52:00 INFO  : 'ps7_post_config' command is executed.
20:52:00 INFO  : Context for processor 'ps7_cortexa9_0' is selected.
20:52:00 INFO  : Processor reset is completed for 'ps7_cortexa9_0'.
20:52:00 INFO  : Context for processor 'ps7_cortexa9_0' is selected.
20:52:00 INFO  : The application 'C:/Xilinx/SoC/Matrixmul_vivado/Matrixmul_vivado.sdk/matrixmul/Debug/matrixmul.elf' is downloaded to processor 'ps7_cortexa9_0'.
20:52:00 INFO  : 'configparams force-mem-access 0' command is executed.
20:52:00 INFO  : ----------------XSDB Script----------------
connect -url tcp:127.0.0.1:3121
source C:/Xilinx/SoC/Matrixmul_vivado/Matrixmul_vivado.sdk/design_1_wrapper_hw_platform_0/ps7_init.tcl
targets -set -nocase -filter {name =~"APU*" && jtag_cable_name =~ "Digilent JTAG-SMT2 210251988368"} -index 0
loadhw -hw C:/Xilinx/SoC/Matrixmul_vivado/Matrixmul_vivado.sdk/design_1_wrapper_hw_platform_0/system.hdf -mem-ranges [list {0x40000000 0xbfffffff}]
configparams force-mem-access 1
targets -set -nocase -filter {name =~"APU*" && jtag_cable_name =~ "Digilent JTAG-SMT2 210251988368"} -index 0
stop
ps7_init
ps7_post_config
targets -set -nocase -filter {name =~ "ARM*#0" && jtag_cable_name =~ "Digilent JTAG-SMT2 210251988368"} -index 0
rst -processor
targets -set -nocase -filter {name =~ "ARM*#0" && jtag_cable_name =~ "Digilent JTAG-SMT2 210251988368"} -index 0
dow C:/Xilinx/SoC/Matrixmul_vivado/Matrixmul_vivado.sdk/matrixmul/Debug/matrixmul.elf
configparams force-mem-access 0
----------------End of Script----------------

20:52:00 INFO  : Context for processor 'ps7_cortexa9_0' is selected.
20:52:00 INFO  : 'con' command is executed.
20:52:00 INFO  : ----------------XSDB Script (After Launch)----------------
targets -set -nocase -filter {name =~ "ARM*#0" && jtag_cable_name =~ "Digilent JTAG-SMT2 210251988368"} -index 0
con
----------------End of Script----------------

20:52:00 INFO  : Disconnected from the channel tcfchan#3.
20:54:20 INFO  : 'targets -set -filter {jtag_cable_name =~ "Digilent JTAG-SMT2 210251988368" && level==0} -index 1' command is executed.
20:54:20 INFO  : 'fpga -state' command is executed.
20:54:20 INFO  : Connected to target on host '127.0.0.1' and port '3121'.
20:54:20 INFO  : Jtag cable 'Digilent JTAG-SMT2 210251988368' is selected.
20:54:20 INFO  : 'jtag frequency' command is executed.
20:54:20 INFO  : Sourcing of 'C:/Xilinx/SoC/Matrixmul_vivado/Matrixmul_vivado.sdk/design_1_wrapper_hw_platform_0/ps7_init.tcl' is done.
20:54:20 INFO  : Context for 'APU' is selected.
20:54:21 INFO  : Hardware design information is loaded from 'C:/Xilinx/SoC/Matrixmul_vivado/Matrixmul_vivado.sdk/design_1_wrapper_hw_platform_0/system.hdf'.
20:54:21 INFO  : 'configparams force-mem-access 1' command is executed.
20:54:21 INFO  : Context for 'APU' is selected.
20:54:21 INFO  : 'stop' command is executed.
20:54:22 INFO  : 'ps7_init' command is executed.
20:54:22 INFO  : 'ps7_post_config' command is executed.
20:54:22 INFO  : Context for processor 'ps7_cortexa9_0' is selected.
20:54:22 INFO  : Processor reset is completed for 'ps7_cortexa9_0'.
20:54:22 INFO  : Context for processor 'ps7_cortexa9_0' is selected.
20:54:22 INFO  : The application 'C:/Xilinx/SoC/Matrixmul_vivado/Matrixmul_vivado.sdk/matrixmul/Debug/matrixmul.elf' is downloaded to processor 'ps7_cortexa9_0'.
20:54:22 INFO  : 'configparams force-mem-access 0' command is executed.
20:54:22 INFO  : ----------------XSDB Script----------------
connect -url tcp:127.0.0.1:3121
source C:/Xilinx/SoC/Matrixmul_vivado/Matrixmul_vivado.sdk/design_1_wrapper_hw_platform_0/ps7_init.tcl
targets -set -nocase -filter {name =~"APU*" && jtag_cable_name =~ "Digilent JTAG-SMT2 210251988368"} -index 0
loadhw -hw C:/Xilinx/SoC/Matrixmul_vivado/Matrixmul_vivado.sdk/design_1_wrapper_hw_platform_0/system.hdf -mem-ranges [list {0x40000000 0xbfffffff}]
configparams force-mem-access 1
targets -set -nocase -filter {name =~"APU*" && jtag_cable_name =~ "Digilent JTAG-SMT2 210251988368"} -index 0
stop
ps7_init
ps7_post_config
targets -set -nocase -filter {name =~ "ARM*#0" && jtag_cable_name =~ "Digilent JTAG-SMT2 210251988368"} -index 0
rst -processor
targets -set -nocase -filter {name =~ "ARM*#0" && jtag_cable_name =~ "Digilent JTAG-SMT2 210251988368"} -index 0
dow C:/Xilinx/SoC/Matrixmul_vivado/Matrixmul_vivado.sdk/matrixmul/Debug/matrixmul.elf
configparams force-mem-access 0
----------------End of Script----------------

20:54:22 INFO  : Context for processor 'ps7_cortexa9_0' is selected.
20:54:22 INFO  : 'con' command is executed.
20:54:22 INFO  : ----------------XSDB Script (After Launch)----------------
targets -set -nocase -filter {name =~ "ARM*#0" && jtag_cable_name =~ "Digilent JTAG-SMT2 210251988368"} -index 0
con
----------------End of Script----------------

20:54:22 INFO  : Disconnected from the channel tcfchan#4.
20:55:38 INFO  : 'targets -set -filter {jtag_cable_name =~ "Digilent JTAG-SMT2 210251988368" && level==0} -index 1' command is executed.
20:55:38 INFO  : 'fpga -state' command is executed.
20:55:38 INFO  : Connected to target on host '127.0.0.1' and port '3121'.
20:55:38 INFO  : Jtag cable 'Digilent JTAG-SMT2 210251988368' is selected.
20:55:38 INFO  : 'jtag frequency' command is executed.
20:55:38 INFO  : Sourcing of 'C:/Xilinx/SoC/Matrixmul_vivado/Matrixmul_vivado.sdk/design_1_wrapper_hw_platform_0/ps7_init.tcl' is done.
20:55:38 INFO  : Context for 'APU' is selected.
20:55:39 INFO  : Hardware design information is loaded from 'C:/Xilinx/SoC/Matrixmul_vivado/Matrixmul_vivado.sdk/design_1_wrapper_hw_platform_0/system.hdf'.
20:55:39 INFO  : 'configparams force-mem-access 1' command is executed.
20:55:39 INFO  : Context for 'APU' is selected.
20:55:39 INFO  : 'stop' command is executed.
20:55:39 INFO  : 'ps7_init' command is executed.
20:55:39 INFO  : 'ps7_post_config' command is executed.
20:55:39 INFO  : Context for processor 'ps7_cortexa9_0' is selected.
20:55:39 INFO  : Processor reset is completed for 'ps7_cortexa9_0'.
20:55:40 INFO  : Context for processor 'ps7_cortexa9_0' is selected.
20:55:40 INFO  : The application 'C:/Xilinx/SoC/Matrixmul_vivado/Matrixmul_vivado.sdk/matrixmul/Debug/matrixmul.elf' is downloaded to processor 'ps7_cortexa9_0'.
20:55:40 INFO  : 'configparams force-mem-access 0' command is executed.
20:55:40 INFO  : ----------------XSDB Script----------------
connect -url tcp:127.0.0.1:3121
source C:/Xilinx/SoC/Matrixmul_vivado/Matrixmul_vivado.sdk/design_1_wrapper_hw_platform_0/ps7_init.tcl
targets -set -nocase -filter {name =~"APU*" && jtag_cable_name =~ "Digilent JTAG-SMT2 210251988368"} -index 0
loadhw -hw C:/Xilinx/SoC/Matrixmul_vivado/Matrixmul_vivado.sdk/design_1_wrapper_hw_platform_0/system.hdf -mem-ranges [list {0x40000000 0xbfffffff}]
configparams force-mem-access 1
targets -set -nocase -filter {name =~"APU*" && jtag_cable_name =~ "Digilent JTAG-SMT2 210251988368"} -index 0
stop
ps7_init
ps7_post_config
targets -set -nocase -filter {name =~ "ARM*#0" && jtag_cable_name =~ "Digilent JTAG-SMT2 210251988368"} -index 0
rst -processor
targets -set -nocase -filter {name =~ "ARM*#0" && jtag_cable_name =~ "Digilent JTAG-SMT2 210251988368"} -index 0
dow C:/Xilinx/SoC/Matrixmul_vivado/Matrixmul_vivado.sdk/matrixmul/Debug/matrixmul.elf
configparams force-mem-access 0
----------------End of Script----------------

20:55:40 INFO  : Context for processor 'ps7_cortexa9_0' is selected.
20:55:40 INFO  : 'con' command is executed.
20:55:40 INFO  : ----------------XSDB Script (After Launch)----------------
targets -set -nocase -filter {name =~ "ARM*#0" && jtag_cable_name =~ "Digilent JTAG-SMT2 210251988368"} -index 0
con
----------------End of Script----------------

20:55:40 INFO  : Disconnected from the channel tcfchan#5.
20:56:21 INFO  : 'targets -set -filter {jtag_cable_name =~ "Digilent JTAG-SMT2 210251988368" && level==0} -index 1' command is executed.
20:56:21 INFO  : 'fpga -state' command is executed.
20:56:21 INFO  : Connected to target on host '127.0.0.1' and port '3121'.
20:56:21 INFO  : Jtag cable 'Digilent JTAG-SMT2 210251988368' is selected.
20:56:21 INFO  : 'jtag frequency' command is executed.
20:56:21 INFO  : Sourcing of 'C:/Xilinx/SoC/Matrixmul_vivado/Matrixmul_vivado.sdk/design_1_wrapper_hw_platform_0/ps7_init.tcl' is done.
20:56:21 INFO  : Context for 'APU' is selected.
20:56:22 INFO  : Hardware design information is loaded from 'C:/Xilinx/SoC/Matrixmul_vivado/Matrixmul_vivado.sdk/design_1_wrapper_hw_platform_0/system.hdf'.
20:56:22 INFO  : 'configparams force-mem-access 1' command is executed.
20:56:22 INFO  : Context for 'APU' is selected.
20:56:22 INFO  : 'stop' command is executed.
20:56:22 INFO  : 'ps7_init' command is executed.
20:56:22 INFO  : 'ps7_post_config' command is executed.
20:56:22 INFO  : Context for processor 'ps7_cortexa9_0' is selected.
20:56:22 INFO  : Processor reset is completed for 'ps7_cortexa9_0'.
20:56:22 INFO  : Context for processor 'ps7_cortexa9_0' is selected.
20:56:23 INFO  : The application 'C:/Xilinx/SoC/Matrixmul_vivado/Matrixmul_vivado.sdk/matrixmul/Debug/matrixmul.elf' is downloaded to processor 'ps7_cortexa9_0'.
20:56:23 INFO  : 'configparams force-mem-access 0' command is executed.
20:56:23 INFO  : ----------------XSDB Script----------------
connect -url tcp:127.0.0.1:3121
source C:/Xilinx/SoC/Matrixmul_vivado/Matrixmul_vivado.sdk/design_1_wrapper_hw_platform_0/ps7_init.tcl
targets -set -nocase -filter {name =~"APU*" && jtag_cable_name =~ "Digilent JTAG-SMT2 210251988368"} -index 0
loadhw -hw C:/Xilinx/SoC/Matrixmul_vivado/Matrixmul_vivado.sdk/design_1_wrapper_hw_platform_0/system.hdf -mem-ranges [list {0x40000000 0xbfffffff}]
configparams force-mem-access 1
targets -set -nocase -filter {name =~"APU*" && jtag_cable_name =~ "Digilent JTAG-SMT2 210251988368"} -index 0
stop
ps7_init
ps7_post_config
targets -set -nocase -filter {name =~ "ARM*#0" && jtag_cable_name =~ "Digilent JTAG-SMT2 210251988368"} -index 0
rst -processor
targets -set -nocase -filter {name =~ "ARM*#0" && jtag_cable_name =~ "Digilent JTAG-SMT2 210251988368"} -index 0
dow C:/Xilinx/SoC/Matrixmul_vivado/Matrixmul_vivado.sdk/matrixmul/Debug/matrixmul.elf
configparams force-mem-access 0
----------------End of Script----------------

20:56:23 INFO  : Context for processor 'ps7_cortexa9_0' is selected.
20:56:23 INFO  : 'con' command is executed.
20:56:23 INFO  : ----------------XSDB Script (After Launch)----------------
targets -set -nocase -filter {name =~ "ARM*#0" && jtag_cable_name =~ "Digilent JTAG-SMT2 210251988368"} -index 0
con
----------------End of Script----------------

20:56:23 INFO  : Disconnected from the channel tcfchan#6.
20:57:14 INFO  : 'targets -set -filter {jtag_cable_name =~ "Digilent JTAG-SMT2 210251988368" && level==0} -index 1' command is executed.
20:57:14 INFO  : 'fpga -state' command is executed.
20:57:14 INFO  : Connected to target on host '127.0.0.1' and port '3121'.
20:57:14 INFO  : Jtag cable 'Digilent JTAG-SMT2 210251988368' is selected.
20:57:14 INFO  : 'jtag frequency' command is executed.
20:57:14 INFO  : Sourcing of 'C:/Xilinx/SoC/Matrixmul_vivado/Matrixmul_vivado.sdk/design_1_wrapper_hw_platform_0/ps7_init.tcl' is done.
20:57:14 INFO  : Context for 'APU' is selected.
20:57:15 INFO  : Hardware design information is loaded from 'C:/Xilinx/SoC/Matrixmul_vivado/Matrixmul_vivado.sdk/design_1_wrapper_hw_platform_0/system.hdf'.
20:57:15 INFO  : 'configparams force-mem-access 1' command is executed.
20:57:15 INFO  : Context for 'APU' is selected.
20:57:15 INFO  : 'stop' command is executed.
20:57:15 INFO  : 'ps7_init' command is executed.
20:57:15 INFO  : 'ps7_post_config' command is executed.
20:57:15 INFO  : Context for processor 'ps7_cortexa9_0' is selected.
20:57:15 INFO  : Processor reset is completed for 'ps7_cortexa9_0'.
20:57:15 INFO  : Context for processor 'ps7_cortexa9_0' is selected.
20:57:16 INFO  : The application 'C:/Xilinx/SoC/Matrixmul_vivado/Matrixmul_vivado.sdk/matrixmul/Debug/matrixmul.elf' is downloaded to processor 'ps7_cortexa9_0'.
20:57:16 INFO  : 'configparams force-mem-access 0' command is executed.
20:57:16 INFO  : ----------------XSDB Script----------------
connect -url tcp:127.0.0.1:3121
source C:/Xilinx/SoC/Matrixmul_vivado/Matrixmul_vivado.sdk/design_1_wrapper_hw_platform_0/ps7_init.tcl
targets -set -nocase -filter {name =~"APU*" && jtag_cable_name =~ "Digilent JTAG-SMT2 210251988368"} -index 0
loadhw -hw C:/Xilinx/SoC/Matrixmul_vivado/Matrixmul_vivado.sdk/design_1_wrapper_hw_platform_0/system.hdf -mem-ranges [list {0x40000000 0xbfffffff}]
configparams force-mem-access 1
targets -set -nocase -filter {name =~"APU*" && jtag_cable_name =~ "Digilent JTAG-SMT2 210251988368"} -index 0
stop
ps7_init
ps7_post_config
targets -set -nocase -filter {name =~ "ARM*#0" && jtag_cable_name =~ "Digilent JTAG-SMT2 210251988368"} -index 0
rst -processor
targets -set -nocase -filter {name =~ "ARM*#0" && jtag_cable_name =~ "Digilent JTAG-SMT2 210251988368"} -index 0
dow C:/Xilinx/SoC/Matrixmul_vivado/Matrixmul_vivado.sdk/matrixmul/Debug/matrixmul.elf
configparams force-mem-access 0
----------------End of Script----------------

20:57:16 INFO  : Context for processor 'ps7_cortexa9_0' is selected.
20:57:16 INFO  : 'con' command is executed.
20:57:16 INFO  : ----------------XSDB Script (After Launch)----------------
targets -set -nocase -filter {name =~ "ARM*#0" && jtag_cable_name =~ "Digilent JTAG-SMT2 210251988368"} -index 0
con
----------------End of Script----------------

20:57:16 INFO  : Disconnected from the channel tcfchan#7.
20:58:20 INFO  : 'targets -set -filter {jtag_cable_name =~ "Digilent JTAG-SMT2 210251988368" && level==0} -index 1' command is executed.
20:58:20 INFO  : 'fpga -state' command is executed.
20:58:20 INFO  : Connected to target on host '127.0.0.1' and port '3121'.
20:58:20 INFO  : Jtag cable 'Digilent JTAG-SMT2 210251988368' is selected.
20:58:20 INFO  : 'jtag frequency' command is executed.
20:58:20 INFO  : Sourcing of 'C:/Xilinx/SoC/Matrixmul_vivado/Matrixmul_vivado.sdk/design_1_wrapper_hw_platform_0/ps7_init.tcl' is done.
20:58:20 INFO  : Context for 'APU' is selected.
20:58:21 INFO  : Hardware design information is loaded from 'C:/Xilinx/SoC/Matrixmul_vivado/Matrixmul_vivado.sdk/design_1_wrapper_hw_platform_0/system.hdf'.
20:58:21 INFO  : 'configparams force-mem-access 1' command is executed.
20:58:21 INFO  : Context for 'APU' is selected.
20:58:21 INFO  : 'stop' command is executed.
20:58:22 INFO  : 'ps7_init' command is executed.
20:58:22 INFO  : 'ps7_post_config' command is executed.
20:58:22 INFO  : Context for processor 'ps7_cortexa9_0' is selected.
20:58:22 INFO  : Processor reset is completed for 'ps7_cortexa9_0'.
20:58:22 INFO  : Context for processor 'ps7_cortexa9_0' is selected.
20:58:22 INFO  : The application 'C:/Xilinx/SoC/Matrixmul_vivado/Matrixmul_vivado.sdk/matrixmul/Debug/matrixmul.elf' is downloaded to processor 'ps7_cortexa9_0'.
20:58:22 INFO  : 'configparams force-mem-access 0' command is executed.
20:58:22 INFO  : ----------------XSDB Script----------------
connect -url tcp:127.0.0.1:3121
source C:/Xilinx/SoC/Matrixmul_vivado/Matrixmul_vivado.sdk/design_1_wrapper_hw_platform_0/ps7_init.tcl
targets -set -nocase -filter {name =~"APU*" && jtag_cable_name =~ "Digilent JTAG-SMT2 210251988368"} -index 0
loadhw -hw C:/Xilinx/SoC/Matrixmul_vivado/Matrixmul_vivado.sdk/design_1_wrapper_hw_platform_0/system.hdf -mem-ranges [list {0x40000000 0xbfffffff}]
configparams force-mem-access 1
targets -set -nocase -filter {name =~"APU*" && jtag_cable_name =~ "Digilent JTAG-SMT2 210251988368"} -index 0
stop
ps7_init
ps7_post_config
targets -set -nocase -filter {name =~ "ARM*#0" && jtag_cable_name =~ "Digilent JTAG-SMT2 210251988368"} -index 0
rst -processor
targets -set -nocase -filter {name =~ "ARM*#0" && jtag_cable_name =~ "Digilent JTAG-SMT2 210251988368"} -index 0
dow C:/Xilinx/SoC/Matrixmul_vivado/Matrixmul_vivado.sdk/matrixmul/Debug/matrixmul.elf
configparams force-mem-access 0
----------------End of Script----------------

20:58:22 INFO  : Context for processor 'ps7_cortexa9_0' is selected.
20:58:22 INFO  : 'con' command is executed.
20:58:22 INFO  : ----------------XSDB Script (After Launch)----------------
targets -set -nocase -filter {name =~ "ARM*#0" && jtag_cable_name =~ "Digilent JTAG-SMT2 210251988368"} -index 0
con
----------------End of Script----------------

20:58:22 INFO  : Disconnected from the channel tcfchan#8.
20:59:13 INFO  : 'targets -set -filter {jtag_cable_name =~ "Digilent JTAG-SMT2 210251988368" && level==0} -index 1' command is executed.
20:59:13 INFO  : 'fpga -state' command is executed.
20:59:13 INFO  : Connected to target on host '127.0.0.1' and port '3121'.
20:59:13 INFO  : Jtag cable 'Digilent JTAG-SMT2 210251988368' is selected.
20:59:13 INFO  : 'jtag frequency' command is executed.
20:59:13 INFO  : Sourcing of 'C:/Xilinx/SoC/Matrixmul_vivado/Matrixmul_vivado.sdk/design_1_wrapper_hw_platform_0/ps7_init.tcl' is done.
20:59:13 INFO  : Context for 'APU' is selected.
20:59:14 INFO  : Hardware design information is loaded from 'C:/Xilinx/SoC/Matrixmul_vivado/Matrixmul_vivado.sdk/design_1_wrapper_hw_platform_0/system.hdf'.
20:59:14 INFO  : 'configparams force-mem-access 1' command is executed.
20:59:14 INFO  : Context for 'APU' is selected.
20:59:14 INFO  : 'stop' command is executed.
20:59:14 INFO  : 'ps7_init' command is executed.
20:59:14 INFO  : 'ps7_post_config' command is executed.
20:59:14 INFO  : Context for processor 'ps7_cortexa9_0' is selected.
20:59:14 INFO  : Processor reset is completed for 'ps7_cortexa9_0'.
20:59:14 INFO  : Context for processor 'ps7_cortexa9_0' is selected.
20:59:15 INFO  : The application 'C:/Xilinx/SoC/Matrixmul_vivado/Matrixmul_vivado.sdk/matrixmul/Debug/matrixmul.elf' is downloaded to processor 'ps7_cortexa9_0'.
20:59:15 INFO  : 'configparams force-mem-access 0' command is executed.
20:59:15 INFO  : ----------------XSDB Script----------------
connect -url tcp:127.0.0.1:3121
source C:/Xilinx/SoC/Matrixmul_vivado/Matrixmul_vivado.sdk/design_1_wrapper_hw_platform_0/ps7_init.tcl
targets -set -nocase -filter {name =~"APU*" && jtag_cable_name =~ "Digilent JTAG-SMT2 210251988368"} -index 0
loadhw -hw C:/Xilinx/SoC/Matrixmul_vivado/Matrixmul_vivado.sdk/design_1_wrapper_hw_platform_0/system.hdf -mem-ranges [list {0x40000000 0xbfffffff}]
configparams force-mem-access 1
targets -set -nocase -filter {name =~"APU*" && jtag_cable_name =~ "Digilent JTAG-SMT2 210251988368"} -index 0
stop
ps7_init
ps7_post_config
targets -set -nocase -filter {name =~ "ARM*#0" && jtag_cable_name =~ "Digilent JTAG-SMT2 210251988368"} -index 0
rst -processor
targets -set -nocase -filter {name =~ "ARM*#0" && jtag_cable_name =~ "Digilent JTAG-SMT2 210251988368"} -index 0
dow C:/Xilinx/SoC/Matrixmul_vivado/Matrixmul_vivado.sdk/matrixmul/Debug/matrixmul.elf
configparams force-mem-access 0
----------------End of Script----------------

20:59:15 INFO  : Disconnected from the channel tcfchan#9.
20:59:15 ERROR : Invalid target. Use "connect" command to connect to hw_server/TCF agent
20:59:16 INFO  : 'targets -set -filter {jtag_cable_name =~ "Digilent JTAG-SMT2 210251988368" && level==0} -index 1' command is executed.
20:59:16 INFO  : 'fpga -state' command is executed.
20:59:16 INFO  : Connected to target on host '127.0.0.1' and port '3121'.
20:59:16 INFO  : Jtag cable 'Digilent JTAG-SMT2 210251988368' is selected.
20:59:16 INFO  : 'jtag frequency' command is executed.
20:59:16 INFO  : Sourcing of 'C:/Xilinx/SoC/Matrixmul_vivado/Matrixmul_vivado.sdk/design_1_wrapper_hw_platform_0/ps7_init.tcl' is done.
20:59:16 INFO  : Context for 'APU' is selected.
20:59:17 INFO  : Hardware design information is loaded from 'C:/Xilinx/SoC/Matrixmul_vivado/Matrixmul_vivado.sdk/design_1_wrapper_hw_platform_0/system.hdf'.
20:59:17 INFO  : 'configparams force-mem-access 1' command is executed.
20:59:17 INFO  : Context for 'APU' is selected.
20:59:17 INFO  : 'stop' command is executed.
20:59:17 INFO  : 'ps7_init' command is executed.
20:59:17 INFO  : 'ps7_post_config' command is executed.
20:59:17 INFO  : Context for processor 'ps7_cortexa9_0' is selected.
20:59:17 INFO  : Processor reset is completed for 'ps7_cortexa9_0'.
20:59:18 INFO  : Context for processor 'ps7_cortexa9_0' is selected.
20:59:18 INFO  : The application 'C:/Xilinx/SoC/Matrixmul_vivado/Matrixmul_vivado.sdk/matrixmul/Debug/matrixmul.elf' is downloaded to processor 'ps7_cortexa9_0'.
20:59:18 INFO  : 'configparams force-mem-access 0' command is executed.
20:59:18 INFO  : ----------------XSDB Script----------------
connect -url tcp:127.0.0.1:3121
source C:/Xilinx/SoC/Matrixmul_vivado/Matrixmul_vivado.sdk/design_1_wrapper_hw_platform_0/ps7_init.tcl
targets -set -nocase -filter {name =~"APU*" && jtag_cable_name =~ "Digilent JTAG-SMT2 210251988368"} -index 0
loadhw -hw C:/Xilinx/SoC/Matrixmul_vivado/Matrixmul_vivado.sdk/design_1_wrapper_hw_platform_0/system.hdf -mem-ranges [list {0x40000000 0xbfffffff}]
configparams force-mem-access 1
targets -set -nocase -filter {name =~"APU*" && jtag_cable_name =~ "Digilent JTAG-SMT2 210251988368"} -index 0
stop
ps7_init
ps7_post_config
targets -set -nocase -filter {name =~ "ARM*#0" && jtag_cable_name =~ "Digilent JTAG-SMT2 210251988368"} -index 0
rst -processor
targets -set -nocase -filter {name =~ "ARM*#0" && jtag_cable_name =~ "Digilent JTAG-SMT2 210251988368"} -index 0
dow C:/Xilinx/SoC/Matrixmul_vivado/Matrixmul_vivado.sdk/matrixmul/Debug/matrixmul.elf
configparams force-mem-access 0
----------------End of Script----------------

20:59:18 INFO  : Context for processor 'ps7_cortexa9_0' is selected.
20:59:18 INFO  : 'con' command is executed.
20:59:18 INFO  : ----------------XSDB Script (After Launch)----------------
targets -set -nocase -filter {name =~ "ARM*#0" && jtag_cable_name =~ "Digilent JTAG-SMT2 210251988368"} -index 0
con
----------------End of Script----------------

20:59:18 INFO  : Disconnected from the channel tcfchan#10.
21:00:36 INFO  : 'targets -set -filter {jtag_cable_name =~ "Digilent JTAG-SMT2 210251988368" && level==0} -index 1' command is executed.
21:00:36 INFO  : 'fpga -state' command is executed.
21:00:36 INFO  : Connected to target on host '127.0.0.1' and port '3121'.
21:00:36 INFO  : Jtag cable 'Digilent JTAG-SMT2 210251988368' is selected.
21:00:36 INFO  : 'jtag frequency' command is executed.
21:00:36 INFO  : Sourcing of 'C:/Xilinx/SoC/Matrixmul_vivado/Matrixmul_vivado.sdk/design_1_wrapper_hw_platform_0/ps7_init.tcl' is done.
21:00:36 INFO  : Context for 'APU' is selected.
21:00:37 INFO  : Hardware design information is loaded from 'C:/Xilinx/SoC/Matrixmul_vivado/Matrixmul_vivado.sdk/design_1_wrapper_hw_platform_0/system.hdf'.
21:00:37 INFO  : 'configparams force-mem-access 1' command is executed.
21:00:37 INFO  : Context for 'APU' is selected.
21:00:37 INFO  : 'stop' command is executed.
21:00:38 INFO  : 'ps7_init' command is executed.
21:00:38 INFO  : 'ps7_post_config' command is executed.
21:00:38 INFO  : Context for processor 'ps7_cortexa9_0' is selected.
21:00:38 INFO  : Processor reset is completed for 'ps7_cortexa9_0'.
21:00:38 INFO  : Context for processor 'ps7_cortexa9_0' is selected.
21:00:38 INFO  : The application 'C:/Xilinx/SoC/Matrixmul_vivado/Matrixmul_vivado.sdk/matrixmul/Debug/matrixmul.elf' is downloaded to processor 'ps7_cortexa9_0'.
21:00:38 INFO  : 'configparams force-mem-access 0' command is executed.
21:00:38 INFO  : ----------------XSDB Script----------------
connect -url tcp:127.0.0.1:3121
source C:/Xilinx/SoC/Matrixmul_vivado/Matrixmul_vivado.sdk/design_1_wrapper_hw_platform_0/ps7_init.tcl
targets -set -nocase -filter {name =~"APU*" && jtag_cable_name =~ "Digilent JTAG-SMT2 210251988368"} -index 0
loadhw -hw C:/Xilinx/SoC/Matrixmul_vivado/Matrixmul_vivado.sdk/design_1_wrapper_hw_platform_0/system.hdf -mem-ranges [list {0x40000000 0xbfffffff}]
configparams force-mem-access 1
targets -set -nocase -filter {name =~"APU*" && jtag_cable_name =~ "Digilent JTAG-SMT2 210251988368"} -index 0
stop
ps7_init
ps7_post_config
targets -set -nocase -filter {name =~ "ARM*#0" && jtag_cable_name =~ "Digilent JTAG-SMT2 210251988368"} -index 0
rst -processor
targets -set -nocase -filter {name =~ "ARM*#0" && jtag_cable_name =~ "Digilent JTAG-SMT2 210251988368"} -index 0
dow C:/Xilinx/SoC/Matrixmul_vivado/Matrixmul_vivado.sdk/matrixmul/Debug/matrixmul.elf
configparams force-mem-access 0
----------------End of Script----------------

21:00:38 INFO  : Context for processor 'ps7_cortexa9_0' is selected.
21:00:38 INFO  : 'con' command is executed.
21:00:38 INFO  : ----------------XSDB Script (After Launch)----------------
targets -set -nocase -filter {name =~ "ARM*#0" && jtag_cable_name =~ "Digilent JTAG-SMT2 210251988368"} -index 0
con
----------------End of Script----------------

21:00:38 INFO  : Disconnected from the channel tcfchan#11.
21:01:06 INFO  : 'targets -set -filter {jtag_cable_name =~ "Digilent JTAG-SMT2 210251988368" && level==0} -index 1' command is executed.
21:01:06 INFO  : 'fpga -state' command is executed.
21:01:06 INFO  : Connected to target on host '127.0.0.1' and port '3121'.
21:01:06 INFO  : Jtag cable 'Digilent JTAG-SMT2 210251988368' is selected.
21:01:06 INFO  : 'jtag frequency' command is executed.
21:01:06 INFO  : Sourcing of 'C:/Xilinx/SoC/Matrixmul_vivado/Matrixmul_vivado.sdk/design_1_wrapper_hw_platform_0/ps7_init.tcl' is done.
21:01:06 INFO  : Context for 'APU' is selected.
21:01:08 INFO  : Hardware design information is loaded from 'C:/Xilinx/SoC/Matrixmul_vivado/Matrixmul_vivado.sdk/design_1_wrapper_hw_platform_0/system.hdf'.
21:01:08 INFO  : 'configparams force-mem-access 1' command is executed.
21:01:08 INFO  : Context for 'APU' is selected.
21:01:08 INFO  : 'stop' command is executed.
21:01:08 INFO  : 'ps7_init' command is executed.
21:01:08 INFO  : 'ps7_post_config' command is executed.
21:01:08 INFO  : Context for processor 'ps7_cortexa9_0' is selected.
21:01:08 INFO  : Processor reset is completed for 'ps7_cortexa9_0'.
21:01:08 INFO  : Context for processor 'ps7_cortexa9_0' is selected.
21:01:08 INFO  : The application 'C:/Xilinx/SoC/Matrixmul_vivado/Matrixmul_vivado.sdk/matrixmul/Debug/matrixmul.elf' is downloaded to processor 'ps7_cortexa9_0'.
21:01:08 INFO  : 'configparams force-mem-access 0' command is executed.
21:01:08 INFO  : ----------------XSDB Script----------------
connect -url tcp:127.0.0.1:3121
source C:/Xilinx/SoC/Matrixmul_vivado/Matrixmul_vivado.sdk/design_1_wrapper_hw_platform_0/ps7_init.tcl
targets -set -nocase -filter {name =~"APU*" && jtag_cable_name =~ "Digilent JTAG-SMT2 210251988368"} -index 0
loadhw -hw C:/Xilinx/SoC/Matrixmul_vivado/Matrixmul_vivado.sdk/design_1_wrapper_hw_platform_0/system.hdf -mem-ranges [list {0x40000000 0xbfffffff}]
configparams force-mem-access 1
targets -set -nocase -filter {name =~"APU*" && jtag_cable_name =~ "Digilent JTAG-SMT2 210251988368"} -index 0
stop
ps7_init
ps7_post_config
targets -set -nocase -filter {name =~ "ARM*#0" && jtag_cable_name =~ "Digilent JTAG-SMT2 210251988368"} -index 0
rst -processor
targets -set -nocase -filter {name =~ "ARM*#0" && jtag_cable_name =~ "Digilent JTAG-SMT2 210251988368"} -index 0
dow C:/Xilinx/SoC/Matrixmul_vivado/Matrixmul_vivado.sdk/matrixmul/Debug/matrixmul.elf
configparams force-mem-access 0
----------------End of Script----------------

21:01:08 INFO  : Context for processor 'ps7_cortexa9_0' is selected.
21:01:08 INFO  : 'con' command is executed.
21:01:08 INFO  : ----------------XSDB Script (After Launch)----------------
targets -set -nocase -filter {name =~ "ARM*#0" && jtag_cable_name =~ "Digilent JTAG-SMT2 210251988368"} -index 0
con
----------------End of Script----------------

21:01:08 INFO  : Disconnected from the channel tcfchan#12.
21:01:57 INFO  : 'targets -set -filter {jtag_cable_name =~ "Digilent JTAG-SMT2 210251988368" && level==0} -index 1' command is executed.
21:01:57 INFO  : 'fpga -state' command is executed.
21:01:57 INFO  : Connected to target on host '127.0.0.1' and port '3121'.
21:01:57 INFO  : Jtag cable 'Digilent JTAG-SMT2 210251988368' is selected.
21:01:57 INFO  : 'jtag frequency' command is executed.
21:01:57 INFO  : Sourcing of 'C:/Xilinx/SoC/Matrixmul_vivado/Matrixmul_vivado.sdk/design_1_wrapper_hw_platform_0/ps7_init.tcl' is done.
21:01:57 INFO  : Context for 'APU' is selected.
21:01:59 INFO  : Hardware design information is loaded from 'C:/Xilinx/SoC/Matrixmul_vivado/Matrixmul_vivado.sdk/design_1_wrapper_hw_platform_0/system.hdf'.
21:01:59 INFO  : 'configparams force-mem-access 1' command is executed.
21:01:59 INFO  : Context for 'APU' is selected.
21:01:59 INFO  : 'stop' command is executed.
21:01:59 INFO  : 'ps7_init' command is executed.
21:01:59 INFO  : 'ps7_post_config' command is executed.
21:01:59 INFO  : Context for processor 'ps7_cortexa9_0' is selected.
21:01:59 INFO  : Processor reset is completed for 'ps7_cortexa9_0'.
21:01:59 INFO  : Context for processor 'ps7_cortexa9_0' is selected.
21:01:59 INFO  : The application 'C:/Xilinx/SoC/Matrixmul_vivado/Matrixmul_vivado.sdk/matrixmul/Debug/matrixmul.elf' is downloaded to processor 'ps7_cortexa9_0'.
21:01:59 INFO  : 'configparams force-mem-access 0' command is executed.
21:01:59 INFO  : ----------------XSDB Script----------------
connect -url tcp:127.0.0.1:3121
source C:/Xilinx/SoC/Matrixmul_vivado/Matrixmul_vivado.sdk/design_1_wrapper_hw_platform_0/ps7_init.tcl
targets -set -nocase -filter {name =~"APU*" && jtag_cable_name =~ "Digilent JTAG-SMT2 210251988368"} -index 0
loadhw -hw C:/Xilinx/SoC/Matrixmul_vivado/Matrixmul_vivado.sdk/design_1_wrapper_hw_platform_0/system.hdf -mem-ranges [list {0x40000000 0xbfffffff}]
configparams force-mem-access 1
targets -set -nocase -filter {name =~"APU*" && jtag_cable_name =~ "Digilent JTAG-SMT2 210251988368"} -index 0
stop
ps7_init
ps7_post_config
targets -set -nocase -filter {name =~ "ARM*#0" && jtag_cable_name =~ "Digilent JTAG-SMT2 210251988368"} -index 0
rst -processor
targets -set -nocase -filter {name =~ "ARM*#0" && jtag_cable_name =~ "Digilent JTAG-SMT2 210251988368"} -index 0
dow C:/Xilinx/SoC/Matrixmul_vivado/Matrixmul_vivado.sdk/matrixmul/Debug/matrixmul.elf
configparams force-mem-access 0
----------------End of Script----------------

21:01:59 INFO  : Context for processor 'ps7_cortexa9_0' is selected.
21:01:59 INFO  : 'con' command is executed.
21:01:59 INFO  : ----------------XSDB Script (After Launch)----------------
targets -set -nocase -filter {name =~ "ARM*#0" && jtag_cable_name =~ "Digilent JTAG-SMT2 210251988368"} -index 0
con
----------------End of Script----------------

21:01:59 INFO  : Disconnected from the channel tcfchan#13.
21:04:53 INFO  : 'targets -set -filter {jtag_cable_name =~ "Digilent JTAG-SMT2 210251988368" && level==0} -index 1' command is executed.
21:04:53 INFO  : 'fpga -state' command is executed.
21:04:53 INFO  : Connected to target on host '127.0.0.1' and port '3121'.
21:04:53 INFO  : Jtag cable 'Digilent JTAG-SMT2 210251988368' is selected.
21:04:53 INFO  : 'jtag frequency' command is executed.
21:04:53 INFO  : Sourcing of 'C:/Xilinx/SoC/Matrixmul_vivado/Matrixmul_vivado.sdk/design_1_wrapper_hw_platform_0/ps7_init.tcl' is done.
21:04:53 INFO  : Context for 'APU' is selected.
21:04:55 INFO  : Hardware design information is loaded from 'C:/Xilinx/SoC/Matrixmul_vivado/Matrixmul_vivado.sdk/design_1_wrapper_hw_platform_0/system.hdf'.
21:04:55 INFO  : 'configparams force-mem-access 1' command is executed.
21:04:55 INFO  : Context for 'APU' is selected.
21:04:55 INFO  : 'stop' command is executed.
21:04:55 INFO  : 'ps7_init' command is executed.
21:04:55 INFO  : 'ps7_post_config' command is executed.
21:04:55 INFO  : Context for processor 'ps7_cortexa9_0' is selected.
21:04:55 INFO  : Processor reset is completed for 'ps7_cortexa9_0'.
21:04:55 INFO  : Context for processor 'ps7_cortexa9_0' is selected.
21:04:55 INFO  : The application 'C:/Xilinx/SoC/Matrixmul_vivado/Matrixmul_vivado.sdk/matrixmul/Debug/matrixmul.elf' is downloaded to processor 'ps7_cortexa9_0'.
21:04:55 INFO  : 'configparams force-mem-access 0' command is executed.
21:04:55 INFO  : ----------------XSDB Script----------------
connect -url tcp:127.0.0.1:3121
source C:/Xilinx/SoC/Matrixmul_vivado/Matrixmul_vivado.sdk/design_1_wrapper_hw_platform_0/ps7_init.tcl
targets -set -nocase -filter {name =~"APU*" && jtag_cable_name =~ "Digilent JTAG-SMT2 210251988368"} -index 0
loadhw -hw C:/Xilinx/SoC/Matrixmul_vivado/Matrixmul_vivado.sdk/design_1_wrapper_hw_platform_0/system.hdf -mem-ranges [list {0x40000000 0xbfffffff}]
configparams force-mem-access 1
targets -set -nocase -filter {name =~"APU*" && jtag_cable_name =~ "Digilent JTAG-SMT2 210251988368"} -index 0
stop
ps7_init
ps7_post_config
targets -set -nocase -filter {name =~ "ARM*#0" && jtag_cable_name =~ "Digilent JTAG-SMT2 210251988368"} -index 0
rst -processor
targets -set -nocase -filter {name =~ "ARM*#0" && jtag_cable_name =~ "Digilent JTAG-SMT2 210251988368"} -index 0
dow C:/Xilinx/SoC/Matrixmul_vivado/Matrixmul_vivado.sdk/matrixmul/Debug/matrixmul.elf
configparams force-mem-access 0
----------------End of Script----------------

21:04:55 INFO  : Context for processor 'ps7_cortexa9_0' is selected.
21:04:55 INFO  : 'con' command is executed.
21:04:55 INFO  : ----------------XSDB Script (After Launch)----------------
targets -set -nocase -filter {name =~ "ARM*#0" && jtag_cable_name =~ "Digilent JTAG-SMT2 210251988368"} -index 0
con
----------------End of Script----------------

21:04:55 INFO  : Disconnected from the channel tcfchan#14.
21:11:15 INFO  : 'targets -set -filter {jtag_cable_name =~ "Digilent JTAG-SMT2 210251988368" && level==0} -index 1' command is executed.
21:11:15 INFO  : 'fpga -state' command is executed.
21:11:15 INFO  : Connected to target on host '127.0.0.1' and port '3121'.
21:11:15 INFO  : Jtag cable 'Digilent JTAG-SMT2 210251988368' is selected.
21:11:15 INFO  : 'jtag frequency' command is executed.
21:11:15 INFO  : Sourcing of 'C:/Xilinx/SoC/Matrixmul_vivado/Matrixmul_vivado.sdk/design_1_wrapper_hw_platform_0/ps7_init.tcl' is done.
21:11:15 INFO  : Context for 'APU' is selected.
21:11:16 INFO  : Hardware design information is loaded from 'C:/Xilinx/SoC/Matrixmul_vivado/Matrixmul_vivado.sdk/design_1_wrapper_hw_platform_0/system.hdf'.
21:11:16 INFO  : 'configparams force-mem-access 1' command is executed.
21:11:16 INFO  : Context for 'APU' is selected.
21:11:16 INFO  : 'stop' command is executed.
21:11:16 INFO  : 'ps7_init' command is executed.
21:11:16 INFO  : 'ps7_post_config' command is executed.
21:11:17 INFO  : Context for processor 'ps7_cortexa9_0' is selected.
21:11:17 INFO  : Processor reset is completed for 'ps7_cortexa9_0'.
21:11:17 INFO  : Context for processor 'ps7_cortexa9_0' is selected.
21:11:17 INFO  : The application 'C:/Xilinx/SoC/Matrixmul_vivado/Matrixmul_vivado.sdk/matrixmul/Debug/matrixmul.elf' is downloaded to processor 'ps7_cortexa9_0'.
21:11:17 INFO  : 'configparams force-mem-access 0' command is executed.
21:11:17 INFO  : ----------------XSDB Script----------------
connect -url tcp:127.0.0.1:3121
source C:/Xilinx/SoC/Matrixmul_vivado/Matrixmul_vivado.sdk/design_1_wrapper_hw_platform_0/ps7_init.tcl
targets -set -nocase -filter {name =~"APU*" && jtag_cable_name =~ "Digilent JTAG-SMT2 210251988368"} -index 0
loadhw -hw C:/Xilinx/SoC/Matrixmul_vivado/Matrixmul_vivado.sdk/design_1_wrapper_hw_platform_0/system.hdf -mem-ranges [list {0x40000000 0xbfffffff}]
configparams force-mem-access 1
targets -set -nocase -filter {name =~"APU*" && jtag_cable_name =~ "Digilent JTAG-SMT2 210251988368"} -index 0
stop
ps7_init
ps7_post_config
targets -set -nocase -filter {name =~ "ARM*#0" && jtag_cable_name =~ "Digilent JTAG-SMT2 210251988368"} -index 0
rst -processor
targets -set -nocase -filter {name =~ "ARM*#0" && jtag_cable_name =~ "Digilent JTAG-SMT2 210251988368"} -index 0
dow C:/Xilinx/SoC/Matrixmul_vivado/Matrixmul_vivado.sdk/matrixmul/Debug/matrixmul.elf
configparams force-mem-access 0
----------------End of Script----------------

21:11:17 INFO  : Context for processor 'ps7_cortexa9_0' is selected.
21:11:17 INFO  : 'con' command is executed.
21:11:17 INFO  : ----------------XSDB Script (After Launch)----------------
targets -set -nocase -filter {name =~ "ARM*#0" && jtag_cable_name =~ "Digilent JTAG-SMT2 210251988368"} -index 0
con
----------------End of Script----------------

21:11:17 INFO  : Disconnected from the channel tcfchan#15.
