
*** Running vivado
    with args -log adau1761_controller_v1_0.vds -m64 -product Vivado -mode batch -messageDb vivado.pb -notrace -source adau1761_controller_v1_0.tcl


****** Vivado v2018.2 (64-bit)
  **** SW Build 2258646 on Thu Jun 14 20:03:12 MDT 2018
  **** IP Build 2256618 on Thu Jun 14 22:10:49 MDT 2018
    ** Copyright 1986-2018 Xilinx, Inc. All Rights Reserved.

source adau1761_controller_v1_0.tcl -notrace
Command: synth_design -top adau1761_controller_v1_0 -part xc7z020clg484-1
Starting synth_design
Attempting to get a license for feature 'Synthesis' and/or device 'xc7z020'
INFO: [Common 17-349] Got license for feature 'Synthesis' and/or device 'xc7z020'
INFO: Launching helper process for spawning children vivado processes
INFO: Helper process launched with PID 15264 
---------------------------------------------------------------------------------
Starting Synthesize : Time (s): cpu = 00:00:02 ; elapsed = 00:00:05 . Memory (MB): peak = 365.652 ; gain = 97.762
---------------------------------------------------------------------------------
INFO: [Synth 8-6157] synthesizing module 'adau1761_controller_v1_0' [C:/Xilinx/Capston/ip_repo/edit_adau1761_controller_v1_0.srcs/sources_1/imports/adau1761_controller_1.0/hdl/adau1761_controller_v1_0.v:4]
	Parameter SPI_CLOCK_PERIOD bound to: 100 - type: integer 
	Parameter C_S00_AXI_DATA_WIDTH bound to: 32 - type: integer 
	Parameter C_S00_AXI_ADDR_WIDTH bound to: 5 - type: integer 
INFO: [Synth 8-5534] Detected attribute (* mark_debug = "true" *) [C:/Xilinx/Capston/ip_repo/edit_adau1761_controller_v1_0.srcs/sources_1/imports/adau1761_controller_1.0/hdl/adau1761_controller_v1_0.v:18]
INFO: [Synth 8-5534] Detected attribute (* mark_debug = "true" *) [C:/Xilinx/Capston/ip_repo/edit_adau1761_controller_v1_0.srcs/sources_1/imports/adau1761_controller_1.0/hdl/adau1761_controller_v1_0.v:19]
INFO: [Synth 8-5534] Detected attribute (* mark_debug = "true" *) [C:/Xilinx/Capston/ip_repo/edit_adau1761_controller_v1_0.srcs/sources_1/imports/adau1761_controller_1.0/hdl/adau1761_controller_v1_0.v:20]
INFO: [Synth 8-5534] Detected attribute (* mark_debug = "true" *) [C:/Xilinx/Capston/ip_repo/edit_adau1761_controller_v1_0.srcs/sources_1/imports/adau1761_controller_1.0/hdl/adau1761_controller_v1_0.v:21]
INFO: [Synth 8-5534] Detected attribute (* mark_debug = "true" *) [C:/Xilinx/Capston/ip_repo/edit_adau1761_controller_v1_0.srcs/sources_1/imports/adau1761_controller_1.0/hdl/adau1761_controller_v1_0.v:51]
INFO: [Synth 8-5534] Detected attribute (* mark_debug = "true" *) [C:/Xilinx/Capston/ip_repo/edit_adau1761_controller_v1_0.srcs/sources_1/imports/adau1761_controller_1.0/hdl/adau1761_controller_v1_0.v:52]
INFO: [Synth 8-5534] Detected attribute (* mark_debug = "true" *) [C:/Xilinx/Capston/ip_repo/edit_adau1761_controller_v1_0.srcs/sources_1/imports/adau1761_controller_1.0/hdl/adau1761_controller_v1_0.v:53]
INFO: [Synth 8-5534] Detected attribute (* mark_debug = "true" *) [C:/Xilinx/Capston/ip_repo/edit_adau1761_controller_v1_0.srcs/sources_1/imports/adau1761_controller_1.0/hdl/adau1761_controller_v1_0.v:54]
INFO: [Synth 8-5534] Detected attribute (* mark_debug = "true" *) [C:/Xilinx/Capston/ip_repo/edit_adau1761_controller_v1_0.srcs/sources_1/imports/adau1761_controller_1.0/hdl/adau1761_controller_v1_0.v:55]
INFO: [Synth 8-5534] Detected attribute (* mark_debug = "true" *) [C:/Xilinx/Capston/ip_repo/edit_adau1761_controller_v1_0.srcs/sources_1/imports/adau1761_controller_1.0/hdl/adau1761_controller_v1_0.v:56]
INFO: [Synth 8-5534] Detected attribute (* mark_debug = "true" *) [C:/Xilinx/Capston/ip_repo/edit_adau1761_controller_v1_0.srcs/sources_1/imports/adau1761_controller_1.0/hdl/adau1761_controller_v1_0.v:57]
INFO: [Synth 8-5534] Detected attribute (* mark_debug = "true" *) [C:/Xilinx/Capston/ip_repo/edit_adau1761_controller_v1_0.srcs/sources_1/imports/adau1761_controller_1.0/hdl/adau1761_controller_v1_0.v:58]
INFO: [Synth 8-6157] synthesizing module 'adau1761_controller_v1_0_S00_AXI' [C:/Xilinx/Capston/ip_repo/edit_adau1761_controller_v1_0.srcs/sources_1/imports/adau1761_controller_1.0/hdl/adau1761_controller_v1_0_S00_AXI.v:4]
	Parameter C_S_AXI_DATA_WIDTH bound to: 32 - type: integer 
	Parameter C_S_AXI_ADDR_WIDTH bound to: 5 - type: integer 
	Parameter ADDR_LSB bound to: 2 - type: integer 
	Parameter OPT_MEM_ADDR_BITS bound to: 2 - type: integer 
INFO: [Synth 8-6155] done synthesizing module 'adau1761_controller_v1_0_S00_AXI' (1#1) [C:/Xilinx/Capston/ip_repo/edit_adau1761_controller_v1_0.srcs/sources_1/imports/adau1761_controller_1.0/hdl/adau1761_controller_v1_0_S00_AXI.v:4]
INFO: [Synth 8-6157] synthesizing module 'adau1761_spi' [C:/Xilinx/Capston/ip_repo/edit_adau1761_controller_v1_0.srcs/sources_1/imports/adau1761_controller_1.0/hdl/adau1761_spi.v:2]
	Parameter clk_period bound to: 100 - type: integer 
	Parameter max_bytes bound to: 8 - type: integer 
	Parameter clk_half_period bound to: 50 - type: integer 
INFO: [Synth 8-6155] done synthesizing module 'adau1761_spi' (2#1) [C:/Xilinx/Capston/ip_repo/edit_adau1761_controller_v1_0.srcs/sources_1/imports/adau1761_controller_1.0/hdl/adau1761_spi.v:2]
INFO: [Synth 8-6071] Mark debug on the nets applies keep_hierarchy on instance 'adau1761_spi'. This will prevent further optimization [C:/Xilinx/Capston/ip_repo/edit_adau1761_controller_v1_0.srcs/sources_1/imports/adau1761_controller_1.0/hdl/adau1761_controller_v1_0.v:107]
INFO: [Synth 8-6071] Mark debug on the nets applies keep_hierarchy on instance 'adau1761_controller_v1_0_S00_AXI_inst'. This will prevent further optimization [C:/Xilinx/Capston/ip_repo/edit_adau1761_controller_v1_0.srcs/sources_1/imports/adau1761_controller_1.0/hdl/adau1761_controller_v1_0.v:66]
INFO: [Synth 8-6155] done synthesizing module 'adau1761_controller_v1_0' (3#1) [C:/Xilinx/Capston/ip_repo/edit_adau1761_controller_v1_0.srcs/sources_1/imports/adau1761_controller_1.0/hdl/adau1761_controller_v1_0.v:4]
WARNING: [Synth 8-3331] design adau1761_controller_v1_0_S00_AXI has unconnected port S_AXI_AWPROT[2]
WARNING: [Synth 8-3331] design adau1761_controller_v1_0_S00_AXI has unconnected port S_AXI_AWPROT[1]
WARNING: [Synth 8-3331] design adau1761_controller_v1_0_S00_AXI has unconnected port S_AXI_AWPROT[0]
WARNING: [Synth 8-3331] design adau1761_controller_v1_0_S00_AXI has unconnected port S_AXI_ARPROT[2]
WARNING: [Synth 8-3331] design adau1761_controller_v1_0_S00_AXI has unconnected port S_AXI_ARPROT[1]
WARNING: [Synth 8-3331] design adau1761_controller_v1_0_S00_AXI has unconnected port S_AXI_ARPROT[0]
---------------------------------------------------------------------------------
Finished Synthesize : Time (s): cpu = 00:00:02 ; elapsed = 00:00:06 . Memory (MB): peak = 420.691 ; gain = 152.801
---------------------------------------------------------------------------------
---------------------------------------------------------------------------------
Finished Constraint Validation : Time (s): cpu = 00:00:03 ; elapsed = 00:00:06 . Memory (MB): peak = 420.691 ; gain = 152.801
---------------------------------------------------------------------------------
---------------------------------------------------------------------------------
Start Loading Part and Timing Information
---------------------------------------------------------------------------------
Loading part: xc7z020clg484-1
---------------------------------------------------------------------------------
Finished Loading Part and Timing Information : Time (s): cpu = 00:00:03 ; elapsed = 00:00:07 . Memory (MB): peak = 420.691 ; gain = 152.801
---------------------------------------------------------------------------------
INFO: [Device 21-403] Loading part xc7z020clg484-1
---------------------------------------------------------------------------------
Finished RTL Optimization Phase 2 : Time (s): cpu = 00:00:03 ; elapsed = 00:00:07 . Memory (MB): peak = 420.691 ; gain = 152.801
---------------------------------------------------------------------------------

Report RTL Partitions: 
+-+--------------+------------+----------+
| |RTL Partition |Replication |Instances |
+-+--------------+------------+----------+
+-+--------------+------------+----------+
No constraint files found.
---------------------------------------------------------------------------------
Start RTL Component Statistics 
---------------------------------------------------------------------------------
Detailed RTL Component Info : 
+---Adders : 
	   2 Input      7 Bit       Adders := 1     
+---Registers : 
	               89 Bit    Registers := 1     
	               32 Bit    Registers := 4     
	                7 Bit    Registers := 1     
	                5 Bit    Registers := 2     
	                2 Bit    Registers := 3     
	                1 Bit    Registers := 7     
+---Muxes : 
	   2 Input     89 Bit        Muxes := 1     
	   2 Input     32 Bit        Muxes := 6     
	   4 Input     32 Bit        Muxes := 3     
	   2 Input      1 Bit        Muxes := 7     
---------------------------------------------------------------------------------
Finished RTL Component Statistics 
---------------------------------------------------------------------------------
---------------------------------------------------------------------------------
Start RTL Hierarchical Component Statistics 
---------------------------------------------------------------------------------
Hierarchical RTL Component report 
Module adau1761_controller_v1_0_S00_AXI 
Detailed RTL Component Info : 
+---Registers : 
	               32 Bit    Registers := 4     
	                5 Bit    Registers := 2     
	                2 Bit    Registers := 2     
	                1 Bit    Registers := 5     
+---Muxes : 
	   2 Input     32 Bit        Muxes := 6     
	   4 Input     32 Bit        Muxes := 3     
	   2 Input      1 Bit        Muxes := 4     
Module adau1761_spi 
Detailed RTL Component Info : 
+---Adders : 
	   2 Input      7 Bit       Adders := 1     
+---Registers : 
	               89 Bit    Registers := 1     
	                7 Bit    Registers := 1     
	                2 Bit    Registers := 1     
	                1 Bit    Registers := 2     
+---Muxes : 
	   2 Input     89 Bit        Muxes := 1     
	   2 Input      1 Bit        Muxes := 3     
---------------------------------------------------------------------------------
Finished RTL Hierarchical Component Statistics
---------------------------------------------------------------------------------
---------------------------------------------------------------------------------
Start Part Resource Summary
---------------------------------------------------------------------------------
Part Resources:
DSPs: 220 (col length:60)
BRAMs: 280 (col length: RAMB18 60 RAMB36 30)
---------------------------------------------------------------------------------
Finished Part Resource Summary
---------------------------------------------------------------------------------
No constraint files found.
---------------------------------------------------------------------------------
Start Cross Boundary and Area Optimization
---------------------------------------------------------------------------------
Warning: Parallel synthesis criteria is not met 
WARNING: [Synth 8-3331] design adau1761_controller_v1_0_S00_AXI has unconnected port S_AXI_AWPROT[2]
WARNING: [Synth 8-3331] design adau1761_controller_v1_0_S00_AXI has unconnected port S_AXI_AWPROT[1]
WARNING: [Synth 8-3331] design adau1761_controller_v1_0_S00_AXI has unconnected port S_AXI_AWPROT[0]
WARNING: [Synth 8-3331] design adau1761_controller_v1_0_S00_AXI has unconnected port S_AXI_ARPROT[2]
WARNING: [Synth 8-3331] design adau1761_controller_v1_0_S00_AXI has unconnected port S_AXI_ARPROT[1]
WARNING: [Synth 8-3331] design adau1761_controller_v1_0_S00_AXI has unconnected port S_AXI_ARPROT[0]
INFO: [Synth 8-3886] merging instance 'adau1761_controller_v1_0_S00_AXI_inst/axi_rresp_reg[0]' (FDRE) to 'adau1761_controller_v1_0_S00_AXI_inst/axi_rresp_reg[1]'
INFO: [Synth 8-3333] propagating constant 0 across sequential element (adau1761_controller_v1_0_S00_AXI_inst/\axi_rresp_reg[1] )
INFO: [Synth 8-3886] merging instance 'adau1761_controller_v1_0_S00_AXI_inst/axi_bresp_reg[0]' (FDRE) to 'adau1761_controller_v1_0_S00_AXI_inst/axi_bresp_reg[1]'
INFO: [Synth 8-3333] propagating constant 0 across sequential element (adau1761_controller_v1_0_S00_AXI_inst/\axi_bresp_reg[1] )
WARNING: [Synth 8-3332] Sequential element (axi_awaddr_reg[1]) is unused and will be removed from module adau1761_controller_v1_0_S00_AXI.
WARNING: [Synth 8-3332] Sequential element (axi_awaddr_reg[0]) is unused and will be removed from module adau1761_controller_v1_0_S00_AXI.
WARNING: [Synth 8-3332] Sequential element (axi_bresp_reg[1]) is unused and will be removed from module adau1761_controller_v1_0_S00_AXI.
WARNING: [Synth 8-3332] Sequential element (axi_araddr_reg[1]) is unused and will be removed from module adau1761_controller_v1_0_S00_AXI.
WARNING: [Synth 8-3332] Sequential element (axi_araddr_reg[0]) is unused and will be removed from module adau1761_controller_v1_0_S00_AXI.
WARNING: [Synth 8-3332] Sequential element (axi_rresp_reg[1]) is unused and will be removed from module adau1761_controller_v1_0_S00_AXI.
---------------------------------------------------------------------------------
Finished Cross Boundary and Area Optimization : Time (s): cpu = 00:00:06 ; elapsed = 00:00:15 . Memory (MB): peak = 588.152 ; gain = 320.262
---------------------------------------------------------------------------------

Report RTL Partitions: 
+-+--------------+------------+----------+
| |RTL Partition |Replication |Instances |
+-+--------------+------------+----------+
+-+--------------+------------+----------+
No constraint files found.
---------------------------------------------------------------------------------
Start Timing Optimization
---------------------------------------------------------------------------------
---------------------------------------------------------------------------------
Finished Timing Optimization : Time (s): cpu = 00:00:06 ; elapsed = 00:00:15 . Memory (MB): peak = 588.152 ; gain = 320.262
---------------------------------------------------------------------------------

Report RTL Partitions: 
+-+--------------+------------+----------+
| |RTL Partition |Replication |Instances |
+-+--------------+------------+----------+
+-+--------------+------------+----------+
---------------------------------------------------------------------------------
Start Technology Mapping
---------------------------------------------------------------------------------
---------------------------------------------------------------------------------
Finished Technology Mapping : Time (s): cpu = 00:00:06 ; elapsed = 00:00:16 . Memory (MB): peak = 588.152 ; gain = 320.262
---------------------------------------------------------------------------------

Report RTL Partitions: 
+-+--------------+------------+----------+
| |RTL Partition |Replication |Instances |
+-+--------------+------------+----------+
+-+--------------+------------+----------+
---------------------------------------------------------------------------------
Start IO Insertion
---------------------------------------------------------------------------------
---------------------------------------------------------------------------------
Start Flattening Before IO Insertion
---------------------------------------------------------------------------------
---------------------------------------------------------------------------------
Finished Flattening Before IO Insertion
---------------------------------------------------------------------------------
---------------------------------------------------------------------------------
Start Final Netlist Cleanup
---------------------------------------------------------------------------------
---------------------------------------------------------------------------------
Finished Final Netlist Cleanup
---------------------------------------------------------------------------------
---------------------------------------------------------------------------------
Finished IO Insertion : Time (s): cpu = 00:00:07 ; elapsed = 00:00:17 . Memory (MB): peak = 588.152 ; gain = 320.262
---------------------------------------------------------------------------------

Report Check Netlist: 
+------+------------------+-------+---------+-------+------------------+
|      |Item              |Errors |Warnings |Status |Description       |
+------+------------------+-------+---------+-------+------------------+
|1     |multi_driven_nets |      0|        0|Passed |Multi driven nets |
+------+------------------+-------+---------+-------+------------------+
---------------------------------------------------------------------------------
Start Renaming Generated Instances
---------------------------------------------------------------------------------
---------------------------------------------------------------------------------
Finished Renaming Generated Instances : Time (s): cpu = 00:00:07 ; elapsed = 00:00:17 . Memory (MB): peak = 588.152 ; gain = 320.262
---------------------------------------------------------------------------------

Report RTL Partitions: 
+-+--------------+------------+----------+
| |RTL Partition |Replication |Instances |
+-+--------------+------------+----------+
+-+--------------+------------+----------+
---------------------------------------------------------------------------------
Start Rebuilding User Hierarchy
---------------------------------------------------------------------------------
---------------------------------------------------------------------------------
Finished Rebuilding User Hierarchy : Time (s): cpu = 00:00:07 ; elapsed = 00:00:17 . Memory (MB): peak = 588.152 ; gain = 320.262
---------------------------------------------------------------------------------
---------------------------------------------------------------------------------
Start Renaming Generated Ports
---------------------------------------------------------------------------------
---------------------------------------------------------------------------------
Finished Renaming Generated Ports : Time (s): cpu = 00:00:07 ; elapsed = 00:00:17 . Memory (MB): peak = 588.152 ; gain = 320.262
---------------------------------------------------------------------------------
---------------------------------------------------------------------------------
Start Handling Custom Attributes
---------------------------------------------------------------------------------
---------------------------------------------------------------------------------
Finished Handling Custom Attributes : Time (s): cpu = 00:00:07 ; elapsed = 00:00:17 . Memory (MB): peak = 588.152 ; gain = 320.262
---------------------------------------------------------------------------------
---------------------------------------------------------------------------------
Start Renaming Generated Nets
---------------------------------------------------------------------------------
---------------------------------------------------------------------------------
Finished Renaming Generated Nets : Time (s): cpu = 00:00:07 ; elapsed = 00:00:17 . Memory (MB): peak = 588.152 ; gain = 320.262
---------------------------------------------------------------------------------
---------------------------------------------------------------------------------
Start Writing Synthesis Report
---------------------------------------------------------------------------------

Report BlackBoxes: 
+-+--------------+----------+
| |BlackBox name |Instances |
+-+--------------+----------+
+-+--------------+----------+

Report Cell Usage: 
+------+-------+------+
|      |Cell   |Count |
+------+-------+------+
|1     |BUFG   |     1|
|2     |CARRY4 |    11|
|3     |LUT1   |     4|
|4     |LUT2   |     5|
|5     |LUT3   |    93|
|6     |LUT4   |     7|
|7     |LUT5   |    14|
|8     |LUT6   |    72|
|9     |FDRE   |   271|
|10    |IBUF   |    50|
|11    |OBUF   |    44|
+------+-------+------+

Report Instance Areas: 
+------+----------------------------------------+---------------------------------+------+
|      |Instance                                |Module                           |Cells |
+------+----------------------------------------+---------------------------------+------+
|1     |top                                     |                                 |   572|
|2     |  adau1761_controller_v1_0_S00_AXI_inst |adau1761_controller_v1_0_S00_AXI |   223|
|3     |  adau1761_spi                          |adau1761_spi                     |   254|
+------+----------------------------------------+---------------------------------+------+
---------------------------------------------------------------------------------
Finished Writing Synthesis Report : Time (s): cpu = 00:00:07 ; elapsed = 00:00:17 . Memory (MB): peak = 588.152 ; gain = 320.262
---------------------------------------------------------------------------------
Synthesis finished with 0 errors, 0 critical warnings and 18 warnings.
Synthesis Optimization Runtime : Time (s): cpu = 00:00:07 ; elapsed = 00:00:17 . Memory (MB): peak = 588.152 ; gain = 320.262
Synthesis Optimization Complete : Time (s): cpu = 00:00:07 ; elapsed = 00:00:17 . Memory (MB): peak = 588.152 ; gain = 320.262
INFO: [Project 1-571] Translating synthesized netlist
INFO: [Netlist 29-17] Analyzing 61 Unisim elements for replacement
INFO: [Netlist 29-28] Unisim Transformation completed in 0 CPU seconds
INFO: [Project 1-570] Preparing netlist for logic optimization
INFO: [Opt 31-138] Pushed 0 inverter(s) to 0 load pin(s).
INFO: [Project 1-111] Unisim Transformation Summary:
No Unisim elements were transformed.

INFO: [Common 17-83] Releasing license: Synthesis
33 Infos, 18 Warnings, 0 Critical Warnings and 0 Errors encountered.
synth_design completed successfully
synth_design: Time (s): cpu = 00:00:10 ; elapsed = 00:00:24 . Memory (MB): peak = 693.762 ; gain = 438.094
WARNING: [Constraints 18-5210] No constraint will be written out.
INFO: [Common 17-1381] The checkpoint 'C:/Xilinx/Capston/ip_repo/edit_adau1761_controller_v1_0.runs/synth_1/adau1761_controller_v1_0.dcp' has been generated.
INFO: [runtcl-4] Executing : report_utilization -file adau1761_controller_v1_0_utilization_synth.rpt -pb adau1761_controller_v1_0_utilization_synth.pb
report_utilization: Time (s): cpu = 00:00:00 ; elapsed = 00:00:00.056 . Memory (MB): peak = 693.762 ; gain = 0.000
INFO: [Common 17-206] Exiting Vivado at Mon Mar 27 18:33:43 2023...
