11:10:33 INFO  : Registering command handlers for SDK TCF services
11:10:34 INFO  : Launching XSCT server: xsct.bat -interactive C:\Xilinx\SoC\matrixmul002\matrixmul002.sdk\temp_xsdb_launch_script.tcl
11:10:36 INFO  : XSCT server has started successfully.
11:10:36 INFO  : Successfully done setting XSCT server connection channel  
11:10:38 INFO  : Successfully done setting SDK workspace  
11:10:38 INFO  : Processing command line option -hwspec C:/Xilinx/SoC/matrixmul002/matrixmul002.sdk/design_1_wrapper.hdf.
12:19:01 INFO  : Connected to target on host '127.0.0.1' and port '3121'.
12:19:02 INFO  : 'targets -set -filter {jtag_cable_name =~ "Digilent JTAG-SMT2 210251988368" && level==0} -index 1' command is executed.
12:19:05 INFO  : FPGA configured successfully with bitstream "C:/Xilinx/SoC/matrixmul002/matrixmul002.sdk/design_1_wrapper_hw_platform_0/design_1_wrapper.bit"
12:19:28 INFO  : 'targets -set -filter {jtag_cable_name =~ "Digilent JTAG-SMT2 210251988368" && level==0} -index 1' command is executed.
12:19:28 INFO  : 'fpga -state' command is executed.
12:19:28 INFO  : Connected to target on host '127.0.0.1' and port '3121'.
12:19:29 INFO  : Jtag cable 'Digilent JTAG-SMT2 210251988368' is selected.
12:19:29 INFO  : 'jtag frequency' command is executed.
12:19:29 INFO  : Sourcing of 'C:/Xilinx/SoC/matrixmul002/matrixmul002.sdk/design_1_wrapper_hw_platform_0/ps7_init.tcl' is done.
12:19:29 INFO  : Context for 'APU' is selected.
12:19:29 INFO  : Hardware design information is loaded from 'C:/Xilinx/SoC/matrixmul002/matrixmul002.sdk/design_1_wrapper_hw_platform_0/system.hdf'.
12:19:29 INFO  : 'configparams force-mem-access 1' command is executed.
12:19:29 INFO  : Context for 'APU' is selected.
12:19:29 INFO  : 'stop' command is executed.
12:19:29 INFO  : 'ps7_init' command is executed.
12:19:29 INFO  : 'ps7_post_config' command is executed.
12:19:29 INFO  : Context for processor 'ps7_cortexa9_0' is selected.
12:19:29 INFO  : Processor reset is completed for 'ps7_cortexa9_0'.
12:19:29 INFO  : Context for processor 'ps7_cortexa9_0' is selected.
12:19:29 INFO  : The application 'C:/Xilinx/SoC/matrixmul002/matrixmul002.sdk/matrixmul/Debug/matrixmul.elf' is downloaded to processor 'ps7_cortexa9_0'.
12:19:29 INFO  : 'configparams force-mem-access 0' command is executed.
12:19:29 INFO  : ----------------XSDB Script----------------
connect -url tcp:127.0.0.1:3121
source C:/Xilinx/SoC/matrixmul002/matrixmul002.sdk/design_1_wrapper_hw_platform_0/ps7_init.tcl
targets -set -nocase -filter {name =~"APU*" && jtag_cable_name =~ "Digilent JTAG-SMT2 210251988368"} -index 0
loadhw -hw C:/Xilinx/SoC/matrixmul002/matrixmul002.sdk/design_1_wrapper_hw_platform_0/system.hdf -mem-ranges [list {0x40000000 0xbfffffff}]
configparams force-mem-access 1
targets -set -nocase -filter {name =~"APU*" && jtag_cable_name =~ "Digilent JTAG-SMT2 210251988368"} -index 0
stop
ps7_init
ps7_post_config
targets -set -nocase -filter {name =~ "ARM*#0" && jtag_cable_name =~ "Digilent JTAG-SMT2 210251988368"} -index 0
rst -processor
targets -set -nocase -filter {name =~ "ARM*#0" && jtag_cable_name =~ "Digilent JTAG-SMT2 210251988368"} -index 0
dow C:/Xilinx/SoC/matrixmul002/matrixmul002.sdk/matrixmul/Debug/matrixmul.elf
configparams force-mem-access 0
----------------End of Script----------------

12:19:29 INFO  : Context for processor 'ps7_cortexa9_0' is selected.
12:19:29 INFO  : 'con' command is executed.
12:19:29 INFO  : ----------------XSDB Script (After Launch)----------------
targets -set -nocase -filter {name =~ "ARM*#0" && jtag_cable_name =~ "Digilent JTAG-SMT2 210251988368"} -index 0
con
----------------End of Script----------------

12:19:29 INFO  : Disconnected from the channel tcfchan#1.
12:20:57 INFO  : 'targets -set -filter {jtag_cable_name =~ "Digilent JTAG-SMT2 210251988368" && level==0} -index 1' command is executed.
12:20:57 INFO  : 'fpga -state' command is executed.
12:20:57 INFO  : Connected to target on host '127.0.0.1' and port '3121'.
12:20:57 INFO  : Jtag cable 'Digilent JTAG-SMT2 210251988368' is selected.
12:20:57 INFO  : 'jtag frequency' command is executed.
12:20:57 INFO  : Sourcing of 'C:/Xilinx/SoC/matrixmul002/matrixmul002.sdk/design_1_wrapper_hw_platform_0/ps7_init.tcl' is done.
12:20:57 INFO  : Context for 'APU' is selected.
12:20:59 INFO  : Hardware design information is loaded from 'C:/Xilinx/SoC/matrixmul002/matrixmul002.sdk/design_1_wrapper_hw_platform_0/system.hdf'.
12:20:59 INFO  : 'configparams force-mem-access 1' command is executed.
12:20:59 INFO  : Context for 'APU' is selected.
12:20:59 INFO  : 'stop' command is executed.
12:20:59 INFO  : 'ps7_init' command is executed.
12:20:59 INFO  : 'ps7_post_config' command is executed.
12:20:59 INFO  : Context for processor 'ps7_cortexa9_0' is selected.
12:20:59 INFO  : Processor reset is completed for 'ps7_cortexa9_0'.
12:20:59 INFO  : Context for processor 'ps7_cortexa9_0' is selected.
12:21:00 INFO  : The application 'C:/Xilinx/SoC/matrixmul002/matrixmul002.sdk/matrixmul/Debug/matrixmul.elf' is downloaded to processor 'ps7_cortexa9_0'.
12:21:00 INFO  : 'configparams force-mem-access 0' command is executed.
12:21:00 INFO  : ----------------XSDB Script----------------
connect -url tcp:127.0.0.1:3121
source C:/Xilinx/SoC/matrixmul002/matrixmul002.sdk/design_1_wrapper_hw_platform_0/ps7_init.tcl
targets -set -nocase -filter {name =~"APU*" && jtag_cable_name =~ "Digilent JTAG-SMT2 210251988368"} -index 0
loadhw -hw C:/Xilinx/SoC/matrixmul002/matrixmul002.sdk/design_1_wrapper_hw_platform_0/system.hdf -mem-ranges [list {0x40000000 0xbfffffff}]
configparams force-mem-access 1
targets -set -nocase -filter {name =~"APU*" && jtag_cable_name =~ "Digilent JTAG-SMT2 210251988368"} -index 0
stop
ps7_init
ps7_post_config
targets -set -nocase -filter {name =~ "ARM*#0" && jtag_cable_name =~ "Digilent JTAG-SMT2 210251988368"} -index 0
rst -processor
targets -set -nocase -filter {name =~ "ARM*#0" && jtag_cable_name =~ "Digilent JTAG-SMT2 210251988368"} -index 0
dow C:/Xilinx/SoC/matrixmul002/matrixmul002.sdk/matrixmul/Debug/matrixmul.elf
configparams force-mem-access 0
----------------End of Script----------------

12:21:00 INFO  : Context for processor 'ps7_cortexa9_0' is selected.
12:21:00 INFO  : 'con' command is executed.
12:21:00 INFO  : ----------------XSDB Script (After Launch)----------------
targets -set -nocase -filter {name =~ "ARM*#0" && jtag_cable_name =~ "Digilent JTAG-SMT2 210251988368"} -index 0
con
----------------End of Script----------------

12:21:00 INFO  : Disconnected from the channel tcfchan#2.
12:21:17 INFO  : 'targets -set -filter {jtag_cable_name =~ "Digilent JTAG-SMT2 210251988368" && level==0} -index 1' command is executed.
12:21:17 INFO  : 'fpga -state' command is executed.
12:21:17 INFO  : Connected to target on host '127.0.0.1' and port '3121'.
12:21:17 INFO  : Jtag cable 'Digilent JTAG-SMT2 210251988368' is selected.
12:21:17 INFO  : 'jtag frequency' command is executed.
12:21:17 INFO  : Sourcing of 'C:/Xilinx/SoC/matrixmul002/matrixmul002.sdk/design_1_wrapper_hw_platform_0/ps7_init.tcl' is done.
12:21:17 INFO  : Context for 'APU' is selected.
12:21:18 INFO  : Hardware design information is loaded from 'C:/Xilinx/SoC/matrixmul002/matrixmul002.sdk/design_1_wrapper_hw_platform_0/system.hdf'.
12:21:18 INFO  : 'configparams force-mem-access 1' command is executed.
12:21:18 INFO  : Context for 'APU' is selected.
12:21:19 INFO  : 'stop' command is executed.
12:21:19 INFO  : 'ps7_init' command is executed.
12:21:19 INFO  : 'ps7_post_config' command is executed.
12:21:19 INFO  : Context for processor 'ps7_cortexa9_0' is selected.
12:21:19 INFO  : Processor reset is completed for 'ps7_cortexa9_0'.
12:21:19 INFO  : Context for processor 'ps7_cortexa9_0' is selected.
12:21:19 INFO  : The application 'C:/Xilinx/SoC/matrixmul002/matrixmul002.sdk/matrixmul/Debug/matrixmul.elf' is downloaded to processor 'ps7_cortexa9_0'.
12:21:19 INFO  : 'configparams force-mem-access 0' command is executed.
12:21:19 INFO  : ----------------XSDB Script----------------
connect -url tcp:127.0.0.1:3121
source C:/Xilinx/SoC/matrixmul002/matrixmul002.sdk/design_1_wrapper_hw_platform_0/ps7_init.tcl
targets -set -nocase -filter {name =~"APU*" && jtag_cable_name =~ "Digilent JTAG-SMT2 210251988368"} -index 0
loadhw -hw C:/Xilinx/SoC/matrixmul002/matrixmul002.sdk/design_1_wrapper_hw_platform_0/system.hdf -mem-ranges [list {0x40000000 0xbfffffff}]
configparams force-mem-access 1
targets -set -nocase -filter {name =~"APU*" && jtag_cable_name =~ "Digilent JTAG-SMT2 210251988368"} -index 0
stop
ps7_init
ps7_post_config
targets -set -nocase -filter {name =~ "ARM*#0" && jtag_cable_name =~ "Digilent JTAG-SMT2 210251988368"} -index 0
rst -processor
targets -set -nocase -filter {name =~ "ARM*#0" && jtag_cable_name =~ "Digilent JTAG-SMT2 210251988368"} -index 0
dow C:/Xilinx/SoC/matrixmul002/matrixmul002.sdk/matrixmul/Debug/matrixmul.elf
configparams force-mem-access 0
----------------End of Script----------------

12:21:19 INFO  : Context for processor 'ps7_cortexa9_0' is selected.
12:21:19 INFO  : 'con' command is executed.
12:21:19 INFO  : ----------------XSDB Script (After Launch)----------------
targets -set -nocase -filter {name =~ "ARM*#0" && jtag_cable_name =~ "Digilent JTAG-SMT2 210251988368"} -index 0
con
----------------End of Script----------------

12:21:19 INFO  : Disconnected from the channel tcfchan#3.
12:21:28 INFO  : 'targets -set -filter {jtag_cable_name =~ "Digilent JTAG-SMT2 210251988368" && level==0} -index 1' command is executed.
12:21:28 INFO  : 'fpga -state' command is executed.
12:21:28 INFO  : Connected to target on host '127.0.0.1' and port '3121'.
12:21:28 INFO  : Jtag cable 'Digilent JTAG-SMT2 210251988368' is selected.
12:21:28 INFO  : 'jtag frequency' command is executed.
12:21:28 INFO  : Sourcing of 'C:/Xilinx/SoC/matrixmul002/matrixmul002.sdk/design_1_wrapper_hw_platform_0/ps7_init.tcl' is done.
12:21:28 INFO  : Context for 'APU' is selected.
12:21:29 INFO  : Hardware design information is loaded from 'C:/Xilinx/SoC/matrixmul002/matrixmul002.sdk/design_1_wrapper_hw_platform_0/system.hdf'.
12:21:29 INFO  : 'configparams force-mem-access 1' command is executed.
12:21:29 INFO  : Context for 'APU' is selected.
12:21:29 INFO  : 'stop' command is executed.
12:21:30 INFO  : 'ps7_init' command is executed.
12:21:30 INFO  : 'ps7_post_config' command is executed.
12:21:30 INFO  : Context for processor 'ps7_cortexa9_0' is selected.
12:21:30 INFO  : Processor reset is completed for 'ps7_cortexa9_0'.
12:21:30 INFO  : Context for processor 'ps7_cortexa9_0' is selected.
12:21:30 INFO  : The application 'C:/Xilinx/SoC/matrixmul002/matrixmul002.sdk/matrixmul/Debug/matrixmul.elf' is downloaded to processor 'ps7_cortexa9_0'.
12:21:30 INFO  : 'configparams force-mem-access 0' command is executed.
12:21:30 INFO  : ----------------XSDB Script----------------
connect -url tcp:127.0.0.1:3121
source C:/Xilinx/SoC/matrixmul002/matrixmul002.sdk/design_1_wrapper_hw_platform_0/ps7_init.tcl
targets -set -nocase -filter {name =~"APU*" && jtag_cable_name =~ "Digilent JTAG-SMT2 210251988368"} -index 0
loadhw -hw C:/Xilinx/SoC/matrixmul002/matrixmul002.sdk/design_1_wrapper_hw_platform_0/system.hdf -mem-ranges [list {0x40000000 0xbfffffff}]
configparams force-mem-access 1
targets -set -nocase -filter {name =~"APU*" && jtag_cable_name =~ "Digilent JTAG-SMT2 210251988368"} -index 0
stop
ps7_init
ps7_post_config
targets -set -nocase -filter {name =~ "ARM*#0" && jtag_cable_name =~ "Digilent JTAG-SMT2 210251988368"} -index 0
rst -processor
targets -set -nocase -filter {name =~ "ARM*#0" && jtag_cable_name =~ "Digilent JTAG-SMT2 210251988368"} -index 0
dow C:/Xilinx/SoC/matrixmul002/matrixmul002.sdk/matrixmul/Debug/matrixmul.elf
configparams force-mem-access 0
----------------End of Script----------------

12:21:30 INFO  : Context for processor 'ps7_cortexa9_0' is selected.
12:21:30 INFO  : 'con' command is executed.
12:21:30 INFO  : ----------------XSDB Script (After Launch)----------------
targets -set -nocase -filter {name =~ "ARM*#0" && jtag_cable_name =~ "Digilent JTAG-SMT2 210251988368"} -index 0
con
----------------End of Script----------------

12:21:30 INFO  : Disconnected from the channel tcfchan#4.
12:21:59 INFO  : 'targets -set -filter {jtag_cable_name =~ "Digilent JTAG-SMT2 210251988368" && level==0} -index 1' command is executed.
12:21:59 INFO  : 'fpga -state' command is executed.
12:21:59 INFO  : Connected to target on host '127.0.0.1' and port '3121'.
12:21:59 INFO  : Jtag cable 'Digilent JTAG-SMT2 210251988368' is selected.
12:21:59 INFO  : 'jtag frequency' command is executed.
12:21:59 INFO  : Sourcing of 'C:/Xilinx/SoC/matrixmul002/matrixmul002.sdk/design_1_wrapper_hw_platform_0/ps7_init.tcl' is done.
12:21:59 INFO  : Context for 'APU' is selected.
12:22:00 INFO  : Hardware design information is loaded from 'C:/Xilinx/SoC/matrixmul002/matrixmul002.sdk/design_1_wrapper_hw_platform_0/system.hdf'.
12:22:00 INFO  : 'configparams force-mem-access 1' command is executed.
12:22:00 INFO  : Context for 'APU' is selected.
12:22:00 INFO  : 'stop' command is executed.
12:22:00 INFO  : 'ps7_init' command is executed.
12:22:00 INFO  : 'ps7_post_config' command is executed.
12:22:00 INFO  : Context for processor 'ps7_cortexa9_0' is selected.
12:22:00 INFO  : Processor reset is completed for 'ps7_cortexa9_0'.
12:22:00 INFO  : Context for processor 'ps7_cortexa9_0' is selected.
12:22:01 INFO  : The application 'C:/Xilinx/SoC/matrixmul002/matrixmul002.sdk/matrixmul/Debug/matrixmul.elf' is downloaded to processor 'ps7_cortexa9_0'.
12:22:01 INFO  : 'configparams force-mem-access 0' command is executed.
12:22:01 INFO  : ----------------XSDB Script----------------
connect -url tcp:127.0.0.1:3121
source C:/Xilinx/SoC/matrixmul002/matrixmul002.sdk/design_1_wrapper_hw_platform_0/ps7_init.tcl
targets -set -nocase -filter {name =~"APU*" && jtag_cable_name =~ "Digilent JTAG-SMT2 210251988368"} -index 0
loadhw -hw C:/Xilinx/SoC/matrixmul002/matrixmul002.sdk/design_1_wrapper_hw_platform_0/system.hdf -mem-ranges [list {0x40000000 0xbfffffff}]
configparams force-mem-access 1
targets -set -nocase -filter {name =~"APU*" && jtag_cable_name =~ "Digilent JTAG-SMT2 210251988368"} -index 0
stop
ps7_init
ps7_post_config
targets -set -nocase -filter {name =~ "ARM*#0" && jtag_cable_name =~ "Digilent JTAG-SMT2 210251988368"} -index 0
rst -processor
targets -set -nocase -filter {name =~ "ARM*#0" && jtag_cable_name =~ "Digilent JTAG-SMT2 210251988368"} -index 0
dow C:/Xilinx/SoC/matrixmul002/matrixmul002.sdk/matrixmul/Debug/matrixmul.elf
configparams force-mem-access 0
----------------End of Script----------------

12:22:01 INFO  : Context for processor 'ps7_cortexa9_0' is selected.
12:22:01 INFO  : 'con' command is executed.
12:22:01 INFO  : ----------------XSDB Script (After Launch)----------------
targets -set -nocase -filter {name =~ "ARM*#0" && jtag_cable_name =~ "Digilent JTAG-SMT2 210251988368"} -index 0
con
----------------End of Script----------------

12:22:01 INFO  : Disconnected from the channel tcfchan#5.
12:22:58 INFO  : 'targets -set -filter {jtag_cable_name =~ "Digilent JTAG-SMT2 210251988368" && level==0} -index 1' command is executed.
12:22:58 INFO  : 'fpga -state' command is executed.
12:22:58 INFO  : Connected to target on host '127.0.0.1' and port '3121'.
12:22:58 INFO  : Jtag cable 'Digilent JTAG-SMT2 210251988368' is selected.
12:22:58 INFO  : 'jtag frequency' command is executed.
12:22:58 INFO  : Sourcing of 'C:/Xilinx/SoC/matrixmul002/matrixmul002.sdk/design_1_wrapper_hw_platform_0/ps7_init.tcl' is done.
12:22:58 INFO  : Context for 'APU' is selected.
12:22:59 INFO  : Hardware design information is loaded from 'C:/Xilinx/SoC/matrixmul002/matrixmul002.sdk/design_1_wrapper_hw_platform_0/system.hdf'.
12:22:59 INFO  : 'configparams force-mem-access 1' command is executed.
12:22:59 INFO  : Context for 'APU' is selected.
12:22:59 INFO  : 'stop' command is executed.
12:22:59 INFO  : 'ps7_init' command is executed.
12:22:59 INFO  : 'ps7_post_config' command is executed.
12:22:59 INFO  : Context for processor 'ps7_cortexa9_0' is selected.
12:23:00 INFO  : Processor reset is completed for 'ps7_cortexa9_0'.
12:23:00 INFO  : Context for processor 'ps7_cortexa9_0' is selected.
12:23:00 INFO  : The application 'C:/Xilinx/SoC/matrixmul002/matrixmul002.sdk/matrixmul/Debug/matrixmul.elf' is downloaded to processor 'ps7_cortexa9_0'.
12:23:00 INFO  : 'configparams force-mem-access 0' command is executed.
12:23:00 INFO  : ----------------XSDB Script----------------
connect -url tcp:127.0.0.1:3121
source C:/Xilinx/SoC/matrixmul002/matrixmul002.sdk/design_1_wrapper_hw_platform_0/ps7_init.tcl
targets -set -nocase -filter {name =~"APU*" && jtag_cable_name =~ "Digilent JTAG-SMT2 210251988368"} -index 0
loadhw -hw C:/Xilinx/SoC/matrixmul002/matrixmul002.sdk/design_1_wrapper_hw_platform_0/system.hdf -mem-ranges [list {0x40000000 0xbfffffff}]
configparams force-mem-access 1
targets -set -nocase -filter {name =~"APU*" && jtag_cable_name =~ "Digilent JTAG-SMT2 210251988368"} -index 0
stop
ps7_init
ps7_post_config
targets -set -nocase -filter {name =~ "ARM*#0" && jtag_cable_name =~ "Digilent JTAG-SMT2 210251988368"} -index 0
rst -processor
targets -set -nocase -filter {name =~ "ARM*#0" && jtag_cable_name =~ "Digilent JTAG-SMT2 210251988368"} -index 0
dow C:/Xilinx/SoC/matrixmul002/matrixmul002.sdk/matrixmul/Debug/matrixmul.elf
configparams force-mem-access 0
----------------End of Script----------------

12:23:00 INFO  : Context for processor 'ps7_cortexa9_0' is selected.
12:23:00 INFO  : 'con' command is executed.
12:23:00 INFO  : ----------------XSDB Script (After Launch)----------------
targets -set -nocase -filter {name =~ "ARM*#0" && jtag_cable_name =~ "Digilent JTAG-SMT2 210251988368"} -index 0
con
----------------End of Script----------------

12:23:00 INFO  : Disconnected from the channel tcfchan#6.
12:29:24 INFO  : 'targets -set -filter {jtag_cable_name =~ "Digilent JTAG-SMT2 210251988368" && level==0} -index 1' command is executed.
12:29:24 INFO  : 'fpga -state' command is executed.
12:29:24 INFO  : Connected to target on host '127.0.0.1' and port '3121'.
12:29:24 INFO  : Jtag cable 'Digilent JTAG-SMT2 210251988368' is selected.
12:29:24 INFO  : 'jtag frequency' command is executed.
12:29:24 INFO  : Sourcing of 'C:/Xilinx/SoC/matrixmul002/matrixmul002.sdk/design_1_wrapper_hw_platform_0/ps7_init.tcl' is done.
12:29:24 INFO  : Context for 'APU' is selected.
12:29:26 INFO  : Hardware design information is loaded from 'C:/Xilinx/SoC/matrixmul002/matrixmul002.sdk/design_1_wrapper_hw_platform_0/system.hdf'.
12:29:26 INFO  : 'configparams force-mem-access 1' command is executed.
12:29:26 INFO  : Context for 'APU' is selected.
12:29:26 INFO  : 'stop' command is executed.
12:29:26 INFO  : 'ps7_init' command is executed.
12:29:26 INFO  : 'ps7_post_config' command is executed.
12:29:26 INFO  : Context for processor 'ps7_cortexa9_0' is selected.
12:29:26 INFO  : Processor reset is completed for 'ps7_cortexa9_0'.
12:29:26 INFO  : Context for processor 'ps7_cortexa9_0' is selected.
12:29:26 INFO  : The application 'C:/Xilinx/SoC/matrixmul002/matrixmul002.sdk/matrixmul/Debug/matrixmul.elf' is downloaded to processor 'ps7_cortexa9_0'.
12:29:26 INFO  : 'configparams force-mem-access 0' command is executed.
12:29:26 INFO  : ----------------XSDB Script----------------
connect -url tcp:127.0.0.1:3121
source C:/Xilinx/SoC/matrixmul002/matrixmul002.sdk/design_1_wrapper_hw_platform_0/ps7_init.tcl
targets -set -nocase -filter {name =~"APU*" && jtag_cable_name =~ "Digilent JTAG-SMT2 210251988368"} -index 0
loadhw -hw C:/Xilinx/SoC/matrixmul002/matrixmul002.sdk/design_1_wrapper_hw_platform_0/system.hdf -mem-ranges [list {0x40000000 0xbfffffff}]
configparams force-mem-access 1
targets -set -nocase -filter {name =~"APU*" && jtag_cable_name =~ "Digilent JTAG-SMT2 210251988368"} -index 0
stop
ps7_init
ps7_post_config
targets -set -nocase -filter {name =~ "ARM*#0" && jtag_cable_name =~ "Digilent JTAG-SMT2 210251988368"} -index 0
rst -processor
targets -set -nocase -filter {name =~ "ARM*#0" && jtag_cable_name =~ "Digilent JTAG-SMT2 210251988368"} -index 0
dow C:/Xilinx/SoC/matrixmul002/matrixmul002.sdk/matrixmul/Debug/matrixmul.elf
configparams force-mem-access 0
----------------End of Script----------------

12:29:26 INFO  : Context for processor 'ps7_cortexa9_0' is selected.
12:29:26 INFO  : 'con' command is executed.
12:29:26 INFO  : ----------------XSDB Script (After Launch)----------------
targets -set -nocase -filter {name =~ "ARM*#0" && jtag_cable_name =~ "Digilent JTAG-SMT2 210251988368"} -index 0
con
----------------End of Script----------------

12:29:26 INFO  : Disconnected from the channel tcfchan#7.
12:31:14 INFO  : 'targets -set -filter {jtag_cable_name =~ "Digilent JTAG-SMT2 210251988368" && level==0} -index 1' command is executed.
12:31:14 INFO  : 'fpga -state' command is executed.
12:31:14 INFO  : Connected to target on host '127.0.0.1' and port '3121'.
12:31:14 INFO  : Jtag cable 'Digilent JTAG-SMT2 210251988368' is selected.
12:31:14 INFO  : 'jtag frequency' command is executed.
12:31:14 INFO  : Sourcing of 'C:/Xilinx/SoC/matrixmul002/matrixmul002.sdk/design_1_wrapper_hw_platform_0/ps7_init.tcl' is done.
12:31:14 INFO  : Context for 'APU' is selected.
12:31:15 INFO  : Hardware design information is loaded from 'C:/Xilinx/SoC/matrixmul002/matrixmul002.sdk/design_1_wrapper_hw_platform_0/system.hdf'.
12:31:15 INFO  : 'configparams force-mem-access 1' command is executed.
12:31:15 INFO  : Context for 'APU' is selected.
12:31:15 INFO  : 'stop' command is executed.
12:31:16 INFO  : 'ps7_init' command is executed.
12:31:16 INFO  : 'ps7_post_config' command is executed.
12:31:16 INFO  : Context for processor 'ps7_cortexa9_0' is selected.
12:31:16 INFO  : Processor reset is completed for 'ps7_cortexa9_0'.
12:31:16 INFO  : Context for processor 'ps7_cortexa9_0' is selected.
12:31:16 INFO  : The application 'C:/Xilinx/SoC/matrixmul002/matrixmul002.sdk/matrixmul/Debug/matrixmul.elf' is downloaded to processor 'ps7_cortexa9_0'.
12:31:16 INFO  : 'configparams force-mem-access 0' command is executed.
12:31:16 INFO  : ----------------XSDB Script----------------
connect -url tcp:127.0.0.1:3121
source C:/Xilinx/SoC/matrixmul002/matrixmul002.sdk/design_1_wrapper_hw_platform_0/ps7_init.tcl
targets -set -nocase -filter {name =~"APU*" && jtag_cable_name =~ "Digilent JTAG-SMT2 210251988368"} -index 0
loadhw -hw C:/Xilinx/SoC/matrixmul002/matrixmul002.sdk/design_1_wrapper_hw_platform_0/system.hdf -mem-ranges [list {0x40000000 0xbfffffff}]
configparams force-mem-access 1
targets -set -nocase -filter {name =~"APU*" && jtag_cable_name =~ "Digilent JTAG-SMT2 210251988368"} -index 0
stop
ps7_init
ps7_post_config
targets -set -nocase -filter {name =~ "ARM*#0" && jtag_cable_name =~ "Digilent JTAG-SMT2 210251988368"} -index 0
rst -processor
targets -set -nocase -filter {name =~ "ARM*#0" && jtag_cable_name =~ "Digilent JTAG-SMT2 210251988368"} -index 0
dow C:/Xilinx/SoC/matrixmul002/matrixmul002.sdk/matrixmul/Debug/matrixmul.elf
configparams force-mem-access 0
----------------End of Script----------------

12:31:16 INFO  : Context for processor 'ps7_cortexa9_0' is selected.
12:31:16 INFO  : 'con' command is executed.
12:31:16 INFO  : ----------------XSDB Script (After Launch)----------------
targets -set -nocase -filter {name =~ "ARM*#0" && jtag_cable_name =~ "Digilent JTAG-SMT2 210251988368"} -index 0
con
----------------End of Script----------------

12:31:16 INFO  : Disconnected from the channel tcfchan#8.
12:32:43 INFO  : 'targets -set -filter {jtag_cable_name =~ "Digilent JTAG-SMT2 210251988368" && level==0} -index 1' command is executed.
12:32:43 INFO  : 'fpga -state' command is executed.
12:32:43 INFO  : Connected to target on host '127.0.0.1' and port '3121'.
12:32:43 INFO  : Jtag cable 'Digilent JTAG-SMT2 210251988368' is selected.
12:32:43 INFO  : 'jtag frequency' command is executed.
12:32:43 INFO  : Sourcing of 'C:/Xilinx/SoC/matrixmul002/matrixmul002.sdk/design_1_wrapper_hw_platform_0/ps7_init.tcl' is done.
12:32:43 INFO  : Context for 'APU' is selected.
12:32:44 INFO  : Hardware design information is loaded from 'C:/Xilinx/SoC/matrixmul002/matrixmul002.sdk/design_1_wrapper_hw_platform_0/system.hdf'.
12:32:44 INFO  : 'configparams force-mem-access 1' command is executed.
12:32:44 INFO  : Context for 'APU' is selected.
12:32:44 INFO  : 'stop' command is executed.
12:32:44 INFO  : 'ps7_init' command is executed.
12:32:44 INFO  : 'ps7_post_config' command is executed.
12:32:44 INFO  : Context for processor 'ps7_cortexa9_0' is selected.
12:32:44 INFO  : Processor reset is completed for 'ps7_cortexa9_0'.
12:32:44 INFO  : Context for processor 'ps7_cortexa9_0' is selected.
12:32:44 INFO  : The application 'C:/Xilinx/SoC/matrixmul002/matrixmul002.sdk/matrixmul/Debug/matrixmul.elf' is downloaded to processor 'ps7_cortexa9_0'.
12:32:44 INFO  : 'configparams force-mem-access 0' command is executed.
12:32:44 INFO  : ----------------XSDB Script----------------
connect -url tcp:127.0.0.1:3121
source C:/Xilinx/SoC/matrixmul002/matrixmul002.sdk/design_1_wrapper_hw_platform_0/ps7_init.tcl
targets -set -nocase -filter {name =~"APU*" && jtag_cable_name =~ "Digilent JTAG-SMT2 210251988368"} -index 0
loadhw -hw C:/Xilinx/SoC/matrixmul002/matrixmul002.sdk/design_1_wrapper_hw_platform_0/system.hdf -mem-ranges [list {0x40000000 0xbfffffff}]
configparams force-mem-access 1
targets -set -nocase -filter {name =~"APU*" && jtag_cable_name =~ "Digilent JTAG-SMT2 210251988368"} -index 0
stop
ps7_init
ps7_post_config
targets -set -nocase -filter {name =~ "ARM*#0" && jtag_cable_name =~ "Digilent JTAG-SMT2 210251988368"} -index 0
rst -processor
targets -set -nocase -filter {name =~ "ARM*#0" && jtag_cable_name =~ "Digilent JTAG-SMT2 210251988368"} -index 0
dow C:/Xilinx/SoC/matrixmul002/matrixmul002.sdk/matrixmul/Debug/matrixmul.elf
configparams force-mem-access 0
----------------End of Script----------------

12:32:45 INFO  : Context for processor 'ps7_cortexa9_0' is selected.
12:32:45 INFO  : 'con' command is executed.
12:32:45 INFO  : ----------------XSDB Script (After Launch)----------------
targets -set -nocase -filter {name =~ "ARM*#0" && jtag_cable_name =~ "Digilent JTAG-SMT2 210251988368"} -index 0
con
----------------End of Script----------------

12:32:45 INFO  : Disconnected from the channel tcfchan#9.
12:33:33 INFO  : 'targets -set -filter {jtag_cable_name =~ "Digilent JTAG-SMT2 210251988368" && level==0} -index 1' command is executed.
12:33:33 INFO  : 'fpga -state' command is executed.
12:33:33 INFO  : Connected to target on host '127.0.0.1' and port '3121'.
12:33:33 INFO  : Jtag cable 'Digilent JTAG-SMT2 210251988368' is selected.
12:33:33 INFO  : 'jtag frequency' command is executed.
12:33:33 INFO  : Sourcing of 'C:/Xilinx/SoC/matrixmul002/matrixmul002.sdk/design_1_wrapper_hw_platform_0/ps7_init.tcl' is done.
12:33:33 INFO  : Context for 'APU' is selected.
12:33:34 INFO  : Hardware design information is loaded from 'C:/Xilinx/SoC/matrixmul002/matrixmul002.sdk/design_1_wrapper_hw_platform_0/system.hdf'.
12:33:34 INFO  : 'configparams force-mem-access 1' command is executed.
12:33:34 INFO  : Context for 'APU' is selected.
12:33:34 INFO  : 'stop' command is executed.
12:33:35 INFO  : 'ps7_init' command is executed.
12:33:35 INFO  : 'ps7_post_config' command is executed.
12:33:35 INFO  : Context for processor 'ps7_cortexa9_0' is selected.
12:33:35 INFO  : Processor reset is completed for 'ps7_cortexa9_0'.
12:33:35 INFO  : Context for processor 'ps7_cortexa9_0' is selected.
12:33:35 INFO  : The application 'C:/Xilinx/SoC/matrixmul002/matrixmul002.sdk/matrixmul/Debug/matrixmul.elf' is downloaded to processor 'ps7_cortexa9_0'.
12:33:35 INFO  : 'configparams force-mem-access 0' command is executed.
12:33:35 INFO  : ----------------XSDB Script----------------
connect -url tcp:127.0.0.1:3121
source C:/Xilinx/SoC/matrixmul002/matrixmul002.sdk/design_1_wrapper_hw_platform_0/ps7_init.tcl
targets -set -nocase -filter {name =~"APU*" && jtag_cable_name =~ "Digilent JTAG-SMT2 210251988368"} -index 0
loadhw -hw C:/Xilinx/SoC/matrixmul002/matrixmul002.sdk/design_1_wrapper_hw_platform_0/system.hdf -mem-ranges [list {0x40000000 0xbfffffff}]
configparams force-mem-access 1
targets -set -nocase -filter {name =~"APU*" && jtag_cable_name =~ "Digilent JTAG-SMT2 210251988368"} -index 0
stop
ps7_init
ps7_post_config
targets -set -nocase -filter {name =~ "ARM*#0" && jtag_cable_name =~ "Digilent JTAG-SMT2 210251988368"} -index 0
rst -processor
targets -set -nocase -filter {name =~ "ARM*#0" && jtag_cable_name =~ "Digilent JTAG-SMT2 210251988368"} -index 0
dow C:/Xilinx/SoC/matrixmul002/matrixmul002.sdk/matrixmul/Debug/matrixmul.elf
configparams force-mem-access 0
----------------End of Script----------------

12:33:35 INFO  : Context for processor 'ps7_cortexa9_0' is selected.
12:33:35 INFO  : 'con' command is executed.
12:33:35 INFO  : ----------------XSDB Script (After Launch)----------------
targets -set -nocase -filter {name =~ "ARM*#0" && jtag_cable_name =~ "Digilent JTAG-SMT2 210251988368"} -index 0
con
----------------End of Script----------------

12:33:35 INFO  : Disconnected from the channel tcfchan#10.
12:34:35 INFO  : 'targets -set -filter {jtag_cable_name =~ "Digilent JTAG-SMT2 210251988368" && level==0} -index 1' command is executed.
12:34:35 INFO  : 'fpga -state' command is executed.
12:34:35 INFO  : Connected to target on host '127.0.0.1' and port '3121'.
12:34:35 INFO  : Jtag cable 'Digilent JTAG-SMT2 210251988368' is selected.
12:34:35 INFO  : 'jtag frequency' command is executed.
12:34:35 INFO  : Sourcing of 'C:/Xilinx/SoC/matrixmul002/matrixmul002.sdk/design_1_wrapper_hw_platform_0/ps7_init.tcl' is done.
12:34:35 INFO  : Context for 'APU' is selected.
12:34:36 INFO  : Hardware design information is loaded from 'C:/Xilinx/SoC/matrixmul002/matrixmul002.sdk/design_1_wrapper_hw_platform_0/system.hdf'.
12:34:36 INFO  : 'configparams force-mem-access 1' command is executed.
12:34:36 INFO  : Context for 'APU' is selected.
12:34:36 INFO  : 'stop' command is executed.
12:34:37 INFO  : 'ps7_init' command is executed.
12:34:37 INFO  : 'ps7_post_config' command is executed.
12:34:37 INFO  : Context for processor 'ps7_cortexa9_0' is selected.
12:34:37 INFO  : Processor reset is completed for 'ps7_cortexa9_0'.
12:34:37 INFO  : Context for processor 'ps7_cortexa9_0' is selected.
12:34:37 INFO  : The application 'C:/Xilinx/SoC/matrixmul002/matrixmul002.sdk/matrixmul/Debug/matrixmul.elf' is downloaded to processor 'ps7_cortexa9_0'.
12:34:37 INFO  : 'configparams force-mem-access 0' command is executed.
12:34:37 INFO  : ----------------XSDB Script----------------
connect -url tcp:127.0.0.1:3121
source C:/Xilinx/SoC/matrixmul002/matrixmul002.sdk/design_1_wrapper_hw_platform_0/ps7_init.tcl
targets -set -nocase -filter {name =~"APU*" && jtag_cable_name =~ "Digilent JTAG-SMT2 210251988368"} -index 0
loadhw -hw C:/Xilinx/SoC/matrixmul002/matrixmul002.sdk/design_1_wrapper_hw_platform_0/system.hdf -mem-ranges [list {0x40000000 0xbfffffff}]
configparams force-mem-access 1
targets -set -nocase -filter {name =~"APU*" && jtag_cable_name =~ "Digilent JTAG-SMT2 210251988368"} -index 0
stop
ps7_init
ps7_post_config
targets -set -nocase -filter {name =~ "ARM*#0" && jtag_cable_name =~ "Digilent JTAG-SMT2 210251988368"} -index 0
rst -processor
targets -set -nocase -filter {name =~ "ARM*#0" && jtag_cable_name =~ "Digilent JTAG-SMT2 210251988368"} -index 0
dow C:/Xilinx/SoC/matrixmul002/matrixmul002.sdk/matrixmul/Debug/matrixmul.elf
configparams force-mem-access 0
----------------End of Script----------------

12:34:37 INFO  : Context for processor 'ps7_cortexa9_0' is selected.
12:34:37 INFO  : 'con' command is executed.
12:34:37 INFO  : ----------------XSDB Script (After Launch)----------------
targets -set -nocase -filter {name =~ "ARM*#0" && jtag_cable_name =~ "Digilent JTAG-SMT2 210251988368"} -index 0
con
----------------End of Script----------------

12:34:37 INFO  : Disconnected from the channel tcfchan#11.
12:35:01 INFO  : 'targets -set -filter {jtag_cable_name =~ "Digilent JTAG-SMT2 210251988368" && level==0} -index 1' command is executed.
12:35:01 INFO  : 'fpga -state' command is executed.
12:35:01 INFO  : Connected to target on host '127.0.0.1' and port '3121'.
12:35:01 INFO  : Jtag cable 'Digilent JTAG-SMT2 210251988368' is selected.
12:35:01 INFO  : 'jtag frequency' command is executed.
12:35:01 INFO  : Sourcing of 'C:/Xilinx/SoC/matrixmul002/matrixmul002.sdk/design_1_wrapper_hw_platform_0/ps7_init.tcl' is done.
12:35:01 INFO  : Context for 'APU' is selected.
12:35:02 INFO  : Hardware design information is loaded from 'C:/Xilinx/SoC/matrixmul002/matrixmul002.sdk/design_1_wrapper_hw_platform_0/system.hdf'.
12:35:02 INFO  : 'configparams force-mem-access 1' command is executed.
12:35:02 INFO  : Context for 'APU' is selected.
12:35:02 INFO  : 'stop' command is executed.
12:35:02 INFO  : 'ps7_init' command is executed.
12:35:02 INFO  : 'ps7_post_config' command is executed.
12:35:03 INFO  : Context for processor 'ps7_cortexa9_0' is selected.
12:35:03 INFO  : Processor reset is completed for 'ps7_cortexa9_0'.
12:35:03 INFO  : Context for processor 'ps7_cortexa9_0' is selected.
12:35:03 INFO  : The application 'C:/Xilinx/SoC/matrixmul002/matrixmul002.sdk/matrixmul/Debug/matrixmul.elf' is downloaded to processor 'ps7_cortexa9_0'.
12:35:03 INFO  : 'configparams force-mem-access 0' command is executed.
12:35:03 INFO  : ----------------XSDB Script----------------
connect -url tcp:127.0.0.1:3121
source C:/Xilinx/SoC/matrixmul002/matrixmul002.sdk/design_1_wrapper_hw_platform_0/ps7_init.tcl
targets -set -nocase -filter {name =~"APU*" && jtag_cable_name =~ "Digilent JTAG-SMT2 210251988368"} -index 0
loadhw -hw C:/Xilinx/SoC/matrixmul002/matrixmul002.sdk/design_1_wrapper_hw_platform_0/system.hdf -mem-ranges [list {0x40000000 0xbfffffff}]
configparams force-mem-access 1
targets -set -nocase -filter {name =~"APU*" && jtag_cable_name =~ "Digilent JTAG-SMT2 210251988368"} -index 0
stop
ps7_init
ps7_post_config
targets -set -nocase -filter {name =~ "ARM*#0" && jtag_cable_name =~ "Digilent JTAG-SMT2 210251988368"} -index 0
rst -processor
targets -set -nocase -filter {name =~ "ARM*#0" && jtag_cable_name =~ "Digilent JTAG-SMT2 210251988368"} -index 0
dow C:/Xilinx/SoC/matrixmul002/matrixmul002.sdk/matrixmul/Debug/matrixmul.elf
configparams force-mem-access 0
----------------End of Script----------------

12:35:03 INFO  : Context for processor 'ps7_cortexa9_0' is selected.
12:35:03 INFO  : 'con' command is executed.
12:35:03 INFO  : ----------------XSDB Script (After Launch)----------------
targets -set -nocase -filter {name =~ "ARM*#0" && jtag_cable_name =~ "Digilent JTAG-SMT2 210251988368"} -index 0
con
----------------End of Script----------------

12:35:03 INFO  : Disconnected from the channel tcfchan#12.
12:36:30 INFO  : 'targets -set -filter {jtag_cable_name =~ "Digilent JTAG-SMT2 210251988368" && level==0} -index 1' command is executed.
12:36:30 INFO  : 'fpga -state' command is executed.
12:36:30 INFO  : Connected to target on host '127.0.0.1' and port '3121'.
12:36:31 INFO  : Jtag cable 'Digilent JTAG-SMT2 210251988368' is selected.
12:36:31 INFO  : 'jtag frequency' command is executed.
12:36:31 INFO  : Sourcing of 'C:/Xilinx/SoC/matrixmul002/matrixmul002.sdk/design_1_wrapper_hw_platform_0/ps7_init.tcl' is done.
12:36:31 INFO  : Context for 'APU' is selected.
12:36:32 INFO  : Hardware design information is loaded from 'C:/Xilinx/SoC/matrixmul002/matrixmul002.sdk/design_1_wrapper_hw_platform_0/system.hdf'.
12:36:32 INFO  : 'configparams force-mem-access 1' command is executed.
12:36:32 INFO  : Context for 'APU' is selected.
12:36:32 INFO  : 'stop' command is executed.
12:36:32 INFO  : 'ps7_init' command is executed.
12:36:32 INFO  : 'ps7_post_config' command is executed.
12:36:32 INFO  : Context for processor 'ps7_cortexa9_0' is selected.
12:36:32 INFO  : Processor reset is completed for 'ps7_cortexa9_0'.
12:36:32 INFO  : Context for processor 'ps7_cortexa9_0' is selected.
12:36:32 INFO  : The application 'C:/Xilinx/SoC/matrixmul002/matrixmul002.sdk/matrixmul/Debug/matrixmul.elf' is downloaded to processor 'ps7_cortexa9_0'.
12:36:32 INFO  : 'configparams force-mem-access 0' command is executed.
12:36:32 INFO  : ----------------XSDB Script----------------
connect -url tcp:127.0.0.1:3121
source C:/Xilinx/SoC/matrixmul002/matrixmul002.sdk/design_1_wrapper_hw_platform_0/ps7_init.tcl
targets -set -nocase -filter {name =~"APU*" && jtag_cable_name =~ "Digilent JTAG-SMT2 210251988368"} -index 0
loadhw -hw C:/Xilinx/SoC/matrixmul002/matrixmul002.sdk/design_1_wrapper_hw_platform_0/system.hdf -mem-ranges [list {0x40000000 0xbfffffff}]
configparams force-mem-access 1
targets -set -nocase -filter {name =~"APU*" && jtag_cable_name =~ "Digilent JTAG-SMT2 210251988368"} -index 0
stop
ps7_init
ps7_post_config
targets -set -nocase -filter {name =~ "ARM*#0" && jtag_cable_name =~ "Digilent JTAG-SMT2 210251988368"} -index 0
rst -processor
targets -set -nocase -filter {name =~ "ARM*#0" && jtag_cable_name =~ "Digilent JTAG-SMT2 210251988368"} -index 0
dow C:/Xilinx/SoC/matrixmul002/matrixmul002.sdk/matrixmul/Debug/matrixmul.elf
configparams force-mem-access 0
----------------End of Script----------------

12:36:32 INFO  : Context for processor 'ps7_cortexa9_0' is selected.
12:36:32 INFO  : 'con' command is executed.
12:36:32 INFO  : ----------------XSDB Script (After Launch)----------------
targets -set -nocase -filter {name =~ "ARM*#0" && jtag_cable_name =~ "Digilent JTAG-SMT2 210251988368"} -index 0
con
----------------End of Script----------------

12:36:32 INFO  : Disconnected from the channel tcfchan#13.
12:38:53 INFO  : 'targets -set -filter {jtag_cable_name =~ "Digilent JTAG-SMT2 210251988368" && level==0} -index 1' command is executed.
12:38:53 INFO  : 'fpga -state' command is executed.
12:38:53 INFO  : Connected to target on host '127.0.0.1' and port '3121'.
12:38:54 INFO  : Jtag cable 'Digilent JTAG-SMT2 210251988368' is selected.
12:38:54 INFO  : 'jtag frequency' command is executed.
12:38:54 INFO  : Sourcing of 'C:/Xilinx/SoC/matrixmul002/matrixmul002.sdk/design_1_wrapper_hw_platform_0/ps7_init.tcl' is done.
12:38:54 INFO  : Context for 'APU' is selected.
12:38:55 INFO  : Hardware design information is loaded from 'C:/Xilinx/SoC/matrixmul002/matrixmul002.sdk/design_1_wrapper_hw_platform_0/system.hdf'.
12:38:55 INFO  : 'configparams force-mem-access 1' command is executed.
12:38:55 INFO  : Context for 'APU' is selected.
12:38:55 INFO  : 'stop' command is executed.
12:38:55 INFO  : 'ps7_init' command is executed.
12:38:55 INFO  : 'ps7_post_config' command is executed.
12:38:55 INFO  : Context for processor 'ps7_cortexa9_0' is selected.
12:38:55 INFO  : Processor reset is completed for 'ps7_cortexa9_0'.
12:38:55 INFO  : Context for processor 'ps7_cortexa9_0' is selected.
12:38:55 INFO  : The application 'C:/Xilinx/SoC/matrixmul002/matrixmul002.sdk/matrixmul/Debug/matrixmul.elf' is downloaded to processor 'ps7_cortexa9_0'.
12:38:55 INFO  : 'configparams force-mem-access 0' command is executed.
12:38:55 INFO  : ----------------XSDB Script----------------
connect -url tcp:127.0.0.1:3121
source C:/Xilinx/SoC/matrixmul002/matrixmul002.sdk/design_1_wrapper_hw_platform_0/ps7_init.tcl
targets -set -nocase -filter {name =~"APU*" && jtag_cable_name =~ "Digilent JTAG-SMT2 210251988368"} -index 0
loadhw -hw C:/Xilinx/SoC/matrixmul002/matrixmul002.sdk/design_1_wrapper_hw_platform_0/system.hdf -mem-ranges [list {0x40000000 0xbfffffff}]
configparams force-mem-access 1
targets -set -nocase -filter {name =~"APU*" && jtag_cable_name =~ "Digilent JTAG-SMT2 210251988368"} -index 0
stop
ps7_init
ps7_post_config
targets -set -nocase -filter {name =~ "ARM*#0" && jtag_cable_name =~ "Digilent JTAG-SMT2 210251988368"} -index 0
rst -processor
targets -set -nocase -filter {name =~ "ARM*#0" && jtag_cable_name =~ "Digilent JTAG-SMT2 210251988368"} -index 0
dow C:/Xilinx/SoC/matrixmul002/matrixmul002.sdk/matrixmul/Debug/matrixmul.elf
configparams force-mem-access 0
----------------End of Script----------------

12:38:55 INFO  : Context for processor 'ps7_cortexa9_0' is selected.
12:38:55 INFO  : 'con' command is executed.
12:38:55 INFO  : ----------------XSDB Script (After Launch)----------------
targets -set -nocase -filter {name =~ "ARM*#0" && jtag_cable_name =~ "Digilent JTAG-SMT2 210251988368"} -index 0
con
----------------End of Script----------------

12:38:55 INFO  : Disconnected from the channel tcfchan#14.
12:42:28 INFO  : 'targets -set -filter {jtag_cable_name =~ "Digilent JTAG-SMT2 210251988368" && level==0} -index 1' command is executed.
12:42:28 INFO  : 'fpga -state' command is executed.
12:42:28 INFO  : Connected to target on host '127.0.0.1' and port '3121'.
12:42:28 INFO  : Jtag cable 'Digilent JTAG-SMT2 210251988368' is selected.
12:42:28 INFO  : 'jtag frequency' command is executed.
12:42:28 INFO  : Sourcing of 'C:/Xilinx/SoC/matrixmul002/matrixmul002.sdk/design_1_wrapper_hw_platform_0/ps7_init.tcl' is done.
12:42:28 INFO  : Context for 'APU' is selected.
12:42:30 INFO  : Hardware design information is loaded from 'C:/Xilinx/SoC/matrixmul002/matrixmul002.sdk/design_1_wrapper_hw_platform_0/system.hdf'.
12:42:30 INFO  : 'configparams force-mem-access 1' command is executed.
12:42:30 INFO  : Context for 'APU' is selected.
12:42:30 INFO  : 'stop' command is executed.
12:42:30 INFO  : 'ps7_init' command is executed.
12:42:30 INFO  : 'ps7_post_config' command is executed.
12:42:30 INFO  : Context for processor 'ps7_cortexa9_0' is selected.
12:42:30 INFO  : Processor reset is completed for 'ps7_cortexa9_0'.
12:42:30 INFO  : Context for processor 'ps7_cortexa9_0' is selected.
12:42:30 INFO  : The application 'C:/Xilinx/SoC/matrixmul002/matrixmul002.sdk/matrixmul/Debug/matrixmul.elf' is downloaded to processor 'ps7_cortexa9_0'.
12:42:30 INFO  : 'configparams force-mem-access 0' command is executed.
12:42:30 INFO  : ----------------XSDB Script----------------
connect -url tcp:127.0.0.1:3121
source C:/Xilinx/SoC/matrixmul002/matrixmul002.sdk/design_1_wrapper_hw_platform_0/ps7_init.tcl
targets -set -nocase -filter {name =~"APU*" && jtag_cable_name =~ "Digilent JTAG-SMT2 210251988368"} -index 0
loadhw -hw C:/Xilinx/SoC/matrixmul002/matrixmul002.sdk/design_1_wrapper_hw_platform_0/system.hdf -mem-ranges [list {0x40000000 0xbfffffff}]
configparams force-mem-access 1
targets -set -nocase -filter {name =~"APU*" && jtag_cable_name =~ "Digilent JTAG-SMT2 210251988368"} -index 0
stop
ps7_init
ps7_post_config
targets -set -nocase -filter {name =~ "ARM*#0" && jtag_cable_name =~ "Digilent JTAG-SMT2 210251988368"} -index 0
rst -processor
targets -set -nocase -filter {name =~ "ARM*#0" && jtag_cable_name =~ "Digilent JTAG-SMT2 210251988368"} -index 0
dow C:/Xilinx/SoC/matrixmul002/matrixmul002.sdk/matrixmul/Debug/matrixmul.elf
configparams force-mem-access 0
----------------End of Script----------------

12:42:30 INFO  : Context for processor 'ps7_cortexa9_0' is selected.
12:42:30 INFO  : 'con' command is executed.
12:42:30 INFO  : ----------------XSDB Script (After Launch)----------------
targets -set -nocase -filter {name =~ "ARM*#0" && jtag_cable_name =~ "Digilent JTAG-SMT2 210251988368"} -index 0
con
----------------End of Script----------------

12:42:30 INFO  : Disconnected from the channel tcfchan#15.
12:42:55 INFO  : 'targets -set -filter {jtag_cable_name =~ "Digilent JTAG-SMT2 210251988368" && level==0} -index 1' command is executed.
12:42:55 INFO  : 'fpga -state' command is executed.
12:42:55 INFO  : Connected to target on host '127.0.0.1' and port '3121'.
12:42:55 INFO  : Jtag cable 'Digilent JTAG-SMT2 210251988368' is selected.
12:42:55 INFO  : 'jtag frequency' command is executed.
12:42:55 INFO  : Sourcing of 'C:/Xilinx/SoC/matrixmul002/matrixmul002.sdk/design_1_wrapper_hw_platform_0/ps7_init.tcl' is done.
12:42:55 INFO  : Context for 'APU' is selected.
12:42:56 INFO  : Hardware design information is loaded from 'C:/Xilinx/SoC/matrixmul002/matrixmul002.sdk/design_1_wrapper_hw_platform_0/system.hdf'.
12:42:56 INFO  : 'configparams force-mem-access 1' command is executed.
12:42:56 INFO  : Context for 'APU' is selected.
12:42:56 INFO  : 'stop' command is executed.
12:42:56 INFO  : 'ps7_init' command is executed.
12:42:56 INFO  : 'ps7_post_config' command is executed.
12:42:56 INFO  : Context for processor 'ps7_cortexa9_0' is selected.
12:42:56 INFO  : Processor reset is completed for 'ps7_cortexa9_0'.
12:42:57 INFO  : Context for processor 'ps7_cortexa9_0' is selected.
12:42:57 INFO  : The application 'C:/Xilinx/SoC/matrixmul002/matrixmul002.sdk/matrixmul/Debug/matrixmul.elf' is downloaded to processor 'ps7_cortexa9_0'.
12:42:57 INFO  : 'configparams force-mem-access 0' command is executed.
12:42:57 INFO  : ----------------XSDB Script----------------
connect -url tcp:127.0.0.1:3121
source C:/Xilinx/SoC/matrixmul002/matrixmul002.sdk/design_1_wrapper_hw_platform_0/ps7_init.tcl
targets -set -nocase -filter {name =~"APU*" && jtag_cable_name =~ "Digilent JTAG-SMT2 210251988368"} -index 0
loadhw -hw C:/Xilinx/SoC/matrixmul002/matrixmul002.sdk/design_1_wrapper_hw_platform_0/system.hdf -mem-ranges [list {0x40000000 0xbfffffff}]
configparams force-mem-access 1
targets -set -nocase -filter {name =~"APU*" && jtag_cable_name =~ "Digilent JTAG-SMT2 210251988368"} -index 0
stop
ps7_init
ps7_post_config
targets -set -nocase -filter {name =~ "ARM*#0" && jtag_cable_name =~ "Digilent JTAG-SMT2 210251988368"} -index 0
rst -processor
targets -set -nocase -filter {name =~ "ARM*#0" && jtag_cable_name =~ "Digilent JTAG-SMT2 210251988368"} -index 0
dow C:/Xilinx/SoC/matrixmul002/matrixmul002.sdk/matrixmul/Debug/matrixmul.elf
configparams force-mem-access 0
----------------End of Script----------------

12:42:57 INFO  : Context for processor 'ps7_cortexa9_0' is selected.
12:42:57 INFO  : 'con' command is executed.
12:42:57 INFO  : ----------------XSDB Script (After Launch)----------------
targets -set -nocase -filter {name =~ "ARM*#0" && jtag_cable_name =~ "Digilent JTAG-SMT2 210251988368"} -index 0
con
----------------End of Script----------------

12:42:57 INFO  : Disconnected from the channel tcfchan#16.
12:52:10 INFO  : 'targets -set -filter {jtag_cable_name =~ "Digilent JTAG-SMT2 210251988368" && level==0} -index 1' command is executed.
12:52:10 INFO  : 'fpga -state' command is executed.
12:52:10 INFO  : Connected to target on host '127.0.0.1' and port '3121'.
12:52:10 INFO  : Jtag cable 'Digilent JTAG-SMT2 210251988368' is selected.
12:52:10 INFO  : 'jtag frequency' command is executed.
12:52:10 INFO  : Sourcing of 'C:/Xilinx/SoC/matrixmul002/matrixmul002.sdk/design_1_wrapper_hw_platform_0/ps7_init.tcl' is done.
12:52:10 INFO  : Context for 'APU' is selected.
12:52:12 INFO  : Hardware design information is loaded from 'C:/Xilinx/SoC/matrixmul002/matrixmul002.sdk/design_1_wrapper_hw_platform_0/system.hdf'.
12:52:12 INFO  : 'configparams force-mem-access 1' command is executed.
12:52:12 INFO  : Context for 'APU' is selected.
12:52:12 INFO  : 'stop' command is executed.
12:52:12 INFO  : 'ps7_init' command is executed.
12:52:12 INFO  : 'ps7_post_config' command is executed.
12:52:12 INFO  : Context for processor 'ps7_cortexa9_0' is selected.
12:52:12 INFO  : Processor reset is completed for 'ps7_cortexa9_0'.
12:52:12 INFO  : Context for processor 'ps7_cortexa9_0' is selected.
12:52:12 INFO  : The application 'C:/Xilinx/SoC/matrixmul002/matrixmul002.sdk/matrixmul/Debug/matrixmul.elf' is downloaded to processor 'ps7_cortexa9_0'.
12:52:12 INFO  : 'configparams force-mem-access 0' command is executed.
12:52:12 INFO  : ----------------XSDB Script----------------
connect -url tcp:127.0.0.1:3121
source C:/Xilinx/SoC/matrixmul002/matrixmul002.sdk/design_1_wrapper_hw_platform_0/ps7_init.tcl
targets -set -nocase -filter {name =~"APU*" && jtag_cable_name =~ "Digilent JTAG-SMT2 210251988368"} -index 0
loadhw -hw C:/Xilinx/SoC/matrixmul002/matrixmul002.sdk/design_1_wrapper_hw_platform_0/system.hdf -mem-ranges [list {0x40000000 0xbfffffff}]
configparams force-mem-access 1
targets -set -nocase -filter {name =~"APU*" && jtag_cable_name =~ "Digilent JTAG-SMT2 210251988368"} -index 0
stop
ps7_init
ps7_post_config
targets -set -nocase -filter {name =~ "ARM*#0" && jtag_cable_name =~ "Digilent JTAG-SMT2 210251988368"} -index 0
rst -processor
targets -set -nocase -filter {name =~ "ARM*#0" && jtag_cable_name =~ "Digilent JTAG-SMT2 210251988368"} -index 0
dow C:/Xilinx/SoC/matrixmul002/matrixmul002.sdk/matrixmul/Debug/matrixmul.elf
configparams force-mem-access 0
----------------End of Script----------------

12:52:12 INFO  : Context for processor 'ps7_cortexa9_0' is selected.
12:52:12 INFO  : 'con' command is executed.
12:52:12 INFO  : ----------------XSDB Script (After Launch)----------------
targets -set -nocase -filter {name =~ "ARM*#0" && jtag_cable_name =~ "Digilent JTAG-SMT2 210251988368"} -index 0
con
----------------End of Script----------------

12:52:12 INFO  : Disconnected from the channel tcfchan#17.
12:53:12 INFO  : 'targets -set -filter {jtag_cable_name =~ "Digilent JTAG-SMT2 210251988368" && level==0} -index 1' command is executed.
12:53:12 INFO  : 'fpga -state' command is executed.
12:53:12 INFO  : Connected to target on host '127.0.0.1' and port '3121'.
12:53:12 INFO  : Jtag cable 'Digilent JTAG-SMT2 210251988368' is selected.
12:53:12 INFO  : 'jtag frequency' command is executed.
12:53:12 INFO  : Sourcing of 'C:/Xilinx/SoC/matrixmul002/matrixmul002.sdk/design_1_wrapper_hw_platform_0/ps7_init.tcl' is done.
12:53:12 INFO  : Context for 'APU' is selected.
12:53:13 INFO  : Hardware design information is loaded from 'C:/Xilinx/SoC/matrixmul002/matrixmul002.sdk/design_1_wrapper_hw_platform_0/system.hdf'.
12:53:13 INFO  : 'configparams force-mem-access 1' command is executed.
12:53:13 INFO  : Context for 'APU' is selected.
12:53:13 INFO  : 'stop' command is executed.
12:53:13 INFO  : 'ps7_init' command is executed.
12:53:13 INFO  : 'ps7_post_config' command is executed.
12:53:14 INFO  : Context for processor 'ps7_cortexa9_0' is selected.
12:53:14 INFO  : Processor reset is completed for 'ps7_cortexa9_0'.
12:53:14 INFO  : Context for processor 'ps7_cortexa9_0' is selected.
12:53:14 INFO  : The application 'C:/Xilinx/SoC/matrixmul002/matrixmul002.sdk/matrixmul/Debug/matrixmul.elf' is downloaded to processor 'ps7_cortexa9_0'.
12:53:14 INFO  : 'configparams force-mem-access 0' command is executed.
12:53:14 INFO  : ----------------XSDB Script----------------
connect -url tcp:127.0.0.1:3121
source C:/Xilinx/SoC/matrixmul002/matrixmul002.sdk/design_1_wrapper_hw_platform_0/ps7_init.tcl
targets -set -nocase -filter {name =~"APU*" && jtag_cable_name =~ "Digilent JTAG-SMT2 210251988368"} -index 0
loadhw -hw C:/Xilinx/SoC/matrixmul002/matrixmul002.sdk/design_1_wrapper_hw_platform_0/system.hdf -mem-ranges [list {0x40000000 0xbfffffff}]
configparams force-mem-access 1
targets -set -nocase -filter {name =~"APU*" && jtag_cable_name =~ "Digilent JTAG-SMT2 210251988368"} -index 0
stop
ps7_init
ps7_post_config
targets -set -nocase -filter {name =~ "ARM*#0" && jtag_cable_name =~ "Digilent JTAG-SMT2 210251988368"} -index 0
rst -processor
targets -set -nocase -filter {name =~ "ARM*#0" && jtag_cable_name =~ "Digilent JTAG-SMT2 210251988368"} -index 0
dow C:/Xilinx/SoC/matrixmul002/matrixmul002.sdk/matrixmul/Debug/matrixmul.elf
configparams force-mem-access 0
----------------End of Script----------------

12:53:14 INFO  : Context for processor 'ps7_cortexa9_0' is selected.
12:53:14 INFO  : 'con' command is executed.
12:53:14 INFO  : ----------------XSDB Script (After Launch)----------------
targets -set -nocase -filter {name =~ "ARM*#0" && jtag_cable_name =~ "Digilent JTAG-SMT2 210251988368"} -index 0
con
----------------End of Script----------------

12:53:14 INFO  : Disconnected from the channel tcfchan#18.
12:53:27 INFO  : 'targets -set -filter {jtag_cable_name =~ "Digilent JTAG-SMT2 210251988368" && level==0} -index 1' command is executed.
12:53:27 INFO  : 'fpga -state' command is executed.
12:53:27 INFO  : Connected to target on host '127.0.0.1' and port '3121'.
12:53:27 INFO  : Jtag cable 'Digilent JTAG-SMT2 210251988368' is selected.
12:53:27 INFO  : 'jtag frequency' command is executed.
12:53:27 INFO  : Sourcing of 'C:/Xilinx/SoC/matrixmul002/matrixmul002.sdk/design_1_wrapper_hw_platform_0/ps7_init.tcl' is done.
12:53:27 INFO  : Context for 'APU' is selected.
12:53:29 INFO  : Hardware design information is loaded from 'C:/Xilinx/SoC/matrixmul002/matrixmul002.sdk/design_1_wrapper_hw_platform_0/system.hdf'.
12:53:29 INFO  : 'configparams force-mem-access 1' command is executed.
12:53:29 INFO  : Context for 'APU' is selected.
12:53:29 INFO  : 'stop' command is executed.
12:53:29 INFO  : 'ps7_init' command is executed.
12:53:29 INFO  : 'ps7_post_config' command is executed.
12:53:29 INFO  : Context for processor 'ps7_cortexa9_0' is selected.
12:53:29 INFO  : Processor reset is completed for 'ps7_cortexa9_0'.
12:53:29 INFO  : Context for processor 'ps7_cortexa9_0' is selected.
12:53:29 INFO  : The application 'C:/Xilinx/SoC/matrixmul002/matrixmul002.sdk/matrixmul/Debug/matrixmul.elf' is downloaded to processor 'ps7_cortexa9_0'.
12:53:29 INFO  : 'configparams force-mem-access 0' command is executed.
12:53:29 INFO  : ----------------XSDB Script----------------
connect -url tcp:127.0.0.1:3121
source C:/Xilinx/SoC/matrixmul002/matrixmul002.sdk/design_1_wrapper_hw_platform_0/ps7_init.tcl
targets -set -nocase -filter {name =~"APU*" && jtag_cable_name =~ "Digilent JTAG-SMT2 210251988368"} -index 0
loadhw -hw C:/Xilinx/SoC/matrixmul002/matrixmul002.sdk/design_1_wrapper_hw_platform_0/system.hdf -mem-ranges [list {0x40000000 0xbfffffff}]
configparams force-mem-access 1
targets -set -nocase -filter {name =~"APU*" && jtag_cable_name =~ "Digilent JTAG-SMT2 210251988368"} -index 0
stop
ps7_init
ps7_post_config
targets -set -nocase -filter {name =~ "ARM*#0" && jtag_cable_name =~ "Digilent JTAG-SMT2 210251988368"} -index 0
rst -processor
targets -set -nocase -filter {name =~ "ARM*#0" && jtag_cable_name =~ "Digilent JTAG-SMT2 210251988368"} -index 0
dow C:/Xilinx/SoC/matrixmul002/matrixmul002.sdk/matrixmul/Debug/matrixmul.elf
configparams force-mem-access 0
----------------End of Script----------------

12:53:29 INFO  : Context for processor 'ps7_cortexa9_0' is selected.
12:53:29 INFO  : 'con' command is executed.
12:53:29 INFO  : ----------------XSDB Script (After Launch)----------------
targets -set -nocase -filter {name =~ "ARM*#0" && jtag_cable_name =~ "Digilent JTAG-SMT2 210251988368"} -index 0
con
----------------End of Script----------------

12:53:29 INFO  : Disconnected from the channel tcfchan#19.
12:53:38 INFO  : Connected to target on host '127.0.0.1' and port '3121'.
12:53:38 INFO  : 'targets -set -filter {jtag_cable_name =~ "Digilent JTAG-SMT2 210251988368" && level==0} -index 1' command is executed.
12:53:41 INFO  : FPGA configured successfully with bitstream "C:/Xilinx/SoC/matrixmul002/matrixmul002.sdk/design_1_wrapper_hw_platform_0/design_1_wrapper.bit"
12:53:44 INFO  : 'targets -set -filter {jtag_cable_name =~ "Digilent JTAG-SMT2 210251988368" && level==0} -index 1' command is executed.
12:53:44 INFO  : 'fpga -state' command is executed.
12:53:44 INFO  : Connected to target on host '127.0.0.1' and port '3121'.
12:53:44 INFO  : Jtag cable 'Digilent JTAG-SMT2 210251988368' is selected.
12:53:44 INFO  : 'jtag frequency' command is executed.
12:53:44 INFO  : Sourcing of 'C:/Xilinx/SoC/matrixmul002/matrixmul002.sdk/design_1_wrapper_hw_platform_0/ps7_init.tcl' is done.
12:53:44 INFO  : Context for 'APU' is selected.
12:53:44 INFO  : Hardware design information is loaded from 'C:/Xilinx/SoC/matrixmul002/matrixmul002.sdk/design_1_wrapper_hw_platform_0/system.hdf'.
12:53:44 INFO  : 'configparams force-mem-access 1' command is executed.
12:53:44 INFO  : Context for 'APU' is selected.
12:53:45 INFO  : 'stop' command is executed.
12:53:45 INFO  : 'ps7_init' command is executed.
12:53:45 INFO  : 'ps7_post_config' command is executed.
12:53:45 INFO  : Context for processor 'ps7_cortexa9_0' is selected.
12:53:45 INFO  : Processor reset is completed for 'ps7_cortexa9_0'.
12:53:45 INFO  : Context for processor 'ps7_cortexa9_0' is selected.
12:53:45 INFO  : The application 'C:/Xilinx/SoC/matrixmul002/matrixmul002.sdk/matrixmul/Debug/matrixmul.elf' is downloaded to processor 'ps7_cortexa9_0'.
12:53:45 INFO  : 'configparams force-mem-access 0' command is executed.
12:53:45 INFO  : ----------------XSDB Script----------------
connect -url tcp:127.0.0.1:3121
source C:/Xilinx/SoC/matrixmul002/matrixmul002.sdk/design_1_wrapper_hw_platform_0/ps7_init.tcl
targets -set -nocase -filter {name =~"APU*" && jtag_cable_name =~ "Digilent JTAG-SMT2 210251988368"} -index 0
loadhw -hw C:/Xilinx/SoC/matrixmul002/matrixmul002.sdk/design_1_wrapper_hw_platform_0/system.hdf -mem-ranges [list {0x40000000 0xbfffffff}]
configparams force-mem-access 1
targets -set -nocase -filter {name =~"APU*" && jtag_cable_name =~ "Digilent JTAG-SMT2 210251988368"} -index 0
stop
ps7_init
ps7_post_config
targets -set -nocase -filter {name =~ "ARM*#0" && jtag_cable_name =~ "Digilent JTAG-SMT2 210251988368"} -index 0
rst -processor
targets -set -nocase -filter {name =~ "ARM*#0" && jtag_cable_name =~ "Digilent JTAG-SMT2 210251988368"} -index 0
dow C:/Xilinx/SoC/matrixmul002/matrixmul002.sdk/matrixmul/Debug/matrixmul.elf
configparams force-mem-access 0
----------------End of Script----------------

12:53:45 INFO  : Context for processor 'ps7_cortexa9_0' is selected.
12:53:45 INFO  : 'con' command is executed.
12:53:45 INFO  : ----------------XSDB Script (After Launch)----------------
targets -set -nocase -filter {name =~ "ARM*#0" && jtag_cable_name =~ "Digilent JTAG-SMT2 210251988368"} -index 0
con
----------------End of Script----------------

12:53:45 INFO  : Disconnected from the channel tcfchan#20.
12:57:38 INFO  : 'targets -set -filter {jtag_cable_name =~ "Digilent JTAG-SMT2 210251988368" && level==0} -index 1' command is executed.
12:57:38 INFO  : 'fpga -state' command is executed.
12:57:38 INFO  : Connected to target on host '127.0.0.1' and port '3121'.
12:57:38 INFO  : Jtag cable 'Digilent JTAG-SMT2 210251988368' is selected.
12:57:38 INFO  : 'jtag frequency' command is executed.
12:57:38 INFO  : Sourcing of 'C:/Xilinx/SoC/matrixmul002/matrixmul002.sdk/design_1_wrapper_hw_platform_0/ps7_init.tcl' is done.
12:57:38 INFO  : Context for 'APU' is selected.
12:57:39 INFO  : Hardware design information is loaded from 'C:/Xilinx/SoC/matrixmul002/matrixmul002.sdk/design_1_wrapper_hw_platform_0/system.hdf'.
12:57:39 INFO  : 'configparams force-mem-access 1' command is executed.
12:57:39 INFO  : Context for 'APU' is selected.
12:57:40 INFO  : 'stop' command is executed.
12:57:40 INFO  : 'ps7_init' command is executed.
12:57:40 INFO  : 'ps7_post_config' command is executed.
12:57:40 INFO  : Context for processor 'ps7_cortexa9_0' is selected.
12:57:40 INFO  : Processor reset is completed for 'ps7_cortexa9_0'.
12:57:40 INFO  : Context for processor 'ps7_cortexa9_0' is selected.
12:57:40 INFO  : The application 'C:/Xilinx/SoC/matrixmul002/matrixmul002.sdk/matrixmul/Debug/matrixmul.elf' is downloaded to processor 'ps7_cortexa9_0'.
12:57:40 INFO  : 'configparams force-mem-access 0' command is executed.
12:57:40 INFO  : ----------------XSDB Script----------------
connect -url tcp:127.0.0.1:3121
source C:/Xilinx/SoC/matrixmul002/matrixmul002.sdk/design_1_wrapper_hw_platform_0/ps7_init.tcl
targets -set -nocase -filter {name =~"APU*" && jtag_cable_name =~ "Digilent JTAG-SMT2 210251988368"} -index 0
loadhw -hw C:/Xilinx/SoC/matrixmul002/matrixmul002.sdk/design_1_wrapper_hw_platform_0/system.hdf -mem-ranges [list {0x40000000 0xbfffffff}]
configparams force-mem-access 1
targets -set -nocase -filter {name =~"APU*" && jtag_cable_name =~ "Digilent JTAG-SMT2 210251988368"} -index 0
stop
ps7_init
ps7_post_config
targets -set -nocase -filter {name =~ "ARM*#0" && jtag_cable_name =~ "Digilent JTAG-SMT2 210251988368"} -index 0
rst -processor
targets -set -nocase -filter {name =~ "ARM*#0" && jtag_cable_name =~ "Digilent JTAG-SMT2 210251988368"} -index 0
dow C:/Xilinx/SoC/matrixmul002/matrixmul002.sdk/matrixmul/Debug/matrixmul.elf
configparams force-mem-access 0
----------------End of Script----------------

12:57:40 INFO  : Context for processor 'ps7_cortexa9_0' is selected.
12:57:40 INFO  : 'con' command is executed.
12:57:40 INFO  : ----------------XSDB Script (After Launch)----------------
targets -set -nocase -filter {name =~ "ARM*#0" && jtag_cable_name =~ "Digilent JTAG-SMT2 210251988368"} -index 0
con
----------------End of Script----------------

12:57:40 INFO  : Disconnected from the channel tcfchan#21.
13:00:40 INFO  : 'targets -set -filter {jtag_cable_name =~ "Digilent JTAG-SMT2 210251988368" && level==0} -index 1' command is executed.
13:00:40 INFO  : 'fpga -state' command is executed.
13:00:40 INFO  : Connected to target on host '127.0.0.1' and port '3121'.
13:00:40 INFO  : Jtag cable 'Digilent JTAG-SMT2 210251988368' is selected.
13:00:40 INFO  : 'jtag frequency' command is executed.
13:00:40 INFO  : Sourcing of 'C:/Xilinx/SoC/matrixmul002/matrixmul002.sdk/design_1_wrapper_hw_platform_0/ps7_init.tcl' is done.
13:00:40 INFO  : Context for 'APU' is selected.
13:00:42 INFO  : Hardware design information is loaded from 'C:/Xilinx/SoC/matrixmul002/matrixmul002.sdk/design_1_wrapper_hw_platform_0/system.hdf'.
13:00:42 INFO  : 'configparams force-mem-access 1' command is executed.
13:00:42 INFO  : Context for 'APU' is selected.
13:00:42 INFO  : 'stop' command is executed.
13:00:42 INFO  : 'ps7_init' command is executed.
13:00:42 INFO  : 'ps7_post_config' command is executed.
13:00:42 INFO  : Context for processor 'ps7_cortexa9_0' is selected.
13:00:42 INFO  : Processor reset is completed for 'ps7_cortexa9_0'.
13:00:42 INFO  : Context for processor 'ps7_cortexa9_0' is selected.
13:00:42 INFO  : The application 'C:/Xilinx/SoC/matrixmul002/matrixmul002.sdk/matrixmul/Debug/matrixmul.elf' is downloaded to processor 'ps7_cortexa9_0'.
13:00:42 INFO  : 'configparams force-mem-access 0' command is executed.
13:00:42 INFO  : ----------------XSDB Script----------------
connect -url tcp:127.0.0.1:3121
source C:/Xilinx/SoC/matrixmul002/matrixmul002.sdk/design_1_wrapper_hw_platform_0/ps7_init.tcl
targets -set -nocase -filter {name =~"APU*" && jtag_cable_name =~ "Digilent JTAG-SMT2 210251988368"} -index 0
loadhw -hw C:/Xilinx/SoC/matrixmul002/matrixmul002.sdk/design_1_wrapper_hw_platform_0/system.hdf -mem-ranges [list {0x40000000 0xbfffffff}]
configparams force-mem-access 1
targets -set -nocase -filter {name =~"APU*" && jtag_cable_name =~ "Digilent JTAG-SMT2 210251988368"} -index 0
stop
ps7_init
ps7_post_config
targets -set -nocase -filter {name =~ "ARM*#0" && jtag_cable_name =~ "Digilent JTAG-SMT2 210251988368"} -index 0
rst -processor
targets -set -nocase -filter {name =~ "ARM*#0" && jtag_cable_name =~ "Digilent JTAG-SMT2 210251988368"} -index 0
dow C:/Xilinx/SoC/matrixmul002/matrixmul002.sdk/matrixmul/Debug/matrixmul.elf
configparams force-mem-access 0
----------------End of Script----------------

13:00:42 INFO  : Context for processor 'ps7_cortexa9_0' is selected.
13:00:42 INFO  : 'con' command is executed.
13:00:42 INFO  : ----------------XSDB Script (After Launch)----------------
targets -set -nocase -filter {name =~ "ARM*#0" && jtag_cable_name =~ "Digilent JTAG-SMT2 210251988368"} -index 0
con
----------------End of Script----------------

13:00:42 INFO  : Disconnected from the channel tcfchan#22.
13:03:37 INFO  : 'targets -set -filter {jtag_cable_name =~ "Digilent JTAG-SMT2 210251988368" && level==0} -index 1' command is executed.
13:03:37 INFO  : 'fpga -state' command is executed.
13:03:37 INFO  : Connected to target on host '127.0.0.1' and port '3121'.
13:03:37 INFO  : Jtag cable 'Digilent JTAG-SMT2 210251988368' is selected.
13:03:37 INFO  : 'jtag frequency' command is executed.
13:03:37 INFO  : Sourcing of 'C:/Xilinx/SoC/matrixmul002/matrixmul002.sdk/design_1_wrapper_hw_platform_0/ps7_init.tcl' is done.
13:03:37 INFO  : Context for 'APU' is selected.
13:03:38 INFO  : Hardware design information is loaded from 'C:/Xilinx/SoC/matrixmul002/matrixmul002.sdk/design_1_wrapper_hw_platform_0/system.hdf'.
13:03:38 INFO  : 'configparams force-mem-access 1' command is executed.
13:03:38 INFO  : Context for 'APU' is selected.
13:03:38 INFO  : 'stop' command is executed.
13:03:38 INFO  : 'ps7_init' command is executed.
13:03:39 INFO  : 'ps7_post_config' command is executed.
13:03:39 INFO  : Context for processor 'ps7_cortexa9_0' is selected.
13:03:39 INFO  : Processor reset is completed for 'ps7_cortexa9_0'.
13:03:39 INFO  : Context for processor 'ps7_cortexa9_0' is selected.
13:03:39 INFO  : The application 'C:/Xilinx/SoC/matrixmul002/matrixmul002.sdk/matrixmul/Debug/matrixmul.elf' is downloaded to processor 'ps7_cortexa9_0'.
13:03:39 INFO  : 'configparams force-mem-access 0' command is executed.
13:03:39 INFO  : ----------------XSDB Script----------------
connect -url tcp:127.0.0.1:3121
source C:/Xilinx/SoC/matrixmul002/matrixmul002.sdk/design_1_wrapper_hw_platform_0/ps7_init.tcl
targets -set -nocase -filter {name =~"APU*" && jtag_cable_name =~ "Digilent JTAG-SMT2 210251988368"} -index 0
loadhw -hw C:/Xilinx/SoC/matrixmul002/matrixmul002.sdk/design_1_wrapper_hw_platform_0/system.hdf -mem-ranges [list {0x40000000 0xbfffffff}]
configparams force-mem-access 1
targets -set -nocase -filter {name =~"APU*" && jtag_cable_name =~ "Digilent JTAG-SMT2 210251988368"} -index 0
stop
ps7_init
ps7_post_config
targets -set -nocase -filter {name =~ "ARM*#0" && jtag_cable_name =~ "Digilent JTAG-SMT2 210251988368"} -index 0
rst -processor
targets -set -nocase -filter {name =~ "ARM*#0" && jtag_cable_name =~ "Digilent JTAG-SMT2 210251988368"} -index 0
dow C:/Xilinx/SoC/matrixmul002/matrixmul002.sdk/matrixmul/Debug/matrixmul.elf
configparams force-mem-access 0
----------------End of Script----------------

13:03:39 INFO  : Context for processor 'ps7_cortexa9_0' is selected.
13:03:39 INFO  : 'con' command is executed.
13:03:39 INFO  : ----------------XSDB Script (After Launch)----------------
targets -set -nocase -filter {name =~ "ARM*#0" && jtag_cable_name =~ "Digilent JTAG-SMT2 210251988368"} -index 0
con
----------------End of Script----------------

13:03:39 INFO  : Disconnected from the channel tcfchan#23.
13:10:09 INFO  : 'targets -set -filter {jtag_cable_name =~ "Digilent JTAG-SMT2 210251988368" && level==0} -index 1' command is executed.
13:10:09 INFO  : 'fpga -state' command is executed.
13:10:09 INFO  : Connected to target on host '127.0.0.1' and port '3121'.
13:10:09 INFO  : Jtag cable 'Digilent JTAG-SMT2 210251988368' is selected.
13:10:09 INFO  : 'jtag frequency' command is executed.
13:10:09 INFO  : Sourcing of 'C:/Xilinx/SoC/matrixmul002/matrixmul002.sdk/design_1_wrapper_hw_platform_0/ps7_init.tcl' is done.
13:10:09 INFO  : Context for 'APU' is selected.
13:10:10 INFO  : Hardware design information is loaded from 'C:/Xilinx/SoC/matrixmul002/matrixmul002.sdk/design_1_wrapper_hw_platform_0/system.hdf'.
13:10:10 INFO  : 'configparams force-mem-access 1' command is executed.
13:10:10 INFO  : Context for 'APU' is selected.
13:10:10 INFO  : 'stop' command is executed.
13:10:11 INFO  : 'ps7_init' command is executed.
13:10:11 INFO  : 'ps7_post_config' command is executed.
13:10:11 INFO  : Context for processor 'ps7_cortexa9_0' is selected.
13:10:11 INFO  : Processor reset is completed for 'ps7_cortexa9_0'.
13:10:11 INFO  : Context for processor 'ps7_cortexa9_0' is selected.
13:10:11 INFO  : The application 'C:/Xilinx/SoC/matrixmul002/matrixmul002.sdk/matrixmul/Debug/matrixmul.elf' is downloaded to processor 'ps7_cortexa9_0'.
13:10:11 INFO  : 'configparams force-mem-access 0' command is executed.
13:10:11 INFO  : ----------------XSDB Script----------------
connect -url tcp:127.0.0.1:3121
source C:/Xilinx/SoC/matrixmul002/matrixmul002.sdk/design_1_wrapper_hw_platform_0/ps7_init.tcl
targets -set -nocase -filter {name =~"APU*" && jtag_cable_name =~ "Digilent JTAG-SMT2 210251988368"} -index 0
loadhw -hw C:/Xilinx/SoC/matrixmul002/matrixmul002.sdk/design_1_wrapper_hw_platform_0/system.hdf -mem-ranges [list {0x40000000 0xbfffffff}]
configparams force-mem-access 1
targets -set -nocase -filter {name =~"APU*" && jtag_cable_name =~ "Digilent JTAG-SMT2 210251988368"} -index 0
stop
ps7_init
ps7_post_config
targets -set -nocase -filter {name =~ "ARM*#0" && jtag_cable_name =~ "Digilent JTAG-SMT2 210251988368"} -index 0
rst -processor
targets -set -nocase -filter {name =~ "ARM*#0" && jtag_cable_name =~ "Digilent JTAG-SMT2 210251988368"} -index 0
dow C:/Xilinx/SoC/matrixmul002/matrixmul002.sdk/matrixmul/Debug/matrixmul.elf
configparams force-mem-access 0
----------------End of Script----------------

13:10:11 INFO  : Context for processor 'ps7_cortexa9_0' is selected.
13:10:11 INFO  : 'con' command is executed.
13:10:11 INFO  : ----------------XSDB Script (After Launch)----------------
targets -set -nocase -filter {name =~ "ARM*#0" && jtag_cable_name =~ "Digilent JTAG-SMT2 210251988368"} -index 0
con
----------------End of Script----------------

13:10:11 INFO  : Disconnected from the channel tcfchan#24.
13:14:06 INFO  : 'targets -set -filter {jtag_cable_name =~ "Digilent JTAG-SMT2 210251988368" && level==0} -index 1' command is executed.
13:14:06 INFO  : 'fpga -state' command is executed.
13:14:06 INFO  : Connected to target on host '127.0.0.1' and port '3121'.
13:14:06 INFO  : Jtag cable 'Digilent JTAG-SMT2 210251988368' is selected.
13:14:06 INFO  : 'jtag frequency' command is executed.
13:14:06 INFO  : Sourcing of 'C:/Xilinx/SoC/matrixmul002/matrixmul002.sdk/design_1_wrapper_hw_platform_0/ps7_init.tcl' is done.
13:14:06 INFO  : Context for 'APU' is selected.
13:14:07 INFO  : Hardware design information is loaded from 'C:/Xilinx/SoC/matrixmul002/matrixmul002.sdk/design_1_wrapper_hw_platform_0/system.hdf'.
13:14:07 INFO  : 'configparams force-mem-access 1' command is executed.
13:14:07 INFO  : Context for 'APU' is selected.
13:14:07 INFO  : 'stop' command is executed.
13:14:07 INFO  : 'ps7_init' command is executed.
13:14:07 INFO  : 'ps7_post_config' command is executed.
13:14:07 INFO  : Context for processor 'ps7_cortexa9_0' is selected.
13:14:08 INFO  : Processor reset is completed for 'ps7_cortexa9_0'.
13:14:08 INFO  : Context for processor 'ps7_cortexa9_0' is selected.
13:14:08 INFO  : The application 'C:/Xilinx/SoC/matrixmul002/matrixmul002.sdk/matrixmul/Debug/matrixmul.elf' is downloaded to processor 'ps7_cortexa9_0'.
13:14:08 INFO  : 'configparams force-mem-access 0' command is executed.
13:14:08 INFO  : ----------------XSDB Script----------------
connect -url tcp:127.0.0.1:3121
source C:/Xilinx/SoC/matrixmul002/matrixmul002.sdk/design_1_wrapper_hw_platform_0/ps7_init.tcl
targets -set -nocase -filter {name =~"APU*" && jtag_cable_name =~ "Digilent JTAG-SMT2 210251988368"} -index 0
loadhw -hw C:/Xilinx/SoC/matrixmul002/matrixmul002.sdk/design_1_wrapper_hw_platform_0/system.hdf -mem-ranges [list {0x40000000 0xbfffffff}]
configparams force-mem-access 1
targets -set -nocase -filter {name =~"APU*" && jtag_cable_name =~ "Digilent JTAG-SMT2 210251988368"} -index 0
stop
ps7_init
ps7_post_config
targets -set -nocase -filter {name =~ "ARM*#0" && jtag_cable_name =~ "Digilent JTAG-SMT2 210251988368"} -index 0
rst -processor
targets -set -nocase -filter {name =~ "ARM*#0" && jtag_cable_name =~ "Digilent JTAG-SMT2 210251988368"} -index 0
dow C:/Xilinx/SoC/matrixmul002/matrixmul002.sdk/matrixmul/Debug/matrixmul.elf
configparams force-mem-access 0
----------------End of Script----------------

13:14:08 INFO  : Context for processor 'ps7_cortexa9_0' is selected.
13:14:08 INFO  : 'con' command is executed.
13:14:08 INFO  : ----------------XSDB Script (After Launch)----------------
targets -set -nocase -filter {name =~ "ARM*#0" && jtag_cable_name =~ "Digilent JTAG-SMT2 210251988368"} -index 0
con
----------------End of Script----------------

13:14:08 INFO  : Disconnected from the channel tcfchan#25.
13:14:21 INFO  : 'targets -set -filter {jtag_cable_name =~ "Digilent JTAG-SMT2 210251988368" && level==0} -index 1' command is executed.
13:14:21 INFO  : 'fpga -state' command is executed.
13:14:21 INFO  : Connected to target on host '127.0.0.1' and port '3121'.
13:14:21 INFO  : Jtag cable 'Digilent JTAG-SMT2 210251988368' is selected.
13:14:21 INFO  : 'jtag frequency' command is executed.
13:14:21 INFO  : Sourcing of 'C:/Xilinx/SoC/matrixmul002/matrixmul002.sdk/design_1_wrapper_hw_platform_0/ps7_init.tcl' is done.
13:14:21 INFO  : Context for 'APU' is selected.
13:14:22 INFO  : Hardware design information is loaded from 'C:/Xilinx/SoC/matrixmul002/matrixmul002.sdk/design_1_wrapper_hw_platform_0/system.hdf'.
13:14:22 INFO  : 'configparams force-mem-access 1' command is executed.
13:14:22 INFO  : Context for 'APU' is selected.
13:14:22 INFO  : 'stop' command is executed.
13:14:23 INFO  : 'ps7_init' command is executed.
13:14:23 INFO  : 'ps7_post_config' command is executed.
13:14:23 INFO  : Context for processor 'ps7_cortexa9_0' is selected.
13:14:23 INFO  : Processor reset is completed for 'ps7_cortexa9_0'.
13:14:23 INFO  : Context for processor 'ps7_cortexa9_0' is selected.
13:14:23 INFO  : The application 'C:/Xilinx/SoC/matrixmul002/matrixmul002.sdk/matrixmul/Debug/matrixmul.elf' is downloaded to processor 'ps7_cortexa9_0'.
13:14:23 INFO  : 'configparams force-mem-access 0' command is executed.
13:14:23 INFO  : ----------------XSDB Script----------------
connect -url tcp:127.0.0.1:3121
source C:/Xilinx/SoC/matrixmul002/matrixmul002.sdk/design_1_wrapper_hw_platform_0/ps7_init.tcl
targets -set -nocase -filter {name =~"APU*" && jtag_cable_name =~ "Digilent JTAG-SMT2 210251988368"} -index 0
loadhw -hw C:/Xilinx/SoC/matrixmul002/matrixmul002.sdk/design_1_wrapper_hw_platform_0/system.hdf -mem-ranges [list {0x40000000 0xbfffffff}]
configparams force-mem-access 1
targets -set -nocase -filter {name =~"APU*" && jtag_cable_name =~ "Digilent JTAG-SMT2 210251988368"} -index 0
stop
ps7_init
ps7_post_config
targets -set -nocase -filter {name =~ "ARM*#0" && jtag_cable_name =~ "Digilent JTAG-SMT2 210251988368"} -index 0
rst -processor
targets -set -nocase -filter {name =~ "ARM*#0" && jtag_cable_name =~ "Digilent JTAG-SMT2 210251988368"} -index 0
dow C:/Xilinx/SoC/matrixmul002/matrixmul002.sdk/matrixmul/Debug/matrixmul.elf
configparams force-mem-access 0
----------------End of Script----------------

13:14:23 INFO  : Context for processor 'ps7_cortexa9_0' is selected.
13:14:23 INFO  : 'con' command is executed.
13:14:23 INFO  : ----------------XSDB Script (After Launch)----------------
targets -set -nocase -filter {name =~ "ARM*#0" && jtag_cable_name =~ "Digilent JTAG-SMT2 210251988368"} -index 0
con
----------------End of Script----------------

13:14:23 INFO  : Disconnected from the channel tcfchan#26.
13:16:24 INFO  : 'targets -set -filter {jtag_cable_name =~ "Digilent JTAG-SMT2 210251988368" && level==0} -index 1' command is executed.
13:16:24 INFO  : 'fpga -state' command is executed.
13:16:24 INFO  : Connected to target on host '127.0.0.1' and port '3121'.
13:16:24 INFO  : Jtag cable 'Digilent JTAG-SMT2 210251988368' is selected.
13:16:24 INFO  : 'jtag frequency' command is executed.
13:16:24 INFO  : Sourcing of 'C:/Xilinx/SoC/matrixmul002/matrixmul002.sdk/design_1_wrapper_hw_platform_0/ps7_init.tcl' is done.
13:16:24 INFO  : Context for 'APU' is selected.
13:16:26 INFO  : Hardware design information is loaded from 'C:/Xilinx/SoC/matrixmul002/matrixmul002.sdk/design_1_wrapper_hw_platform_0/system.hdf'.
13:16:26 INFO  : 'configparams force-mem-access 1' command is executed.
13:16:26 INFO  : Context for 'APU' is selected.
13:16:26 INFO  : 'stop' command is executed.
13:16:26 INFO  : 'ps7_init' command is executed.
13:16:26 INFO  : 'ps7_post_config' command is executed.
13:16:26 INFO  : Context for processor 'ps7_cortexa9_0' is selected.
13:16:26 INFO  : Processor reset is completed for 'ps7_cortexa9_0'.
13:16:26 INFO  : Context for processor 'ps7_cortexa9_0' is selected.
13:16:26 INFO  : The application 'C:/Xilinx/SoC/matrixmul002/matrixmul002.sdk/matrixmul/Debug/matrixmul.elf' is downloaded to processor 'ps7_cortexa9_0'.
13:16:26 INFO  : 'configparams force-mem-access 0' command is executed.
13:16:26 INFO  : ----------------XSDB Script----------------
connect -url tcp:127.0.0.1:3121
source C:/Xilinx/SoC/matrixmul002/matrixmul002.sdk/design_1_wrapper_hw_platform_0/ps7_init.tcl
targets -set -nocase -filter {name =~"APU*" && jtag_cable_name =~ "Digilent JTAG-SMT2 210251988368"} -index 0
loadhw -hw C:/Xilinx/SoC/matrixmul002/matrixmul002.sdk/design_1_wrapper_hw_platform_0/system.hdf -mem-ranges [list {0x40000000 0xbfffffff}]
configparams force-mem-access 1
targets -set -nocase -filter {name =~"APU*" && jtag_cable_name =~ "Digilent JTAG-SMT2 210251988368"} -index 0
stop
ps7_init
ps7_post_config
targets -set -nocase -filter {name =~ "ARM*#0" && jtag_cable_name =~ "Digilent JTAG-SMT2 210251988368"} -index 0
rst -processor
targets -set -nocase -filter {name =~ "ARM*#0" && jtag_cable_name =~ "Digilent JTAG-SMT2 210251988368"} -index 0
dow C:/Xilinx/SoC/matrixmul002/matrixmul002.sdk/matrixmul/Debug/matrixmul.elf
configparams force-mem-access 0
----------------End of Script----------------

13:16:26 INFO  : Context for processor 'ps7_cortexa9_0' is selected.
13:16:26 INFO  : 'con' command is executed.
13:16:26 INFO  : ----------------XSDB Script (After Launch)----------------
targets -set -nocase -filter {name =~ "ARM*#0" && jtag_cable_name =~ "Digilent JTAG-SMT2 210251988368"} -index 0
con
----------------End of Script----------------

13:16:26 INFO  : Disconnected from the channel tcfchan#27.
13:19:02 INFO  : 'targets -set -filter {jtag_cable_name =~ "Digilent JTAG-SMT2 210251988368" && level==0} -index 1' command is executed.
13:19:02 INFO  : 'fpga -state' command is executed.
13:19:02 INFO  : Connected to target on host '127.0.0.1' and port '3121'.
13:19:02 INFO  : Jtag cable 'Digilent JTAG-SMT2 210251988368' is selected.
13:19:02 INFO  : 'jtag frequency' command is executed.
13:19:02 INFO  : Sourcing of 'C:/Xilinx/SoC/matrixmul002/matrixmul002.sdk/design_1_wrapper_hw_platform_0/ps7_init.tcl' is done.
13:19:02 INFO  : Context for 'APU' is selected.
13:19:03 INFO  : Hardware design information is loaded from 'C:/Xilinx/SoC/matrixmul002/matrixmul002.sdk/design_1_wrapper_hw_platform_0/system.hdf'.
13:19:03 INFO  : 'configparams force-mem-access 1' command is executed.
13:19:03 INFO  : Context for 'APU' is selected.
13:19:03 INFO  : 'stop' command is executed.
13:19:03 INFO  : 'ps7_init' command is executed.
13:19:03 INFO  : 'ps7_post_config' command is executed.
13:19:03 INFO  : Context for processor 'ps7_cortexa9_0' is selected.
13:19:03 INFO  : Processor reset is completed for 'ps7_cortexa9_0'.
13:19:03 INFO  : Context for processor 'ps7_cortexa9_0' is selected.
13:19:04 INFO  : The application 'C:/Xilinx/SoC/matrixmul002/matrixmul002.sdk/matrixmul/Debug/matrixmul.elf' is downloaded to processor 'ps7_cortexa9_0'.
13:19:04 INFO  : 'configparams force-mem-access 0' command is executed.
13:19:04 INFO  : ----------------XSDB Script----------------
connect -url tcp:127.0.0.1:3121
source C:/Xilinx/SoC/matrixmul002/matrixmul002.sdk/design_1_wrapper_hw_platform_0/ps7_init.tcl
targets -set -nocase -filter {name =~"APU*" && jtag_cable_name =~ "Digilent JTAG-SMT2 210251988368"} -index 0
loadhw -hw C:/Xilinx/SoC/matrixmul002/matrixmul002.sdk/design_1_wrapper_hw_platform_0/system.hdf -mem-ranges [list {0x40000000 0xbfffffff}]
configparams force-mem-access 1
targets -set -nocase -filter {name =~"APU*" && jtag_cable_name =~ "Digilent JTAG-SMT2 210251988368"} -index 0
stop
ps7_init
ps7_post_config
targets -set -nocase -filter {name =~ "ARM*#0" && jtag_cable_name =~ "Digilent JTAG-SMT2 210251988368"} -index 0
rst -processor
targets -set -nocase -filter {name =~ "ARM*#0" && jtag_cable_name =~ "Digilent JTAG-SMT2 210251988368"} -index 0
dow C:/Xilinx/SoC/matrixmul002/matrixmul002.sdk/matrixmul/Debug/matrixmul.elf
configparams force-mem-access 0
----------------End of Script----------------

13:19:04 INFO  : Context for processor 'ps7_cortexa9_0' is selected.
13:19:04 INFO  : 'con' command is executed.
13:19:04 INFO  : ----------------XSDB Script (After Launch)----------------
targets -set -nocase -filter {name =~ "ARM*#0" && jtag_cable_name =~ "Digilent JTAG-SMT2 210251988368"} -index 0
con
----------------End of Script----------------

13:19:04 INFO  : Disconnected from the channel tcfchan#28.
13:20:04 INFO  : 'targets -set -filter {jtag_cable_name =~ "Digilent JTAG-SMT2 210251988368" && level==0} -index 1' command is executed.
13:20:04 INFO  : 'fpga -state' command is executed.
13:20:04 INFO  : Connected to target on host '127.0.0.1' and port '3121'.
13:20:05 INFO  : Jtag cable 'Digilent JTAG-SMT2 210251988368' is selected.
13:20:05 INFO  : 'jtag frequency' command is executed.
13:20:05 INFO  : Sourcing of 'C:/Xilinx/SoC/matrixmul002/matrixmul002.sdk/design_1_wrapper_hw_platform_0/ps7_init.tcl' is done.
13:20:05 INFO  : Context for 'APU' is selected.
13:20:06 INFO  : Hardware design information is loaded from 'C:/Xilinx/SoC/matrixmul002/matrixmul002.sdk/design_1_wrapper_hw_platform_0/system.hdf'.
13:20:06 INFO  : 'configparams force-mem-access 1' command is executed.
13:20:06 INFO  : Context for 'APU' is selected.
13:20:06 INFO  : 'stop' command is executed.
13:20:06 INFO  : 'ps7_init' command is executed.
13:20:06 INFO  : 'ps7_post_config' command is executed.
13:20:06 INFO  : Context for processor 'ps7_cortexa9_0' is selected.
13:20:06 INFO  : Processor reset is completed for 'ps7_cortexa9_0'.
13:20:06 INFO  : Context for processor 'ps7_cortexa9_0' is selected.
13:20:07 INFO  : The application 'C:/Xilinx/SoC/matrixmul002/matrixmul002.sdk/matrixmul/Debug/matrixmul.elf' is downloaded to processor 'ps7_cortexa9_0'.
13:20:07 INFO  : 'configparams force-mem-access 0' command is executed.
13:20:07 INFO  : ----------------XSDB Script----------------
connect -url tcp:127.0.0.1:3121
source C:/Xilinx/SoC/matrixmul002/matrixmul002.sdk/design_1_wrapper_hw_platform_0/ps7_init.tcl
targets -set -nocase -filter {name =~"APU*" && jtag_cable_name =~ "Digilent JTAG-SMT2 210251988368"} -index 0
loadhw -hw C:/Xilinx/SoC/matrixmul002/matrixmul002.sdk/design_1_wrapper_hw_platform_0/system.hdf -mem-ranges [list {0x40000000 0xbfffffff}]
configparams force-mem-access 1
targets -set -nocase -filter {name =~"APU*" && jtag_cable_name =~ "Digilent JTAG-SMT2 210251988368"} -index 0
stop
ps7_init
ps7_post_config
targets -set -nocase -filter {name =~ "ARM*#0" && jtag_cable_name =~ "Digilent JTAG-SMT2 210251988368"} -index 0
rst -processor
targets -set -nocase -filter {name =~ "ARM*#0" && jtag_cable_name =~ "Digilent JTAG-SMT2 210251988368"} -index 0
dow C:/Xilinx/SoC/matrixmul002/matrixmul002.sdk/matrixmul/Debug/matrixmul.elf
configparams force-mem-access 0
----------------End of Script----------------

13:20:07 INFO  : Context for processor 'ps7_cortexa9_0' is selected.
13:20:07 INFO  : 'con' command is executed.
13:20:07 INFO  : ----------------XSDB Script (After Launch)----------------
targets -set -nocase -filter {name =~ "ARM*#0" && jtag_cable_name =~ "Digilent JTAG-SMT2 210251988368"} -index 0
con
----------------End of Script----------------

13:20:07 INFO  : Disconnected from the channel tcfchan#29.
13:43:29 INFO  : 'targets -set -filter {jtag_cable_name =~ "Digilent JTAG-SMT2 210251988368" && level==0} -index 1' command is executed.
13:43:29 INFO  : 'fpga -state' command is executed.
13:43:29 INFO  : Connected to target on host '127.0.0.1' and port '3121'.
13:43:30 INFO  : Jtag cable 'Digilent JTAG-SMT2 210251988368' is selected.
13:43:30 INFO  : 'jtag frequency' command is executed.
13:43:30 INFO  : Sourcing of 'C:/Xilinx/SoC/matrixmul002/matrixmul002.sdk/design_1_wrapper_hw_platform_0/ps7_init.tcl' is done.
13:43:30 INFO  : Context for 'APU' is selected.
13:43:31 INFO  : Hardware design information is loaded from 'C:/Xilinx/SoC/matrixmul002/matrixmul002.sdk/design_1_wrapper_hw_platform_0/system.hdf'.
13:43:31 INFO  : 'configparams force-mem-access 1' command is executed.
13:43:31 INFO  : Context for 'APU' is selected.
13:43:31 INFO  : 'stop' command is executed.
13:43:31 INFO  : 'ps7_init' command is executed.
13:43:31 INFO  : 'ps7_post_config' command is executed.
13:43:31 INFO  : Context for processor 'ps7_cortexa9_0' is selected.
13:43:31 INFO  : Processor reset is completed for 'ps7_cortexa9_0'.
13:43:31 INFO  : Context for processor 'ps7_cortexa9_0' is selected.
13:43:31 INFO  : The application 'C:/Xilinx/SoC/matrixmul002/matrixmul002.sdk/matrixmul/Debug/matrixmul.elf' is downloaded to processor 'ps7_cortexa9_0'.
13:43:31 INFO  : 'configparams force-mem-access 0' command is executed.
13:43:31 INFO  : ----------------XSDB Script----------------
connect -url tcp:127.0.0.1:3121
source C:/Xilinx/SoC/matrixmul002/matrixmul002.sdk/design_1_wrapper_hw_platform_0/ps7_init.tcl
targets -set -nocase -filter {name =~"APU*" && jtag_cable_name =~ "Digilent JTAG-SMT2 210251988368"} -index 0
loadhw -hw C:/Xilinx/SoC/matrixmul002/matrixmul002.sdk/design_1_wrapper_hw_platform_0/system.hdf -mem-ranges [list {0x40000000 0xbfffffff}]
configparams force-mem-access 1
targets -set -nocase -filter {name =~"APU*" && jtag_cable_name =~ "Digilent JTAG-SMT2 210251988368"} -index 0
stop
ps7_init
ps7_post_config
targets -set -nocase -filter {name =~ "ARM*#0" && jtag_cable_name =~ "Digilent JTAG-SMT2 210251988368"} -index 0
rst -processor
targets -set -nocase -filter {name =~ "ARM*#0" && jtag_cable_name =~ "Digilent JTAG-SMT2 210251988368"} -index 0
dow C:/Xilinx/SoC/matrixmul002/matrixmul002.sdk/matrixmul/Debug/matrixmul.elf
configparams force-mem-access 0
----------------End of Script----------------

13:43:31 INFO  : Context for processor 'ps7_cortexa9_0' is selected.
13:43:31 INFO  : 'con' command is executed.
13:43:31 INFO  : ----------------XSDB Script (After Launch)----------------
targets -set -nocase -filter {name =~ "ARM*#0" && jtag_cable_name =~ "Digilent JTAG-SMT2 210251988368"} -index 0
con
----------------End of Script----------------

13:43:31 INFO  : Disconnected from the channel tcfchan#30.
