==============================================================
File generated by Vivado(TM) HLS - High-Level Synthesis from C, C++ and SystemC
Version: 2018.2
Copyright (C) 1986-2018 Xilinx, Inc. All Rights Reserved.

==============================================================

INFO: [SYN 201-201] Setting up clock 'default' with a period of 10ns.
INFO: [HLS 200-10] Setting target device to 'xc7z020clg484-1'
INFO: [SIM 211-2] *************** CSIM start ***************
INFO: [SIM 211-4] CSIM will launch GCC as the compiler.
ERROR: [SIM 211-100] 'csim_design' failed: nonzero return value.
INFO: [SIM 211-3] *************** CSIM finish ***************
==============================================================
File generated by Vivado(TM) HLS - High-Level Synthesis from C, C++ and SystemC
Version: 2018.2
Copyright (C) 1986-2018 Xilinx, Inc. All Rights Reserved.

==============================================================

INFO: [SYN 201-201] Setting up clock 'default' with a period of 10ns.
INFO: [HLS 200-10] Setting target device to 'xc7z020clg484-1'
INFO: [SIM 211-2] *************** CSIM start ***************
INFO: [SIM 211-4] CSIM will launch GCC as the compiler.
ERROR: [SIM 211-100] 'csim_design' failed: nonzero return value.
INFO: [SIM 211-3] *************** CSIM finish ***************
==============================================================
File generated by Vivado(TM) HLS - High-Level Synthesis from C, C++ and SystemC
Version: 2018.2
Copyright (C) 1986-2018 Xilinx, Inc. All Rights Reserved.

==============================================================

INFO: [SYN 201-201] Setting up clock 'default' with a period of 10ns.
INFO: [HLS 200-10] Setting target device to 'xc7z020clg484-1'
INFO: [SIM 211-2] *************** CSIM start ***************
INFO: [SIM 211-4] CSIM will launch GCC as the compiler.
ERROR: [SIM 211-100] 'csim_design' failed: nonzero return value.
INFO: [SIM 211-3] *************** CSIM finish ***************
==============================================================
File generated by Vivado(TM) HLS - High-Level Synthesis from C, C++ and SystemC
Version: 2018.2
Copyright (C) 1986-2018 Xilinx, Inc. All Rights Reserved.

==============================================================

INFO: [SYN 201-201] Setting up clock 'default' with a period of 10ns.
INFO: [HLS 200-10] Setting target device to 'xc7z020clg484-1'
INFO: [SIM 211-2] *************** CSIM start ***************
INFO: [SIM 211-4] CSIM will launch GCC as the compiler.
ERROR: [SIM 211-100] 'csim_design' failed: nonzero return value.
INFO: [SIM 211-3] *************** CSIM finish ***************
==============================================================
File generated by Vivado(TM) HLS - High-Level Synthesis from C, C++ and SystemC
Version: 2018.2
Copyright (C) 1986-2018 Xilinx, Inc. All Rights Reserved.

==============================================================

INFO: [SYN 201-201] Setting up clock 'default' with a period of 10ns.
INFO: [HLS 200-10] Setting target device to 'xc7z020clg484-1'
INFO: [SIM 211-2] *************** CSIM start ***************
INFO: [SIM 211-4] CSIM will launch GCC as the compiler.
INFO: [SIM 211-1] CSim done with 0 errors.
INFO: [SIM 211-3] *************** CSIM finish ***************
==============================================================
File generated by Vivado(TM) HLS - High-Level Synthesis from C, C++ and SystemC
Version: 2018.2
Copyright (C) 1986-2018 Xilinx, Inc. All Rights Reserved.

==============================================================

INFO: [SYN 201-201] Setting up clock 'default' with a period of 10ns.
INFO: [HLS 200-10] Setting target device to 'xc7z020clg484-1'
INFO: [SYN 201-201] Setting up clock 'default' with a period of 10ns.
INFO: [HLS 200-10] Analyzing design file 'matrixmul/matrixmul.cpp' ... 
INFO: [HLS 200-111] Finished Linking Time (s): cpu = 00:00:01 ; elapsed = 00:00:05 . Memory (MB): peak = 101.352 ; gain = 45.562
INFO: [HLS 200-111] Finished Checking Pragmas Time (s): cpu = 00:00:01 ; elapsed = 00:00:05 . Memory (MB): peak = 101.352 ; gain = 45.562
INFO: [HLS 200-10] Starting code transformations ...
INFO: [HLS 200-111] Finished Standard Transforms Time (s): cpu = 00:00:01 ; elapsed = 00:00:05 . Memory (MB): peak = 103.082 ; gain = 47.293
INFO: [HLS 200-10] Checking synthesizability ...
ERROR: [SYNCHK 200-61] matrixmul/matrixmul.cpp:13: unsupported memory access on variable 'AB' which is (or contains) an array with unknown size at compile time.
INFO: [SYNCHK 200-10] 1 error(s), 0 warning(s).
ERROR: [HLS 200-70] Synthesizability check failed.
==============================================================
File generated by Vivado(TM) HLS - High-Level Synthesis from C, C++ and SystemC
Version: 2018.2
Copyright (C) 1986-2018 Xilinx, Inc. All Rights Reserved.

==============================================================

INFO: [SYN 201-201] Setting up clock 'default' with a period of 10ns.
INFO: [HLS 200-10] Setting target device to 'xc7z020clg484-1'
INFO: [SIM 211-2] *************** CSIM start ***************
INFO: [SIM 211-4] CSIM will launch GCC as the compiler.
INFO: [SIM 211-1] CSim done with 0 errors.
INFO: [SIM 211-3] *************** CSIM finish ***************
==============================================================
File generated by Vivado(TM) HLS - High-Level Synthesis from C, C++ and SystemC
Version: 2018.2
Copyright (C) 1986-2018 Xilinx, Inc. All Rights Reserved.

==============================================================

INFO: [SYN 201-201] Setting up clock 'default' with a period of 10ns.
INFO: [HLS 200-10] Setting target device to 'xc7z020clg484-1'
INFO: [SYN 201-201] Setting up clock 'default' with a period of 10ns.
INFO: [HLS 200-10] Analyzing design file 'matrixmul/matrixmul.cpp' ... 
INFO: [HLS 200-111] Finished Linking Time (s): cpu = 00:00:01 ; elapsed = 00:00:05 . Memory (MB): peak = 101.332 ; gain = 45.461
INFO: [HLS 200-111] Finished Checking Pragmas Time (s): cpu = 00:00:01 ; elapsed = 00:00:05 . Memory (MB): peak = 101.332 ; gain = 45.461
INFO: [HLS 200-10] Starting code transformations ...
INFO: [HLS 200-111] Finished Standard Transforms Time (s): cpu = 00:00:01 ; elapsed = 00:00:05 . Memory (MB): peak = 102.949 ; gain = 47.078
INFO: [HLS 200-10] Checking synthesizability ...
ERROR: [SYNCHK 200-61] matrixmul/matrixmul.cpp:13: unsupported memory access on variable 'AB' which is (or contains) an array with unknown size at compile time.
INFO: [SYNCHK 200-10] 1 error(s), 0 warning(s).
ERROR: [HLS 200-70] Synthesizability check failed.
==============================================================
File generated by Vivado(TM) HLS - High-Level Synthesis from C, C++ and SystemC
Version: 2018.2
Copyright (C) 1986-2018 Xilinx, Inc. All Rights Reserved.

==============================================================

INFO: [SYN 201-201] Setting up clock 'default' with a period of 10ns.
INFO: [HLS 200-10] Setting target device to 'xc7z020clg484-1'
INFO: [SIM 211-2] *************** CSIM start ***************
INFO: [SIM 211-4] CSIM will launch GCC as the compiler.
INFO: [SIM 211-1] CSim done with 0 errors.
INFO: [SIM 211-3] *************** CSIM finish ***************
==============================================================
File generated by Vivado(TM) HLS - High-Level Synthesis from C, C++ and SystemC
Version: 2018.2
Copyright (C) 1986-2018 Xilinx, Inc. All Rights Reserved.

==============================================================

INFO: [SYN 201-201] Setting up clock 'default' with a period of 10ns.
INFO: [HLS 200-10] Setting target device to 'xc7z020clg484-1'
INFO: [SYN 201-201] Setting up clock 'default' with a period of 10ns.
INFO: [HLS 200-10] Analyzing design file 'matrixmul/matrixmul.cpp' ... 
INFO: [HLS 200-111] Finished Linking Time (s): cpu = 00:00:01 ; elapsed = 00:00:05 . Memory (MB): peak = 101.461 ; gain = 45.012
INFO: [HLS 200-111] Finished Checking Pragmas Time (s): cpu = 00:00:01 ; elapsed = 00:00:05 . Memory (MB): peak = 101.461 ; gain = 45.012
INFO: [HLS 200-10] Starting code transformations ...
INFO: [HLS 200-111] Finished Standard Transforms Time (s): cpu = 00:00:01 ; elapsed = 00:00:05 . Memory (MB): peak = 102.941 ; gain = 46.492
INFO: [HLS 200-10] Checking synthesizability ...
ERROR: [SYNCHK 200-61] matrixmul/matrixmul.cpp:13: unsupported memory access on variable 'AB' which is (or contains) an array with unknown size at compile time.
INFO: [SYNCHK 200-10] 1 error(s), 0 warning(s).
ERROR: [HLS 200-70] Synthesizability check failed.
==============================================================
File generated by Vivado(TM) HLS - High-Level Synthesis from C, C++ and SystemC
Version: 2018.2
Copyright (C) 1986-2018 Xilinx, Inc. All Rights Reserved.

==============================================================

INFO: [SYN 201-201] Setting up clock 'default' with a period of 10ns.
INFO: [HLS 200-10] Setting target device to 'xc7z020clg484-1'
INFO: [SIM 211-2] *************** CSIM start ***************
INFO: [SIM 211-4] CSIM will launch GCC as the compiler.
ERROR: [SIM 211-100] CSim failed with errors.
INFO: [SIM 211-3] *************** CSIM finish ***************
==============================================================
File generated by Vivado(TM) HLS - High-Level Synthesis from C, C++ and SystemC
Version: 2018.2
Copyright (C) 1986-2018 Xilinx, Inc. All Rights Reserved.

==============================================================

INFO: [SYN 201-201] Setting up clock 'default' with a period of 10ns.
INFO: [HLS 200-10] Setting target device to 'xc7z020clg484-1'
INFO: [SIM 211-2] *************** CSIM start ***************
INFO: [SIM 211-4] CSIM will launch GCC as the compiler.
ERROR: [SIM 211-100] CSim failed with errors.
INFO: [SIM 211-3] *************** CSIM finish ***************
==============================================================
File generated by Vivado(TM) HLS - High-Level Synthesis from C, C++ and SystemC
Version: 2018.2
Copyright (C) 1986-2018 Xilinx, Inc. All Rights Reserved.

==============================================================

INFO: [SYN 201-201] Setting up clock 'default' with a period of 10ns.
INFO: [HLS 200-10] Setting target device to 'xc7z020clg484-1'
INFO: [SIM 211-2] *************** CSIM start ***************
INFO: [SIM 211-4] CSIM will launch GCC as the compiler.
ERROR: [SIM 211-100] 'csim_design' failed: compilation error(s).
INFO: [SIM 211-3] *************** CSIM finish ***************
==============================================================
File generated by Vivado(TM) HLS - High-Level Synthesis from C, C++ and SystemC
Version: 2018.2
Copyright (C) 1986-2018 Xilinx, Inc. All Rights Reserved.

==============================================================

INFO: [SYN 201-201] Setting up clock 'default' with a period of 10ns.
INFO: [HLS 200-10] Setting target device to 'xc7z020clg484-1'
INFO: [SYN 201-201] Setting up clock 'default' with a period of 10ns.
INFO: [HLS 200-10] Analyzing design file 'matrixmul/matrixmul.cpp' ... 
WARNING: [HLS 200-40] In file included from matrixmul/matrixmul.cpp:1:
In file included from matrixmul/matrixmul.cpp:1:
matrixmul/matrixmul.h:19:1: error: unknown type name 's'
s
^
In file included from matrixmul/matrixmul.cpp:1:
matrixmul/matrixmul.cpp:3:1: error: expected unqualified-id
void matrixmul(unsigned int lm, unsigned int ln, unsigned int lp, mat_a_t A[32][32], mat_b_t B[32][32], result_t AB[32][32]) {
^
2 errors generated.\n
ERROR: [HLS 200-70] Compilation errors found: Pragma processor failed: In file included from matrixmul/matrixmul.cpp:1:
In file included from matrixmul/matrixmul.cpp:1:
matrixmul/matrixmul.h:19:1: error: unknown type name 's'
s
^
In file included from matrixmul/matrixmul.cpp:1:
matrixmul/matrixmul.cpp:3:1: error: expected unqualified-id
void matrixmul(unsigned int lm, unsigned int ln, unsigned int lp, mat_a_t A[32][32], mat_b_t B[32][32], result_t AB[32][32]) {
^
2 errors generated.
==============================================================
File generated by Vivado(TM) HLS - High-Level Synthesis from C, C++ and SystemC
Version: 2018.2
Copyright (C) 1986-2018 Xilinx, Inc. All Rights Reserved.

==============================================================

INFO: [SYN 201-201] Setting up clock 'default' with a period of 10ns.
INFO: [HLS 200-10] Setting target device to 'xc7z020clg484-1'
INFO: [HLS 200-10] Analyzing design file 'matrixmul/matrixmul.cpp' ... 
WARNING: [HLS 200-40] In file included from matrixmul/matrixmul.cpp:1:
In file included from matrixmul/matrixmul.cpp:1:
matrixmul/matrixmul.h:19:1: error: unknown type name 's'
s
^
In file included from matrixmul/matrixmul.cpp:1:
matrixmul/matrixmul.cpp:4:1: error: expected unqualified-id
void matrixmul(unsigned int lm, unsigned int ln, unsigned int lp, mat_a_t A[32][32], mat_b_t B[32][32], result_t AB[32][32]) {
^
2 errors generated.\n
ERROR: [HLS 200-70] Compilation errors found: Pragma processor failed: In file included from matrixmul/matrixmul.cpp:1:
In file included from matrixmul/matrixmul.cpp:1:
matrixmul/matrixmul.h:19:1: error: unknown type name 's'
s
^
In file included from matrixmul/matrixmul.cpp:1:
matrixmul/matrixmul.cpp:4:1: error: expected unqualified-id
void matrixmul(unsigned int lm, unsigned int ln, unsigned int lp, mat_a_t A[32][32], mat_b_t B[32][32], result_t AB[32][32]) {
^
2 errors generated.
==============================================================
File generated by Vivado(TM) HLS - High-Level Synthesis from C, C++ and SystemC
Version: 2018.2
Copyright (C) 1986-2018 Xilinx, Inc. All Rights Reserved.

==============================================================

INFO: [SYN 201-201] Setting up clock 'default' with a period of 10ns.
INFO: [HLS 200-10] Setting target device to 'xc7z020clg484-1'
INFO: [SIM 211-2] *************** CSIM start ***************
INFO: [SIM 211-4] CSIM will launch GCC as the compiler.
ERROR: [SIM 211-100] 'csim_design' failed: compilation error(s).
INFO: [SIM 211-3] *************** CSIM finish ***************
==============================================================
File generated by Vivado(TM) HLS - High-Level Synthesis from C, C++ and SystemC
Version: 2018.2
Copyright (C) 1986-2018 Xilinx, Inc. All Rights Reserved.

==============================================================

INFO: [SYN 201-201] Setting up clock 'default' with a period of 10ns.
INFO: [HLS 200-10] Setting target device to 'xc7z020clg484-1'
INFO: [SIM 211-2] *************** CSIM start ***************
INFO: [SIM 211-4] CSIM will launch GCC as the compiler.
INFO: [SIM 211-1] CSim done with 0 errors.
INFO: [SIM 211-3] *************** CSIM finish ***************
==============================================================
File generated by Vivado(TM) HLS - High-Level Synthesis from C, C++ and SystemC
Version: 2018.2
Copyright (C) 1986-2018 Xilinx, Inc. All Rights Reserved.

==============================================================

INFO: [SYN 201-201] Setting up clock 'default' with a period of 10ns.
INFO: [HLS 200-10] Setting target device to 'xc7z020clg484-1'
INFO: [SYN 201-201] Setting up clock 'default' with a period of 10ns.
INFO: [HLS 200-10] Analyzing design file 'matrixmul/matrixmul.cpp' ... 
INFO: [HLS 200-111] Finished Linking Time (s): cpu = 00:00:01 ; elapsed = 00:00:05 . Memory (MB): peak = 101.270 ; gain = 45.098
INFO: [HLS 200-111] Finished Checking Pragmas Time (s): cpu = 00:00:01 ; elapsed = 00:00:05 . Memory (MB): peak = 101.270 ; gain = 45.098
INFO: [HLS 200-10] Starting code transformations ...
INFO: [HLS 200-111] Finished Standard Transforms Time (s): cpu = 00:00:01 ; elapsed = 00:00:05 . Memory (MB): peak = 103.082 ; gain = 46.910
INFO: [HLS 200-10] Checking synthesizability ...
ERROR: [SYNCHK 200-61] matrixmul/matrixmul.cpp:15: unsupported memory access on variable 'AB' which is (or contains) an array with unknown size at compile time.
INFO: [SYNCHK 200-10] 1 error(s), 0 warning(s).
ERROR: [HLS 200-70] Synthesizability check failed.
==============================================================
File generated by Vivado(TM) HLS - High-Level Synthesis from C, C++ and SystemC
Version: 2018.2
Copyright (C) 1986-2018 Xilinx, Inc. All Rights Reserved.

==============================================================

INFO: [SYN 201-201] Setting up clock 'default' with a period of 10ns.
INFO: [HLS 200-10] Setting target device to 'xc7z020clg484-1'
INFO: [SIM 211-2] *************** CSIM start ***************
INFO: [SIM 211-4] CSIM will launch GCC as the compiler.
INFO: [SIM 211-1] CSim done with 0 errors.
INFO: [SIM 211-3] *************** CSIM finish ***************
==============================================================
File generated by Vivado(TM) HLS - High-Level Synthesis from C, C++ and SystemC
Version: 2018.2
Copyright (C) 1986-2018 Xilinx, Inc. All Rights Reserved.

==============================================================

INFO: [SYN 201-201] Setting up clock 'default' with a period of 10ns.
INFO: [HLS 200-10] Setting target device to 'xc7z020clg484-1'
INFO: [SYN 201-201] Setting up clock 'default' with a period of 10ns.
INFO: [HLS 200-10] Analyzing design file 'matrixmul/matrixmul.cpp' ... 
INFO: [HLS 200-111] Finished Linking Time (s): cpu = 00:00:01 ; elapsed = 00:00:05 . Memory (MB): peak = 101.602 ; gain = 45.504
INFO: [HLS 200-111] Finished Checking Pragmas Time (s): cpu = 00:00:01 ; elapsed = 00:00:05 . Memory (MB): peak = 101.602 ; gain = 45.504
INFO: [HLS 200-10] Starting code transformations ...
INFO: [HLS 200-111] Finished Standard Transforms Time (s): cpu = 00:00:01 ; elapsed = 00:00:05 . Memory (MB): peak = 103.148 ; gain = 47.051
INFO: [HLS 200-10] Checking synthesizability ...
INFO: [HLS 200-111] Finished Checking Synthesizability Time (s): cpu = 00:00:01 ; elapsed = 00:00:05 . Memory (MB): peak = 103.402 ; gain = 47.305
INFO: [HLS 200-111] Finished Pre-synthesis Time (s): cpu = 00:00:01 ; elapsed = 00:00:05 . Memory (MB): peak = 124.578 ; gain = 68.480
INFO: [HLS 200-111] Finished Architecture Synthesis Time (s): cpu = 00:00:01 ; elapsed = 00:00:05 . Memory (MB): peak = 124.578 ; gain = 68.480
INFO: [HLS 200-10] Starting hardware synthesis ...
INFO: [HLS 200-10] Synthesizing 'matrixmul' ...
INFO: [HLS 200-10] ----------------------------------------------------------------
INFO: [HLS 200-42] -- Implementing module 'matrixmul' 
INFO: [HLS 200-10] ----------------------------------------------------------------
INFO: [SCHED 204-11] Starting scheduling ...
WARNING: [SCHED 204-21] Estimated clock period (9.634ns) exceeds the target (target clock period: 10ns, clock uncertainty: 1.25ns, effective delay budget: 8.75ns).
WARNING: [SCHED 204-21] The critical path consists of the following:
	'mul' operation ('tmp_2', matrixmul/matrixmul.cpp:22) (3.36 ns)
	'add' operation ('tmp_4', matrixmul/matrixmul.cpp:22) (3.02 ns)
	'store' operation (matrixmul/matrixmul.cpp:22) of variable 'tmp_4', matrixmul/matrixmul.cpp:22 on array 'AB' (3.25 ns)
INFO: [SCHED 204-11] Finished scheduling.
INFO: [HLS 200-111]  Elapsed time: 5.231 seconds; current allocated memory: 75.897 MB.
INFO: [HLS 200-434] Only 0 loops out of a total 5 loops have been pipelined in this design.
INFO: [BIND 205-100] Starting micro-architecture generation ...
INFO: [BIND 205-101] Performing variable lifetime analysis.
INFO: [BIND 205-101] Exploring resource sharing.
INFO: [BIND 205-101] Binding ...
INFO: [BIND 205-100] Finished micro-architecture generation.
INFO: [HLS 200-111]  Elapsed time: 0.055 seconds; current allocated memory: 76.115 MB.
INFO: [HLS 200-10] ----------------------------------------------------------------
INFO: [HLS 200-10] -- Generating RTL for module 'matrixmul' 
INFO: [HLS 200-10] ----------------------------------------------------------------
INFO: [RTGEN 206-500] Setting interface mode on port 'matrixmul/lm' to 'ap_none'.
INFO: [RTGEN 206-500] Setting interface mode on port 'matrixmul/ln' to 'ap_none'.
INFO: [RTGEN 206-500] Setting interface mode on port 'matrixmul/lp' to 'ap_none'.
INFO: [RTGEN 206-500] Setting interface mode on port 'matrixmul/A' to 'ap_memory'.
INFO: [RTGEN 206-500] Setting interface mode on port 'matrixmul/B' to 'ap_memory'.
INFO: [RTGEN 206-500] Setting interface mode on port 'matrixmul/AB' to 'ap_memory'.
INFO: [RTGEN 206-500] Setting interface mode on function 'matrixmul' to 'ap_ctrl_hs'.
INFO: [SYN 201-210] Renamed object name 'matrixmul_mac_muladd_8ns_8ns_32ns_32_1_1' to 'matrixmul_mac_mulbkb' due to the length limit 20
INFO: [RTGEN 206-100] Generating core module 'matrixmul_mac_mulbkb': 1 instance(s).
INFO: [RTGEN 206-100] Finished creating RTL model for 'matrixmul'.
INFO: [HLS 200-111]  Elapsed time: 0.107 seconds; current allocated memory: 76.555 MB.
INFO: [HLS 200-111] Finished generating all RTL models Time (s): cpu = 00:00:02 ; elapsed = 00:00:06 . Memory (MB): peak = 125.426 ; gain = 69.328
INFO: [SYSC 207-301] Generating SystemC RTL for matrixmul.
INFO: [VHDL 208-304] Generating VHDL RTL for matrixmul.
INFO: [VLOG 209-307] Generating Verilog RTL for matrixmul.
INFO: [HLS 200-112] Total elapsed time: 6.511 seconds; peak allocated memory: 76.555 MB.
==============================================================
File generated by Vivado(TM) HLS - High-Level Synthesis from C, C++ and SystemC
Version: 2018.2
Copyright (C) 1986-2018 Xilinx, Inc. All Rights Reserved.

==============================================================

INFO: [SYN 201-201] Setting up clock 'default' with a period of 10ns.
INFO: [HLS 200-10] Setting target device to 'xc7z020clg484-1'
INFO: [HLS 200-10] Analyzing design file 'matrixmul/matrixmul.cpp' ... 
INFO: [HLS 200-111] Finished Linking Time (s): cpu = 00:00:01 ; elapsed = 00:00:05 . Memory (MB): peak = 101.703 ; gain = 45.957
INFO: [HLS 200-111] Finished Checking Pragmas Time (s): cpu = 00:00:01 ; elapsed = 00:00:05 . Memory (MB): peak = 101.703 ; gain = 45.957
INFO: [HLS 200-10] Starting code transformations ...
INFO: [HLS 200-111] Finished Standard Transforms Time (s): cpu = 00:00:01 ; elapsed = 00:00:05 . Memory (MB): peak = 103.281 ; gain = 47.535
INFO: [HLS 200-10] Checking synthesizability ...
INFO: [HLS 200-111] Finished Checking Synthesizability Time (s): cpu = 00:00:01 ; elapsed = 00:00:05 . Memory (MB): peak = 103.539 ; gain = 47.793
INFO: [HLS 200-111] Finished Pre-synthesis Time (s): cpu = 00:00:01 ; elapsed = 00:00:05 . Memory (MB): peak = 124.168 ; gain = 68.422
INFO: [HLS 200-111] Finished Architecture Synthesis Time (s): cpu = 00:00:01 ; elapsed = 00:00:05 . Memory (MB): peak = 124.168 ; gain = 68.422
INFO: [HLS 200-10] Starting hardware synthesis ...
INFO: [HLS 200-10] Synthesizing 'matrixmul' ...
INFO: [HLS 200-10] ----------------------------------------------------------------
INFO: [HLS 200-42] -- Implementing module 'matrixmul' 
INFO: [HLS 200-10] ----------------------------------------------------------------
INFO: [SCHED 204-11] Starting scheduling ...
WARNING: [SCHED 204-21] Estimated clock period (9.634ns) exceeds the target (target clock period: 10ns, clock uncertainty: 1.25ns, effective delay budget: 8.75ns).
WARNING: [SCHED 204-21] The critical path consists of the following:
	'mul' operation ('tmp_2', matrixmul/matrixmul.cpp:22) (3.36 ns)
	'add' operation ('tmp_4', matrixmul/matrixmul.cpp:22) (3.02 ns)
	'store' operation (matrixmul/matrixmul.cpp:22) of variable 'tmp_4', matrixmul/matrixmul.cpp:22 on array 'AB' (3.25 ns)
INFO: [SCHED 204-11] Finished scheduling.
INFO: [HLS 200-111]  Elapsed time: 5.181 seconds; current allocated memory: 75.834 MB.
INFO: [HLS 200-434] Only 0 loops out of a total 5 loops have been pipelined in this design.
INFO: [BIND 205-100] Starting micro-architecture generation ...
INFO: [BIND 205-101] Performing variable lifetime analysis.
INFO: [BIND 205-101] Exploring resource sharing.
INFO: [BIND 205-101] Binding ...
INFO: [BIND 205-100] Finished micro-architecture generation.
INFO: [HLS 200-111]  Elapsed time: 0.051 seconds; current allocated memory: 76.068 MB.
INFO: [HLS 200-10] ----------------------------------------------------------------
INFO: [HLS 200-10] -- Generating RTL for module 'matrixmul' 
INFO: [HLS 200-10] ----------------------------------------------------------------
INFO: [RTGEN 206-500] Setting interface mode on port 'matrixmul/lm' to 'ap_none'.
INFO: [RTGEN 206-500] Setting interface mode on port 'matrixmul/ln' to 'ap_none'.
INFO: [RTGEN 206-500] Setting interface mode on port 'matrixmul/lp' to 'ap_none'.
INFO: [RTGEN 206-500] Setting interface mode on port 'matrixmul/A' to 'ap_memory'.
INFO: [RTGEN 206-500] Setting interface mode on port 'matrixmul/B' to 'ap_memory'.
INFO: [RTGEN 206-500] Setting interface mode on port 'matrixmul/AB' to 'ap_memory'.
INFO: [RTGEN 206-500] Setting interface mode on function 'matrixmul' to 'ap_ctrl_hs'.
INFO: [SYN 201-210] Renamed object name 'matrixmul_mac_muladd_8ns_8ns_32ns_32_1_1' to 'matrixmul_mac_mulbkb' due to the length limit 20
INFO: [RTGEN 206-100] Generating core module 'matrixmul_mac_mulbkb': 1 instance(s).
INFO: [RTGEN 206-100] Finished creating RTL model for 'matrixmul'.
INFO: [HLS 200-111]  Elapsed time: 0.095 seconds; current allocated memory: 76.555 MB.
INFO: [HLS 200-111] Finished generating all RTL models Time (s): cpu = 00:00:02 ; elapsed = 00:00:06 . Memory (MB): peak = 125.969 ; gain = 70.223
INFO: [SYSC 207-301] Generating SystemC RTL for matrixmul.
INFO: [VHDL 208-304] Generating VHDL RTL for matrixmul.
INFO: [VLOG 209-307] Generating Verilog RTL for matrixmul.
INFO: [HLS 200-112] Total elapsed time: 6.385 seconds; peak allocated memory: 76.555 MB.
==============================================================
File generated by Vivado(TM) HLS - High-Level Synthesis from C, C++ and SystemC
Version: 2018.2
Copyright (C) 1986-2018 Xilinx, Inc. All Rights Reserved.

==============================================================

INFO: [SYN 201-201] Setting up clock 'default' with a period of 10ns.
INFO: [HLS 200-10] Setting target device to 'xc7z020clg484-1'
INFO: [SIM 211-2] *************** CSIM start ***************
INFO: [SIM 211-4] CSIM will launch GCC as the compiler.
INFO: [SIM 211-1] CSim done with 0 errors.
INFO: [SIM 211-3] *************** CSIM finish ***************
==============================================================
File generated by Vivado(TM) HLS - High-Level Synthesis from C, C++ and SystemC
Version: 2018.2
Copyright (C) 1986-2018 Xilinx, Inc. All Rights Reserved.

==============================================================

INFO: [SYN 201-201] Setting up clock 'default' with a period of 10ns.
INFO: [HLS 200-10] Setting target device to 'xc7z020clg484-1'
INFO: [COSIM 212-47] Using XSIM for RTL simulation.
INFO: [COSIM 212-14] Instrumenting C test bench ...
INFO: [COSIM 212-302] Starting C TB testing ... 
INFO: [COSIM 212-333] Generating C post check test bench ...
INFO: [COSIM 212-12] Generating RTL test bench ...
INFO: [COSIM 212-323] Starting verilog simulation. 
INFO: [COSIM 212-15] Starting XSIM ...
INFO: [COSIM 212-316] Starting C post checking ...
INFO: [COSIM 212-1000] *** C/RTL co-simulation finished: PASS ***
INFO: [COSIM 212-211] II is measurable only when transaction number is greater than 1 in RTL simulation. Otherwise, they will be marked as all NA. If user wants to calculate them, please make sure there are at least 2 transactions in RTL simulation.
==============================================================
File generated by Vivado(TM) HLS - High-Level Synthesis from C, C++ and SystemC
Version: 2018.2
Copyright (C) 1986-2018 Xilinx, Inc. All Rights Reserved.

==============================================================

INFO: [SYN 201-201] Setting up clock 'default' with a period of 10ns.
INFO: [HLS 200-10] Setting target device to 'xc7z020clg484-1'
INFO: [SYN 201-201] Setting up clock 'default' with a period of 10ns.
INFO: [HLS 200-10] Analyzing design file 'matrixmul/matrixmul.cpp' ... 
INFO: [HLS 200-111] Finished Linking Time (s): cpu = 00:00:01 ; elapsed = 00:00:05 . Memory (MB): peak = 101.711 ; gain = 45.969
INFO: [HLS 200-111] Finished Checking Pragmas Time (s): cpu = 00:00:01 ; elapsed = 00:00:05 . Memory (MB): peak = 101.711 ; gain = 45.969
INFO: [HLS 200-10] Starting code transformations ...
INFO: [HLS 200-111] Finished Standard Transforms Time (s): cpu = 00:00:01 ; elapsed = 00:00:05 . Memory (MB): peak = 103.027 ; gain = 47.285
INFO: [HLS 200-10] Checking synthesizability ...
INFO: [HLS 200-111] Finished Checking Synthesizability Time (s): cpu = 00:00:01 ; elapsed = 00:00:05 . Memory (MB): peak = 103.340 ; gain = 47.598
INFO: [HLS 200-111] Finished Pre-synthesis Time (s): cpu = 00:00:01 ; elapsed = 00:00:05 . Memory (MB): peak = 125.168 ; gain = 69.426
INFO: [HLS 200-111] Finished Architecture Synthesis Time (s): cpu = 00:00:01 ; elapsed = 00:00:05 . Memory (MB): peak = 125.168 ; gain = 69.426
INFO: [HLS 200-10] Starting hardware synthesis ...
INFO: [HLS 200-10] Synthesizing 'matrixmul' ...
INFO: [HLS 200-10] ----------------------------------------------------------------
INFO: [HLS 200-42] -- Implementing module 'matrixmul' 
INFO: [HLS 200-10] ----------------------------------------------------------------
INFO: [SCHED 204-11] Starting scheduling ...
WARNING: [SCHED 204-21] Estimated clock period (9.634ns) exceeds the target (target clock period: 10ns, clock uncertainty: 1.25ns, effective delay budget: 8.75ns).
WARNING: [SCHED 204-21] The critical path consists of the following:
	'mul' operation ('tmp_2', matrixmul/matrixmul.cpp:22) (3.36 ns)
	'add' operation ('tmp_4', matrixmul/matrixmul.cpp:22) (3.02 ns)
	'store' operation (matrixmul/matrixmul.cpp:22) of variable 'tmp_4', matrixmul/matrixmul.cpp:22 on array 'AB' (3.25 ns)
INFO: [SCHED 204-11] Finished scheduling.
INFO: [HLS 200-111]  Elapsed time: 5.252 seconds; current allocated memory: 75.850 MB.
INFO: [HLS 200-434] Only 0 loops out of a total 5 loops have been pipelined in this design.
INFO: [BIND 205-100] Starting micro-architecture generation ...
INFO: [BIND 205-101] Performing variable lifetime analysis.
INFO: [BIND 205-101] Exploring resource sharing.
INFO: [BIND 205-101] Binding ...
INFO: [BIND 205-100] Finished micro-architecture generation.
INFO: [HLS 200-111]  Elapsed time: 0.053 seconds; current allocated memory: 76.083 MB.
INFO: [HLS 200-10] ----------------------------------------------------------------
INFO: [HLS 200-10] -- Generating RTL for module 'matrixmul' 
INFO: [HLS 200-10] ----------------------------------------------------------------
INFO: [RTGEN 206-500] Setting interface mode on port 'matrixmul/lm' to 'ap_none'.
INFO: [RTGEN 206-500] Setting interface mode on port 'matrixmul/ln' to 'ap_none'.
INFO: [RTGEN 206-500] Setting interface mode on port 'matrixmul/lp' to 'ap_none'.
INFO: [RTGEN 206-500] Setting interface mode on port 'matrixmul/A' to 'ap_memory'.
INFO: [RTGEN 206-500] Setting interface mode on port 'matrixmul/B' to 'ap_memory'.
INFO: [RTGEN 206-500] Setting interface mode on port 'matrixmul/AB' to 'ap_memory'.
INFO: [RTGEN 206-500] Setting interface mode on function 'matrixmul' to 'ap_ctrl_hs'.
INFO: [SYN 201-210] Renamed object name 'matrixmul_mac_muladd_8ns_8ns_32ns_32_1_1' to 'matrixmul_mac_mulbkb' due to the length limit 20
INFO: [RTGEN 206-100] Generating core module 'matrixmul_mac_mulbkb': 1 instance(s).
INFO: [RTGEN 206-100] Finished creating RTL model for 'matrixmul'.
INFO: [HLS 200-111]  Elapsed time: 0.098 seconds; current allocated memory: 76.555 MB.
INFO: [HLS 200-111] Finished generating all RTL models Time (s): cpu = 00:00:02 ; elapsed = 00:00:06 . Memory (MB): peak = 125.750 ; gain = 70.008
INFO: [SYSC 207-301] Generating SystemC RTL for matrixmul.
INFO: [VHDL 208-304] Generating VHDL RTL for matrixmul.
INFO: [VLOG 209-307] Generating Verilog RTL for matrixmul.
INFO: [HLS 200-112] Total elapsed time: 6.488 seconds; peak allocated memory: 76.555 MB.
==============================================================
File generated by Vivado(TM) HLS - High-Level Synthesis from C, C++ and SystemC
Version: 2018.2
Copyright (C) 1986-2018 Xilinx, Inc. All Rights Reserved.

==============================================================

INFO: [SYN 201-201] Setting up clock 'default' with a period of 10ns.
INFO: [HLS 200-10] Setting target device to 'xc7z020clg484-1'
INFO: [COSIM 212-47] Using XSIM for RTL simulation.
INFO: [COSIM 212-14] Instrumenting C test bench ...
INFO: [COSIM 212-302] Starting C TB testing ... 
INFO: [COSIM 212-333] Generating C post check test bench ...
INFO: [COSIM 212-12] Generating RTL test bench ...
INFO: [COSIM 212-323] Starting verilog simulation. 
INFO: [COSIM 212-15] Starting XSIM ...
INFO: [COSIM 212-316] Starting C post checking ...
INFO: [COSIM 212-1000] *** C/RTL co-simulation finished: PASS ***
INFO: [COSIM 212-211] II is measurable only when transaction number is greater than 1 in RTL simulation. Otherwise, they will be marked as all NA. If user wants to calculate them, please make sure there are at least 2 transactions in RTL simulation.
==============================================================
File generated by Vivado(TM) HLS - High-Level Synthesis from C, C++ and SystemC
Version: 2018.2
Copyright (C) 1986-2018 Xilinx, Inc. All Rights Reserved.

==============================================================

INFO: [SYN 201-201] Setting up clock 'default' with a period of 10ns.
INFO: [HLS 200-10] Setting target device to 'xc7z020clg484-1'
INFO: [SIM 211-2] *************** CSIM start ***************
INFO: [SIM 211-4] CSIM will launch GCC as the compiler.
INFO: [SIM 211-1] CSim done with 0 errors.
INFO: [SIM 211-3] *************** CSIM finish ***************
==============================================================
File generated by Vivado(TM) HLS - High-Level Synthesis from C, C++ and SystemC
Version: 2018.2
Copyright (C) 1986-2018 Xilinx, Inc. All Rights Reserved.

==============================================================

INFO: [SYN 201-201] Setting up clock 'default' with a period of 10ns.
INFO: [HLS 200-10] Setting target device to 'xc7z020clg484-1'
INFO: [SIM 211-2] *************** CSIM start ***************
INFO: [SIM 211-4] CSIM will launch GCC as the compiler.
INFO: [SIM 211-1] CSim done with 0 errors.
INFO: [SIM 211-3] *************** CSIM finish ***************
==============================================================
File generated by Vivado(TM) HLS - High-Level Synthesis from C, C++ and SystemC
Version: 2018.2
Copyright (C) 1986-2018 Xilinx, Inc. All Rights Reserved.

==============================================================

INFO: [SYN 201-201] Setting up clock 'default' with a period of 10ns.
INFO: [HLS 200-10] Setting target device to 'xc7z020clg484-1'
INFO: [SIM 211-2] *************** CSIM start ***************
INFO: [SIM 211-4] CSIM will launch GCC as the compiler.
INFO: [SIM 211-1] CSim done with 0 errors.
INFO: [SIM 211-3] *************** CSIM finish ***************
==============================================================
File generated by Vivado(TM) HLS - High-Level Synthesis from C, C++ and SystemC
Version: 2018.2
Copyright (C) 1986-2018 Xilinx, Inc. All Rights Reserved.

==============================================================

INFO: [SYN 201-201] Setting up clock 'default' with a period of 10ns.
INFO: [HLS 200-10] Setting target device to 'xc7z020clg484-1'
INFO: [SIM 211-2] *************** CSIM start ***************
INFO: [SIM 211-4] CSIM will launch GCC as the compiler.
ERROR: [SIM 211-100] 'csim_design' failed: compilation error(s).
INFO: [SIM 211-3] *************** CSIM finish ***************
==============================================================
File generated by Vivado(TM) HLS - High-Level Synthesis from C, C++ and SystemC
Version: 2018.2
Copyright (C) 1986-2018 Xilinx, Inc. All Rights Reserved.

==============================================================

INFO: [SYN 201-201] Setting up clock 'default' with a period of 10ns.
INFO: [HLS 200-10] Setting target device to 'xc7z020clg484-1'
INFO: [SIM 211-2] *************** CSIM start ***************
INFO: [SIM 211-4] CSIM will launch GCC as the compiler.
INFO: [SIM 211-1] CSim done with 0 errors.
INFO: [SIM 211-3] *************** CSIM finish ***************
==============================================================
File generated by Vivado(TM) HLS - High-Level Synthesis from C, C++ and SystemC
Version: 2018.2
Copyright (C) 1986-2018 Xilinx, Inc. All Rights Reserved.

==============================================================

INFO: [SYN 201-201] Setting up clock 'default' with a period of 10ns.
INFO: [HLS 200-10] Setting target device to 'xc7z020clg484-1'
INFO: [SIM 211-2] *************** CSIM start ***************
INFO: [SIM 211-4] CSIM will launch GCC as the compiler.
INFO: [SIM 211-1] CSim done with 0 errors.
INFO: [SIM 211-3] *************** CSIM finish ***************
==============================================================
File generated by Vivado(TM) HLS - High-Level Synthesis from C, C++ and SystemC
Version: 2018.2
Copyright (C) 1986-2018 Xilinx, Inc. All Rights Reserved.

==============================================================

INFO: [SYN 201-201] Setting up clock 'default' with a period of 10ns.
INFO: [HLS 200-10] Setting target device to 'xc7z020clg484-1'
INFO: [SIM 211-2] *************** CSIM start ***************
INFO: [SIM 211-4] CSIM will launch GCC as the compiler.
INFO: [SIM 211-1] CSim done with 0 errors.
INFO: [SIM 211-3] *************** CSIM finish ***************
==============================================================
File generated by Vivado(TM) HLS - High-Level Synthesis from C, C++ and SystemC
Version: 2018.2
Copyright (C) 1986-2018 Xilinx, Inc. All Rights Reserved.

==============================================================

INFO: [SYN 201-201] Setting up clock 'default' with a period of 10ns.
INFO: [HLS 200-10] Setting target device to 'xc7z020clg484-1'
INFO: [SYN 201-201] Setting up clock 'default' with a period of 10ns.
INFO: [HLS 200-10] Analyzing design file 'matrixmul/matrixmul.cpp' ... 
INFO: [HLS 200-111] Finished Linking Time (s): cpu = 00:00:01 ; elapsed = 00:00:05 . Memory (MB): peak = 101.980 ; gain = 45.930
INFO: [HLS 200-111] Finished Checking Pragmas Time (s): cpu = 00:00:01 ; elapsed = 00:00:05 . Memory (MB): peak = 101.980 ; gain = 45.930
INFO: [HLS 200-10] Starting code transformations ...
INFO: [HLS 200-111] Finished Standard Transforms Time (s): cpu = 00:00:01 ; elapsed = 00:00:05 . Memory (MB): peak = 103.250 ; gain = 47.199
INFO: [HLS 200-10] Checking synthesizability ...
ERROR: [SYNCHK 200-92] Port 'AB' (matrixmul/matrixmul.cpp:4) of function 'matrixmul' cannot be set to a AXIS 
ERROR: [SYNCHK 200-92] as it has both write (matrixmul/matrixmul.cpp:28:17) and read (matrixmul/matrixmul.cpp:28:17) operations.
INFO: [SYNCHK 200-10] 1 error(s), 0 warning(s).
ERROR: [HLS 200-70] Synthesizability check failed.
==============================================================
File generated by Vivado(TM) HLS - High-Level Synthesis from C, C++ and SystemC
Version: 2018.2
Copyright (C) 1986-2018 Xilinx, Inc. All Rights Reserved.

==============================================================

INFO: [SYN 201-201] Setting up clock 'default' with a period of 10ns.
INFO: [HLS 200-10] Setting target device to 'xc7z020clg484-1'
INFO: [SYN 201-201] Setting up clock 'default' with a period of 10ns.
INFO: [HLS 200-10] Analyzing design file 'matrixmul/matrixmul.cpp' ... 
INFO: [HLS 200-111] Finished Linking Time (s): cpu = 00:00:01 ; elapsed = 00:00:05 . Memory (MB): peak = 101.980 ; gain = 45.957
INFO: [HLS 200-111] Finished Checking Pragmas Time (s): cpu = 00:00:01 ; elapsed = 00:00:05 . Memory (MB): peak = 101.980 ; gain = 45.957
INFO: [HLS 200-10] Starting code transformations ...
INFO: [HLS 200-111] Finished Standard Transforms Time (s): cpu = 00:00:01 ; elapsed = 00:00:05 . Memory (MB): peak = 103.320 ; gain = 47.297
INFO: [HLS 200-10] Checking synthesizability ...
ERROR: [SYNCHK 200-92] Port 'AB' (matrixmul/matrixmul.cpp:4) of function 'matrixmul' cannot be set to a AXIS 
ERROR: [SYNCHK 200-92] as it has both write (matrixmul/matrixmul.cpp:28:17) and read (matrixmul/matrixmul.cpp:28:17) operations.
INFO: [SYNCHK 200-10] 1 error(s), 0 warning(s).
ERROR: [HLS 200-70] Synthesizability check failed.
==============================================================
File generated by Vivado(TM) HLS - High-Level Synthesis from C, C++ and SystemC
Version: 2018.2
Copyright (C) 1986-2018 Xilinx, Inc. All Rights Reserved.

==============================================================

INFO: [SYN 201-201] Setting up clock 'default' with a period of 10ns.
INFO: [HLS 200-10] Setting target device to 'xc7z020clg484-1'
INFO: [HLS 200-10] Analyzing design file 'matrixmul/matrixmul.cpp' ... 
INFO: [HLS 200-111] Finished Linking Time (s): cpu = 00:00:01 ; elapsed = 00:00:05 . Memory (MB): peak = 101.906 ; gain = 46.234
INFO: [HLS 200-111] Finished Checking Pragmas Time (s): cpu = 00:00:01 ; elapsed = 00:00:05 . Memory (MB): peak = 101.906 ; gain = 46.234
INFO: [HLS 200-10] Starting code transformations ...
INFO: [HLS 200-111] Finished Standard Transforms Time (s): cpu = 00:00:01 ; elapsed = 00:00:05 . Memory (MB): peak = 103.402 ; gain = 47.730
INFO: [HLS 200-10] Checking synthesizability ...
ERROR: [SYNCHK 200-92] Port 'AB' (matrixmul/matrixmul.cpp:4) of function 'matrixmul' cannot be set to a AXIS 
ERROR: [SYNCHK 200-92] as it has both write (matrixmul/matrixmul.cpp:29:17) and read (matrixmul/matrixmul.cpp:29:17) operations.
INFO: [SYNCHK 200-10] 1 error(s), 0 warning(s).
ERROR: [HLS 200-70] Synthesizability check failed.
==============================================================
File generated by Vivado(TM) HLS - High-Level Synthesis from C, C++ and SystemC
Version: 2018.2
Copyright (C) 1986-2018 Xilinx, Inc. All Rights Reserved.

==============================================================

INFO: [SYN 201-201] Setting up clock 'default' with a period of 10ns.
INFO: [HLS 200-10] Setting target device to 'xc7z020clg484-1'
INFO: [HLS 200-10] Analyzing design file 'matrixmul/matrixmul.cpp' ... 
INFO: [HLS 200-111] Finished Linking Time (s): cpu = 00:00:01 ; elapsed = 00:00:05 . Memory (MB): peak = 102.117 ; gain = 45.805
INFO: [HLS 200-111] Finished Checking Pragmas Time (s): cpu = 00:00:01 ; elapsed = 00:00:05 . Memory (MB): peak = 102.117 ; gain = 45.805
INFO: [HLS 200-10] Starting code transformations ...
INFO: [HLS 200-111] Finished Standard Transforms Time (s): cpu = 00:00:01 ; elapsed = 00:00:05 . Memory (MB): peak = 103.570 ; gain = 47.258
INFO: [HLS 200-10] Checking synthesizability ...
ERROR: [SYNCHK 200-92] Port 'AB' (matrixmul/matrixmul.cpp:4) of function 'matrixmul' cannot be set to a AXIS 
ERROR: [SYNCHK 200-92] as it has both write (matrixmul/matrixmul.cpp:28:17) and read (matrixmul/matrixmul.cpp:28:17) operations.
INFO: [SYNCHK 200-10] 1 error(s), 0 warning(s).
ERROR: [HLS 200-70] Synthesizability check failed.
==============================================================
File generated by Vivado(TM) HLS - High-Level Synthesis from C, C++ and SystemC
Version: 2018.2
Copyright (C) 1986-2018 Xilinx, Inc. All Rights Reserved.

==============================================================

INFO: [SYN 201-201] Setting up clock 'default' with a period of 10ns.
INFO: [HLS 200-10] Setting target device to 'xc7z020clg484-1'
INFO: [HLS 200-10] Analyzing design file 'matrixmul/matrixmul.cpp' ... 
INFO: [HLS 200-111] Finished Linking Time (s): cpu = 00:00:01 ; elapsed = 00:00:05 . Memory (MB): peak = 101.863 ; gain = 45.883
INFO: [HLS 200-111] Finished Checking Pragmas Time (s): cpu = 00:00:01 ; elapsed = 00:00:05 . Memory (MB): peak = 101.863 ; gain = 45.883
INFO: [HLS 200-10] Starting code transformations ...
INFO: [HLS 200-111] Finished Standard Transforms Time (s): cpu = 00:00:01 ; elapsed = 00:00:05 . Memory (MB): peak = 103.527 ; gain = 47.547
INFO: [HLS 200-10] Checking synthesizability ...
ERROR: [SYNCHK 200-92] Port 'AB' (matrixmul/matrixmul.cpp:4) of function 'matrixmul' cannot be set to a AXIS 
ERROR: [SYNCHK 200-92] as it has both write (matrixmul/matrixmul.cpp:29:17) and read (matrixmul/matrixmul.cpp:29:17) operations.
INFO: [SYNCHK 200-10] 1 error(s), 0 warning(s).
ERROR: [HLS 200-70] Synthesizability check failed.
==============================================================
File generated by Vivado(TM) HLS - High-Level Synthesis from C, C++ and SystemC
Version: 2018.2
Copyright (C) 1986-2018 Xilinx, Inc. All Rights Reserved.

==============================================================

INFO: [SYN 201-201] Setting up clock 'default' with a period of 10ns.
INFO: [HLS 200-10] Setting target device to 'xc7z020clg484-1'
INFO: [HLS 200-10] Analyzing design file 'matrixmul/matrixmul.cpp' ... 
INFO: [HLS 200-111] Finished Linking Time (s): cpu = 00:00:01 ; elapsed = 00:00:05 . Memory (MB): peak = 102.066 ; gain = 45.465
INFO: [HLS 200-111] Finished Checking Pragmas Time (s): cpu = 00:00:01 ; elapsed = 00:00:05 . Memory (MB): peak = 102.066 ; gain = 45.465
INFO: [HLS 200-10] Starting code transformations ...
INFO: [HLS 200-111] Finished Standard Transforms Time (s): cpu = 00:00:01 ; elapsed = 00:00:05 . Memory (MB): peak = 103.516 ; gain = 46.914
INFO: [HLS 200-10] Checking synthesizability ...
ERROR: [SYNCHK 200-92] Port 'AB' (matrixmul/matrixmul.cpp:4) of function 'matrixmul' cannot be set to a AXIS 
ERROR: [SYNCHK 200-92] as it has both write (matrixmul/matrixmul.cpp:30:14) and read (matrixmul/matrixmul.cpp:30:14) operations.
INFO: [SYNCHK 200-10] 1 error(s), 0 warning(s).
ERROR: [HLS 200-70] Synthesizability check failed.
==============================================================
File generated by Vivado(TM) HLS - High-Level Synthesis from C, C++ and SystemC
Version: 2018.2
Copyright (C) 1986-2018 Xilinx, Inc. All Rights Reserved.

==============================================================

INFO: [SYN 201-201] Setting up clock 'default' with a period of 10ns.
INFO: [HLS 200-10] Setting target device to 'xc7z020clg484-1'
INFO: [HLS 200-10] Analyzing design file 'matrixmul/matrixmul.cpp' ... 
INFO: [HLS 200-111] Finished Linking Time (s): cpu = 00:00:01 ; elapsed = 00:00:05 . Memory (MB): peak = 102.098 ; gain = 46.422
INFO: [HLS 200-111] Finished Checking Pragmas Time (s): cpu = 00:00:01 ; elapsed = 00:00:05 . Memory (MB): peak = 102.098 ; gain = 46.422
INFO: [HLS 200-10] Starting code transformations ...
INFO: [HLS 200-111] Finished Standard Transforms Time (s): cpu = 00:00:01 ; elapsed = 00:00:05 . Memory (MB): peak = 103.258 ; gain = 47.582
INFO: [HLS 200-10] Checking synthesizability ...
ERROR: [SYNCHK 200-92] Port 'AB' (matrixmul/matrixmul.cpp:4) of function 'matrixmul' cannot be set to a AXIS 
ERROR: [SYNCHK 200-92] as it has both write (matrixmul/matrixmul.cpp:32:14) and read (matrixmul/matrixmul.cpp:31:14) operations.
INFO: [SYNCHK 200-10] 1 error(s), 0 warning(s).
ERROR: [HLS 200-70] Synthesizability check failed.
==============================================================
File generated by Vivado(TM) HLS - High-Level Synthesis from C, C++ and SystemC
Version: 2018.2
Copyright (C) 1986-2018 Xilinx, Inc. All Rights Reserved.

==============================================================

INFO: [SYN 201-201] Setting up clock 'default' with a period of 10ns.
INFO: [HLS 200-10] Setting target device to 'xc7z020clg484-1'
INFO: [HLS 200-10] Analyzing design file 'matrixmul/matrixmul.cpp' ... 
WARNING: [HLS 200-40] In file included from matrixmul/matrixmul.cpp:1:
matrixmul/matrixmul.cpp:31:17: error: use of undeclared identifier 'AB_write'
                AB_write.write(temp);
                ^
matrixmul/matrixmul.cpp:35:27: error: use of undeclared identifier 'AB_read'
                result += AB_read.read();
                          ^
2 errors generated.\n
ERROR: [HLS 200-70] Compilation errors found: Pragma processor failed: In file included from matrixmul/matrixmul.cpp:1:
matrixmul/matrixmul.cpp:31:17: error: use of undeclared identifier 'AB_write'
                AB_write.write(temp);
                ^
matrixmul/matrixmul.cpp:35:27: error: use of undeclared identifier 'AB_read'
                result += AB_read.read();
                          ^
2 errors generated.
==============================================================
File generated by Vivado(TM) HLS - High-Level Synthesis from C, C++ and SystemC
Version: 2018.2
Copyright (C) 1986-2018 Xilinx, Inc. All Rights Reserved.

==============================================================

INFO: [SYN 201-201] Setting up clock 'default' with a period of 10ns.
INFO: [HLS 200-10] Setting target device to 'xc7z020clg484-1'
INFO: [HLS 200-10] Analyzing design file 'matrixmul/matrixmul.cpp' ... 
WARNING: [HLS 200-40] In file included from matrixmul/matrixmul.cpp:1:
matrixmul/matrixmul.cpp:31:17: error: use of undeclared identifier 'AB_write'
                AB_write.write(temp);
                ^
matrixmul/matrixmul.cpp:35:27: error: use of undeclared identifier 'AB_read'
                result += AB_read.read();
                          ^
2 errors generated.\n
ERROR: [HLS 200-70] Compilation errors found: Pragma processor failed: In file included from matrixmul/matrixmul.cpp:1:
matrixmul/matrixmul.cpp:31:17: error: use of undeclared identifier 'AB_write'
                AB_write.write(temp);
                ^
matrixmul/matrixmul.cpp:35:27: error: use of undeclared identifier 'AB_read'
                result += AB_read.read();
                          ^
2 errors generated.
==============================================================
File generated by Vivado(TM) HLS - High-Level Synthesis from C, C++ and SystemC
Version: 2018.2
Copyright (C) 1986-2018 Xilinx, Inc. All Rights Reserved.

==============================================================

INFO: [SYN 201-201] Setting up clock 'default' with a period of 10ns.
INFO: [HLS 200-10] Setting target device to 'xc7z020clg484-1'
INFO: [HLS 200-10] Analyzing design file 'matrixmul/matrixmul.cpp' ... 
INFO: [HLS 200-111] Finished Linking Time (s): cpu = 00:00:01 ; elapsed = 00:00:05 . Memory (MB): peak = 101.836 ; gain = 45.645
INFO: [HLS 200-111] Finished Checking Pragmas Time (s): cpu = 00:00:01 ; elapsed = 00:00:05 . Memory (MB): peak = 101.836 ; gain = 45.645
INFO: [HLS 200-10] Starting code transformations ...
INFO: [HLS 200-111] Finished Standard Transforms Time (s): cpu = 00:00:01 ; elapsed = 00:00:05 . Memory (MB): peak = 103.312 ; gain = 47.121
INFO: [HLS 200-10] Checking synthesizability ...
ERROR: [SYNCHK 200-92] Port 'AB' (matrixmul/matrixmul.cpp:4) of function 'matrixmul' cannot be set to a AXIS 
ERROR: [SYNCHK 200-92] as it has both write (matrixmul/matrixmul.cpp:29:17) and read (matrixmul/matrixmul.cpp:29:17) operations.
INFO: [SYNCHK 200-10] 1 error(s), 0 warning(s).
ERROR: [HLS 200-70] Synthesizability check failed.
==============================================================
File generated by Vivado(TM) HLS - High-Level Synthesis from C, C++ and SystemC
Version: 2018.2
Copyright (C) 1986-2018 Xilinx, Inc. All Rights Reserved.

==============================================================

INFO: [SYN 201-201] Setting up clock 'default' with a period of 10ns.
INFO: [HLS 200-10] Setting target device to 'xc7z020clg484-1'
INFO: [HLS 200-10] Analyzing design file 'matrixmul/matrixmul.cpp' ... 
INFO: [HLS 200-111] Finished Linking Time (s): cpu = 00:00:01 ; elapsed = 00:00:05 . Memory (MB): peak = 102.012 ; gain = 45.980
INFO: [HLS 200-111] Finished Checking Pragmas Time (s): cpu = 00:00:01 ; elapsed = 00:00:05 . Memory (MB): peak = 102.012 ; gain = 45.980
INFO: [HLS 200-10] Starting code transformations ...
INFO: [HLS 200-111] Finished Standard Transforms Time (s): cpu = 00:00:01 ; elapsed = 00:00:05 . Memory (MB): peak = 103.340 ; gain = 47.309
INFO: [HLS 200-10] Checking synthesizability ...
ERROR: [SYNCHK 200-92] Port 'AB' (matrixmul/matrixmul.cpp:4) of function 'matrixmul' cannot be set to a AXIS 
ERROR: [SYNCHK 200-92] as it has both write (matrixmul/matrixmul.cpp:32:17) and read (matrixmul/matrixmul.cpp:32:17) operations.
INFO: [SYNCHK 200-10] 1 error(s), 0 warning(s).
ERROR: [HLS 200-70] Synthesizability check failed.
==============================================================
File generated by Vivado(TM) HLS - High-Level Synthesis from C, C++ and SystemC
Version: 2018.2
Copyright (C) 1986-2018 Xilinx, Inc. All Rights Reserved.

==============================================================

INFO: [SYN 201-201] Setting up clock 'default' with a period of 10ns.
INFO: [HLS 200-10] Setting target device to 'xc7z020clg484-1'
INFO: [SIM 211-2] *************** CSIM start ***************
INFO: [SIM 211-4] CSIM will launch GCC as the compiler.
ERROR: [SIM 211-100] 'csim_design' failed: compilation error(s).
INFO: [SIM 211-3] *************** CSIM finish ***************
==============================================================
File generated by Vivado(TM) HLS - High-Level Synthesis from C, C++ and SystemC
Version: 2018.2
Copyright (C) 1986-2018 Xilinx, Inc. All Rights Reserved.

==============================================================

INFO: [SYN 201-201] Setting up clock 'default' with a period of 10ns.
INFO: [HLS 200-10] Setting target device to 'xc7z020clg484-1'
INFO: [SIM 211-2] *************** CSIM start ***************
INFO: [SIM 211-4] CSIM will launch GCC as the compiler.
ERROR: [SIM 211-100] 'csim_design' failed: compilation error(s).
INFO: [SIM 211-3] *************** CSIM finish ***************
==============================================================
File generated by Vivado(TM) HLS - High-Level Synthesis from C, C++ and SystemC
Version: 2018.2
Copyright (C) 1986-2018 Xilinx, Inc. All Rights Reserved.

==============================================================

INFO: [SYN 201-201] Setting up clock 'default' with a period of 10ns.
INFO: [HLS 200-10] Setting target device to 'xc7z020clg484-1'
INFO: [SIM 211-2] *************** CSIM start ***************
INFO: [SIM 211-4] CSIM will launch GCC as the compiler.
ERROR: [SIM 211-100] 'csim_design' failed: compilation error(s).
INFO: [SIM 211-3] *************** CSIM finish ***************
==============================================================
File generated by Vivado(TM) HLS - High-Level Synthesis from C, C++ and SystemC
Version: 2018.2
Copyright (C) 1986-2018 Xilinx, Inc. All Rights Reserved.

==============================================================

INFO: [SYN 201-201] Setting up clock 'default' with a period of 10ns.
INFO: [HLS 200-10] Setting target device to 'xc7z020clg484-1'
INFO: [SIM 211-2] *************** CSIM start ***************
INFO: [SIM 211-4] CSIM will launch GCC as the compiler.
ERROR: [SIM 211-100] 'csim_design' failed: nonzero return value.
INFO: [SIM 211-3] *************** CSIM finish ***************
==============================================================
File generated by Vivado(TM) HLS - High-Level Synthesis from C, C++ and SystemC
Version: 2018.2
Copyright (C) 1986-2018 Xilinx, Inc. All Rights Reserved.

==============================================================

INFO: [SYN 201-201] Setting up clock 'default' with a period of 10ns.
INFO: [HLS 200-10] Setting target device to 'xc7z020clg484-1'
INFO: [SIM 211-2] *************** CSIM start ***************
INFO: [SIM 211-4] CSIM will launch GCC as the compiler.
ERROR: [SIM 211-100] 'csim_design' failed: nonzero return value.
INFO: [SIM 211-3] *************** CSIM finish ***************
==============================================================
File generated by Vivado(TM) HLS - High-Level Synthesis from C, C++ and SystemC
Version: 2018.2
Copyright (C) 1986-2018 Xilinx, Inc. All Rights Reserved.

==============================================================

INFO: [SYN 201-201] Setting up clock 'default' with a period of 10ns.
INFO: [HLS 200-10] Setting target device to 'xc7z020clg484-1'
INFO: [SIM 211-2] *************** CSIM start ***************
INFO: [SIM 211-4] CSIM will launch GCC as the compiler.
INFO: [SIM 211-1] CSim done with 0 errors.
INFO: [SIM 211-3] *************** CSIM finish ***************
==============================================================
File generated by Vivado(TM) HLS - High-Level Synthesis from C, C++ and SystemC
Version: 2018.2
Copyright (C) 1986-2018 Xilinx, Inc. All Rights Reserved.

==============================================================

INFO: [SYN 201-201] Setting up clock 'default' with a period of 10ns.
INFO: [HLS 200-10] Setting target device to 'xc7z020clg484-1'
INFO: [SYN 201-201] Setting up clock 'default' with a period of 10ns.
INFO: [HLS 200-10] Analyzing design file 'matrixmul/matrixmul.cpp' ... 
INFO: [HLS 200-111] Finished Linking Time (s): cpu = 00:00:01 ; elapsed = 00:00:05 . Memory (MB): peak = 101.945 ; gain = 45.535
INFO: [HLS 200-111] Finished Checking Pragmas Time (s): cpu = 00:00:01 ; elapsed = 00:00:05 . Memory (MB): peak = 101.945 ; gain = 45.535
INFO: [HLS 200-10] Starting code transformations ...
INFO: [HLS 200-111] Finished Standard Transforms Time (s): cpu = 00:00:01 ; elapsed = 00:00:05 . Memory (MB): peak = 103.512 ; gain = 47.102
INFO: [HLS 200-10] Checking synthesizability ...
INFO: [HLS 200-111] Finished Checking Synthesizability Time (s): cpu = 00:00:01 ; elapsed = 00:00:05 . Memory (MB): peak = 103.516 ; gain = 47.105
WARNING: [XFORM 203-124] Array  'A': may have improper streaming access(es), possible reasons: (1) some entries are accessed more than once; (2) some entries are not used; (3) the entries are not accessed in sequential order.
WARNING: [XFORM 203-124] Array  'B': may have improper streaming access(es), possible reasons: (1) some entries are accessed more than once; (2) some entries are not used; (3) the entries are not accessed in sequential order.
WARNING: [XFORM 203-124] Array  'AB': may have improper streaming access(es), possible reasons: (1) some entries are accessed more than once; (2) some entries are not used; (3) the entries are not accessed in sequential order.
INFO: [HLS 200-111] Finished Pre-synthesis Time (s): cpu = 00:00:01 ; elapsed = 00:00:05 . Memory (MB): peak = 124.250 ; gain = 67.840
INFO: [HLS 200-111] Finished Architecture Synthesis Time (s): cpu = 00:00:01 ; elapsed = 00:00:05 . Memory (MB): peak = 124.250 ; gain = 67.840
INFO: [HLS 200-10] Starting hardware synthesis ...
INFO: [HLS 200-10] Synthesizing 'matrixmul' ...
INFO: [HLS 200-10] ----------------------------------------------------------------
INFO: [HLS 200-42] -- Implementing module 'matrixmul' 
INFO: [HLS 200-10] ----------------------------------------------------------------
INFO: [SCHED 204-11] Starting scheduling ...
INFO: [SCHED 204-11] Finished scheduling.
INFO: [HLS 200-111]  Elapsed time: 5.366 seconds; current allocated memory: 76.148 MB.
INFO: [HLS 200-434] Only 0 loops out of a total 5 loops have been pipelined in this design.
INFO: [BIND 205-100] Starting micro-architecture generation ...
INFO: [BIND 205-101] Performing variable lifetime analysis.
INFO: [BIND 205-101] Exploring resource sharing.
INFO: [BIND 205-101] Binding ...
INFO: [BIND 205-100] Finished micro-architecture generation.
INFO: [HLS 200-111]  Elapsed time: 0.047 seconds; current allocated memory: 76.401 MB.
INFO: [HLS 200-10] ----------------------------------------------------------------
INFO: [HLS 200-10] -- Generating RTL for module 'matrixmul' 
INFO: [HLS 200-10] ----------------------------------------------------------------
INFO: [RTGEN 206-500] Setting interface mode on port 'matrixmul/lm' to 's_axilite & ap_none'.
INFO: [RTGEN 206-500] Setting interface mode on port 'matrixmul/ln' to 's_axilite & ap_none'.
INFO: [RTGEN 206-500] Setting interface mode on port 'matrixmul/lp' to 's_axilite & ap_none'.
INFO: [RTGEN 206-500] Setting interface mode on port 'matrixmul/A' to 'axis' (register, both mode).
INFO: [RTGEN 206-500] Setting interface mode on port 'matrixmul/B' to 'axis' (register, both mode).
INFO: [RTGEN 206-500] Setting interface mode on port 'matrixmul/AB' to 'axis' (register, both mode).
INFO: [RTGEN 206-500] Setting interface mode on function 'matrixmul' to 'ap_ctrl_hs'.
INFO: [RTGEN 206-100] Bundling port 'lm', 'ln' and 'lp' to AXI-Lite port AXILiteS.
INFO: [SYN 201-210] Renamed object name 'matrixmul_mac_muladd_8ns_8ns_32ns_32_1_1' to 'matrixmul_mac_mulbkb' due to the length limit 20
INFO: [RTGEN 206-100] Generating core module 'matrixmul_mac_mulbkb': 1 instance(s).
INFO: [RTGEN 206-100] Finished creating RTL model for 'matrixmul'.
INFO: [HLS 200-111]  Elapsed time: 0.098 seconds; current allocated memory: 77.093 MB.
INFO: [RTMG 210-278] Implementing memory 'matrixmul_tmp_ram (RAM)' using block RAMs.
INFO: [HLS 200-111] Finished generating all RTL models Time (s): cpu = 00:00:02 ; elapsed = 00:00:07 . Memory (MB): peak = 127.152 ; gain = 70.742
INFO: [SYSC 207-301] Generating SystemC RTL for matrixmul.
INFO: [VHDL 208-304] Generating VHDL RTL for matrixmul.
INFO: [VLOG 209-307] Generating Verilog RTL for matrixmul.
INFO: [HLS 200-112] Total elapsed time: 6.745 seconds; peak allocated memory: 77.093 MB.
==============================================================
File generated by Vivado(TM) HLS - High-Level Synthesis from C, C++ and SystemC
Version: 2018.2
Copyright (C) 1986-2018 Xilinx, Inc. All Rights Reserved.

==============================================================

INFO: [SYN 201-201] Setting up clock 'default' with a period of 10ns.
INFO: [HLS 200-10] Setting target device to 'xc7z020clg484-1'
INFO: [IMPL 213-8] Exporting RTL as a Vivado IP.
ERROR: [IMPL 213-28] Failed to generate IP.
==============================================================
File generated by Vivado(TM) HLS - High-Level Synthesis from C, C++ and SystemC
Version: 2018.2
Copyright (C) 1986-2018 Xilinx, Inc. All Rights Reserved.

==============================================================

INFO: [SYN 201-201] Setting up clock 'default' with a period of 10ns.
INFO: [HLS 200-10] Setting target device to 'xc7z020clg484-1'
INFO: [IMPL 213-8] Exporting RTL as a Vivado IP.
