#-----------------------------------------------------------
# Webtalk v2018.2 (64-bit)
# SW Build 2258646 on Thu Jun 14 20:03:12 MDT 2018
# 
# Start of session at: Sat Mar 25 22:15:21 2023
# Process ID: 1992
# Current directory: C:/Xilinx/SoC/HW1_ALU/HW1_ALU.sdk/webtalk
# Command line: wbtcv.exe -mode batch -source sdk_webtalk.tcl
# Log file: C:/Xilinx/SoC/HW1_ALU/HW1_ALU.sdk/webtalk/webtalk.log
# Journal file: C:/Xilinx/SoC/HW1_ALU/HW1_ALU.sdk/webtalk\webtalk.jou
#-----------------------------------------------------------
source sdk_webtalk.tcl
# webtalk_init -webtalk_dir C:\\Xilinx\\SoC\\HW1_ALU\\HW1_ALU.sdk\\webtalk
# webtalk_register_client -client project
# webtalk_add_data -client project -key date_generated -value "2023-03-25 22:15:19" -context "software_version_and_target_device"
# webtalk_add_data -client project -key product_version -value "SDK v2018.2" -context "software_version_and_target_device"
# webtalk_add_data -client project -key build_version -value "2018.2" -context "software_version_and_target_device"
# webtalk_add_data -client project -key os_platform -value "amd64" -context "software_version_and_target_device"
# webtalk_add_data -client project -key registration_id -value "" -context "software_version_and_target_device"
# webtalk_add_data -client project -key tool_flow -value "SDK" -context "software_version_and_target_device"
# webtalk_add_data -client project -key beta -value "false" -context "software_version_and_target_device"
# webtalk_add_data -client project -key route_design -value "NA" -context "software_version_and_target_device"
# webtalk_add_data -client project -key target_family -value "NA" -context "software_version_and_target_device"
# webtalk_add_data -client project -key target_device -value "NA" -context "software_version_and_target_device"
# webtalk_add_data -client project -key target_package -value "NA" -context "software_version_and_target_device"
# webtalk_add_data -client project -key target_speed -value "NA" -context "software_version_and_target_device"
# webtalk_add_data -client project -key random_id -value "lftcupcoofdqa2p6l1rvbofct5" -context "software_version_and_target_device"
# webtalk_add_data -client project -key project_id -value "2018.2_11" -context "software_version_and_target_device"
# webtalk_add_data -client project -key project_iteration -value "11" -context "software_version_and_target_device"
# webtalk_add_data -client project -key os_name -value "Microsoft Windows 8 or later , 64-bit" -context "user_environment"
# webtalk_add_data -client project -key os_release -value "major release  (build 9200)" -context "user_environment"
# webtalk_add_data -client project -key cpu_name -value "Intel(R) Core(TM) i5-10300H CPU @ 2.50GHz" -context "user_environment"
# webtalk_add_data -client project -key cpu_speed -value "2496 MHz" -context "user_environment"
# webtalk_add_data -client project -key total_processors -value "1" -context "user_environment"
# webtalk_add_data -client project -key system_ram -value "16.913 GB" -context "user_environment"
# webtalk_add_data -client project -key date_generated -value "2023-03-25 20:09:25" -context "software_version_and_target_device"
# webtalk_add_data -client project -key product_version -value "SDK v2018.2" -context "software_version_and_target_device"
# webtalk_add_data -client project -key build_version -value "2018.2" -context "software_version_and_target_device"
# webtalk_add_data -client project -key os_platform -value "amd64" -context "software_version_and_target_device"
# webtalk_add_data -client project -key registration_id -value "" -context "software_version_and_target_device"
# webtalk_add_data -client project -key tool_flow -value "SDK" -context "software_version_and_target_device"
# webtalk_add_data -client project -key beta -value "false" -context "software_version_and_target_device"
# webtalk_add_data -client project -key route_design -value "NA" -context "software_version_and_target_device"
# webtalk_add_data -client project -key target_family -value "NA" -context "software_version_and_target_device"
# webtalk_add_data -client project -key target_device -value "NA" -context "software_version_and_target_device"
# webtalk_add_data -client project -key target_package -value "NA" -context "software_version_and_target_device"
# webtalk_add_data -client project -key target_speed -value "NA" -context "software_version_and_target_device"
# webtalk_add_data -client project -key random_id -value "f7mgn9hs6furrvgan07cpaubaa" -context "software_version_and_target_device"
# webtalk_add_data -client project -key project_id -value "2018.2_10" -context "software_version_and_target_device"
# webtalk_add_data -client project -key project_iteration -value "10" -context "software_version_and_target_device"
# webtalk_add_data -client project -key os_name -value "Microsoft Windows 8 or later , 64-bit" -context "user_environment"
# webtalk_add_data -client project -key os_release -value "major release  (build 9200)" -context "user_environment"
# webtalk_add_data -client project -key cpu_name -value "Intel(R) Core(TM) i5-10300H CPU @ 2.50GHz" -context "user_environment"
# webtalk_add_data -client project -key cpu_speed -value "2496 MHz" -context "user_environment"
# webtalk_add_data -client project -key total_processors -value "1" -context "user_environment"
# webtalk_add_data -client project -key system_ram -value "16.913 GB" -context "user_environment"
# webtalk_register_client -client sdk
# webtalk_add_data -client sdk -key uid -value "1679715532641" -context "sdk\\\\hardware/1679715532641"
# webtalk_add_data -client sdk -key isZynq -value "true" -context "sdk\\\\hardware/1679715532641"
# webtalk_add_data -client sdk -key isZynqMP -value "false" -context "sdk\\\\hardware/1679715532641"
# webtalk_add_data -client sdk -key Processors -value "2" -context "sdk\\\\hardware/1679715532641"
# webtalk_add_data -client sdk -key VivadoVersion -value "2018.2" -context "sdk\\\\hardware/1679715532641"
# webtalk_add_data -client sdk -key Arch -value "zynq" -context "sdk\\\\hardware/1679715532641"
# webtalk_add_data -client sdk -key Device -value "7z020" -context "sdk\\\\hardware/1679715532641"
# webtalk_add_data -client sdk -key IsHandoff -value "true" -context "sdk\\\\hardware/1679715532641"
# webtalk_add_data -client sdk -key os -value "NA" -context "sdk\\\\hardware/1679715532641"
# webtalk_add_data -client sdk -key apptemplate -value "NA" -context "sdk\\\\hardware/1679715532641"
# webtalk_add_data -client sdk -key RecordType -value "HWCreation" -context "sdk\\\\hardware/1679715532641"
# webtalk_add_data -client sdk -key uid -value "1679715593412" -context "sdk\\\\bsp/1679715593412"
# webtalk_add_data -client sdk -key hwid -value "1679715532641" -context "sdk\\\\bsp/1679715593412"
# webtalk_add_data -client sdk -key os -value "standalone" -context "sdk\\\\bsp/1679715593412"
# webtalk_add_data -client sdk -key apptemplate -value "hello_world" -context "sdk\\\\bsp/1679715593412"
# webtalk_add_data -client sdk -key RecordType -value "BSPCreation" -context "sdk\\\\bsp/1679715593412"
# webtalk_add_data -client sdk -key uid -value "1679715598241" -context "sdk\\\\application/1679715598241"
# webtalk_add_data -client sdk -key hwid -value "1679715532641" -context "sdk\\\\application/1679715598241"
# webtalk_add_data -client sdk -key bspid -value "1679715593412" -context "sdk\\\\application/1679715598241"
# webtalk_add_data -client sdk -key newbsp -value "true" -context "sdk\\\\application/1679715598241"
# webtalk_add_data -client sdk -key os -value "standalone" -context "sdk\\\\application/1679715598241"
# webtalk_add_data -client sdk -key apptemplate -value "hello_world" -context "sdk\\\\application/1679715598241"
# webtalk_add_data -client sdk -key RecordType -value "APPCreation" -context "sdk\\\\application/1679715598241"
# webtalk_add_data -client sdk -key LangUsed -value "C" -context "sdk\\\\application/1679715598241"
# webtalk_add_data -client sdk -key Procused -value "ps7_cortexa9" -context "sdk\\\\application/1679715598241"
# webtalk_add_data -client sdk -key projSize -value "258.7578125" -context "sdk\\\\application/1679715598241"
# webtalk_add_data -client sdk -key projSize -value "258.7578125" -context "sdk\\\\application/1679715598241"
# webtalk_add_data -client sdk -key uid -value "NA" -context "sdk\\\\bsp/1679742565108"
# webtalk_add_data -client sdk -key RecordType -value "ToolUsage" -context "sdk\\\\bsp/1679742565108"
# webtalk_add_data -client sdk -key BootgenCount -value "0" -context "sdk\\\\bsp/1679742565108"
# webtalk_add_data -client sdk -key DebugCount -value "0" -context "sdk\\\\bsp/1679742565108"
# webtalk_add_data -client sdk -key PerfCount -value "0" -context "sdk\\\\bsp/1679742565108"
# webtalk_add_data -client sdk -key FlashCount -value "0" -context "sdk\\\\bsp/1679742565108"
# webtalk_add_data -client sdk -key CrossTriggCount -value "0" -context "sdk\\\\bsp/1679742565108"
# webtalk_add_data -client sdk -key QemuDebugCount -value "0" -context "sdk\\\\bsp/1679742565108"
# webtalk_add_data -client sdk -key uid -value "NA" -context "sdk\\\\bsp/1679750119462"
# webtalk_add_data -client sdk -key RecordType -value "ToolUsage" -context "sdk\\\\bsp/1679750119462"
# webtalk_add_data -client sdk -key BootgenCount -value "0" -context "sdk\\\\bsp/1679750119462"
# webtalk_add_data -client sdk -key DebugCount -value "0" -context "sdk\\\\bsp/1679750119462"
# webtalk_add_data -client sdk -key PerfCount -value "0" -context "sdk\\\\bsp/1679750119462"
# webtalk_add_data -client sdk -key FlashCount -value "0" -context "sdk\\\\bsp/1679750119462"
# webtalk_add_data -client sdk -key CrossTriggCount -value "0" -context "sdk\\\\bsp/1679750119462"
# webtalk_add_data -client sdk -key QemuDebugCount -value "0" -context "sdk\\\\bsp/1679750119462"
# webtalk_transmit -clientid 3823171655 -regid "" -xml C:\\Xilinx\\SoC\\HW1_ALU\\HW1_ALU.sdk\\webtalk\\usage_statistics_ext_sdk.xml -html C:\\Xilinx\\SoC\\HW1_ALU\\HW1_ALU.sdk\\webtalk\\usage_statistics_ext_sdk.html -wdm C:\\Xilinx\\SoC\\HW1_ALU\\HW1_ALU.sdk\\webtalk\\sdk_webtalk.wdm -intro "<H3>SDK Usage Report</H3><BR>"
# webtalk_terminate
INFO: [Common 17-206] Exiting Webtalk at Sat Mar 25 22:15:31 2023...
