

================================================================
== Vivado HLS Report for 'matrixmul'
================================================================
* Date:           Fri Apr 28 16:18:09 2023

* Version:        2018.2 (Build 2258646 on Thu Jun 14 20:25:20 MDT 2018)
* Project:        matrixmul
* Solution:       solution1
* Product family: zynq
* Target device:  xc7z020clg484-1


================================================================
== Performance Estimates
================================================================
+ Timing (ns): 
    * Summary: 
    +--------+-------+----------+------------+
    |  Clock | Target| Estimated| Uncertainty|
    +--------+-------+----------+------------+
    |ap_clk  |  10.00|     9.634|        1.25|
    +--------+-------+----------+------------+

+ Latency (clock cycles): 
    * Summary: 
    +-----+-----+-----+-----+---------+
    |  Latency  |  Interval | Pipeline|
    | min | max | min | max |   Type  |
    +-----+-----+-----+-----+---------+
    |    ?|    ?|    ?|    ?|   none  |
    +-----+-----+-----+-----+---------+

    + Detail: 
        * Instance: 
        N/A

        * Loop: 
        +-----------------+-----+-----+----------+-----------+-----------+------+----------+
        |                 |  Latency  | Iteration|  Initiation Interval  | Trip |          |
        |    Loop Name    | min | max |  Latency |  achieved |   target  | Count| Pipelined|
        +-----------------+-----+-----+----------+-----------+-----------+------+----------+
        |- Loop 1         |    ?|    ?|         ?|          -|          -|     ?|    no    |
        | + Loop 1.1      |    ?|    ?|         1|          -|          -|     ?|    no    |
        |- Loop 2         |    ?|    ?|         ?|          -|          -|     ?|    no    |
        | + Loop 2.1      |    ?|    ?|         ?|          -|          -|     ?|    no    |
        |  ++ Loop 2.1.1  |    ?|    ?|         3|          -|          -|     ?|    no    |
        +-----------------+-----+-----+----------+-----------+-----------+------+----------+

============================================================
+ Verbose Summary: Synthesis Manager
============================================================
InlineROM: 1
ExposeGlobal: 0
============================================================
+ Verbose Summary: CDFG Model
============================================================
IsTopModel: 1
ResetActiveHigh: 1
IsCombinational: 0
IsDatapathOnly: 0
HasWiredReturn: 1
HasMFsm: 0
HasVarLatency: 1
IsPipeline: 0
IsRtlPipelined: 0
IsInstanceOverlapped: 0
IsDontTouch: 0
HasImplIP: 0
IsGatedGlobalClock: 0


============================================================
+ Verbose Summary: Schedule
============================================================
* Number of FSM states : 8
* Pipeline : 0
* Dataflow Pipeline: 0

* FSM state transitions: 
1 --> 
	2  / true
2 --> 
	3  / (!exitcond4)
	4  / (exitcond4)
3 --> 
	3  / (!exitcond3)
	2  / (exitcond3)
4 --> 
	5  / (!exitcond2)
5 --> 
	6  / (!exitcond1)
	4  / (exitcond1)
6 --> 
	7  / (!exitcond)
	5  / (exitcond)
7 --> 
	8  / true
8 --> 
	6  / true

* FSM state operations: 

State 1 <SV = 0> <Delay = 4.42>
ST_1 : Operation 9 [1/1] (0.00ns)   --->   "call void (...)* @_ssdm_op_SpecBitsMap(i32 %lm) nounwind, !map !7"   --->   Operation 9 'specbitsmap' <Predicate = true> <Delay = 0.00>
ST_1 : Operation 10 [1/1] (0.00ns)   --->   "call void (...)* @_ssdm_op_SpecBitsMap(i32 %ln) nounwind, !map !13"   --->   Operation 10 'specbitsmap' <Predicate = true> <Delay = 0.00>
ST_1 : Operation 11 [1/1] (0.00ns)   --->   "call void (...)* @_ssdm_op_SpecBitsMap(i32 %lp) nounwind, !map !17"   --->   Operation 11 'specbitsmap' <Predicate = true> <Delay = 0.00>
ST_1 : Operation 12 [1/1] (0.00ns)   --->   "call void (...)* @_ssdm_op_SpecBitsMap([1024 x i8]* %A) nounwind, !map !21"   --->   Operation 12 'specbitsmap' <Predicate = true> <Delay = 0.00>
ST_1 : Operation 13 [1/1] (0.00ns)   --->   "call void (...)* @_ssdm_op_SpecBitsMap([1024 x i8]* %B) nounwind, !map !27"   --->   Operation 13 'specbitsmap' <Predicate = true> <Delay = 0.00>
ST_1 : Operation 14 [1/1] (0.00ns)   --->   "call void (...)* @_ssdm_op_SpecBitsMap([1024 x i32]* %AB) nounwind, !map !31"   --->   Operation 14 'specbitsmap' <Predicate = true> <Delay = 0.00>
ST_1 : Operation 15 [1/1] (0.00ns)   --->   "call void (...)* @_ssdm_op_SpecTopModule([10 x i8]* @matrixmul_str) nounwind"   --->   Operation 15 'spectopmodule' <Predicate = true> <Delay = 0.00>
ST_1 : Operation 16 [1/1] (0.00ns)   --->   "%lp_read = call i32 @_ssdm_op_Read.ap_auto.i32(i32 %lp) nounwind"   --->   Operation 16 'read' 'lp_read' <Predicate = true> <Delay = 0.00>
ST_1 : Operation 17 [1/1] (0.00ns)   --->   "%ln_read = call i32 @_ssdm_op_Read.ap_auto.i32(i32 %ln) nounwind"   --->   Operation 17 'read' 'ln_read' <Predicate = true> <Delay = 0.00>
ST_1 : Operation 18 [1/1] (0.00ns)   --->   "%lm_read = call i32 @_ssdm_op_Read.ap_auto.i32(i32 %lm) nounwind"   --->   Operation 18 'read' 'lm_read' <Predicate = true> <Delay = 0.00>
ST_1 : Operation 19 [1/1] (4.42ns)   --->   "%m = shl i32 1, %lm_read" [matrixmul/matrixmul.cpp:7]   --->   Operation 19 'shl' 'm' <Predicate = true> <Delay = 4.42> <Core = "Shift">   --->   Core 28 'Shift' <Latency = 0> <II = 1> <Delay = 4.42> <FuncUnit> <Opcode : 'shl' 'lshr' 'ashr'> <InPorts = 2> <OutPorts = 1>
ST_1 : Operation 20 [1/1] (4.42ns)   --->   "%n = shl i32 1, %ln_read" [matrixmul/matrixmul.cpp:8]   --->   Operation 20 'shl' 'n' <Predicate = true> <Delay = 4.42> <Core = "Shift">   --->   Core 28 'Shift' <Latency = 0> <II = 1> <Delay = 4.42> <FuncUnit> <Opcode : 'shl' 'lshr' 'ashr'> <InPorts = 2> <OutPorts = 1>
ST_1 : Operation 21 [1/1] (4.42ns)   --->   "%p = shl i32 1, %lp_read" [matrixmul/matrixmul.cpp:9]   --->   Operation 21 'shl' 'p' <Predicate = true> <Delay = 4.42> <Core = "Shift">   --->   Core 28 'Shift' <Latency = 0> <II = 1> <Delay = 4.42> <FuncUnit> <Opcode : 'shl' 'lshr' 'ashr'> <InPorts = 2> <OutPorts = 1>
ST_1 : Operation 22 [1/1] (1.76ns)   --->   "br label %.loopexit" [matrixmul/matrixmul.cpp:13]   --->   Operation 22 'br' <Predicate = true> <Delay = 1.76>

State 2 <SV = 1> <Delay = 2.55>
ST_2 : Operation 23 [1/1] (0.00ns)   --->   "%i1 = phi i32 [ 0, %0 ], [ %i_1, %.loopexit.loopexit ]"   --->   Operation 23 'phi' 'i1' <Predicate = true> <Delay = 0.00>
ST_2 : Operation 24 [1/1] (2.47ns)   --->   "%exitcond4 = icmp eq i32 %i1, %n" [matrixmul/matrixmul.cpp:13]   --->   Operation 24 'icmp' 'exitcond4' <Predicate = true> <Delay = 2.47> <Core = "Cmp">   --->   Core 25 'Cmp' <Latency = 0> <II = 1> <Delay = 2.47> <FuncUnit> <Opcode : 'icmp'> <InPorts = 2> <OutPorts = 1>
ST_2 : Operation 25 [1/1] (2.55ns)   --->   "%i_1 = add nsw i32 %i1, 1" [matrixmul/matrixmul.cpp:13]   --->   Operation 25 'add' 'i_1' <Predicate = true> <Delay = 2.55> <Core = "AddSub">   --->   Core 14 'AddSub' <Latency = 0> <II = 1> <Delay = 1.54> <FuncUnit> <Opcode : 'add' 'sub'> <InPorts = 2> <OutPorts = 1>
ST_2 : Operation 26 [1/1] (0.00ns)   --->   "br i1 %exitcond4, label %.preheader6.preheader, label %.preheader7.preheader" [matrixmul/matrixmul.cpp:13]   --->   Operation 26 'br' <Predicate = true> <Delay = 0.00>
ST_2 : Operation 27 [1/1] (0.00ns)   --->   "%tmp = trunc i32 %i1 to i7" [matrixmul/matrixmul.cpp:13]   --->   Operation 27 'trunc' 'tmp' <Predicate = (!exitcond4)> <Delay = 0.00>
ST_2 : Operation 28 [1/1] (0.00ns)   --->   "%tmp_1_cast = call i12 @_ssdm_op_BitConcatenate.i12.i7.i5(i7 %tmp, i5 0)" [matrixmul/matrixmul.cpp:14]   --->   Operation 28 'bitconcatenate' 'tmp_1_cast' <Predicate = (!exitcond4)> <Delay = 0.00>
ST_2 : Operation 29 [1/1] (1.76ns)   --->   "br label %.preheader7" [matrixmul/matrixmul.cpp:14]   --->   Operation 29 'br' <Predicate = (!exitcond4)> <Delay = 1.76>
ST_2 : Operation 30 [1/1] (1.76ns)   --->   "br label %.preheader6" [matrixmul/matrixmul.cpp:19]   --->   Operation 30 'br' <Predicate = (exitcond4)> <Delay = 1.76>

State 3 <SV = 2> <Delay = 4.80>
ST_3 : Operation 31 [1/1] (0.00ns)   --->   "%j2 = phi i32 [ %j, %1 ], [ 0, %.preheader7.preheader ]"   --->   Operation 31 'phi' 'j2' <Predicate = true> <Delay = 0.00>
ST_3 : Operation 32 [1/1] (2.47ns)   --->   "%exitcond3 = icmp eq i32 %j2, %p" [matrixmul/matrixmul.cpp:14]   --->   Operation 32 'icmp' 'exitcond3' <Predicate = true> <Delay = 2.47> <Core = "Cmp">   --->   Core 25 'Cmp' <Latency = 0> <II = 1> <Delay = 2.47> <FuncUnit> <Opcode : 'icmp'> <InPorts = 2> <OutPorts = 1>
ST_3 : Operation 33 [1/1] (2.55ns)   --->   "%j = add nsw i32 %j2, 1" [matrixmul/matrixmul.cpp:14]   --->   Operation 33 'add' 'j' <Predicate = true> <Delay = 2.55> <Core = "AddSub">   --->   Core 14 'AddSub' <Latency = 0> <II = 1> <Delay = 1.54> <FuncUnit> <Opcode : 'add' 'sub'> <InPorts = 2> <OutPorts = 1>
ST_3 : Operation 34 [1/1] (0.00ns)   --->   "br i1 %exitcond3, label %.loopexit.loopexit, label %1" [matrixmul/matrixmul.cpp:14]   --->   Operation 34 'br' <Predicate = true> <Delay = 0.00>
ST_3 : Operation 35 [1/1] (0.00ns)   --->   "%tmp_3 = trunc i32 %j2 to i12" [matrixmul/matrixmul.cpp:15]   --->   Operation 35 'trunc' 'tmp_3' <Predicate = (!exitcond3)> <Delay = 0.00>
ST_3 : Operation 36 [1/1] (1.54ns)   --->   "%tmp_9 = add i12 %tmp_1_cast, %tmp_3" [matrixmul/matrixmul.cpp:15]   --->   Operation 36 'add' 'tmp_9' <Predicate = (!exitcond3)> <Delay = 1.54> <Core = "AddSub">   --->   Core 14 'AddSub' <Latency = 0> <II = 1> <Delay = 1.54> <FuncUnit> <Opcode : 'add' 'sub'> <InPorts = 2> <OutPorts = 1>
ST_3 : Operation 37 [1/1] (0.00ns)   --->   "%tmp_9_cast1 = sext i12 %tmp_9 to i64" [matrixmul/matrixmul.cpp:15]   --->   Operation 37 'sext' 'tmp_9_cast1' <Predicate = (!exitcond3)> <Delay = 0.00>
ST_3 : Operation 38 [1/1] (0.00ns)   --->   "%AB_addr = getelementptr [1024 x i32]* %AB, i64 0, i64 %tmp_9_cast1" [matrixmul/matrixmul.cpp:15]   --->   Operation 38 'getelementptr' 'AB_addr' <Predicate = (!exitcond3)> <Delay = 0.00>
ST_3 : Operation 39 [1/1] (3.25ns)   --->   "store i32 0, i32* %AB_addr, align 4" [matrixmul/matrixmul.cpp:15]   --->   Operation 39 'store' <Predicate = (!exitcond3)> <Delay = 3.25> <Core = "RAM">   --->   Core 37 'RAM' <Latency = 1> <II = 1> <Delay = 3.25> <Storage> <Opcode : 'load' 'store'> <Ports = 2> <Width = 32> <Depth = 1024> <RAM>
ST_3 : Operation 40 [1/1] (0.00ns)   --->   "br label %.preheader7" [matrixmul/matrixmul.cpp:14]   --->   Operation 40 'br' <Predicate = (!exitcond3)> <Delay = 0.00>
ST_3 : Operation 41 [1/1] (0.00ns)   --->   "br label %.loopexit"   --->   Operation 41 'br' <Predicate = (exitcond3)> <Delay = 0.00>

State 4 <SV = 2> <Delay = 2.55>
ST_4 : Operation 42 [1/1] (0.00ns)   --->   "%i = phi i32 [ %i_2, %.preheader6.loopexit ], [ 0, %.preheader6.preheader ]"   --->   Operation 42 'phi' 'i' <Predicate = true> <Delay = 0.00>
ST_4 : Operation 43 [1/1] (2.47ns)   --->   "%exitcond2 = icmp eq i32 %i, %n" [matrixmul/matrixmul.cpp:19]   --->   Operation 43 'icmp' 'exitcond2' <Predicate = true> <Delay = 2.47> <Core = "Cmp">   --->   Core 25 'Cmp' <Latency = 0> <II = 1> <Delay = 2.47> <FuncUnit> <Opcode : 'icmp'> <InPorts = 2> <OutPorts = 1>
ST_4 : Operation 44 [1/1] (2.55ns)   --->   "%i_2 = add nsw i32 %i, 1" [matrixmul/matrixmul.cpp:19]   --->   Operation 44 'add' 'i_2' <Predicate = true> <Delay = 2.55> <Core = "AddSub">   --->   Core 14 'AddSub' <Latency = 0> <II = 1> <Delay = 1.54> <FuncUnit> <Opcode : 'add' 'sub'> <InPorts = 2> <OutPorts = 1>
ST_4 : Operation 45 [1/1] (0.00ns)   --->   "br i1 %exitcond2, label %3, label %.preheader5.preheader" [matrixmul/matrixmul.cpp:19]   --->   Operation 45 'br' <Predicate = true> <Delay = 0.00>
ST_4 : Operation 46 [1/1] (0.00ns)   --->   "%tmp_1 = trunc i32 %i to i7" [matrixmul/matrixmul.cpp:19]   --->   Operation 46 'trunc' 'tmp_1' <Predicate = (!exitcond2)> <Delay = 0.00>
ST_4 : Operation 47 [1/1] (0.00ns)   --->   "%tmp_7_cast = call i12 @_ssdm_op_BitConcatenate.i12.i7.i5(i7 %tmp_1, i5 0)" [matrixmul/matrixmul.cpp:20]   --->   Operation 47 'bitconcatenate' 'tmp_7_cast' <Predicate = (!exitcond2)> <Delay = 0.00>
ST_4 : Operation 48 [1/1] (1.76ns)   --->   "br label %.preheader5" [matrixmul/matrixmul.cpp:20]   --->   Operation 48 'br' <Predicate = (!exitcond2)> <Delay = 1.76>
ST_4 : Operation 49 [1/1] (0.00ns)   --->   "ret void" [matrixmul/matrixmul.cpp:26]   --->   Operation 49 'ret' <Predicate = (exitcond2)> <Delay = 0.00>

State 5 <SV = 3> <Delay = 2.55>
ST_5 : Operation 50 [1/1] (0.00ns)   --->   "%j1 = phi i32 [ 0, %.preheader5.preheader ], [ %j_1, %.preheader5.loopexit ]"   --->   Operation 50 'phi' 'j1' <Predicate = true> <Delay = 0.00>
ST_5 : Operation 51 [1/1] (2.47ns)   --->   "%exitcond1 = icmp eq i32 %j1, %p" [matrixmul/matrixmul.cpp:20]   --->   Operation 51 'icmp' 'exitcond1' <Predicate = true> <Delay = 2.47> <Core = "Cmp">   --->   Core 25 'Cmp' <Latency = 0> <II = 1> <Delay = 2.47> <FuncUnit> <Opcode : 'icmp'> <InPorts = 2> <OutPorts = 1>
ST_5 : Operation 52 [1/1] (2.55ns)   --->   "%j_1 = add nsw i32 %j1, 1" [matrixmul/matrixmul.cpp:20]   --->   Operation 52 'add' 'j_1' <Predicate = true> <Delay = 2.55> <Core = "AddSub">   --->   Core 14 'AddSub' <Latency = 0> <II = 1> <Delay = 1.54> <FuncUnit> <Opcode : 'add' 'sub'> <InPorts = 2> <OutPorts = 1>
ST_5 : Operation 53 [1/1] (0.00ns)   --->   "br i1 %exitcond1, label %.preheader6.loopexit, label %.preheader.preheader" [matrixmul/matrixmul.cpp:20]   --->   Operation 53 'br' <Predicate = true> <Delay = 0.00>
ST_5 : Operation 54 [1/1] (0.00ns)   --->   "%tmp_5 = trunc i32 %j1 to i12" [matrixmul/matrixmul.cpp:22]   --->   Operation 54 'trunc' 'tmp_5' <Predicate = (!exitcond1)> <Delay = 0.00>
ST_5 : Operation 55 [1/1] (1.54ns)   --->   "%tmp_s = add i12 %tmp_7_cast, %tmp_5" [matrixmul/matrixmul.cpp:22]   --->   Operation 55 'add' 'tmp_s' <Predicate = (!exitcond1)> <Delay = 1.54> <Core = "AddSub">   --->   Core 14 'AddSub' <Latency = 0> <II = 1> <Delay = 1.54> <FuncUnit> <Opcode : 'add' 'sub'> <InPorts = 2> <OutPorts = 1>
ST_5 : Operation 56 [1/1] (0.00ns)   --->   "%tmp_10_cast = sext i12 %tmp_s to i64" [matrixmul/matrixmul.cpp:22]   --->   Operation 56 'sext' 'tmp_10_cast' <Predicate = (!exitcond1)> <Delay = 0.00>
ST_5 : Operation 57 [1/1] (0.00ns)   --->   "%AB_addr_1 = getelementptr [1024 x i32]* %AB, i64 0, i64 %tmp_10_cast" [matrixmul/matrixmul.cpp:22]   --->   Operation 57 'getelementptr' 'AB_addr_1' <Predicate = (!exitcond1)> <Delay = 0.00>
ST_5 : Operation 58 [1/1] (1.76ns)   --->   "br label %.preheader" [matrixmul/matrixmul.cpp:21]   --->   Operation 58 'br' <Predicate = (!exitcond1)> <Delay = 1.76>
ST_5 : Operation 59 [1/1] (0.00ns)   --->   "br label %.preheader6"   --->   Operation 59 'br' <Predicate = (exitcond1)> <Delay = 0.00>

State 6 <SV = 4> <Delay = 4.80>
ST_6 : Operation 60 [1/1] (0.00ns)   --->   "%k = phi i32 [ %k_1, %2 ], [ 0, %.preheader.preheader ]"   --->   Operation 60 'phi' 'k' <Predicate = true> <Delay = 0.00>
ST_6 : Operation 61 [1/1] (2.47ns)   --->   "%exitcond = icmp eq i32 %k, %m" [matrixmul/matrixmul.cpp:21]   --->   Operation 61 'icmp' 'exitcond' <Predicate = true> <Delay = 2.47> <Core = "Cmp">   --->   Core 25 'Cmp' <Latency = 0> <II = 1> <Delay = 2.47> <FuncUnit> <Opcode : 'icmp'> <InPorts = 2> <OutPorts = 1>
ST_6 : Operation 62 [1/1] (2.55ns)   --->   "%k_1 = add nsw i32 %k, 1" [matrixmul/matrixmul.cpp:21]   --->   Operation 62 'add' 'k_1' <Predicate = true> <Delay = 2.55> <Core = "AddSub">   --->   Core 14 'AddSub' <Latency = 0> <II = 1> <Delay = 1.54> <FuncUnit> <Opcode : 'add' 'sub'> <InPorts = 2> <OutPorts = 1>
ST_6 : Operation 63 [1/1] (0.00ns)   --->   "br i1 %exitcond, label %.preheader5.loopexit, label %2" [matrixmul/matrixmul.cpp:21]   --->   Operation 63 'br' <Predicate = true> <Delay = 0.00>
ST_6 : Operation 64 [1/1] (0.00ns)   --->   "%tmp_6 = trunc i32 %k to i12" [matrixmul/matrixmul.cpp:22]   --->   Operation 64 'trunc' 'tmp_6' <Predicate = (!exitcond)> <Delay = 0.00>
ST_6 : Operation 65 [1/1] (1.54ns)   --->   "%tmp_7 = add i12 %tmp_7_cast, %tmp_6" [matrixmul/matrixmul.cpp:22]   --->   Operation 65 'add' 'tmp_7' <Predicate = (!exitcond)> <Delay = 1.54> <Core = "AddSub">   --->   Core 14 'AddSub' <Latency = 0> <II = 1> <Delay = 1.54> <FuncUnit> <Opcode : 'add' 'sub'> <InPorts = 2> <OutPorts = 1>
ST_6 : Operation 66 [1/1] (0.00ns)   --->   "%tmp_11_cast = sext i12 %tmp_7 to i64" [matrixmul/matrixmul.cpp:22]   --->   Operation 66 'sext' 'tmp_11_cast' <Predicate = (!exitcond)> <Delay = 0.00>
ST_6 : Operation 67 [1/1] (0.00ns)   --->   "%A_addr = getelementptr [1024 x i8]* %A, i64 0, i64 %tmp_11_cast" [matrixmul/matrixmul.cpp:22]   --->   Operation 67 'getelementptr' 'A_addr' <Predicate = (!exitcond)> <Delay = 0.00>
ST_6 : Operation 68 [1/1] (0.00ns)   --->   "%tmp_8 = trunc i32 %k to i7" [matrixmul/matrixmul.cpp:21]   --->   Operation 68 'trunc' 'tmp_8' <Predicate = (!exitcond)> <Delay = 0.00>
ST_6 : Operation 69 [1/1] (0.00ns)   --->   "%tmp_13_cast = call i12 @_ssdm_op_BitConcatenate.i12.i7.i5(i7 %tmp_8, i5 0)" [matrixmul/matrixmul.cpp:22]   --->   Operation 69 'bitconcatenate' 'tmp_13_cast' <Predicate = (!exitcond)> <Delay = 0.00>
ST_6 : Operation 70 [1/1] (1.54ns)   --->   "%tmp_10 = add i12 %tmp_13_cast, %tmp_5" [matrixmul/matrixmul.cpp:22]   --->   Operation 70 'add' 'tmp_10' <Predicate = (!exitcond)> <Delay = 1.54> <Core = "AddSub">   --->   Core 14 'AddSub' <Latency = 0> <II = 1> <Delay = 1.54> <FuncUnit> <Opcode : 'add' 'sub'> <InPorts = 2> <OutPorts = 1>
ST_6 : Operation 71 [1/1] (0.00ns)   --->   "%tmp_14_cast = sext i12 %tmp_10 to i64" [matrixmul/matrixmul.cpp:22]   --->   Operation 71 'sext' 'tmp_14_cast' <Predicate = (!exitcond)> <Delay = 0.00>
ST_6 : Operation 72 [1/1] (0.00ns)   --->   "%B_addr = getelementptr [1024 x i8]* %B, i64 0, i64 %tmp_14_cast" [matrixmul/matrixmul.cpp:22]   --->   Operation 72 'getelementptr' 'B_addr' <Predicate = (!exitcond)> <Delay = 0.00>
ST_6 : Operation 73 [2/2] (3.25ns)   --->   "%A_load = load i8* %A_addr, align 1" [matrixmul/matrixmul.cpp:22]   --->   Operation 73 'load' 'A_load' <Predicate = (!exitcond)> <Delay = 3.25> <Core = "RAM">   --->   Core 37 'RAM' <Latency = 1> <II = 1> <Delay = 3.25> <Storage> <Opcode : 'load' 'store'> <Ports = 2> <Width = 32> <Depth = 1024> <RAM>
ST_6 : Operation 74 [2/2] (3.25ns)   --->   "%B_load = load i8* %B_addr, align 1" [matrixmul/matrixmul.cpp:22]   --->   Operation 74 'load' 'B_load' <Predicate = (!exitcond)> <Delay = 3.25> <Core = "RAM">   --->   Core 37 'RAM' <Latency = 1> <II = 1> <Delay = 3.25> <Storage> <Opcode : 'load' 'store'> <Ports = 2> <Width = 32> <Depth = 1024> <RAM>
ST_6 : Operation 75 [2/2] (3.25ns)   --->   "%AB_load = load i32* %AB_addr_1, align 4" [matrixmul/matrixmul.cpp:22]   --->   Operation 75 'load' 'AB_load' <Predicate = (!exitcond)> <Delay = 3.25> <Core = "RAM">   --->   Core 37 'RAM' <Latency = 1> <II = 1> <Delay = 3.25> <Storage> <Opcode : 'load' 'store'> <Ports = 2> <Width = 32> <Depth = 1024> <RAM>
ST_6 : Operation 76 [1/1] (0.00ns)   --->   "br label %.preheader5"   --->   Operation 76 'br' <Predicate = (exitcond)> <Delay = 0.00>

State 7 <SV = 5> <Delay = 3.25>
ST_7 : Operation 77 [1/2] (3.25ns)   --->   "%A_load = load i8* %A_addr, align 1" [matrixmul/matrixmul.cpp:22]   --->   Operation 77 'load' 'A_load' <Predicate = true> <Delay = 3.25> <Core = "RAM">   --->   Core 37 'RAM' <Latency = 1> <II = 1> <Delay = 3.25> <Storage> <Opcode : 'load' 'store'> <Ports = 2> <Width = 32> <Depth = 1024> <RAM>
ST_7 : Operation 78 [1/2] (3.25ns)   --->   "%B_load = load i8* %B_addr, align 1" [matrixmul/matrixmul.cpp:22]   --->   Operation 78 'load' 'B_load' <Predicate = true> <Delay = 3.25> <Core = "RAM">   --->   Core 37 'RAM' <Latency = 1> <II = 1> <Delay = 3.25> <Storage> <Opcode : 'load' 'store'> <Ports = 2> <Width = 32> <Depth = 1024> <RAM>
ST_7 : Operation 79 [1/2] (3.25ns)   --->   "%AB_load = load i32* %AB_addr_1, align 4" [matrixmul/matrixmul.cpp:22]   --->   Operation 79 'load' 'AB_load' <Predicate = true> <Delay = 3.25> <Core = "RAM">   --->   Core 37 'RAM' <Latency = 1> <II = 1> <Delay = 3.25> <Storage> <Opcode : 'load' 'store'> <Ports = 2> <Width = 32> <Depth = 1024> <RAM>

State 8 <SV = 6> <Delay = 9.63>
ST_8 : Operation 80 [1/1] (0.00ns)   --->   "%tmp_9_cast = zext i8 %A_load to i16" [matrixmul/matrixmul.cpp:22]   --->   Operation 80 'zext' 'tmp_9_cast' <Predicate = true> <Delay = 0.00>
ST_8 : Operation 81 [1/1] (0.00ns)   --->   "%tmp_cast = zext i8 %B_load to i16" [matrixmul/matrixmul.cpp:22]   --->   Operation 81 'zext' 'tmp_cast' <Predicate = true> <Delay = 0.00>
ST_8 : Operation 82 [1/1] (3.36ns)   --->   "%tmp_2 = mul i16 %tmp_9_cast, %tmp_cast" [matrixmul/matrixmul.cpp:22]   --->   Operation 82 'mul' 'tmp_2' <Predicate = true> <Delay = 3.36> <Core = "DSP48">   --->   Core 61 'DSP48' <Latency = 0> <II = 1> <Delay = 6.38> <IPBlock> <Opcode : 'mul' 'add' 'sub' 'select'> <InPorts = 0> <OutPorts = 1> <Sync> <CReg>
ST_8 : Operation 83 [1/1] (0.00ns)   --->   "%tmp_2_cast = zext i16 %tmp_2 to i32" [matrixmul/matrixmul.cpp:22]   --->   Operation 83 'zext' 'tmp_2_cast' <Predicate = true> <Delay = 0.00>
ST_8 : Operation 84 [1/1] (3.02ns)   --->   "%tmp_4 = add i32 %tmp_2_cast, %AB_load" [matrixmul/matrixmul.cpp:22]   --->   Operation 84 'add' 'tmp_4' <Predicate = true> <Delay = 3.02> <Core = "DSP48">   --->   Core 61 'DSP48' <Latency = 0> <II = 1> <Delay = 6.38> <IPBlock> <Opcode : 'mul' 'add' 'sub' 'select'> <InPorts = 0> <OutPorts = 1> <Sync> <CReg>
ST_8 : Operation 85 [1/1] (3.25ns)   --->   "store i32 %tmp_4, i32* %AB_addr_1, align 4" [matrixmul/matrixmul.cpp:22]   --->   Operation 85 'store' <Predicate = true> <Delay = 3.25> <Core = "RAM">   --->   Core 37 'RAM' <Latency = 1> <II = 1> <Delay = 3.25> <Storage> <Opcode : 'load' 'store'> <Ports = 2> <Width = 32> <Depth = 1024> <RAM>
ST_8 : Operation 86 [1/1] (0.00ns)   --->   "br label %.preheader" [matrixmul/matrixmul.cpp:21]   --->   Operation 86 'br' <Predicate = true> <Delay = 0.00>


============================================================
+ Verbose Summary: Timing violations
============================================================
Target clock period: 10ns, clock uncertainty: 1.25ns.

 <State 1>: 4.42ns
The critical path consists of the following:
	wire read on port 'lp' [14]  (0 ns)
	'shl' operation ('p', matrixmul/matrixmul.cpp:9) [19]  (4.42 ns)

 <State 2>: 2.55ns
The critical path consists of the following:
	'phi' operation ('i') with incoming values : ('i', matrixmul/matrixmul.cpp:13) [22]  (0 ns)
	'add' operation ('i', matrixmul/matrixmul.cpp:13) [24]  (2.55 ns)

 <State 3>: 4.8ns
The critical path consists of the following:
	'phi' operation ('j') with incoming values : ('j', matrixmul/matrixmul.cpp:14) [31]  (0 ns)
	'add' operation ('tmp_9', matrixmul/matrixmul.cpp:15) [37]  (1.55 ns)
	'getelementptr' operation ('AB_addr', matrixmul/matrixmul.cpp:15) [39]  (0 ns)
	'store' operation (matrixmul/matrixmul.cpp:15) of constant 0 on array 'AB' [40]  (3.25 ns)

 <State 4>: 2.55ns
The critical path consists of the following:
	'phi' operation ('i') with incoming values : ('i', matrixmul/matrixmul.cpp:19) [47]  (0 ns)
	'add' operation ('i', matrixmul/matrixmul.cpp:19) [49]  (2.55 ns)

 <State 5>: 2.55ns
The critical path consists of the following:
	'phi' operation ('j') with incoming values : ('j', matrixmul/matrixmul.cpp:20) [56]  (0 ns)
	'add' operation ('j', matrixmul/matrixmul.cpp:20) [58]  (2.55 ns)

 <State 6>: 4.8ns
The critical path consists of the following:
	'phi' operation ('k') with incoming values : ('k', matrixmul/matrixmul.cpp:21) [67]  (0 ns)
	'add' operation ('tmp_7', matrixmul/matrixmul.cpp:22) [73]  (1.55 ns)
	'getelementptr' operation ('A_addr', matrixmul/matrixmul.cpp:22) [75]  (0 ns)
	'load' operation ('A_load', matrixmul/matrixmul.cpp:22) on array 'A' [81]  (3.25 ns)

 <State 7>: 3.25ns
The critical path consists of the following:
	'load' operation ('A_load', matrixmul/matrixmul.cpp:22) on array 'A' [81]  (3.25 ns)

 <State 8>: 9.63ns
The critical path consists of the following:
	'mul' operation ('tmp_2', matrixmul/matrixmul.cpp:22) [85]  (3.36 ns)
	'add' operation ('tmp_4', matrixmul/matrixmul.cpp:22) [88]  (3.02 ns)
	'store' operation (matrixmul/matrixmul.cpp:22) of variable 'tmp_4', matrixmul/matrixmul.cpp:22 on array 'AB' [89]  (3.25 ns)


============================================================
+ Verbose Summary: Binding
============================================================
N/A
* FSMD analyzer results:
  - Output states:
 - Input state : 
  - Chain level:
	State 1
	State 2
	State 3
	State 4
	State 5
	State 6
	State 7
	State 8


============================================================
+ Verbose Summary: Datapath Resource usage 
============================================================
N/A
