

================================================================
== Vivado HLS Report for 'matrixmul'
================================================================
* Date:           Sun Apr 30 06:45:27 2023

* Version:        2018.2 (Build 2258646 on Thu Jun 14 20:25:20 MDT 2018)
* Project:        Matrix_Mul
* Solution:       solution1
* Product family: zynq
* Target device:  xc7z020clg484-1


================================================================
== Performance Estimates
================================================================
+ Timing (ns): 
    * Summary: 
    +--------+-------+----------+------------+
    |  Clock | Target| Estimated| Uncertainty|
    +--------+-------+----------+------------+
    |ap_clk  |  10.00|     9.634|        1.25|
    +--------+-------+----------+------------+

+ Latency (clock cycles): 
    * Summary: 
    +-----+-----+-----+-----+---------+
    |  Latency  |  Interval | Pipeline|
    | min | max | min | max |   Type  |
    +-----+-----+-----+-----+---------+
    |    ?|    ?|    ?|    ?|   none  |
    +-----+-----+-----+-----+---------+

    + Detail: 
        * Instance: 
        N/A

        * Loop: 
        +-----------------+-----+-----+----------+-----------+-----------+------+----------+
        |                 |  Latency  | Iteration|  Initiation Interval  | Trip |          |
        |    Loop Name    | min | max |  Latency |  achieved |   target  | Count| Pipelined|
        +-----------------+-----+-----+----------+-----------+-----------+------+----------+
        |- Loop 1         |    ?|    ?|         ?|          -|          -|     ?|    no    |
        | + Loop 1.1      |    ?|    ?|         2|          -|          -|     ?|    no    |
        |- Loop 2         |    ?|    ?|         ?|          -|          -|     ?|    no    |
        | + Loop 2.1      |    ?|    ?|         2|          -|          -|     ?|    no    |
        |- Loop 3         |    ?|    ?|         ?|          -|          -|     ?|    no    |
        | + Loop 3.1      |    ?|    ?|         1|          -|          -|     ?|    no    |
        |- Loop 4         |    ?|    ?|         ?|          -|          -|     ?|    no    |
        | + Loop 4.1      |    ?|    ?|         ?|          -|          -|     ?|    no    |
        |  ++ Loop 4.1.1  |    ?|    ?|         3|          -|          -|     ?|    no    |
        +-----------------+-----+-----+----------+-----------+-----------+------+----------+



================================================================
== Utilization Estimates
================================================================
* Summary: 
+-----------------+---------+-------+--------+-------+
|       Name      | BRAM_18K| DSP48E|   FF   |  LUT  |
+-----------------+---------+-------+--------+-------+
|DSP              |        -|      1|       -|      -|
|Expression       |        -|      -|       0|    888|
|FIFO             |        -|      -|       -|      -|
|Instance         |        -|      -|       -|      -|
|Memory           |        2|      -|       0|      0|
|Multiplexer      |        -|      -|       -|    203|
|Register         |        -|      -|     776|      -|
+-----------------+---------+-------+--------+-------+
|Total            |        2|      1|     776|   1091|
+-----------------+---------+-------+--------+-------+
|Available        |      280|    220|  106400|  53200|
+-----------------+---------+-------+--------+-------+
|Utilization (%)  |    ~0   |   ~0  |   ~0   |      2|
+-----------------+---------+-------+--------+-------+

+ Detail: 
    * Instance: 
    N/A

    * DSP48: 
    +-------------------------+----------------------+--------------+
    |         Instance        |        Module        |  Expression  |
    +-------------------------+----------------------+--------------+
    |matrixmul_mac_mulbkb_U1  |matrixmul_mac_mulbkb  | i0 * i1 + i2 |
    +-------------------------+----------------------+--------------+

    * Memory: 
    +-------+-------------+---------+---+----+------+-----+------+-------------+
    | Memory|    Module   | BRAM_18K| FF| LUT| Words| Bits| Banks| W*Bits*Banks|
    +-------+-------------+---------+---+----+------+-----+------+-------------+
    |A_U    |matrixmul_A  |        1|  0|   0|  1024|    8|     1|         8192|
    |B_U    |matrixmul_A  |        1|  0|   0|  1024|    8|     1|         8192|
    +-------+-------------+---------+---+----+------+-----+------+-------------+
    |Total  |             |        2|  0|   0|  2048|   16|     2|        16384|
    +-------+-------------+---------+---+----+------+-----+------+-------------+

    * FIFO: 
    N/A

    * Expression: 
    +---------------------+----------+-------+---+-----+------------+------------+
    |    Variable Name    | Operation| DSP48E| FF| LUT | Bitwidth P0| Bitwidth P1|
    +---------------------+----------+-------+---+-----+------------+------------+
    |i_4_fu_267_p2        |     +    |      0|  0|   39|          32|           1|
    |i_5_fu_315_p2        |     +    |      0|  0|   39|          32|           1|
    |i_6_fu_363_p2        |     +    |      0|  0|   39|          32|           1|
    |i_7_fu_411_p2        |     +    |      0|  0|   39|          32|           1|
    |j_4_fu_290_p2        |     +    |      0|  0|   39|          32|           1|
    |j_5_fu_338_p2        |     +    |      0|  0|   39|          32|           1|
    |j_6_fu_386_p2        |     +    |      0|  0|   39|          32|           1|
    |j_7_fu_434_p2        |     +    |      0|  0|   39|          32|           1|
    |k_1_fu_459_p2        |     +    |      0|  0|   39|          32|           1|
    |tmp_10_fu_396_p2     |     +    |      0|  0|   12|          12|          12|
    |tmp_12_fu_444_p2     |     +    |      0|  0|   12|          12|          12|
    |tmp_14_fu_469_p2     |     +    |      0|  0|   12|          12|          12|
    |tmp_16_fu_491_p2     |     +    |      0|  0|   12|          12|          12|
    |tmp_5_fu_348_p2      |     +    |      0|  0|   12|          12|          12|
    |tmp_s_fu_300_p2      |     +    |      0|  0|   12|          12|          12|
    |exitcond1_fu_429_p2  |   icmp   |      0|  0|   18|          32|          32|
    |exitcond2_fu_406_p2  |   icmp   |      0|  0|   18|          32|          32|
    |exitcond3_fu_381_p2  |   icmp   |      0|  0|   18|          32|          32|
    |exitcond4_fu_358_p2  |   icmp   |      0|  0|   18|          32|          32|
    |exitcond5_fu_333_p2  |   icmp   |      0|  0|   18|          32|          32|
    |exitcond6_fu_310_p2  |   icmp   |      0|  0|   18|          32|          32|
    |exitcond7_fu_285_p2  |   icmp   |      0|  0|   18|          32|          32|
    |exitcond8_fu_262_p2  |   icmp   |      0|  0|   18|          32|          32|
    |exitcond_fu_454_p2   |   icmp   |      0|  0|   18|          32|          32|
    |m_fu_244_p2          |    shl   |      0|  0|  101|           1|          32|
    |n_fu_250_p2          |    shl   |      0|  0|  101|           1|          32|
    |p_fu_256_p2          |    shl   |      0|  0|  101|           1|          32|
    +---------------------+----------+-------+---+-----+------------+------------+
    |Total                |          |      0|  0|  888|         651|         465|
    +---------------------+----------+-------+---+-----+------------+------------+

    * Multiplexer: 
    +-------------+----+-----------+-----+-----------+
    |     Name    | LUT| Input Size| Bits| Total Bits|
    +-------------+----+-----------+-----+-----------+
    |AB_address0  |  15|          3|   10|         30|
    |AB_d0        |  15|          3|   32|         96|
    |A_address0   |  15|          3|   10|         30|
    |B_address0   |  15|          3|   10|         30|
    |ap_NS_fsm    |  62|         15|    1|         15|
    |i_1_reg_167  |   9|          2|   32|         64|
    |i_2_reg_189  |   9|          2|   32|         64|
    |i_3_reg_211  |   9|          2|   32|         64|
    |i_reg_145    |   9|          2|   32|         64|
    |j_1_reg_178  |   9|          2|   32|         64|
    |j_2_reg_200  |   9|          2|   32|         64|
    |j_3_reg_222  |   9|          2|   32|         64|
    |j_reg_156    |   9|          2|   32|         64|
    |k_reg_233    |   9|          2|   32|         64|
    +-------------+----+-----------+-----+-----------+
    |Total        | 203|         45|  351|        777|
    +-------------+----+-----------+-----+-----------+

    * Register: 
    +----------------------+----+----+-----+-----------+
    |         Name         | FF | LUT| Bits| Const Bits|
    +----------------------+----+----+-----+-----------+
    |AB_addr_1_reg_646     |  10|   0|   10|          0|
    |AB_load_reg_679       |  32|   0|   32|          0|
    |A_load_reg_669        |   8|   0|    8|          0|
    |B_load_reg_674        |   8|   0|    8|          0|
    |ap_CS_fsm             |  14|   0|   14|          0|
    |i_1_reg_167           |  32|   0|   32|          0|
    |i_2_reg_189           |  32|   0|   32|          0|
    |i_3_reg_211           |  32|   0|   32|          0|
    |i_4_reg_539           |  32|   0|   32|          0|
    |i_5_reg_570           |  32|   0|   32|          0|
    |i_6_reg_601           |  32|   0|   32|          0|
    |i_7_reg_622           |  32|   0|   32|          0|
    |i_reg_145             |  32|   0|   32|          0|
    |j_1_reg_178           |  32|   0|   32|          0|
    |j_2_reg_200           |  32|   0|   32|          0|
    |j_3_reg_222           |  32|   0|   32|          0|
    |j_4_reg_552           |  32|   0|   32|          0|
    |j_5_reg_583           |  32|   0|   32|          0|
    |j_7_reg_636           |  32|   0|   32|          0|
    |j_reg_156             |  32|   0|   32|          0|
    |k_1_reg_654           |  32|   0|   32|          0|
    |k_reg_233             |  32|   0|   32|          0|
    |m_reg_515             |  32|   0|   32|          0|
    |n_reg_522             |  32|   0|   32|          0|
    |p_reg_529             |  32|   0|   32|          0|
    |tmp_10_cast1_reg_557  |  12|   0|   64|         52|
    |tmp_11_reg_641        |  12|   0|   12|          0|
    |tmp_12_cast_reg_606   |   7|   0|   12|          5|
    |tmp_13_cast_reg_588   |  12|   0|   64|         52|
    |tmp_15_cast_reg_627   |   7|   0|   12|          5|
    |tmp_1_cast_reg_544    |   7|   0|   12|          5|
    |tmp_9_cast_reg_575    |   7|   0|   12|          5|
    +----------------------+----+----+-----+-----------+
    |Total                 | 776|   0|  900|        124|
    +----------------------+----+----+-----+-----------+



================================================================
== Interface
================================================================
* Summary: 
+------------------+-----+-----+------------+--------------+--------------+
|     RTL Ports    | Dir | Bits|  Protocol  | Source Object|    C Type    |
+------------------+-----+-----+------------+--------------+--------------+
|ap_clk            |  in |    1| ap_ctrl_hs |   matrixmul  | return value |
|ap_rst            |  in |    1| ap_ctrl_hs |   matrixmul  | return value |
|ap_start          |  in |    1| ap_ctrl_hs |   matrixmul  | return value |
|ap_done           | out |    1| ap_ctrl_hs |   matrixmul  | return value |
|ap_idle           | out |    1| ap_ctrl_hs |   matrixmul  | return value |
|ap_ready          | out |    1| ap_ctrl_hs |   matrixmul  | return value |
|lm                |  in |   32|   ap_none  |      lm      |    scalar    |
|ln                |  in |   32|   ap_none  |      ln      |    scalar    |
|lp                |  in |   32|   ap_none  |      lp      |    scalar    |
|input_A_address0  | out |   10|  ap_memory |    input_A   |     array    |
|input_A_ce0       | out |    1|  ap_memory |    input_A   |     array    |
|input_A_q0        |  in |    8|  ap_memory |    input_A   |     array    |
|input_B_address0  | out |   10|  ap_memory |    input_B   |     array    |
|input_B_ce0       | out |    1|  ap_memory |    input_B   |     array    |
|input_B_q0        |  in |    8|  ap_memory |    input_B   |     array    |
|AB_address0       | out |   10|  ap_memory |      AB      |     array    |
|AB_ce0            | out |    1|  ap_memory |      AB      |     array    |
|AB_we0            | out |    1|  ap_memory |      AB      |     array    |
|AB_d0             | out |   32|  ap_memory |      AB      |     array    |
|AB_q0             |  in |   32|  ap_memory |      AB      |     array    |
+------------------+-----+-----+------------+--------------+--------------+

