
*** Running vivado
    with args -log matrixmul.vds -m64 -product Vivado -mode batch -messageDb vivado.pb -notrace -source matrixmul.tcl


****** Vivado v2018.2 (64-bit)
  **** SW Build 2258646 on Thu Jun 14 20:03:12 MDT 2018
  **** IP Build 2256618 on Thu Jun 14 22:10:49 MDT 2018
    ** Copyright 1986-2018 Xilinx, Inc. All Rights Reserved.

source matrixmul.tcl -notrace
Command: synth_design -top matrixmul -part xc7z020clg484-1 -directive sdx_optimization_effort_high -no_iobuf -mode out_of_context
Starting synth_design
Attempting to get a license for feature 'Synthesis' and/or device 'xc7z020'
INFO: [Common 17-349] Got license for feature 'Synthesis' and/or device 'xc7z020'
INFO: Launching helper process for spawning children vivado processes
INFO: Helper process launched with PID 29996 
---------------------------------------------------------------------------------
Starting RTL Elaboration : Time (s): cpu = 00:00:03 ; elapsed = 00:00:03 . Memory (MB): peak = 358.113 ; gain = 101.102
---------------------------------------------------------------------------------
INFO: [Synth 8-6157] synthesizing module 'matrixmul' [C:/Xilinx/SoC/matrixmul/solution1/impl/verilog/matrixmul.v:12]
	Parameter ap_ST_fsm_state1 bound to: 9'b000000001 
	Parameter ap_ST_fsm_state2 bound to: 9'b000000010 
	Parameter ap_ST_fsm_state3 bound to: 9'b000000100 
	Parameter ap_ST_fsm_state4 bound to: 9'b000001000 
	Parameter ap_ST_fsm_state5 bound to: 9'b000010000 
	Parameter ap_ST_fsm_state6 bound to: 9'b000100000 
	Parameter ap_ST_fsm_state7 bound to: 9'b001000000 
	Parameter ap_ST_fsm_state8 bound to: 9'b010000000 
	Parameter ap_ST_fsm_state9 bound to: 9'b100000000 
	Parameter C_S_AXI_AXILITES_DATA_WIDTH bound to: 32 - type: integer 
	Parameter C_S_AXI_AXILITES_ADDR_WIDTH bound to: 6 - type: integer 
	Parameter C_S_AXI_DATA_WIDTH bound to: 32 - type: integer 
	Parameter C_S_AXI_AXILITES_WSTRB_WIDTH bound to: 4 - type: integer 
	Parameter C_S_AXI_WSTRB_WIDTH bound to: 4 - type: integer 
INFO: [Synth 8-5534] Detected attribute (* fsm_encoding = "none" *) [C:/Xilinx/SoC/matrixmul/solution1/impl/verilog/matrixmul.v:101]
INFO: [Synth 8-6157] synthesizing module 'matrixmul_AXILiteS_s_axi' [C:/Xilinx/SoC/matrixmul/solution1/impl/verilog/matrixmul_AXILiteS_s_axi.v:9]
	Parameter C_S_AXI_ADDR_WIDTH bound to: 6 - type: integer 
	Parameter C_S_AXI_DATA_WIDTH bound to: 32 - type: integer 
	Parameter ADDR_LM_DATA_0 bound to: 6'b010000 
	Parameter ADDR_LM_CTRL bound to: 6'b010100 
	Parameter ADDR_LN_DATA_0 bound to: 6'b011000 
	Parameter ADDR_LN_CTRL bound to: 6'b011100 
	Parameter ADDR_LP_DATA_0 bound to: 6'b100000 
	Parameter ADDR_LP_CTRL bound to: 6'b100100 
	Parameter WRIDLE bound to: 2'b00 
	Parameter WRDATA bound to: 2'b01 
	Parameter WRRESP bound to: 2'b10 
	Parameter WRRESET bound to: 2'b11 
	Parameter RDIDLE bound to: 2'b00 
	Parameter RDDATA bound to: 2'b01 
	Parameter RDRESET bound to: 2'b10 
	Parameter ADDR_BITS bound to: 6 - type: integer 
INFO: [Synth 8-155] case statement is not full and has no default [C:/Xilinx/SoC/matrixmul/solution1/impl/verilog/matrixmul_AXILiteS_s_axi.v:179]
INFO: [Synth 8-6155] done synthesizing module 'matrixmul_AXILiteS_s_axi' (1#1) [C:/Xilinx/SoC/matrixmul/solution1/impl/verilog/matrixmul_AXILiteS_s_axi.v:9]
INFO: [Synth 8-6157] synthesizing module 'matrixmul_tmp' [C:/Xilinx/SoC/matrixmul/solution1/impl/verilog/matrixmul_tmp.v:46]
	Parameter DataWidth bound to: 32 - type: integer 
	Parameter AddressRange bound to: 1024 - type: integer 
	Parameter AddressWidth bound to: 10 - type: integer 
INFO: [Synth 8-6157] synthesizing module 'matrixmul_tmp_ram' [C:/Xilinx/SoC/matrixmul/solution1/impl/verilog/matrixmul_tmp.v:9]
	Parameter DWIDTH bound to: 32 - type: integer 
	Parameter AWIDTH bound to: 10 - type: integer 
	Parameter MEM_SIZE bound to: 1024 - type: integer 
INFO: [Synth 8-5534] Detected attribute (* ram_style = "block" *) [C:/Xilinx/SoC/matrixmul/solution1/impl/verilog/matrixmul_tmp.v:22]
INFO: [Synth 8-6155] done synthesizing module 'matrixmul_tmp_ram' (2#1) [C:/Xilinx/SoC/matrixmul/solution1/impl/verilog/matrixmul_tmp.v:9]
INFO: [Synth 8-6155] done synthesizing module 'matrixmul_tmp' (3#1) [C:/Xilinx/SoC/matrixmul/solution1/impl/verilog/matrixmul_tmp.v:46]
INFO: [Synth 8-6157] synthesizing module 'matrixmul_mac_mulbkb' [C:/Xilinx/SoC/matrixmul/solution1/impl/verilog/matrixmul_mac_mulbkb.v:34]
	Parameter ID bound to: 1 - type: integer 
	Parameter NUM_STAGE bound to: 1 - type: integer 
	Parameter din0_WIDTH bound to: 8 - type: integer 
	Parameter din1_WIDTH bound to: 8 - type: integer 
	Parameter din2_WIDTH bound to: 32 - type: integer 
	Parameter dout_WIDTH bound to: 32 - type: integer 
INFO: [Synth 8-6157] synthesizing module 'matrixmul_mac_mulbkb_DSP48_0' [C:/Xilinx/SoC/matrixmul/solution1/impl/verilog/matrixmul_mac_mulbkb.v:10]
WARNING: [Synth 8-5974] attribute "use_dsp48" has been deprecated, please use "use_dsp" instead 
INFO: [Synth 8-6155] done synthesizing module 'matrixmul_mac_mulbkb_DSP48_0' (4#1) [C:/Xilinx/SoC/matrixmul/solution1/impl/verilog/matrixmul_mac_mulbkb.v:10]
INFO: [Synth 8-6155] done synthesizing module 'matrixmul_mac_mulbkb' (5#1) [C:/Xilinx/SoC/matrixmul/solution1/impl/verilog/matrixmul_mac_mulbkb.v:34]
INFO: [Synth 8-6155] done synthesizing module 'matrixmul' (6#1) [C:/Xilinx/SoC/matrixmul/solution1/impl/verilog/matrixmul.v:12]
WARNING: [Synth 8-3331] design matrixmul_tmp has unconnected port reset
---------------------------------------------------------------------------------
Finished RTL Elaboration : Time (s): cpu = 00:00:04 ; elapsed = 00:00:04 . Memory (MB): peak = 413.527 ; gain = 156.516
---------------------------------------------------------------------------------

Report Check Netlist: 
+------+------------------+-------+---------+-------+------------------+
|      |Item              |Errors |Warnings |Status |Description       |
+------+------------------+-------+---------+-------+------------------+
|1     |multi_driven_nets |      0|        0|Passed |Multi driven nets |
+------+------------------+-------+---------+-------+------------------+
---------------------------------------------------------------------------------
Start Handling Custom Attributes
---------------------------------------------------------------------------------
---------------------------------------------------------------------------------
Finished Handling Custom Attributes : Time (s): cpu = 00:00:04 ; elapsed = 00:00:04 . Memory (MB): peak = 413.527 ; gain = 156.516
---------------------------------------------------------------------------------
---------------------------------------------------------------------------------
Finished RTL Optimization Phase 1 : Time (s): cpu = 00:00:04 ; elapsed = 00:00:04 . Memory (MB): peak = 413.527 ; gain = 156.516
---------------------------------------------------------------------------------
INFO: [Device 21-403] Loading part xc7z020clg484-1
INFO: [Project 1-570] Preparing netlist for logic optimization

Processing XDC Constraints
Initializing timing engine
Parsing XDC File [C:/Xilinx/SoC/matrixmul/solution1/impl/verilog/matrixmul.xdc]
Finished Parsing XDC File [C:/Xilinx/SoC/matrixmul/solution1/impl/verilog/matrixmul.xdc]
Completed Processing XDC Constraints

INFO: [Project 1-111] Unisim Transformation Summary:
No Unisim elements were transformed.

Constraint Validation Runtime : Time (s): cpu = 00:00:00 ; elapsed = 00:00:00.047 . Memory (MB): peak = 780.137 ; gain = 1.598
---------------------------------------------------------------------------------
Finished Constraint Validation : Time (s): cpu = 00:00:14 ; elapsed = 00:00:17 . Memory (MB): peak = 780.137 ; gain = 523.125
---------------------------------------------------------------------------------
---------------------------------------------------------------------------------
Start Loading Part and Timing Information
---------------------------------------------------------------------------------
Loading part: xc7z020clg484-1
---------------------------------------------------------------------------------
Finished Loading Part and Timing Information : Time (s): cpu = 00:00:14 ; elapsed = 00:00:17 . Memory (MB): peak = 780.137 ; gain = 523.125
---------------------------------------------------------------------------------
---------------------------------------------------------------------------------
Start Applying 'set_property' XDC Constraints
---------------------------------------------------------------------------------
---------------------------------------------------------------------------------
Finished applying 'set_property' XDC Constraints : Time (s): cpu = 00:00:14 ; elapsed = 00:00:17 . Memory (MB): peak = 780.137 ; gain = 523.125
---------------------------------------------------------------------------------
INFO: [Synth 8-802] inferred FSM for state register 'wstate_reg' in module 'matrixmul_AXILiteS_s_axi'
INFO: [Synth 8-802] inferred FSM for state register 'rstate_reg' in module 'matrixmul_AXILiteS_s_axi'
INFO: [Synth 8-5544] ROM "wnext" won't be mapped to Block RAM because address size (1) smaller than threshold (5)
INFO: [Synth 8-5544] ROM "wnext" won't be mapped to Block RAM because address size (1) smaller than threshold (5)
INFO: [Synth 8-4471] merging register 'tmp_8_cast_reg_350_reg[4:0]' into 'tmp_2_cast_reg_329_reg[4:0]' [C:/Xilinx/SoC/matrixmul/solution1/impl/verilog/matrixmul.v:888]
WARNING: [Synth 8-3936] Found unconnected internal register 'tmp_8_cast_reg_350_reg' and it is trimmed from '7' to '5' bits. [C:/Xilinx/SoC/matrixmul/solution1/impl/verilog/matrixmul.v:529]
WARNING: [Synth 8-3936] Found unconnected internal register 'tmp_2_cast_reg_329_reg' and it is trimmed from '7' to '5' bits. [C:/Xilinx/SoC/matrixmul/solution1/impl/verilog/matrixmul.v:517]
INFO: [Synth 8-4490] FSM extraction disabled for register 'ap_CS_fsm_reg' through user attribute
---------------------------------------------------------------------------------------------------
                   State |                     New Encoding |                Previous Encoding 
---------------------------------------------------------------------------------------------------
                  iSTATE |                             0001 |                               11
*
                  WRIDLE |                             0010 |                               00
                  WRDATA |                             0100 |                               01
                  WRRESP |                             1000 |                               10
---------------------------------------------------------------------------------------------------
INFO: [Synth 8-3354] encoded FSM with state register 'wstate_reg' using encoding 'one-hot' in module 'matrixmul_AXILiteS_s_axi'
---------------------------------------------------------------------------------------------------
                   State |                     New Encoding |                Previous Encoding 
---------------------------------------------------------------------------------------------------
                  iSTATE |                              001 |                               10
*
                  RDIDLE |                              010 |                               00
                  RDDATA |                              100 |                               01
---------------------------------------------------------------------------------------------------
INFO: [Synth 8-3354] encoded FSM with state register 'rstate_reg' using encoding 'one-hot' in module 'matrixmul_AXILiteS_s_axi'
---------------------------------------------------------------------------------
Finished RTL Optimization Phase 2 : Time (s): cpu = 00:00:14 ; elapsed = 00:00:18 . Memory (MB): peak = 780.137 ; gain = 523.125
---------------------------------------------------------------------------------

Report RTL Partitions: 
+-+--------------+------------+----------+
| |RTL Partition |Replication |Instances |
+-+--------------+------------+----------+
+-+--------------+------------+----------+
---------------------------------------------------------------------------------
Start RTL Component Statistics 
---------------------------------------------------------------------------------
Detailed RTL Component Info : 
+---Adders : 
	   2 Input     32 Bit       Adders := 5     
	   2 Input     10 Bit       Adders := 2     
+---Registers : 
	               32 Bit    Registers := 21    
	               10 Bit    Registers := 1     
	                9 Bit    Registers := 1     
	                8 Bit    Registers := 4     
	                6 Bit    Registers := 1     
	                5 Bit    Registers := 3     
	                2 Bit    Registers := 3     
	                1 Bit    Registers := 6     
+---RAMs : 
	              32K Bit         RAMs := 1     
+---Muxes : 
	   2 Input     32 Bit        Muxes := 5     
	   4 Input     32 Bit        Muxes := 1     
	   2 Input     10 Bit        Muxes := 1     
	   2 Input      9 Bit        Muxes := 2     
	   2 Input      8 Bit        Muxes := 3     
	   2 Input      7 Bit        Muxes := 1     
	   3 Input      6 Bit        Muxes := 1     
	   2 Input      5 Bit        Muxes := 1     
	   4 Input      4 Bit        Muxes := 1     
	   2 Input      4 Bit        Muxes := 4     
	   3 Input      4 Bit        Muxes := 1     
	   3 Input      3 Bit        Muxes := 1     
	   2 Input      3 Bit        Muxes := 2     
	   2 Input      2 Bit        Muxes := 4     
	   4 Input      2 Bit        Muxes := 3     
	   2 Input      1 Bit        Muxes := 3     
---------------------------------------------------------------------------------
Finished RTL Component Statistics 
---------------------------------------------------------------------------------
---------------------------------------------------------------------------------
Start RTL Hierarchical Component Statistics 
---------------------------------------------------------------------------------
Hierarchical RTL Component report 
Module matrixmul 
Detailed RTL Component Info : 
+---Adders : 
	   2 Input     32 Bit       Adders := 5     
	   2 Input     10 Bit       Adders := 2     
+---Registers : 
	               32 Bit    Registers := 16    
	               10 Bit    Registers := 1     
	                9 Bit    Registers := 1     
	                8 Bit    Registers := 4     
	                5 Bit    Registers := 3     
	                2 Bit    Registers := 3     
	                1 Bit    Registers := 6     
+---Muxes : 
	   2 Input     32 Bit        Muxes := 2     
	   2 Input     10 Bit        Muxes := 1     
	   2 Input      9 Bit        Muxes := 2     
	   2 Input      8 Bit        Muxes := 3     
	   2 Input      7 Bit        Muxes := 1     
	   3 Input      6 Bit        Muxes := 1     
	   2 Input      5 Bit        Muxes := 1     
	   3 Input      4 Bit        Muxes := 1     
	   2 Input      4 Bit        Muxes := 1     
	   2 Input      2 Bit        Muxes := 4     
	   4 Input      2 Bit        Muxes := 3     
	   2 Input      1 Bit        Muxes := 3     
Module matrixmul_AXILiteS_s_axi 
Detailed RTL Component Info : 
+---Registers : 
	               32 Bit    Registers := 4     
	                6 Bit    Registers := 1     
+---Muxes : 
	   2 Input     32 Bit        Muxes := 3     
	   4 Input     32 Bit        Muxes := 1     
	   4 Input      4 Bit        Muxes := 1     
	   2 Input      4 Bit        Muxes := 3     
	   3 Input      3 Bit        Muxes := 1     
	   2 Input      3 Bit        Muxes := 2     
Module matrixmul_tmp_ram 
Detailed RTL Component Info : 
+---Registers : 
	               32 Bit    Registers := 1     
+---RAMs : 
	              32K Bit         RAMs := 1     
---------------------------------------------------------------------------------
Finished RTL Hierarchical Component Statistics
---------------------------------------------------------------------------------
---------------------------------------------------------------------------------
Start Part Resource Summary
---------------------------------------------------------------------------------
Part Resources:
DSPs: 220 (col length:60)
BRAMs: 280 (col length: RAMB18 60 RAMB36 30)
---------------------------------------------------------------------------------
Finished Part Resource Summary
---------------------------------------------------------------------------------
---------------------------------------------------------------------------------
Start Cross Boundary and Area Optimization
---------------------------------------------------------------------------------
Warning: Parallel synthesis criteria is not met 
DSP Report: Generating DSP matrixmul_mac_mulbkb_U1/matrixmul_mac_mulbkb_DSP48_0_U/p, operation Mode is: C+A*B.
DSP Report: operator matrixmul_mac_mulbkb_U1/matrixmul_mac_mulbkb_DSP48_0_U/p is absorbed into DSP matrixmul_mac_mulbkb_U1/matrixmul_mac_mulbkb_DSP48_0_U/p.
DSP Report: operator matrixmul_mac_mulbkb_U1/matrixmul_mac_mulbkb_DSP48_0_U/m is absorbed into DSP matrixmul_mac_mulbkb_U1/matrixmul_mac_mulbkb_DSP48_0_U/p.
WARNING: [Synth 8-3917] design matrixmul has port s_axi_AXILiteS_RRESP[1] driven by constant 0
WARNING: [Synth 8-3917] design matrixmul has port s_axi_AXILiteS_RRESP[0] driven by constant 0
WARNING: [Synth 8-3917] design matrixmul has port s_axi_AXILiteS_BRESP[1] driven by constant 0
WARNING: [Synth 8-3917] design matrixmul has port s_axi_AXILiteS_BRESP[0] driven by constant 0
INFO: [Synth 8-3886] merging instance 'tmp_2_cast_reg_329_reg[0]' (FD) to 'tmp_2_cast_reg_329_reg[1]'
INFO: [Synth 8-3886] merging instance 'tmp_2_cast_reg_329_reg[1]' (FD) to 'tmp_2_cast_reg_329_reg[2]'
INFO: [Synth 8-3886] merging instance 'tmp_2_cast_reg_329_reg[2]' (FD) to 'tmp_2_cast_reg_329_reg[3]'
INFO: [Synth 8-3886] merging instance 'tmp_2_cast_reg_329_reg[3]' (FD) to 'tmp_2_cast_reg_329_reg[4]'
INFO: [Synth 8-3333] propagating constant 0 across sequential element (\tmp_2_cast_reg_329_reg[4] )
---------------------------------------------------------------------------------
Finished Cross Boundary and Area Optimization : Time (s): cpu = 00:00:16 ; elapsed = 00:00:20 . Memory (MB): peak = 780.137 ; gain = 523.125
---------------------------------------------------------------------------------
---------------------------------------------------------------------------------
Start ROM, RAM, DSP and Shift Register Reporting
---------------------------------------------------------------------------------

Block RAM: Preliminary Mapping  Report (see note below)
+-------------------+------------+------------------------+---+---+------------------------+---+---+------------------+--------+--------+
|Module Name        | RTL Object | PORT A (Depth x Width) | W | R | PORT B (Depth x Width) | W | R | Ports driving FF | RAMB18 | RAMB36 | 
+-------------------+------------+------------------------+---+---+------------------------+---+---+------------------+--------+--------+
|matrixmul_tmp_ram: | ram_reg    | 1 K x 32(WRITE_FIRST)  | W | R |                        |   |   | Port A           | 0      | 1      | 
+-------------------+------------+------------------------+---+---+------------------------+---+---+------------------+--------+--------+

Note: The tale above is a preliminary report that shows the Block RAMs at the current stage of the synthesis flow. Some Block RAMs may be reimplemented as non Block RAM primitives later in the synthesis flow. Multiple instantiated Block RAMs are reported only once. 

DSP: Preliminary Mapping  Report (see note below)
+-----------------------------+-------------+--------+--------+--------+--------+--------+------+------+------+------+-------+------+------+
|Module Name                  | DSP Mapping | A Size | B Size | C Size | D Size | P Size | AREG | BREG | CREG | DREG | ADREG | MREG | PREG | 
+-----------------------------+-------------+--------+--------+--------+--------+--------+------+------+------+------+-------+------+------+
|matrixmul_mac_mulbkb_DSP48_0 | C+A*B       | 9      | 9      | 32     | -      | 32     | 0    | 0    | 0    | -    | -     | 0    | 0    | 
+-----------------------------+-------------+--------+--------+--------+--------+--------+------+------+------+------+-------+------+------+

Note: The table above is a preliminary report that shows the DSPs inferred at the current stage of the synthesis flow. Some DSP may be reimplemented as non DSP primitives later in the synthesis flow. Multiple instantiated DSPs are reported only once.
---------------------------------------------------------------------------------
Finished ROM, RAM, DSP and Shift Register Reporting
---------------------------------------------------------------------------------
INFO: [Synth 8-4480] The timing for the instance i_3_0/tmp_U/matrixmul_tmp_ram_U/ram_reg (implemented as a block RAM) might be sub-optimal as no optional output register could be merged into the block ram. Providing additional output register may help in improving timing.

Report RTL Partitions: 
+-+--------------+------------+----------+
| |RTL Partition |Replication |Instances |
+-+--------------+------------+----------+
+-+--------------+------------+----------+
---------------------------------------------------------------------------------
Start Applying XDC Timing Constraints
---------------------------------------------------------------------------------
---------------------------------------------------------------------------------
Finished Applying XDC Timing Constraints : Time (s): cpu = 00:00:30 ; elapsed = 00:00:35 . Memory (MB): peak = 816.223 ; gain = 559.211
---------------------------------------------------------------------------------
---------------------------------------------------------------------------------
Start Timing Optimization
---------------------------------------------------------------------------------
---------------------------------------------------------------------------------
Finished Timing Optimization : Time (s): cpu = 00:00:31 ; elapsed = 00:00:36 . Memory (MB): peak = 843.066 ; gain = 586.055
---------------------------------------------------------------------------------
---------------------------------------------------------------------------------
Start ROM, RAM, DSP and Shift Register Reporting
---------------------------------------------------------------------------------

Block RAM: Final Mapping  Report
+-------------------+------------+------------------------+---+---+------------------------+---+---+------------------+--------+--------+
|Module Name        | RTL Object | PORT A (Depth x Width) | W | R | PORT B (Depth x Width) | W | R | Ports driving FF | RAMB18 | RAMB36 | 
+-------------------+------------+------------------------+---+---+------------------------+---+---+------------------+--------+--------+
|matrixmul_tmp_ram: | ram_reg    | 1 K x 32(WRITE_FIRST)  | W | R |                        |   |   | Port A           | 0      | 1      | 
+-------------------+------------+------------------------+---+---+------------------------+---+---+------------------+--------+--------+

---------------------------------------------------------------------------------
Finished ROM, RAM, DSP and Shift Register Reporting
---------------------------------------------------------------------------------

Report RTL Partitions: 
+-+--------------+------------+----------+
| |RTL Partition |Replication |Instances |
+-+--------------+------------+----------+
+-+--------------+------------+----------+
---------------------------------------------------------------------------------
Start Technology Mapping
---------------------------------------------------------------------------------
INFO: [Synth 8-4480] The timing for the instance tmp_U/matrixmul_tmp_ram_U/ram_reg (implemented as a block RAM) might be sub-optimal as no optional output register could be merged into the block ram. Providing additional output register may help in improving timing.
---------------------------------------------------------------------------------
Finished Technology Mapping : Time (s): cpu = 00:00:32 ; elapsed = 00:00:37 . Memory (MB): peak = 847.605 ; gain = 590.594
---------------------------------------------------------------------------------

Report RTL Partitions: 
+-+--------------+------------+----------+
| |RTL Partition |Replication |Instances |
+-+--------------+------------+----------+
+-+--------------+------------+----------+
---------------------------------------------------------------------------------
Start IO Insertion
---------------------------------------------------------------------------------
---------------------------------------------------------------------------------
Start Flattening Before IO Insertion
---------------------------------------------------------------------------------
---------------------------------------------------------------------------------
Finished Flattening Before IO Insertion
---------------------------------------------------------------------------------
---------------------------------------------------------------------------------
Start Final Netlist Cleanup
---------------------------------------------------------------------------------
---------------------------------------------------------------------------------
Finished Final Netlist Cleanup
---------------------------------------------------------------------------------
---------------------------------------------------------------------------------
Finished IO Insertion : Time (s): cpu = 00:00:33 ; elapsed = 00:00:38 . Memory (MB): peak = 847.605 ; gain = 590.594
---------------------------------------------------------------------------------

Report Check Netlist: 
+------+------------------+-------+---------+-------+------------------+
|      |Item              |Errors |Warnings |Status |Description       |
+------+------------------+-------+---------+-------+------------------+
|1     |multi_driven_nets |      0|        0|Passed |Multi driven nets |
+------+------------------+-------+---------+-------+------------------+
---------------------------------------------------------------------------------
Start Renaming Generated Instances
---------------------------------------------------------------------------------
---------------------------------------------------------------------------------
Finished Renaming Generated Instances : Time (s): cpu = 00:00:33 ; elapsed = 00:00:38 . Memory (MB): peak = 847.605 ; gain = 590.594
---------------------------------------------------------------------------------

Report RTL Partitions: 
+-+--------------+------------+----------+
| |RTL Partition |Replication |Instances |
+-+--------------+------------+----------+
+-+--------------+------------+----------+
---------------------------------------------------------------------------------
Start Rebuilding User Hierarchy
---------------------------------------------------------------------------------
---------------------------------------------------------------------------------
Finished Rebuilding User Hierarchy : Time (s): cpu = 00:00:33 ; elapsed = 00:00:38 . Memory (MB): peak = 847.605 ; gain = 590.594
---------------------------------------------------------------------------------
---------------------------------------------------------------------------------
Start Renaming Generated Ports
---------------------------------------------------------------------------------
---------------------------------------------------------------------------------
Finished Renaming Generated Ports : Time (s): cpu = 00:00:33 ; elapsed = 00:00:38 . Memory (MB): peak = 847.605 ; gain = 590.594
---------------------------------------------------------------------------------
---------------------------------------------------------------------------------
Start Handling Custom Attributes
---------------------------------------------------------------------------------
---------------------------------------------------------------------------------
Finished Handling Custom Attributes : Time (s): cpu = 00:00:33 ; elapsed = 00:00:38 . Memory (MB): peak = 847.605 ; gain = 590.594
---------------------------------------------------------------------------------
---------------------------------------------------------------------------------
Start Renaming Generated Nets
---------------------------------------------------------------------------------
---------------------------------------------------------------------------------
Finished Renaming Generated Nets : Time (s): cpu = 00:00:33 ; elapsed = 00:00:38 . Memory (MB): peak = 847.605 ; gain = 590.594
---------------------------------------------------------------------------------
---------------------------------------------------------------------------------
Start Writing Synthesis Report
---------------------------------------------------------------------------------

Report BlackBoxes: 
+-+--------------+----------+
| |BlackBox name |Instances |
+-+--------------+----------+
+-+--------------+----------+

Report Cell Usage: 
+------+---------+------+
|      |Cell     |Count |
+------+---------+------+
|1     |CARRY4   |    59|
|2     |DSP48E1  |     1|
|3     |LUT1     |     6|
|4     |LUT2     |    71|
|5     |LUT3     |   158|
|6     |LUT4     |    50|
|7     |LUT5     |    22|
|8     |LUT6     |   119|
|9     |RAMB36E1 |     1|
|10    |FDRE     |   723|
|11    |FDSE     |     3|
+------+---------+------+

Report Instance Areas: 
+------+-----------------------------------+-----------------------------+------+
|      |Instance                           |Module                       |Cells |
+------+-----------------------------------+-----------------------------+------+
|1     |top                                |                             |  1213|
|2     |  matrixmul_AXILiteS_s_axi_U       |matrixmul_AXILiteS_s_axi     |   357|
|3     |  matrixmul_mac_mulbkb_U1          |matrixmul_mac_mulbkb         |    17|
|4     |    matrixmul_mac_mulbkb_DSP48_0_U |matrixmul_mac_mulbkb_DSP48_0 |    17|
|5     |  tmp_U                            |matrixmul_tmp                |    66|
|6     |    matrixmul_tmp_ram_U            |matrixmul_tmp_ram            |    66|
+------+-----------------------------------+-----------------------------+------+
---------------------------------------------------------------------------------
Finished Writing Synthesis Report : Time (s): cpu = 00:00:33 ; elapsed = 00:00:38 . Memory (MB): peak = 847.605 ; gain = 590.594
---------------------------------------------------------------------------------
Synthesis finished with 0 errors, 0 critical warnings and 6 warnings.
Synthesis Optimization Runtime : Time (s): cpu = 00:00:22 ; elapsed = 00:00:28 . Memory (MB): peak = 847.605 ; gain = 223.984
Synthesis Optimization Complete : Time (s): cpu = 00:00:33 ; elapsed = 00:00:38 . Memory (MB): peak = 847.605 ; gain = 590.594
INFO: [Project 1-571] Translating synthesized netlist
INFO: [Netlist 29-17] Analyzing 61 Unisim elements for replacement
INFO: [Netlist 29-28] Unisim Transformation completed in 0 CPU seconds
INFO: [Project 1-570] Preparing netlist for logic optimization
INFO: [Opt 31-138] Pushed 0 inverter(s) to 0 load pin(s).
INFO: [Project 1-111] Unisim Transformation Summary:
No Unisim elements were transformed.

INFO: [Common 17-83] Releasing license: Synthesis
41 Infos, 8 Warnings, 0 Critical Warnings and 0 Errors encountered.
synth_design completed successfully
synth_design: Time (s): cpu = 00:00:35 ; elapsed = 00:00:41 . Memory (MB): peak = 847.605 ; gain = 603.637
WARNING: [Constraints 18-5210] No constraint will be written out.
INFO: [Common 17-1381] The checkpoint 'C:/Xilinx/SoC/matrixmul/solution1/impl/verilog/project.runs/synth_1/matrixmul.dcp' has been generated.
INFO: [runtcl-4] Executing : report_utilization -file matrixmul_utilization_synth.rpt -pb matrixmul_utilization_synth.pb
report_utilization: Time (s): cpu = 00:00:00 ; elapsed = 00:00:00.051 . Memory (MB): peak = 847.605 ; gain = 0.000
INFO: [Common 17-206] Exiting Vivado at Sat Apr 28 17:39:39 2018...
