INFO: [COSIM-47] Using XSIM for RTL simulation.
INFO: [COSIM-14] Instrumenting C test bench ...
   Build using "C:/Xilinx/Vivado/2018.2/msys64/mingw64/bin/g++"
   Compiling apatb_fir.cpp
   Compiling (apcc) fir.c_pre.c.tb.c
INFO: [HLS 200-10] Running 'C:/Xilinx/Vivado/2018.2/bin/unwrapped/win64.o/apcc.exe'
INFO: [HLS 200-10] For user 'HMH' on host 'hmhlaptop' (Windows NT_amd64 version 6.2) on Fri Apr 07 14:32:17 +0900 2023
INFO: [HLS 200-10] In directory 'C:/VIvado_HLS_Tutorial/Introduction/lab1/fir_prj/solution1/sim/wrapc'
clang: warning: argument unused during compilation: '-fno-builtin-isinf'
clang: warning: argument unused during compilation: '-fno-builtin-isnan'
INFO: [APCC 202-3] Tmp directory is C:/tmp/apcc_db_HMH/219801497007492
INFO: [APCC 202-1] APCC is done.
   Compiling (apcc) fir_test.c_pre.c.tb.c
INFO: [HLS 200-10] Running 'C:/Xilinx/Vivado/2018.2/bin/unwrapped/win64.o/apcc.exe'
INFO: [HLS 200-10] For user 'HMH' on host 'hmhlaptop' (Windows NT_amd64 version 6.2) on Fri Apr 07 14:32:24 +0900 2023
INFO: [HLS 200-10] In directory 'C:/VIvado_HLS_Tutorial/Introduction/lab1/fir_prj/solution1/sim/wrapc'
clang: warning: argument unused during compilation: '-fno-builtin-isinf'
clang: warning: argument unused during compilation: '-fno-builtin-isnan'
INFO: [APCC 202-3] Tmp directory is C:/tmp/apcc_db_HMH/151001503906937
INFO: [APCC 202-1] APCC is done.
   Generating cosim.tv.exe
INFO: [COSIM-302] Starting C TB testing ... 
INFO: [COSIM-333] Generating C post check test bench ...
INFO: [COSIM-12] Generating RTL test bench ...
INFO: [COSIM-323] Starting verilog simulation. 
INFO: [COSIM-15] Starting XSIM ...
INFO: [COSIM-316] Starting C post checking ...
Comparing against output data 
*******************************************
PASS: The output matches the golden output!
*******************************************

C:\VIvado_HLS_Tutorial\Introduction\lab1\fir_prj\solution1\sim\verilog>set PATH= 

C:\VIvado_HLS_Tutorial\Introduction\lab1\fir_prj\solution1\sim\verilog>call C:/Xilinx/Vivado/2018.2/bin/xelab xil_defaultlib.apatb_fir_top glbl -prj fir.prj -L smartconnect_v1_0 -L axi_protocol_checker_v1_1_12 -L axi_protocol_checker_v1_1_13 -L axis_protocol_checker_v1_1_11 -L axis_protocol_checker_v1_1_12 -L xil_defaultlib -L unisims_ver -L xpm --initfile "C:/Xilinx/Vivado/2018.2/data/xsim/ip/xsim_ip.ini" --lib "ieee_proposed=./ieee_proposed" -s fir  
INFO: [XSIM 43-3496] Using init file passed via -initfile option "C:/Xilinx/Vivado/2018.2/data/xsim/ip/xsim_ip.ini".
Vivado Simulator 2018.2
Copyright 1986-1999, 2001-2018 Xilinx, Inc. All Rights Reserved.
Running: C:/Xilinx/Vivado/2018.2/bin/unwrapped/win64.o/xelab.exe xil_defaultlib.apatb_fir_top glbl -prj fir.prj -L smartconnect_v1_0 -L axi_protocol_checker_v1_1_12 -L axi_protocol_checker_v1_1_13 -L axis_protocol_checker_v1_1_11 -L axis_protocol_checker_v1_1_12 -L xil_defaultlib -L unisims_ver -L xpm --initfile C:/Xilinx/Vivado/2018.2/data/xsim/ip/xsim_ip.ini --lib ieee_proposed=./ieee_proposed -s fir 
Multi-threading is on. Using 6 slave threads.
INFO: [VRFC 10-2263] Analyzing SystemVerilog file "C:/VIvado_HLS_Tutorial/Introduction/lab1/fir_prj/solution1/sim/verilog/glbl.v" into library work
INFO: [VRFC 10-311] analyzing module glbl
INFO: [VRFC 10-2263] Analyzing SystemVerilog file "C:/VIvado_HLS_Tutorial/Introduction/lab1/fir_prj/solution1/sim/verilog/AESL_axi_slave_AXILiteS.v" into library xil_defaultlib
INFO: [VRFC 10-311] analyzing module AESL_axi_slave_AXILiteS
INFO: [VRFC 10-2263] Analyzing SystemVerilog file "C:/VIvado_HLS_Tutorial/Introduction/lab1/fir_prj/solution1/sim/verilog/fir.autotb.v" into library xil_defaultlib
INFO: [VRFC 10-311] analyzing module apatb_fir_top
INFO: [VRFC 10-2263] Analyzing SystemVerilog file "C:/VIvado_HLS_Tutorial/Introduction/lab1/fir_prj/solution1/sim/verilog/fir.v" into library xil_defaultlib
INFO: [VRFC 10-311] analyzing module fir
INFO: [VRFC 10-2263] Analyzing SystemVerilog file "C:/VIvado_HLS_Tutorial/Introduction/lab1/fir_prj/solution1/sim/verilog/fir_AXILiteS_s_axi.v" into library xil_defaultlib
INFO: [VRFC 10-311] analyzing module fir_AXILiteS_s_axi
INFO: [VRFC 10-311] analyzing module fir_AXILiteS_s_axi_ram
INFO: [VRFC 10-2263] Analyzing SystemVerilog file "C:/VIvado_HLS_Tutorial/Introduction/lab1/fir_prj/solution1/sim/verilog/fir_shift_reg.v" into library xil_defaultlib
INFO: [VRFC 10-311] analyzing module fir_shift_reg_ram
INFO: [VRFC 10-311] analyzing module fir_shift_reg
Starting static elaboration
Completed static elaboration
Starting simulation data flow analysis
Completed simulation data flow analysis
Time Resolution for simulation is 1ps
Compiling module xil_defaultlib.fir_shift_reg_ram
Compiling module xil_defaultlib.fir_shift_reg(DataWidth=32,Addre...
Compiling module xil_defaultlib.fir_AXILiteS_s_axi_ram(DEPTH=11)
Compiling module xil_defaultlib.fir_AXILiteS_s_axi
Compiling module xil_defaultlib.fir
Compiling module xil_defaultlib.AESL_axi_slave_AXILiteS
Compiling module xil_defaultlib.apatb_fir_top
Compiling module work.glbl
Built simulation snapshot fir

****** Webtalk v2018.2 (64-bit)
  **** SW Build 2258646 on Thu Jun 14 20:03:12 MDT 2018
  **** IP Build 2256618 on Thu Jun 14 22:10:49 MDT 2018
    ** Copyright 1986-2018 Xilinx, Inc. All Rights Reserved.

source C:/VIvado_HLS_Tutorial/Introduction/lab1/fir_prj/solution1/sim/verilog/xsim.dir/fir/webtalk/xsim_webtalk.tcl -notrace
INFO: [Common 17-206] Exiting Webtalk at Fri Apr  7 14:32:38 2023...

****** xsim v2018.2 (64-bit)
  **** SW Build 2258646 on Thu Jun 14 20:03:12 MDT 2018
  **** IP Build 2256618 on Thu Jun 14 22:10:49 MDT 2018
    ** Copyright 1986-2018 Xilinx, Inc. All Rights Reserved.

source xsim.dir/fir/xsim_script.tcl
# xsim {fir} -autoloadwcfg -tclbatch {fir.tcl}
Vivado Simulator 2018.2
Time resolution is 1 ps
source fir.tcl
## run all
////////////////////////////////////////////////////////////////////////////////////
// Inter-Transaction Progress: Completed Transaction / Total Transaction
// Intra-Transaction Progress: Measured Latency / Latency Estimation * 100%
//
// RTL Simulation : "Inter-Transaction Progress" ["Intra-Transaction Progress"] @ "Simulation Time"
////////////////////////////////////////////////////////////////////////////////////
// RTL Simulation : 0 / 601 [0.00%] @ "125000"
// RTL Simulation : 1 / 601 [27.59%] @ "1825000"
// RTL Simulation : 2 / 601 [25.86%] @ "3525000"
// RTL Simulation : 3 / 601 [25.86%] @ "5205000"
// RTL Simulation : 4 / 601 [25.86%] @ "6885000"
// RTL Simulation : 5 / 601 [25.86%] @ "8565000"
// RTL Simulation : 6 / 601 [25.86%] @ "10245000"
// RTL Simulation : 7 / 601 [25.86%] @ "11925000"
// RTL Simulation : 8 / 601 [25.86%] @ "13605000"
// RTL Simulation : 9 / 601 [25.86%] @ "15285000"
// RTL Simulation : 10 / 601 [25.86%] @ "16965000"
// RTL Simulation : 11 / 601 [25.86%] @ "18645000"
// RTL Simulation : 12 / 601 [25.86%] @ "20325000"
// RTL Simulation : 13 / 601 [25.86%] @ "22005000"
// RTL Simulation : 14 / 601 [25.86%] @ "23685000"
// RTL Simulation : 15 / 601 [25.86%] @ "25365000"
// RTL Simulation : 16 / 601 [25.86%] @ "27045000"
// RTL Simulation : 17 / 601 [25.86%] @ "28725000"
// RTL Simulation : 18 / 601 [25.86%] @ "30405000"
// RTL Simulation : 19 / 601 [25.86%] @ "32085000"
// RTL Simulation : 20 / 601 [25.86%] @ "33765000"
// RTL Simulation : 21 / 601 [25.86%] @ "35445000"
// RTL Simulation : 22 / 601 [25.86%] @ "37125000"
// RTL Simulation : 23 / 601 [25.86%] @ "38805000"
// RTL Simulation : 24 / 601 [25.86%] @ "40485000"
// RTL Simulation : 25 / 601 [25.86%] @ "42165000"
// RTL Simulation : 26 / 601 [25.86%] @ "43845000"
// RTL Simulation : 27 / 601 [25.86%] @ "45525000"
// RTL Simulation : 28 / 601 [25.86%] @ "47205000"
// RTL Simulation : 29 / 601 [25.86%] @ "48885000"
// RTL Simulation : 30 / 601 [25.86%] @ "50565000"
// RTL Simulation : 31 / 601 [25.86%] @ "52245000"
// RTL Simulation : 32 / 601 [25.86%] @ "53925000"
// RTL Simulation : 33 / 601 [25.86%] @ "55605000"
// RTL Simulation : 34 / 601 [25.86%] @ "57285000"
// RTL Simulation : 35 / 601 [25.86%] @ "58965000"
// RTL Simulation : 36 / 601 [25.86%] @ "60645000"
// RTL Simulation : 37 / 601 [25.86%] @ "62325000"
// RTL Simulation : 38 / 601 [25.86%] @ "64005000"
// RTL Simulation : 39 / 601 [25.86%] @ "65685000"
// RTL Simulation : 40 / 601 [25.86%] @ "67365000"
// RTL Simulation : 41 / 601 [25.86%] @ "69045000"
// RTL Simulation : 42 / 601 [25.86%] @ "70725000"
// RTL Simulation : 43 / 601 [25.86%] @ "72405000"
// RTL Simulation : 44 / 601 [25.86%] @ "74085000"
// RTL Simulation : 45 / 601 [25.86%] @ "75765000"
// RTL Simulation : 46 / 601 [25.86%] @ "77445000"
// RTL Simulation : 47 / 601 [25.86%] @ "79125000"
// RTL Simulation : 48 / 601 [25.86%] @ "80805000"
// RTL Simulation : 49 / 601 [25.86%] @ "82485000"
// RTL Simulation : 50 / 601 [25.86%] @ "84165000"
// RTL Simulation : 51 / 601 [25.86%] @ "85845000"
// RTL Simulation : 52 / 601 [25.86%] @ "87525000"
// RTL Simulation : 53 / 601 [25.86%] @ "89205000"
// RTL Simulation : 54 / 601 [25.86%] @ "90885000"
// RTL Simulation : 55 / 601 [25.86%] @ "92565000"
// RTL Simulation : 56 / 601 [25.86%] @ "94245000"
// RTL Simulation : 57 / 601 [25.86%] @ "95925000"
// RTL Simulation : 58 / 601 [25.86%] @ "97605000"
// RTL Simulation : 59 / 601 [25.86%] @ "99285000"
// RTL Simulation : 60 / 601 [25.86%] @ "100965000"
// RTL Simulation : 61 / 601 [25.86%] @ "102645000"
// RTL Simulation : 62 / 601 [25.86%] @ "104325000"
// RTL Simulation : 63 / 601 [25.86%] @ "106005000"
// RTL Simulation : 64 / 601 [25.86%] @ "107685000"
// RTL Simulation : 65 / 601 [25.86%] @ "109365000"
// RTL Simulation : 66 / 601 [25.86%] @ "111045000"
// RTL Simulation : 67 / 601 [25.86%] @ "112725000"
// RTL Simulation : 68 / 601 [25.86%] @ "114405000"
// RTL Simulation : 69 / 601 [25.86%] @ "116085000"
// RTL Simulation : 70 / 601 [25.86%] @ "117765000"
// RTL Simulation : 71 / 601 [25.86%] @ "119445000"
// RTL Simulation : 72 / 601 [25.86%] @ "121125000"
// RTL Simulation : 73 / 601 [25.86%] @ "122805000"
// RTL Simulation : 74 / 601 [25.86%] @ "124485000"
// RTL Simulation : 75 / 601 [25.86%] @ "126165000"
// RTL Simulation : 76 / 601 [25.86%] @ "127845000"
// RTL Simulation : 77 / 601 [25.86%] @ "129525000"
// RTL Simulation : 78 / 601 [25.86%] @ "131205000"
// RTL Simulation : 79 / 601 [25.86%] @ "132885000"
// RTL Simulation : 80 / 601 [25.86%] @ "134565000"
// RTL Simulation : 81 / 601 [25.86%] @ "136245000"
// RTL Simulation : 82 / 601 [25.86%] @ "137925000"
// RTL Simulation : 83 / 601 [25.86%] @ "139605000"
// RTL Simulation : 84 / 601 [25.86%] @ "141285000"
// RTL Simulation : 85 / 601 [25.86%] @ "142965000"
// RTL Simulation : 86 / 601 [25.86%] @ "144645000"
// RTL Simulation : 87 / 601 [25.86%] @ "146325000"
// RTL Simulation : 88 / 601 [25.86%] @ "148005000"
// RTL Simulation : 89 / 601 [25.86%] @ "149685000"
// RTL Simulation : 90 / 601 [25.86%] @ "151365000"
// RTL Simulation : 91 / 601 [25.86%] @ "153045000"
// RTL Simulation : 92 / 601 [25.86%] @ "154725000"
// RTL Simulation : 93 / 601 [25.86%] @ "156405000"
// RTL Simulation : 94 / 601 [25.86%] @ "158085000"
// RTL Simulation : 95 / 601 [25.86%] @ "159765000"
// RTL Simulation : 96 / 601 [25.86%] @ "161445000"
// RTL Simulation : 97 / 601 [25.86%] @ "163125000"
// RTL Simulation : 98 / 601 [25.86%] @ "164805000"
// RTL Simulation : 99 / 601 [25.86%] @ "166485000"
// RTL Simulation : 100 / 601 [25.86%] @ "168165000"
// RTL Simulation : 101 / 601 [25.86%] @ "169845000"
// RTL Simulation : 102 / 601 [25.86%] @ "171525000"
// RTL Simulation : 103 / 601 [25.86%] @ "173205000"
// RTL Simulation : 104 / 601 [25.86%] @ "174885000"
// RTL Simulation : 105 / 601 [25.86%] @ "176565000"
// RTL Simulation : 106 / 601 [25.86%] @ "178245000"
// RTL Simulation : 107 / 601 [25.86%] @ "179925000"
// RTL Simulation : 108 / 601 [25.86%] @ "181605000"
// RTL Simulation : 109 / 601 [25.86%] @ "183285000"
// RTL Simulation : 110 / 601 [25.86%] @ "184965000"
// RTL Simulation : 111 / 601 [25.86%] @ "186645000"
// RTL Simulation : 112 / 601 [25.86%] @ "188325000"
// RTL Simulation : 113 / 601 [25.86%] @ "190005000"
// RTL Simulation : 114 / 601 [25.86%] @ "191685000"
// RTL Simulation : 115 / 601 [25.86%] @ "193365000"
// RTL Simulation : 116 / 601 [25.86%] @ "195045000"
// RTL Simulation : 117 / 601 [25.86%] @ "196725000"
// RTL Simulation : 118 / 601 [25.86%] @ "198405000"
// RTL Simulation : 119 / 601 [25.86%] @ "200085000"
// RTL Simulation : 120 / 601 [25.86%] @ "201765000"
// RTL Simulation : 121 / 601 [25.86%] @ "203445000"
// RTL Simulation : 122 / 601 [25.86%] @ "205125000"
// RTL Simulation : 123 / 601 [25.86%] @ "206805000"
// RTL Simulation : 124 / 601 [25.86%] @ "208485000"
// RTL Simulation : 125 / 601 [25.86%] @ "210165000"
// RTL Simulation : 126 / 601 [25.86%] @ "211845000"
// RTL Simulation : 127 / 601 [25.86%] @ "213525000"
// RTL Simulation : 128 / 601 [25.86%] @ "215205000"
// RTL Simulation : 129 / 601 [25.86%] @ "216885000"
// RTL Simulation : 130 / 601 [25.86%] @ "218565000"
// RTL Simulation : 131 / 601 [25.86%] @ "220245000"
// RTL Simulation : 132 / 601 [25.86%] @ "221925000"
// RTL Simulation : 133 / 601 [25.86%] @ "223605000"
// RTL Simulation : 134 / 601 [25.86%] @ "225285000"
// RTL Simulation : 135 / 601 [25.86%] @ "226965000"
// RTL Simulation : 136 / 601 [25.86%] @ "228645000"
// RTL Simulation : 137 / 601 [25.86%] @ "230325000"
// RTL Simulation : 138 / 601 [25.86%] @ "232005000"
// RTL Simulation : 139 / 601 [25.86%] @ "233685000"
// RTL Simulation : 140 / 601 [25.86%] @ "235365000"
// RTL Simulation : 141 / 601 [25.86%] @ "237045000"
// RTL Simulation : 142 / 601 [25.86%] @ "238725000"
// RTL Simulation : 143 / 601 [25.86%] @ "240405000"
// RTL Simulation : 144 / 601 [25.86%] @ "242085000"
// RTL Simulation : 145 / 601 [25.86%] @ "243765000"
// RTL Simulation : 146 / 601 [25.86%] @ "245445000"
// RTL Simulation : 147 / 601 [25.86%] @ "247125000"
// RTL Simulation : 148 / 601 [25.86%] @ "248805000"
// RTL Simulation : 149 / 601 [25.86%] @ "250485000"
// RTL Simulation : 150 / 601 [25.86%] @ "252165000"
// RTL Simulation : 151 / 601 [25.86%] @ "253845000"
// RTL Simulation : 152 / 601 [25.86%] @ "255525000"
// RTL Simulation : 153 / 601 [25.86%] @ "257205000"
// RTL Simulation : 154 / 601 [25.86%] @ "258885000"
// RTL Simulation : 155 / 601 [25.86%] @ "260565000"
// RTL Simulation : 156 / 601 [25.86%] @ "262245000"
// RTL Simulation : 157 / 601 [25.86%] @ "263925000"
// RTL Simulation : 158 / 601 [25.86%] @ "265605000"
// RTL Simulation : 159 / 601 [25.86%] @ "267285000"
// RTL Simulation : 160 / 601 [25.86%] @ "268965000"
// RTL Simulation : 161 / 601 [25.86%] @ "270645000"
// RTL Simulation : 162 / 601 [25.86%] @ "272325000"
// RTL Simulation : 163 / 601 [25.86%] @ "274005000"
// RTL Simulation : 164 / 601 [25.86%] @ "275685000"
// RTL Simulation : 165 / 601 [25.86%] @ "277365000"
// RTL Simulation : 166 / 601 [25.86%] @ "279045000"
// RTL Simulation : 167 / 601 [25.86%] @ "280725000"
// RTL Simulation : 168 / 601 [25.86%] @ "282405000"
// RTL Simulation : 169 / 601 [25.86%] @ "284085000"
// RTL Simulation : 170 / 601 [25.86%] @ "285765000"
// RTL Simulation : 171 / 601 [25.86%] @ "287445000"
// RTL Simulation : 172 / 601 [25.86%] @ "289125000"
// RTL Simulation : 173 / 601 [25.86%] @ "290805000"
// RTL Simulation : 174 / 601 [25.86%] @ "292485000"
// RTL Simulation : 175 / 601 [25.86%] @ "294165000"
// RTL Simulation : 176 / 601 [25.86%] @ "295845000"
// RTL Simulation : 177 / 601 [25.86%] @ "297525000"
// RTL Simulation : 178 / 601 [25.86%] @ "299205000"
// RTL Simulation : 179 / 601 [25.86%] @ "300885000"
// RTL Simulation : 180 / 601 [25.86%] @ "302565000"
// RTL Simulation : 181 / 601 [25.86%] @ "304245000"
// RTL Simulation : 182 / 601 [25.86%] @ "305925000"
// RTL Simulation : 183 / 601 [25.86%] @ "307605000"
// RTL Simulation : 184 / 601 [25.86%] @ "309285000"
// RTL Simulation : 185 / 601 [25.86%] @ "310965000"
// RTL Simulation : 186 / 601 [25.86%] @ "312645000"
// RTL Simulation : 187 / 601 [25.86%] @ "314325000"
// RTL Simulation : 188 / 601 [25.86%] @ "316005000"
// RTL Simulation : 189 / 601 [25.86%] @ "317685000"
// RTL Simulation : 190 / 601 [25.86%] @ "319365000"
// RTL Simulation : 191 / 601 [25.86%] @ "321045000"
// RTL Simulation : 192 / 601 [25.86%] @ "322725000"
// RTL Simulation : 193 / 601 [25.86%] @ "324405000"
// RTL Simulation : 194 / 601 [25.86%] @ "326085000"
// RTL Simulation : 195 / 601 [25.86%] @ "327765000"
// RTL Simulation : 196 / 601 [25.86%] @ "329445000"
// RTL Simulation : 197 / 601 [25.86%] @ "331125000"
// RTL Simulation : 198 / 601 [25.86%] @ "332805000"
// RTL Simulation : 199 / 601 [25.86%] @ "334485000"
// RTL Simulation : 200 / 601 [25.86%] @ "336165000"
// RTL Simulation : 201 / 601 [25.86%] @ "337845000"
// RTL Simulation : 202 / 601 [25.86%] @ "339525000"
// RTL Simulation : 203 / 601 [25.86%] @ "341205000"
// RTL Simulation : 204 / 601 [25.86%] @ "342885000"
// RTL Simulation : 205 / 601 [25.86%] @ "344565000"
// RTL Simulation : 206 / 601 [25.86%] @ "346245000"
// RTL Simulation : 207 / 601 [25.86%] @ "347925000"
// RTL Simulation : 208 / 601 [25.86%] @ "349605000"
// RTL Simulation : 209 / 601 [25.86%] @ "351285000"
// RTL Simulation : 210 / 601 [25.86%] @ "352965000"
// RTL Simulation : 211 / 601 [25.86%] @ "354645000"
// RTL Simulation : 212 / 601 [25.86%] @ "356325000"
// RTL Simulation : 213 / 601 [25.86%] @ "358005000"
// RTL Simulation : 214 / 601 [25.86%] @ "359685000"
// RTL Simulation : 215 / 601 [25.86%] @ "361365000"
// RTL Simulation : 216 / 601 [25.86%] @ "363045000"
// RTL Simulation : 217 / 601 [25.86%] @ "364725000"
// RTL Simulation : 218 / 601 [25.86%] @ "366405000"
// RTL Simulation : 219 / 601 [25.86%] @ "368085000"
// RTL Simulation : 220 / 601 [25.86%] @ "369765000"
// RTL Simulation : 221 / 601 [25.86%] @ "371445000"
// RTL Simulation : 222 / 601 [25.86%] @ "373125000"
// RTL Simulation : 223 / 601 [25.86%] @ "374805000"
// RTL Simulation : 224 / 601 [25.86%] @ "376485000"
// RTL Simulation : 225 / 601 [25.86%] @ "378165000"
// RTL Simulation : 226 / 601 [25.86%] @ "379845000"
// RTL Simulation : 227 / 601 [25.86%] @ "381525000"
// RTL Simulation : 228 / 601 [25.86%] @ "383205000"
// RTL Simulation : 229 / 601 [25.86%] @ "384885000"
// RTL Simulation : 230 / 601 [25.86%] @ "386565000"
// RTL Simulation : 231 / 601 [25.86%] @ "388245000"
// RTL Simulation : 232 / 601 [25.86%] @ "389925000"
// RTL Simulation : 233 / 601 [25.86%] @ "391605000"
// RTL Simulation : 234 / 601 [25.86%] @ "393285000"
// RTL Simulation : 235 / 601 [25.86%] @ "394965000"
// RTL Simulation : 236 / 601 [25.86%] @ "396645000"
// RTL Simulation : 237 / 601 [25.86%] @ "398325000"
// RTL Simulation : 238 / 601 [25.86%] @ "400005000"
// RTL Simulation : 239 / 601 [25.86%] @ "401685000"
// RTL Simulation : 240 / 601 [25.86%] @ "403365000"
// RTL Simulation : 241 / 601 [25.86%] @ "405045000"
// RTL Simulation : 242 / 601 [25.86%] @ "406725000"
// RTL Simulation : 243 / 601 [25.86%] @ "408405000"
// RTL Simulation : 244 / 601 [25.86%] @ "410085000"
// RTL Simulation : 245 / 601 [25.86%] @ "411765000"
// RTL Simulation : 246 / 601 [25.86%] @ "413445000"
// RTL Simulation : 247 / 601 [25.86%] @ "415125000"
// RTL Simulation : 248 / 601 [25.86%] @ "416805000"
// RTL Simulation : 249 / 601 [25.86%] @ "418485000"
// RTL Simulation : 250 / 601 [25.86%] @ "420165000"
// RTL Simulation : 251 / 601 [25.86%] @ "421845000"
// RTL Simulation : 252 / 601 [25.86%] @ "423525000"
// RTL Simulation : 253 / 601 [25.86%] @ "425205000"
// RTL Simulation : 254 / 601 [25.86%] @ "426885000"
// RTL Simulation : 255 / 601 [25.86%] @ "428565000"
// RTL Simulation : 256 / 601 [25.86%] @ "430245000"
// RTL Simulation : 257 / 601 [25.86%] @ "431925000"
// RTL Simulation : 258 / 601 [25.86%] @ "433605000"
// RTL Simulation : 259 / 601 [25.86%] @ "435285000"
// RTL Simulation : 260 / 601 [25.86%] @ "436965000"
// RTL Simulation : 261 / 601 [25.86%] @ "438645000"
// RTL Simulation : 262 / 601 [25.86%] @ "440325000"
// RTL Simulation : 263 / 601 [25.86%] @ "442005000"
// RTL Simulation : 264 / 601 [25.86%] @ "443685000"
// RTL Simulation : 265 / 601 [25.86%] @ "445365000"
// RTL Simulation : 266 / 601 [25.86%] @ "447045000"
// RTL Simulation : 267 / 601 [25.86%] @ "448725000"
// RTL Simulation : 268 / 601 [25.86%] @ "450405000"
// RTL Simulation : 269 / 601 [25.86%] @ "452085000"
// RTL Simulation : 270 / 601 [25.86%] @ "453765000"
// RTL Simulation : 271 / 601 [25.86%] @ "455445000"
// RTL Simulation : 272 / 601 [25.86%] @ "457125000"
// RTL Simulation : 273 / 601 [25.86%] @ "458805000"
// RTL Simulation : 274 / 601 [25.86%] @ "460485000"
// RTL Simulation : 275 / 601 [25.86%] @ "462165000"
// RTL Simulation : 276 / 601 [25.86%] @ "463845000"
// RTL Simulation : 277 / 601 [25.86%] @ "465525000"
// RTL Simulation : 278 / 601 [25.86%] @ "467205000"
// RTL Simulation : 279 / 601 [25.86%] @ "468885000"
// RTL Simulation : 280 / 601 [25.86%] @ "470565000"
// RTL Simulation : 281 / 601 [25.86%] @ "472245000"
// RTL Simulation : 282 / 601 [25.86%] @ "473925000"
// RTL Simulation : 283 / 601 [25.86%] @ "475605000"
// RTL Simulation : 284 / 601 [25.86%] @ "477285000"
// RTL Simulation : 285 / 601 [25.86%] @ "478965000"
// RTL Simulation : 286 / 601 [25.86%] @ "480645000"
// RTL Simulation : 287 / 601 [25.86%] @ "482325000"
// RTL Simulation : 288 / 601 [25.86%] @ "484005000"
// RTL Simulation : 289 / 601 [25.86%] @ "485685000"
// RTL Simulation : 290 / 601 [25.86%] @ "487365000"
// RTL Simulation : 291 / 601 [25.86%] @ "489045000"
// RTL Simulation : 292 / 601 [25.86%] @ "490725000"
// RTL Simulation : 293 / 601 [25.86%] @ "492405000"
// RTL Simulation : 294 / 601 [25.86%] @ "494085000"
// RTL Simulation : 295 / 601 [25.86%] @ "495765000"
// RTL Simulation : 296 / 601 [25.86%] @ "497445000"
// RTL Simulation : 297 / 601 [25.86%] @ "499125000"
// RTL Simulation : 298 / 601 [25.86%] @ "500805000"
// RTL Simulation : 299 / 601 [25.86%] @ "502485000"
// RTL Simulation : 300 / 601 [25.86%] @ "504165000"
// RTL Simulation : 301 / 601 [25.86%] @ "505845000"
// RTL Simulation : 302 / 601 [25.86%] @ "507525000"
// RTL Simulation : 303 / 601 [25.86%] @ "509205000"
// RTL Simulation : 304 / 601 [25.86%] @ "510885000"
// RTL Simulation : 305 / 601 [25.86%] @ "512565000"
// RTL Simulation : 306 / 601 [25.86%] @ "514245000"
// RTL Simulation : 307 / 601 [25.86%] @ "515925000"
// RTL Simulation : 308 / 601 [25.86%] @ "517605000"
// RTL Simulation : 309 / 601 [25.86%] @ "519285000"
// RTL Simulation : 310 / 601 [25.86%] @ "520965000"
// RTL Simulation : 311 / 601 [25.86%] @ "522645000"
// RTL Simulation : 312 / 601 [25.86%] @ "524325000"
// RTL Simulation : 313 / 601 [25.86%] @ "526005000"
// RTL Simulation : 314 / 601 [25.86%] @ "527685000"
// RTL Simulation : 315 / 601 [25.86%] @ "529365000"
// RTL Simulation : 316 / 601 [25.86%] @ "531045000"
// RTL Simulation : 317 / 601 [25.86%] @ "532725000"
// RTL Simulation : 318 / 601 [25.86%] @ "534405000"
// RTL Simulation : 319 / 601 [25.86%] @ "536085000"
// RTL Simulation : 320 / 601 [25.86%] @ "537765000"
// RTL Simulation : 321 / 601 [25.86%] @ "539445000"
// RTL Simulation : 322 / 601 [25.86%] @ "541125000"
// RTL Simulation : 323 / 601 [25.86%] @ "542805000"
// RTL Simulation : 324 / 601 [25.86%] @ "544485000"
// RTL Simulation : 325 / 601 [25.86%] @ "546165000"
// RTL Simulation : 326 / 601 [25.86%] @ "547845000"
// RTL Simulation : 327 / 601 [25.86%] @ "549525000"
// RTL Simulation : 328 / 601 [25.86%] @ "551205000"
// RTL Simulation : 329 / 601 [25.86%] @ "552885000"
// RTL Simulation : 330 / 601 [25.86%] @ "554565000"
// RTL Simulation : 331 / 601 [25.86%] @ "556245000"
// RTL Simulation : 332 / 601 [25.86%] @ "557925000"
// RTL Simulation : 333 / 601 [25.86%] @ "559605000"
// RTL Simulation : 334 / 601 [25.86%] @ "561285000"
// RTL Simulation : 335 / 601 [25.86%] @ "562965000"
// RTL Simulation : 336 / 601 [25.86%] @ "564645000"
// RTL Simulation : 337 / 601 [25.86%] @ "566325000"
// RTL Simulation : 338 / 601 [25.86%] @ "568005000"
// RTL Simulation : 339 / 601 [25.86%] @ "569685000"
// RTL Simulation : 340 / 601 [25.86%] @ "571365000"
// RTL Simulation : 341 / 601 [25.86%] @ "573045000"
// RTL Simulation : 342 / 601 [25.86%] @ "574725000"
// RTL Simulation : 343 / 601 [25.86%] @ "576405000"
// RTL Simulation : 344 / 601 [25.86%] @ "578085000"
// RTL Simulation : 345 / 601 [25.86%] @ "579765000"
// RTL Simulation : 346 / 601 [25.86%] @ "581445000"
// RTL Simulation : 347 / 601 [25.86%] @ "583125000"
// RTL Simulation : 348 / 601 [25.86%] @ "584805000"
// RTL Simulation : 349 / 601 [25.86%] @ "586485000"
// RTL Simulation : 350 / 601 [25.86%] @ "588165000"
// RTL Simulation : 351 / 601 [25.86%] @ "589845000"
// RTL Simulation : 352 / 601 [25.86%] @ "591525000"
// RTL Simulation : 353 / 601 [25.86%] @ "593205000"
// RTL Simulation : 354 / 601 [25.86%] @ "594885000"
// RTL Simulation : 355 / 601 [25.86%] @ "596565000"
// RTL Simulation : 356 / 601 [25.86%] @ "598245000"
// RTL Simulation : 357 / 601 [25.86%] @ "599925000"
// RTL Simulation : 358 / 601 [25.86%] @ "601605000"
// RTL Simulation : 359 / 601 [25.86%] @ "603285000"
// RTL Simulation : 360 / 601 [25.86%] @ "604965000"
// RTL Simulation : 361 / 601 [25.86%] @ "606645000"
// RTL Simulation : 362 / 601 [25.86%] @ "608325000"
// RTL Simulation : 363 / 601 [25.86%] @ "610005000"
// RTL Simulation : 364 / 601 [25.86%] @ "611685000"
// RTL Simulation : 365 / 601 [25.86%] @ "613365000"
// RTL Simulation : 366 / 601 [25.86%] @ "615045000"
// RTL Simulation : 367 / 601 [25.86%] @ "616725000"
// RTL Simulation : 368 / 601 [25.86%] @ "618405000"
// RTL Simulation : 369 / 601 [25.86%] @ "620085000"
// RTL Simulation : 370 / 601 [25.86%] @ "621765000"
// RTL Simulation : 371 / 601 [25.86%] @ "623445000"
// RTL Simulation : 372 / 601 [25.86%] @ "625125000"
// RTL Simulation : 373 / 601 [25.86%] @ "626805000"
// RTL Simulation : 374 / 601 [25.86%] @ "628485000"
// RTL Simulation : 375 / 601 [25.86%] @ "630165000"
// RTL Simulation : 376 / 601 [25.86%] @ "631845000"
// RTL Simulation : 377 / 601 [25.86%] @ "633525000"
// RTL Simulation : 378 / 601 [25.86%] @ "635205000"
// RTL Simulation : 379 / 601 [25.86%] @ "636885000"
// RTL Simulation : 380 / 601 [25.86%] @ "638565000"
// RTL Simulation : 381 / 601 [25.86%] @ "640245000"
// RTL Simulation : 382 / 601 [25.86%] @ "641925000"
// RTL Simulation : 383 / 601 [25.86%] @ "643605000"
// RTL Simulation : 384 / 601 [25.86%] @ "645285000"
// RTL Simulation : 385 / 601 [25.86%] @ "646965000"
// RTL Simulation : 386 / 601 [25.86%] @ "648645000"
// RTL Simulation : 387 / 601 [25.86%] @ "650325000"
// RTL Simulation : 388 / 601 [25.86%] @ "652005000"
// RTL Simulation : 389 / 601 [25.86%] @ "653685000"
// RTL Simulation : 390 / 601 [25.86%] @ "655365000"
// RTL Simulation : 391 / 601 [25.86%] @ "657045000"
// RTL Simulation : 392 / 601 [25.86%] @ "658725000"
// RTL Simulation : 393 / 601 [25.86%] @ "660405000"
// RTL Simulation : 394 / 601 [25.86%] @ "662085000"
// RTL Simulation : 395 / 601 [25.86%] @ "663765000"
// RTL Simulation : 396 / 601 [25.86%] @ "665445000"
// RTL Simulation : 397 / 601 [25.86%] @ "667125000"
// RTL Simulation : 398 / 601 [25.86%] @ "668805000"
// RTL Simulation : 399 / 601 [25.86%] @ "670485000"
// RTL Simulation : 400 / 601 [25.86%] @ "672165000"
// RTL Simulation : 401 / 601 [25.86%] @ "673845000"
// RTL Simulation : 402 / 601 [25.86%] @ "675525000"
// RTL Simulation : 403 / 601 [25.86%] @ "677205000"
// RTL Simulation : 404 / 601 [25.86%] @ "678885000"
// RTL Simulation : 405 / 601 [25.86%] @ "680565000"
// RTL Simulation : 406 / 601 [25.86%] @ "682245000"
// RTL Simulation : 407 / 601 [25.86%] @ "683925000"
// RTL Simulation : 408 / 601 [25.86%] @ "685605000"
// RTL Simulation : 409 / 601 [25.86%] @ "687285000"
// RTL Simulation : 410 / 601 [25.86%] @ "688965000"
// RTL Simulation : 411 / 601 [25.86%] @ "690645000"
// RTL Simulation : 412 / 601 [25.86%] @ "692325000"
// RTL Simulation : 413 / 601 [25.86%] @ "694005000"
// RTL Simulation : 414 / 601 [25.86%] @ "695685000"
// RTL Simulation : 415 / 601 [25.86%] @ "697365000"
// RTL Simulation : 416 / 601 [25.86%] @ "699045000"
// RTL Simulation : 417 / 601 [25.86%] @ "700725000"
// RTL Simulation : 418 / 601 [25.86%] @ "702405000"
// RTL Simulation : 419 / 601 [25.86%] @ "704085000"
// RTL Simulation : 420 / 601 [25.86%] @ "705765000"
// RTL Simulation : 421 / 601 [25.86%] @ "707445000"
// RTL Simulation : 422 / 601 [25.86%] @ "709125000"
// RTL Simulation : 423 / 601 [25.86%] @ "710805000"
// RTL Simulation : 424 / 601 [25.86%] @ "712485000"
// RTL Simulation : 425 / 601 [25.86%] @ "714165000"
// RTL Simulation : 426 / 601 [25.86%] @ "715845000"
// RTL Simulation : 427 / 601 [25.86%] @ "717525000"
// RTL Simulation : 428 / 601 [25.86%] @ "719205000"
// RTL Simulation : 429 / 601 [25.86%] @ "720885000"
// RTL Simulation : 430 / 601 [25.86%] @ "722565000"
// RTL Simulation : 431 / 601 [25.86%] @ "724245000"
// RTL Simulation : 432 / 601 [25.86%] @ "725925000"
// RTL Simulation : 433 / 601 [25.86%] @ "727605000"
// RTL Simulation : 434 / 601 [25.86%] @ "729285000"
// RTL Simulation : 435 / 601 [25.86%] @ "730965000"
// RTL Simulation : 436 / 601 [25.86%] @ "732645000"
// RTL Simulation : 437 / 601 [25.86%] @ "734325000"
// RTL Simulation : 438 / 601 [25.86%] @ "736005000"
// RTL Simulation : 439 / 601 [25.86%] @ "737685000"
// RTL Simulation : 440 / 601 [25.86%] @ "739365000"
// RTL Simulation : 441 / 601 [25.86%] @ "741045000"
// RTL Simulation : 442 / 601 [25.86%] @ "742725000"
// RTL Simulation : 443 / 601 [25.86%] @ "744405000"
// RTL Simulation : 444 / 601 [25.86%] @ "746085000"
// RTL Simulation : 445 / 601 [25.86%] @ "747765000"
// RTL Simulation : 446 / 601 [25.86%] @ "749445000"
// RTL Simulation : 447 / 601 [25.86%] @ "751125000"
// RTL Simulation : 448 / 601 [25.86%] @ "752805000"
// RTL Simulation : 449 / 601 [25.86%] @ "754485000"
// RTL Simulation : 450 / 601 [25.86%] @ "756165000"
// RTL Simulation : 451 / 601 [25.86%] @ "757845000"
// RTL Simulation : 452 / 601 [25.86%] @ "759525000"
// RTL Simulation : 453 / 601 [25.86%] @ "761205000"
// RTL Simulation : 454 / 601 [25.86%] @ "762885000"
// RTL Simulation : 455 / 601 [25.86%] @ "764565000"
// RTL Simulation : 456 / 601 [25.86%] @ "766245000"
// RTL Simulation : 457 / 601 [25.86%] @ "767925000"
// RTL Simulation : 458 / 601 [25.86%] @ "769605000"
// RTL Simulation : 459 / 601 [25.86%] @ "771285000"
// RTL Simulation : 460 / 601 [25.86%] @ "772965000"
// RTL Simulation : 461 / 601 [25.86%] @ "774645000"
// RTL Simulation : 462 / 601 [25.86%] @ "776325000"
// RTL Simulation : 463 / 601 [25.86%] @ "778005000"
// RTL Simulation : 464 / 601 [25.86%] @ "779685000"
// RTL Simulation : 465 / 601 [25.86%] @ "781365000"
// RTL Simulation : 466 / 601 [25.86%] @ "783045000"
// RTL Simulation : 467 / 601 [25.86%] @ "784725000"
// RTL Simulation : 468 / 601 [25.86%] @ "786405000"
// RTL Simulation : 469 / 601 [25.86%] @ "788085000"
// RTL Simulation : 470 / 601 [25.86%] @ "789765000"
// RTL Simulation : 471 / 601 [25.86%] @ "791445000"
// RTL Simulation : 472 / 601 [25.86%] @ "793125000"
// RTL Simulation : 473 / 601 [25.86%] @ "794805000"
// RTL Simulation : 474 / 601 [25.86%] @ "796485000"
// RTL Simulation : 475 / 601 [25.86%] @ "798165000"
// RTL Simulation : 476 / 601 [25.86%] @ "799845000"
// RTL Simulation : 477 / 601 [25.86%] @ "801525000"
// RTL Simulation : 478 / 601 [25.86%] @ "803205000"
// RTL Simulation : 479 / 601 [25.86%] @ "804885000"
// RTL Simulation : 480 / 601 [25.86%] @ "806565000"
// RTL Simulation : 481 / 601 [25.86%] @ "808245000"
// RTL Simulation : 482 / 601 [25.86%] @ "809925000"
// RTL Simulation : 483 / 601 [25.86%] @ "811605000"
// RTL Simulation : 484 / 601 [25.86%] @ "813285000"
// RTL Simulation : 485 / 601 [25.86%] @ "814965000"
// RTL Simulation : 486 / 601 [25.86%] @ "816645000"
// RTL Simulation : 487 / 601 [25.86%] @ "818325000"
// RTL Simulation : 488 / 601 [25.86%] @ "820005000"
// RTL Simulation : 489 / 601 [25.86%] @ "821685000"
// RTL Simulation : 490 / 601 [25.86%] @ "823365000"
// RTL Simulation : 491 / 601 [25.86%] @ "825045000"
// RTL Simulation : 492 / 601 [25.86%] @ "826725000"
// RTL Simulation : 493 / 601 [25.86%] @ "828405000"
// RTL Simulation : 494 / 601 [25.86%] @ "830085000"
// RTL Simulation : 495 / 601 [25.86%] @ "831765000"
// RTL Simulation : 496 / 601 [25.86%] @ "833445000"
// RTL Simulation : 497 / 601 [25.86%] @ "835125000"
// RTL Simulation : 498 / 601 [25.86%] @ "836805000"
// RTL Simulation : 499 / 601 [25.86%] @ "838485000"
// RTL Simulation : 500 / 601 [25.86%] @ "840165000"
// RTL Simulation : 501 / 601 [25.86%] @ "841845000"
// RTL Simulation : 502 / 601 [25.86%] @ "843525000"
// RTL Simulation : 503 / 601 [25.86%] @ "845205000"
// RTL Simulation : 504 / 601 [25.86%] @ "846885000"
// RTL Simulation : 505 / 601 [25.86%] @ "848565000"
// RTL Simulation : 506 / 601 [25.86%] @ "850245000"
// RTL Simulation : 507 / 601 [25.86%] @ "851925000"
// RTL Simulation : 508 / 601 [25.86%] @ "853605000"
// RTL Simulation : 509 / 601 [25.86%] @ "855285000"
// RTL Simulation : 510 / 601 [25.86%] @ "856965000"
// RTL Simulation : 511 / 601 [25.86%] @ "858645000"
// RTL Simulation : 512 / 601 [25.86%] @ "860325000"
// RTL Simulation : 513 / 601 [25.86%] @ "862005000"
// RTL Simulation : 514 / 601 [25.86%] @ "863685000"
// RTL Simulation : 515 / 601 [25.86%] @ "865365000"
// RTL Simulation : 516 / 601 [25.86%] @ "867045000"
// RTL Simulation : 517 / 601 [25.86%] @ "868725000"
// RTL Simulation : 518 / 601 [25.86%] @ "870405000"
// RTL Simulation : 519 / 601 [25.86%] @ "872085000"
// RTL Simulation : 520 / 601 [25.86%] @ "873765000"
// RTL Simulation : 521 / 601 [25.86%] @ "875445000"
// RTL Simulation : 522 / 601 [25.86%] @ "877125000"
// RTL Simulation : 523 / 601 [25.86%] @ "878805000"
// RTL Simulation : 524 / 601 [25.86%] @ "880485000"
// RTL Simulation : 525 / 601 [25.86%] @ "882165000"
// RTL Simulation : 526 / 601 [25.86%] @ "883845000"
// RTL Simulation : 527 / 601 [25.86%] @ "885525000"
// RTL Simulation : 528 / 601 [25.86%] @ "887205000"
// RTL Simulation : 529 / 601 [25.86%] @ "888885000"
// RTL Simulation : 530 / 601 [25.86%] @ "890565000"
// RTL Simulation : 531 / 601 [25.86%] @ "892245000"
// RTL Simulation : 532 / 601 [25.86%] @ "893925000"
// RTL Simulation : 533 / 601 [25.86%] @ "895605000"
// RTL Simulation : 534 / 601 [25.86%] @ "897285000"
// RTL Simulation : 535 / 601 [25.86%] @ "898965000"
// RTL Simulation : 536 / 601 [25.86%] @ "900645000"
// RTL Simulation : 537 / 601 [25.86%] @ "902325000"
// RTL Simulation : 538 / 601 [25.86%] @ "904005000"
// RTL Simulation : 539 / 601 [25.86%] @ "905685000"
// RTL Simulation : 540 / 601 [25.86%] @ "907365000"
// RTL Simulation : 541 / 601 [25.86%] @ "909045000"
// RTL Simulation : 542 / 601 [25.86%] @ "910725000"
// RTL Simulation : 543 / 601 [25.86%] @ "912405000"
// RTL Simulation : 544 / 601 [25.86%] @ "914085000"
// RTL Simulation : 545 / 601 [25.86%] @ "915765000"
// RTL Simulation : 546 / 601 [25.86%] @ "917445000"
// RTL Simulation : 547 / 601 [25.86%] @ "919125000"
// RTL Simulation : 548 / 601 [25.86%] @ "920805000"
// RTL Simulation : 549 / 601 [25.86%] @ "922485000"
// RTL Simulation : 550 / 601 [25.86%] @ "924165000"
// RTL Simulation : 551 / 601 [25.86%] @ "925845000"
// RTL Simulation : 552 / 601 [25.86%] @ "927525000"
// RTL Simulation : 553 / 601 [25.86%] @ "929205000"
// RTL Simulation : 554 / 601 [25.86%] @ "930885000"
// RTL Simulation : 555 / 601 [25.86%] @ "932565000"
// RTL Simulation : 556 / 601 [25.86%] @ "934245000"
// RTL Simulation : 557 / 601 [25.86%] @ "935925000"
// RTL Simulation : 558 / 601 [25.86%] @ "937605000"
// RTL Simulation : 559 / 601 [25.86%] @ "939285000"
// RTL Simulation : 560 / 601 [25.86%] @ "940965000"
// RTL Simulation : 561 / 601 [25.86%] @ "942645000"
// RTL Simulation : 562 / 601 [25.86%] @ "944325000"
// RTL Simulation : 563 / 601 [25.86%] @ "946005000"
// RTL Simulation : 564 / 601 [25.86%] @ "947685000"
// RTL Simulation : 565 / 601 [25.86%] @ "949365000"
// RTL Simulation : 566 / 601 [25.86%] @ "951045000"
// RTL Simulation : 567 / 601 [25.86%] @ "952725000"
// RTL Simulation : 568 / 601 [25.86%] @ "954405000"
// RTL Simulation : 569 / 601 [25.86%] @ "956085000"
// RTL Simulation : 570 / 601 [25.86%] @ "957765000"
// RTL Simulation : 571 / 601 [25.86%] @ "959445000"
// RTL Simulation : 572 / 601 [25.86%] @ "961125000"
// RTL Simulation : 573 / 601 [25.86%] @ "962805000"
// RTL Simulation : 574 / 601 [25.86%] @ "964485000"
// RTL Simulation : 575 / 601 [25.86%] @ "966165000"
// RTL Simulation : 576 / 601 [25.86%] @ "967845000"
// RTL Simulation : 577 / 601 [25.86%] @ "969525000"
// RTL Simulation : 578 / 601 [25.86%] @ "971205000"
// RTL Simulation : 579 / 601 [25.86%] @ "972885000"
// RTL Simulation : 580 / 601 [25.86%] @ "974565000"
// RTL Simulation : 581 / 601 [25.86%] @ "976245000"
// RTL Simulation : 582 / 601 [25.86%] @ "977925000"
// RTL Simulation : 583 / 601 [25.86%] @ "979605000"
// RTL Simulation : 584 / 601 [25.86%] @ "981285000"
// RTL Simulation : 585 / 601 [25.86%] @ "982965000"
// RTL Simulation : 586 / 601 [25.86%] @ "984645000"
// RTL Simulation : 587 / 601 [25.86%] @ "986325000"
// RTL Simulation : 588 / 601 [25.86%] @ "988005000"
// RTL Simulation : 589 / 601 [25.86%] @ "989685000"
// RTL Simulation : 590 / 601 [25.86%] @ "991365000"
// RTL Simulation : 591 / 601 [25.86%] @ "993045000"
// RTL Simulation : 592 / 601 [25.86%] @ "994725000"
// RTL Simulation : 593 / 601 [25.86%] @ "996405000"
// RTL Simulation : 594 / 601 [25.86%] @ "998085000"
// RTL Simulation : 595 / 601 [25.86%] @ "999765000"
// RTL Simulation : 596 / 601 [25.86%] @ "1001445000"
// RTL Simulation : 597 / 601 [25.86%] @ "1003125000"
// RTL Simulation : 598 / 601 [25.86%] @ "1004805000"
// RTL Simulation : 599 / 601 [25.86%] @ "1006485000"
// RTL Simulation : 600 / 601 [25.86%] @ "1008165000"
// RTL Simulation : 601 / 601 [100.00%] @ "1009845000"
////////////////////////////////////////////////////////////////////////////////////
$finish called at time : 1009885 ns : File "C:/VIvado_HLS_Tutorial/Introduction/lab1/fir_prj/solution1/sim/verilog/fir.autotb.v" Line 342
## quit
INFO: [Common 17-206] Exiting xsim at Fri Apr  7 14:32:49 2023...
Comparing against output data 
*******************************************
PASS: The output matches the golden output!
*******************************************
INFO: [COSIM-1000] *** C/RTL co-simulation finished: PASS ***
