08:17:50 INFO  : Registering command handlers for SDK TCF services
08:17:50 INFO  : Launching XSCT server: xsct.bat -interactive C:\Xilinx\SoC\Matrix_Mul_vivado\Matrix_Mul_vivado.sdk\temp_xsdb_launch_script.tcl
08:17:53 INFO  : XSCT server has started successfully.
08:17:55 INFO  : Successfully done setting XSCT server connection channel  
08:17:55 INFO  : Successfully done setting SDK workspace  
08:17:55 INFO  : Processing command line option -hwspec C:/Xilinx/SoC/Matrix_Mul_vivado/Matrix_Mul_vivado.sdk/design_1_wrapper.hdf.
08:28:13 INFO  : Connected to target on host '127.0.0.1' and port '3121'.
08:28:14 INFO  : 'targets -set -filter {jtag_cable_name =~ "Digilent JTAG-SMT2 210251988368" && level==0} -index 1' command is executed.
08:28:16 INFO  : FPGA configured successfully with bitstream "C:/Xilinx/SoC/Matrix_Mul_vivado/Matrix_Mul_vivado.sdk/design_1_wrapper_hw_platform_0/design_1_wrapper.bit"
08:28:26 INFO  : 'targets -set -filter {jtag_cable_name =~ "Digilent JTAG-SMT2 210251988368" && level==0} -index 1' command is executed.
08:28:26 INFO  : 'fpga -state' command is executed.
08:28:26 INFO  : Connected to target on host '127.0.0.1' and port '3121'.
08:28:26 INFO  : Jtag cable 'Digilent JTAG-SMT2 210251988368' is selected.
08:28:26 INFO  : 'jtag frequency' command is executed.
08:28:26 INFO  : Sourcing of 'C:/Xilinx/SoC/Matrix_Mul_vivado/Matrix_Mul_vivado.sdk/design_1_wrapper_hw_platform_0/ps7_init.tcl' is done.
08:28:26 INFO  : Context for 'APU' is selected.
08:28:26 INFO  : Hardware design information is loaded from 'C:/Xilinx/SoC/Matrix_Mul_vivado/Matrix_Mul_vivado.sdk/design_1_wrapper_hw_platform_0/system.hdf'.
08:28:26 INFO  : 'configparams force-mem-access 1' command is executed.
08:28:26 INFO  : Context for 'APU' is selected.
08:28:26 INFO  : 'stop' command is executed.
08:28:27 INFO  : 'ps7_init' command is executed.
08:28:27 INFO  : 'ps7_post_config' command is executed.
08:28:27 INFO  : Context for processor 'ps7_cortexa9_0' is selected.
08:28:27 INFO  : Processor reset is completed for 'ps7_cortexa9_0'.
08:28:27 INFO  : Context for processor 'ps7_cortexa9_0' is selected.
08:28:27 INFO  : The application 'C:/Xilinx/SoC/Matrix_Mul_vivado/Matrix_Mul_vivado.sdk/matrixmul/Debug/matrixmul.elf' is downloaded to processor 'ps7_cortexa9_0'.
08:28:27 INFO  : 'configparams force-mem-access 0' command is executed.
08:28:27 INFO  : ----------------XSDB Script----------------
connect -url tcp:127.0.0.1:3121
source C:/Xilinx/SoC/Matrix_Mul_vivado/Matrix_Mul_vivado.sdk/design_1_wrapper_hw_platform_0/ps7_init.tcl
targets -set -nocase -filter {name =~"APU*" && jtag_cable_name =~ "Digilent JTAG-SMT2 210251988368"} -index 0
loadhw -hw C:/Xilinx/SoC/Matrix_Mul_vivado/Matrix_Mul_vivado.sdk/design_1_wrapper_hw_platform_0/system.hdf -mem-ranges [list {0x40000000 0xbfffffff}]
configparams force-mem-access 1
targets -set -nocase -filter {name =~"APU*" && jtag_cable_name =~ "Digilent JTAG-SMT2 210251988368"} -index 0
stop
ps7_init
ps7_post_config
targets -set -nocase -filter {name =~ "ARM*#0" && jtag_cable_name =~ "Digilent JTAG-SMT2 210251988368"} -index 0
rst -processor
targets -set -nocase -filter {name =~ "ARM*#0" && jtag_cable_name =~ "Digilent JTAG-SMT2 210251988368"} -index 0
dow C:/Xilinx/SoC/Matrix_Mul_vivado/Matrix_Mul_vivado.sdk/matrixmul/Debug/matrixmul.elf
configparams force-mem-access 0
----------------End of Script----------------

08:28:27 INFO  : Context for processor 'ps7_cortexa9_0' is selected.
08:28:27 INFO  : 'con' command is executed.
08:28:27 INFO  : ----------------XSDB Script (After Launch)----------------
targets -set -nocase -filter {name =~ "ARM*#0" && jtag_cable_name =~ "Digilent JTAG-SMT2 210251988368"} -index 0
con
----------------End of Script----------------

08:28:27 INFO  : Disconnected from the channel tcfchan#1.
08:28:53 INFO  : 'targets -set -filter {jtag_cable_name =~ "Digilent JTAG-SMT2 210251988368" && level==0} -index 1' command is executed.
08:28:53 INFO  : 'fpga -state' command is executed.
08:28:53 INFO  : Connected to target on host '127.0.0.1' and port '3121'.
08:28:53 INFO  : Jtag cable 'Digilent JTAG-SMT2 210251988368' is selected.
08:28:53 INFO  : 'jtag frequency' command is executed.
08:28:53 INFO  : Sourcing of 'C:/Xilinx/SoC/Matrix_Mul_vivado/Matrix_Mul_vivado.sdk/design_1_wrapper_hw_platform_0/ps7_init.tcl' is done.
08:28:53 INFO  : Context for 'APU' is selected.
08:28:54 INFO  : Hardware design information is loaded from 'C:/Xilinx/SoC/Matrix_Mul_vivado/Matrix_Mul_vivado.sdk/design_1_wrapper_hw_platform_0/system.hdf'.
08:28:54 INFO  : 'configparams force-mem-access 1' command is executed.
08:28:54 INFO  : Context for 'APU' is selected.
08:28:54 INFO  : 'stop' command is executed.
08:28:55 INFO  : 'ps7_init' command is executed.
08:28:55 INFO  : 'ps7_post_config' command is executed.
08:28:55 INFO  : Context for processor 'ps7_cortexa9_0' is selected.
08:28:55 INFO  : Processor reset is completed for 'ps7_cortexa9_0'.
08:28:55 INFO  : Context for processor 'ps7_cortexa9_0' is selected.
08:28:55 INFO  : The application 'C:/Xilinx/SoC/Matrix_Mul_vivado/Matrix_Mul_vivado.sdk/matrixmul/Debug/matrixmul.elf' is downloaded to processor 'ps7_cortexa9_0'.
08:28:55 INFO  : 'configparams force-mem-access 0' command is executed.
08:28:55 INFO  : ----------------XSDB Script----------------
connect -url tcp:127.0.0.1:3121
source C:/Xilinx/SoC/Matrix_Mul_vivado/Matrix_Mul_vivado.sdk/design_1_wrapper_hw_platform_0/ps7_init.tcl
targets -set -nocase -filter {name =~"APU*" && jtag_cable_name =~ "Digilent JTAG-SMT2 210251988368"} -index 0
loadhw -hw C:/Xilinx/SoC/Matrix_Mul_vivado/Matrix_Mul_vivado.sdk/design_1_wrapper_hw_platform_0/system.hdf -mem-ranges [list {0x40000000 0xbfffffff}]
configparams force-mem-access 1
targets -set -nocase -filter {name =~"APU*" && jtag_cable_name =~ "Digilent JTAG-SMT2 210251988368"} -index 0
stop
ps7_init
ps7_post_config
targets -set -nocase -filter {name =~ "ARM*#0" && jtag_cable_name =~ "Digilent JTAG-SMT2 210251988368"} -index 0
rst -processor
targets -set -nocase -filter {name =~ "ARM*#0" && jtag_cable_name =~ "Digilent JTAG-SMT2 210251988368"} -index 0
dow C:/Xilinx/SoC/Matrix_Mul_vivado/Matrix_Mul_vivado.sdk/matrixmul/Debug/matrixmul.elf
configparams force-mem-access 0
----------------End of Script----------------

08:28:55 INFO  : Context for processor 'ps7_cortexa9_0' is selected.
08:28:55 INFO  : 'con' command is executed.
08:28:55 INFO  : ----------------XSDB Script (After Launch)----------------
targets -set -nocase -filter {name =~ "ARM*#0" && jtag_cable_name =~ "Digilent JTAG-SMT2 210251988368"} -index 0
con
----------------End of Script----------------

08:28:55 INFO  : Disconnected from the channel tcfchan#2.
08:35:14 INFO  : 'targets -set -filter {jtag_cable_name =~ "Digilent JTAG-SMT2 210251988368" && level==0} -index 1' command is executed.
08:35:14 INFO  : 'fpga -state' command is executed.
08:35:14 INFO  : Connected to target on host '127.0.0.1' and port '3121'.
08:35:14 INFO  : Jtag cable 'Digilent JTAG-SMT2 210251988368' is selected.
08:35:14 INFO  : 'jtag frequency' command is executed.
08:35:14 INFO  : Sourcing of 'C:/Xilinx/SoC/Matrix_Mul_vivado/Matrix_Mul_vivado.sdk/design_1_wrapper_hw_platform_0/ps7_init.tcl' is done.
08:35:14 INFO  : Context for 'APU' is selected.
08:35:16 INFO  : Hardware design information is loaded from 'C:/Xilinx/SoC/Matrix_Mul_vivado/Matrix_Mul_vivado.sdk/design_1_wrapper_hw_platform_0/system.hdf'.
08:35:16 INFO  : 'configparams force-mem-access 1' command is executed.
08:35:16 INFO  : Context for 'APU' is selected.
08:35:16 INFO  : 'stop' command is executed.
08:35:16 INFO  : 'ps7_init' command is executed.
08:35:16 INFO  : 'ps7_post_config' command is executed.
08:35:16 INFO  : Context for processor 'ps7_cortexa9_0' is selected.
08:35:16 INFO  : Processor reset is completed for 'ps7_cortexa9_0'.
08:35:16 INFO  : Context for processor 'ps7_cortexa9_0' is selected.
08:35:16 INFO  : The application 'C:/Xilinx/SoC/Matrix_Mul_vivado/Matrix_Mul_vivado.sdk/matrixmul/Debug/matrixmul.elf' is downloaded to processor 'ps7_cortexa9_0'.
08:35:16 INFO  : 'configparams force-mem-access 0' command is executed.
08:35:16 INFO  : ----------------XSDB Script----------------
connect -url tcp:127.0.0.1:3121
source C:/Xilinx/SoC/Matrix_Mul_vivado/Matrix_Mul_vivado.sdk/design_1_wrapper_hw_platform_0/ps7_init.tcl
targets -set -nocase -filter {name =~"APU*" && jtag_cable_name =~ "Digilent JTAG-SMT2 210251988368"} -index 0
loadhw -hw C:/Xilinx/SoC/Matrix_Mul_vivado/Matrix_Mul_vivado.sdk/design_1_wrapper_hw_platform_0/system.hdf -mem-ranges [list {0x40000000 0xbfffffff}]
configparams force-mem-access 1
targets -set -nocase -filter {name =~"APU*" && jtag_cable_name =~ "Digilent JTAG-SMT2 210251988368"} -index 0
stop
ps7_init
ps7_post_config
targets -set -nocase -filter {name =~ "ARM*#0" && jtag_cable_name =~ "Digilent JTAG-SMT2 210251988368"} -index 0
rst -processor
targets -set -nocase -filter {name =~ "ARM*#0" && jtag_cable_name =~ "Digilent JTAG-SMT2 210251988368"} -index 0
dow C:/Xilinx/SoC/Matrix_Mul_vivado/Matrix_Mul_vivado.sdk/matrixmul/Debug/matrixmul.elf
configparams force-mem-access 0
----------------End of Script----------------

08:35:16 INFO  : Context for processor 'ps7_cortexa9_0' is selected.
08:35:16 INFO  : 'con' command is executed.
08:35:16 INFO  : ----------------XSDB Script (After Launch)----------------
targets -set -nocase -filter {name =~ "ARM*#0" && jtag_cable_name =~ "Digilent JTAG-SMT2 210251988368"} -index 0
con
----------------End of Script----------------

08:35:16 INFO  : Disconnected from the channel tcfchan#3.
08:58:38 INFO  : 'targets -set -filter {jtag_cable_name =~ "Digilent JTAG-SMT2 210251988368" && level==0} -index 1' command is executed.
08:58:38 INFO  : 'fpga -state' command is executed.
08:58:38 INFO  : Connected to target on host '127.0.0.1' and port '3121'.
08:58:38 INFO  : Jtag cable 'Digilent JTAG-SMT2 210251988368' is selected.
08:58:38 INFO  : 'jtag frequency' command is executed.
08:58:38 INFO  : Sourcing of 'C:/Xilinx/SoC/Matrix_Mul_vivado/Matrix_Mul_vivado.sdk/design_1_wrapper_hw_platform_0/ps7_init.tcl' is done.
08:58:38 INFO  : Context for 'APU' is selected.
08:58:39 INFO  : Hardware design information is loaded from 'C:/Xilinx/SoC/Matrix_Mul_vivado/Matrix_Mul_vivado.sdk/design_1_wrapper_hw_platform_0/system.hdf'.
08:58:39 INFO  : 'configparams force-mem-access 1' command is executed.
08:58:39 INFO  : Context for 'APU' is selected.
08:58:39 INFO  : 'stop' command is executed.
08:58:40 INFO  : 'ps7_init' command is executed.
08:58:40 INFO  : 'ps7_post_config' command is executed.
08:58:40 INFO  : Context for processor 'ps7_cortexa9_0' is selected.
08:58:40 INFO  : Processor reset is completed for 'ps7_cortexa9_0'.
08:58:40 INFO  : Context for processor 'ps7_cortexa9_0' is selected.
08:58:40 INFO  : The application 'C:/Xilinx/SoC/Matrix_Mul_vivado/Matrix_Mul_vivado.sdk/matrixmul/Debug/matrixmul.elf' is downloaded to processor 'ps7_cortexa9_0'.
08:58:40 INFO  : 'configparams force-mem-access 0' command is executed.
08:58:40 INFO  : ----------------XSDB Script----------------
connect -url tcp:127.0.0.1:3121
source C:/Xilinx/SoC/Matrix_Mul_vivado/Matrix_Mul_vivado.sdk/design_1_wrapper_hw_platform_0/ps7_init.tcl
targets -set -nocase -filter {name =~"APU*" && jtag_cable_name =~ "Digilent JTAG-SMT2 210251988368"} -index 0
loadhw -hw C:/Xilinx/SoC/Matrix_Mul_vivado/Matrix_Mul_vivado.sdk/design_1_wrapper_hw_platform_0/system.hdf -mem-ranges [list {0x40000000 0xbfffffff}]
configparams force-mem-access 1
targets -set -nocase -filter {name =~"APU*" && jtag_cable_name =~ "Digilent JTAG-SMT2 210251988368"} -index 0
stop
ps7_init
ps7_post_config
targets -set -nocase -filter {name =~ "ARM*#0" && jtag_cable_name =~ "Digilent JTAG-SMT2 210251988368"} -index 0
rst -processor
targets -set -nocase -filter {name =~ "ARM*#0" && jtag_cable_name =~ "Digilent JTAG-SMT2 210251988368"} -index 0
dow C:/Xilinx/SoC/Matrix_Mul_vivado/Matrix_Mul_vivado.sdk/matrixmul/Debug/matrixmul.elf
configparams force-mem-access 0
----------------End of Script----------------

08:58:40 INFO  : Context for processor 'ps7_cortexa9_0' is selected.
08:58:40 INFO  : 'con' command is executed.
08:58:40 INFO  : ----------------XSDB Script (After Launch)----------------
targets -set -nocase -filter {name =~ "ARM*#0" && jtag_cable_name =~ "Digilent JTAG-SMT2 210251988368"} -index 0
con
----------------End of Script----------------

08:58:40 INFO  : Disconnected from the channel tcfchan#4.
09:03:06 ERROR : Failed to closehw "C:/Xilinx/SoC/Matrix_Mul_vivado/Matrix_Mul_vivado.sdk/design_1_wrapper_hw_platform_0/system.hdf"
Reason: Cannot close hw design 'C:/Xilinx/SoC/Matrix_Mul_vivado/Matrix_Mul_vivado.sdk/design_1_wrapper_hw_platform_0/system.hdf'.
Design is not opened in the current session.

09:09:45 INFO  : Registering command handlers for SDK TCF services
09:09:46 INFO  : Launching XSCT server: xsct.bat -interactive C:\Xilinx\SoC\Matrix_Mul_vivado\Matrix_Mul_vivado.sdk\temp_xsdb_launch_script.tcl
09:09:48 INFO  : XSCT server has started successfully.
09:09:48 INFO  : Successfully done setting XSCT server connection channel  
09:09:48 INFO  : Successfully done setting SDK workspace  
09:09:48 INFO  : Processing command line option -hwspec C:/Xilinx/SoC/Matrix_Mul_vivado/Matrix_Mul_vivado.sdk/design_1_wrapper.hdf.
09:11:03 INFO  : Connected to target on host '127.0.0.1' and port '3121'.
09:11:03 INFO  : 'targets -set -filter {jtag_cable_name =~ "Digilent JTAG-SMT2 210251988368" && level==0} -index 1' command is executed.
09:11:06 INFO  : FPGA configured successfully with bitstream "C:/Xilinx/SoC/Matrix_Mul_vivado/Matrix_Mul_vivado.sdk/design_1_wrapper_hw_platform_0/design_1_wrapper.bit"
09:24:31 INFO  : 'targets -set -filter {jtag_cable_name =~ "Digilent JTAG-SMT2 210251988368" && level==0} -index 1' command is executed.
09:24:31 INFO  : 'fpga -state' command is executed.
09:24:31 INFO  : Connected to target on host '127.0.0.1' and port '3121'.
09:24:31 INFO  : Jtag cable 'Digilent JTAG-SMT2 210251988368' is selected.
09:24:31 INFO  : 'jtag frequency' command is executed.
09:24:31 INFO  : Sourcing of 'C:/Xilinx/SoC/Matrix_Mul_vivado/Matrix_Mul_vivado.sdk/design_1_wrapper_hw_platform_0/ps7_init.tcl' is done.
09:24:31 INFO  : Context for 'APU' is selected.
09:24:31 INFO  : Hardware design information is loaded from 'C:/Xilinx/SoC/Matrix_Mul_vivado/Matrix_Mul_vivado.sdk/design_1_wrapper_hw_platform_0/system.hdf'.
09:24:31 INFO  : 'configparams force-mem-access 1' command is executed.
09:24:31 INFO  : Context for 'APU' is selected.
09:24:31 INFO  : 'stop' command is executed.
09:24:31 INFO  : 'ps7_init' command is executed.
09:24:31 INFO  : 'ps7_post_config' command is executed.
09:24:31 INFO  : Context for processor 'ps7_cortexa9_0' is selected.
09:24:32 INFO  : Processor reset is completed for 'ps7_cortexa9_0'.
09:24:32 INFO  : Context for processor 'ps7_cortexa9_0' is selected.
09:24:32 INFO  : The application 'C:/Xilinx/SoC/Matrix_Mul_vivado/Matrix_Mul_vivado.sdk/matrixmul/Debug/matrixmul.elf' is downloaded to processor 'ps7_cortexa9_0'.
09:24:32 INFO  : 'configparams force-mem-access 0' command is executed.
09:24:32 INFO  : ----------------XSDB Script----------------
connect -url tcp:127.0.0.1:3121
source C:/Xilinx/SoC/Matrix_Mul_vivado/Matrix_Mul_vivado.sdk/design_1_wrapper_hw_platform_0/ps7_init.tcl
targets -set -nocase -filter {name =~"APU*" && jtag_cable_name =~ "Digilent JTAG-SMT2 210251988368"} -index 0
loadhw -hw C:/Xilinx/SoC/Matrix_Mul_vivado/Matrix_Mul_vivado.sdk/design_1_wrapper_hw_platform_0/system.hdf -mem-ranges [list {0x40000000 0xbfffffff}]
configparams force-mem-access 1
targets -set -nocase -filter {name =~"APU*" && jtag_cable_name =~ "Digilent JTAG-SMT2 210251988368"} -index 0
stop
ps7_init
ps7_post_config
targets -set -nocase -filter {name =~ "ARM*#0" && jtag_cable_name =~ "Digilent JTAG-SMT2 210251988368"} -index 0
rst -processor
targets -set -nocase -filter {name =~ "ARM*#0" && jtag_cable_name =~ "Digilent JTAG-SMT2 210251988368"} -index 0
dow C:/Xilinx/SoC/Matrix_Mul_vivado/Matrix_Mul_vivado.sdk/matrixmul/Debug/matrixmul.elf
configparams force-mem-access 0
----------------End of Script----------------

09:24:32 INFO  : Context for processor 'ps7_cortexa9_0' is selected.
09:24:32 INFO  : 'con' command is executed.
09:24:32 INFO  : ----------------XSDB Script (After Launch)----------------
targets -set -nocase -filter {name =~ "ARM*#0" && jtag_cable_name =~ "Digilent JTAG-SMT2 210251988368"} -index 0
con
----------------End of Script----------------

09:24:32 INFO  : Disconnected from the channel tcfchan#1.
09:26:38 INFO  : 'targets -set -filter {jtag_cable_name =~ "Digilent JTAG-SMT2 210251988368" && level==0} -index 1' command is executed.
09:26:38 INFO  : 'fpga -state' command is executed.
09:26:38 INFO  : Connected to target on host '127.0.0.1' and port '3121'.
09:26:39 INFO  : Jtag cable 'Digilent JTAG-SMT2 210251988368' is selected.
09:26:39 INFO  : 'jtag frequency' command is executed.
09:26:39 INFO  : Sourcing of 'C:/Xilinx/SoC/Matrix_Mul_vivado/Matrix_Mul_vivado.sdk/design_1_wrapper_hw_platform_0/ps7_init.tcl' is done.
09:26:39 INFO  : Context for 'APU' is selected.
09:26:40 INFO  : Hardware design information is loaded from 'C:/Xilinx/SoC/Matrix_Mul_vivado/Matrix_Mul_vivado.sdk/design_1_wrapper_hw_platform_0/system.hdf'.
09:26:40 INFO  : 'configparams force-mem-access 1' command is executed.
09:26:40 INFO  : Context for 'APU' is selected.
09:26:40 INFO  : 'stop' command is executed.
09:26:40 INFO  : 'ps7_init' command is executed.
09:26:40 INFO  : 'ps7_post_config' command is executed.
09:26:40 INFO  : Context for processor 'ps7_cortexa9_0' is selected.
09:26:40 INFO  : Processor reset is completed for 'ps7_cortexa9_0'.
09:26:40 INFO  : Context for processor 'ps7_cortexa9_0' is selected.
09:26:40 INFO  : The application 'C:/Xilinx/SoC/Matrix_Mul_vivado/Matrix_Mul_vivado.sdk/matrixmul/Debug/matrixmul.elf' is downloaded to processor 'ps7_cortexa9_0'.
09:26:40 INFO  : 'configparams force-mem-access 0' command is executed.
09:26:40 INFO  : ----------------XSDB Script----------------
connect -url tcp:127.0.0.1:3121
source C:/Xilinx/SoC/Matrix_Mul_vivado/Matrix_Mul_vivado.sdk/design_1_wrapper_hw_platform_0/ps7_init.tcl
targets -set -nocase -filter {name =~"APU*" && jtag_cable_name =~ "Digilent JTAG-SMT2 210251988368"} -index 0
loadhw -hw C:/Xilinx/SoC/Matrix_Mul_vivado/Matrix_Mul_vivado.sdk/design_1_wrapper_hw_platform_0/system.hdf -mem-ranges [list {0x40000000 0xbfffffff}]
configparams force-mem-access 1
targets -set -nocase -filter {name =~"APU*" && jtag_cable_name =~ "Digilent JTAG-SMT2 210251988368"} -index 0
stop
ps7_init
ps7_post_config
targets -set -nocase -filter {name =~ "ARM*#0" && jtag_cable_name =~ "Digilent JTAG-SMT2 210251988368"} -index 0
rst -processor
targets -set -nocase -filter {name =~ "ARM*#0" && jtag_cable_name =~ "Digilent JTAG-SMT2 210251988368"} -index 0
dow C:/Xilinx/SoC/Matrix_Mul_vivado/Matrix_Mul_vivado.sdk/matrixmul/Debug/matrixmul.elf
configparams force-mem-access 0
----------------End of Script----------------

09:26:40 INFO  : Context for processor 'ps7_cortexa9_0' is selected.
09:26:40 INFO  : 'con' command is executed.
09:26:40 INFO  : ----------------XSDB Script (After Launch)----------------
targets -set -nocase -filter {name =~ "ARM*#0" && jtag_cable_name =~ "Digilent JTAG-SMT2 210251988368"} -index 0
con
----------------End of Script----------------

09:26:40 INFO  : Disconnected from the channel tcfchan#2.
09:28:12 INFO  : 'targets -set -filter {jtag_cable_name =~ "Digilent JTAG-SMT2 210251988368" && level==0} -index 1' command is executed.
09:28:12 INFO  : 'fpga -state' command is executed.
09:28:12 INFO  : Connected to target on host '127.0.0.1' and port '3121'.
09:28:12 INFO  : Jtag cable 'Digilent JTAG-SMT2 210251988368' is selected.
09:28:12 INFO  : 'jtag frequency' command is executed.
09:28:12 INFO  : Sourcing of 'C:/Xilinx/SoC/Matrix_Mul_vivado/Matrix_Mul_vivado.sdk/design_1_wrapper_hw_platform_0/ps7_init.tcl' is done.
09:28:12 INFO  : Context for 'APU' is selected.
09:28:14 INFO  : Hardware design information is loaded from 'C:/Xilinx/SoC/Matrix_Mul_vivado/Matrix_Mul_vivado.sdk/design_1_wrapper_hw_platform_0/system.hdf'.
09:28:14 INFO  : 'configparams force-mem-access 1' command is executed.
09:28:14 INFO  : Context for 'APU' is selected.
09:28:14 INFO  : 'stop' command is executed.
09:28:14 INFO  : 'ps7_init' command is executed.
09:28:14 INFO  : 'ps7_post_config' command is executed.
09:28:14 INFO  : Context for processor 'ps7_cortexa9_0' is selected.
09:28:14 INFO  : Processor reset is completed for 'ps7_cortexa9_0'.
09:28:14 INFO  : Context for processor 'ps7_cortexa9_0' is selected.
09:28:14 INFO  : The application 'C:/Xilinx/SoC/Matrix_Mul_vivado/Matrix_Mul_vivado.sdk/matrixmul/Debug/matrixmul.elf' is downloaded to processor 'ps7_cortexa9_0'.
09:28:14 INFO  : 'configparams force-mem-access 0' command is executed.
09:28:14 INFO  : ----------------XSDB Script----------------
connect -url tcp:127.0.0.1:3121
source C:/Xilinx/SoC/Matrix_Mul_vivado/Matrix_Mul_vivado.sdk/design_1_wrapper_hw_platform_0/ps7_init.tcl
targets -set -nocase -filter {name =~"APU*" && jtag_cable_name =~ "Digilent JTAG-SMT2 210251988368"} -index 0
loadhw -hw C:/Xilinx/SoC/Matrix_Mul_vivado/Matrix_Mul_vivado.sdk/design_1_wrapper_hw_platform_0/system.hdf -mem-ranges [list {0x40000000 0xbfffffff}]
configparams force-mem-access 1
targets -set -nocase -filter {name =~"APU*" && jtag_cable_name =~ "Digilent JTAG-SMT2 210251988368"} -index 0
stop
ps7_init
ps7_post_config
targets -set -nocase -filter {name =~ "ARM*#0" && jtag_cable_name =~ "Digilent JTAG-SMT2 210251988368"} -index 0
rst -processor
targets -set -nocase -filter {name =~ "ARM*#0" && jtag_cable_name =~ "Digilent JTAG-SMT2 210251988368"} -index 0
dow C:/Xilinx/SoC/Matrix_Mul_vivado/Matrix_Mul_vivado.sdk/matrixmul/Debug/matrixmul.elf
configparams force-mem-access 0
----------------End of Script----------------

09:28:14 INFO  : Context for processor 'ps7_cortexa9_0' is selected.
09:28:14 INFO  : 'con' command is executed.
09:28:14 INFO  : ----------------XSDB Script (After Launch)----------------
targets -set -nocase -filter {name =~ "ARM*#0" && jtag_cable_name =~ "Digilent JTAG-SMT2 210251988368"} -index 0
con
----------------End of Script----------------

09:28:14 INFO  : Disconnected from the channel tcfchan#3.
09:28:23 INFO  : 'targets -set -filter {jtag_cable_name =~ "Digilent JTAG-SMT2 210251988368" && level==0} -index 1' command is executed.
09:28:23 INFO  : 'fpga -state' command is executed.
09:28:23 INFO  : Connected to target on host '127.0.0.1' and port '3121'.
09:28:23 INFO  : Jtag cable 'Digilent JTAG-SMT2 210251988368' is selected.
09:28:23 INFO  : 'jtag frequency' command is executed.
09:28:23 INFO  : Sourcing of 'C:/Xilinx/SoC/Matrix_Mul_vivado/Matrix_Mul_vivado.sdk/design_1_wrapper_hw_platform_0/ps7_init.tcl' is done.
09:28:23 INFO  : Context for 'APU' is selected.
09:28:24 INFO  : Hardware design information is loaded from 'C:/Xilinx/SoC/Matrix_Mul_vivado/Matrix_Mul_vivado.sdk/design_1_wrapper_hw_platform_0/system.hdf'.
09:28:24 INFO  : 'configparams force-mem-access 1' command is executed.
09:28:24 INFO  : Context for 'APU' is selected.
09:28:24 INFO  : 'stop' command is executed.
09:28:25 INFO  : 'ps7_init' command is executed.
09:28:25 INFO  : 'ps7_post_config' command is executed.
09:28:25 INFO  : Context for processor 'ps7_cortexa9_0' is selected.
09:28:25 INFO  : Processor reset is completed for 'ps7_cortexa9_0'.
09:28:25 INFO  : Context for processor 'ps7_cortexa9_0' is selected.
09:28:25 INFO  : The application 'C:/Xilinx/SoC/Matrix_Mul_vivado/Matrix_Mul_vivado.sdk/matrixmul/Debug/matrixmul.elf' is downloaded to processor 'ps7_cortexa9_0'.
09:28:25 INFO  : 'configparams force-mem-access 0' command is executed.
09:28:25 INFO  : ----------------XSDB Script----------------
connect -url tcp:127.0.0.1:3121
source C:/Xilinx/SoC/Matrix_Mul_vivado/Matrix_Mul_vivado.sdk/design_1_wrapper_hw_platform_0/ps7_init.tcl
targets -set -nocase -filter {name =~"APU*" && jtag_cable_name =~ "Digilent JTAG-SMT2 210251988368"} -index 0
loadhw -hw C:/Xilinx/SoC/Matrix_Mul_vivado/Matrix_Mul_vivado.sdk/design_1_wrapper_hw_platform_0/system.hdf -mem-ranges [list {0x40000000 0xbfffffff}]
configparams force-mem-access 1
targets -set -nocase -filter {name =~"APU*" && jtag_cable_name =~ "Digilent JTAG-SMT2 210251988368"} -index 0
stop
ps7_init
ps7_post_config
targets -set -nocase -filter {name =~ "ARM*#0" && jtag_cable_name =~ "Digilent JTAG-SMT2 210251988368"} -index 0
rst -processor
targets -set -nocase -filter {name =~ "ARM*#0" && jtag_cable_name =~ "Digilent JTAG-SMT2 210251988368"} -index 0
dow C:/Xilinx/SoC/Matrix_Mul_vivado/Matrix_Mul_vivado.sdk/matrixmul/Debug/matrixmul.elf
configparams force-mem-access 0
----------------End of Script----------------

09:28:25 INFO  : Context for processor 'ps7_cortexa9_0' is selected.
09:28:25 INFO  : 'con' command is executed.
09:28:25 INFO  : ----------------XSDB Script (After Launch)----------------
targets -set -nocase -filter {name =~ "ARM*#0" && jtag_cable_name =~ "Digilent JTAG-SMT2 210251988368"} -index 0
con
----------------End of Script----------------

09:28:25 INFO  : Disconnected from the channel tcfchan#4.
09:49:04 INFO  : Registering command handlers for SDK TCF services
09:49:04 INFO  : Launching XSCT server: xsct.bat -interactive C:\Xilinx\SoC\Matrix_Mul_vivado\Matrix_Mul_vivado.sdk\temp_xsdb_launch_script.tcl
09:49:06 INFO  : XSCT server has started successfully.
09:49:06 INFO  : Successfully done setting XSCT server connection channel  
09:49:07 INFO  : Successfully done setting SDK workspace  
09:49:07 INFO  : Processing command line option -hwspec C:/Xilinx/SoC/Matrix_Mul_vivado/Matrix_Mul_vivado.sdk/design_1_wrapper.hdf.
09:51:17 INFO  : 'targets -set -filter {jtag_cable_name =~ "Digilent JTAG-SMT2 210251988368" && level==0} -index 1' command is executed.
09:51:17 INFO  : 'fpga -state' command is executed.
09:51:17 INFO  : Connected to target on host '127.0.0.1' and port '3121'.
09:51:17 INFO  : Jtag cable 'Digilent JTAG-SMT2 210251988368' is selected.
09:51:17 INFO  : 'jtag frequency' command is executed.
09:51:17 INFO  : Sourcing of 'C:/Xilinx/SoC/Matrix_Mul_vivado/Matrix_Mul_vivado.sdk/design_1_wrapper_hw_platform_0/ps7_init.tcl' is done.
09:51:17 INFO  : Context for 'APU' is selected.
09:51:17 INFO  : Hardware design information is loaded from 'C:/Xilinx/SoC/Matrix_Mul_vivado/Matrix_Mul_vivado.sdk/design_1_wrapper_hw_platform_0/system.hdf'.
09:51:17 INFO  : 'configparams force-mem-access 1' command is executed.
09:51:17 INFO  : Context for 'APU' is selected.
09:51:17 INFO  : 'stop' command is executed.
09:51:18 INFO  : 'ps7_init' command is executed.
09:51:18 INFO  : 'ps7_post_config' command is executed.
09:51:18 INFO  : Context for processor 'ps7_cortexa9_0' is selected.
09:51:18 INFO  : Processor reset is completed for 'ps7_cortexa9_0'.
09:51:18 INFO  : Context for processor 'ps7_cortexa9_0' is selected.
09:51:18 INFO  : The application 'C:/Xilinx/SoC/Matrix_Mul_vivado/Matrix_Mul_vivado.sdk/matrixmul_1/Debug/matrixmul_1.elf' is downloaded to processor 'ps7_cortexa9_0'.
09:51:18 INFO  : 'configparams force-mem-access 0' command is executed.
09:51:18 INFO  : ----------------XSDB Script----------------
connect -url tcp:127.0.0.1:3121
source C:/Xilinx/SoC/Matrix_Mul_vivado/Matrix_Mul_vivado.sdk/design_1_wrapper_hw_platform_0/ps7_init.tcl
targets -set -nocase -filter {name =~"APU*" && jtag_cable_name =~ "Digilent JTAG-SMT2 210251988368"} -index 0
loadhw -hw C:/Xilinx/SoC/Matrix_Mul_vivado/Matrix_Mul_vivado.sdk/design_1_wrapper_hw_platform_0/system.hdf -mem-ranges [list {0x40000000 0xbfffffff}]
configparams force-mem-access 1
targets -set -nocase -filter {name =~"APU*" && jtag_cable_name =~ "Digilent JTAG-SMT2 210251988368"} -index 0
stop
ps7_init
ps7_post_config
targets -set -nocase -filter {name =~ "ARM*#0" && jtag_cable_name =~ "Digilent JTAG-SMT2 210251988368"} -index 0
rst -processor
targets -set -nocase -filter {name =~ "ARM*#0" && jtag_cable_name =~ "Digilent JTAG-SMT2 210251988368"} -index 0
dow C:/Xilinx/SoC/Matrix_Mul_vivado/Matrix_Mul_vivado.sdk/matrixmul_1/Debug/matrixmul_1.elf
configparams force-mem-access 0
----------------End of Script----------------

09:51:18 INFO  : Context for processor 'ps7_cortexa9_0' is selected.
09:51:18 INFO  : 'con' command is executed.
09:51:18 INFO  : ----------------XSDB Script (After Launch)----------------
targets -set -nocase -filter {name =~ "ARM*#0" && jtag_cable_name =~ "Digilent JTAG-SMT2 210251988368"} -index 0
con
----------------End of Script----------------

09:51:18 INFO  : Disconnected from the channel tcfchan#1.
09:55:05 INFO  : 'targets -set -filter {jtag_cable_name =~ "Digilent JTAG-SMT2 210251988368" && level==0} -index 1' command is executed.
09:55:05 INFO  : 'fpga -state' command is executed.
09:55:06 INFO  : Connected to target on host '127.0.0.1' and port '3121'.
09:55:06 INFO  : Jtag cable 'Digilent JTAG-SMT2 210251988368' is selected.
09:55:06 INFO  : 'jtag frequency' command is executed.
09:55:06 INFO  : Sourcing of 'C:/Xilinx/SoC/Matrix_Mul_vivado/Matrix_Mul_vivado.sdk/design_1_wrapper_hw_platform_0/ps7_init.tcl' is done.
09:55:06 INFO  : Context for 'APU' is selected.
09:55:07 INFO  : Hardware design information is loaded from 'C:/Xilinx/SoC/Matrix_Mul_vivado/Matrix_Mul_vivado.sdk/design_1_wrapper_hw_platform_0/system.hdf'.
09:55:07 INFO  : 'configparams force-mem-access 1' command is executed.
09:55:07 INFO  : Context for 'APU' is selected.
09:55:07 INFO  : 'stop' command is executed.
09:55:07 INFO  : 'ps7_init' command is executed.
09:55:07 INFO  : 'ps7_post_config' command is executed.
09:55:07 INFO  : Context for processor 'ps7_cortexa9_0' is selected.
09:55:07 INFO  : Processor reset is completed for 'ps7_cortexa9_0'.
09:55:07 INFO  : Context for processor 'ps7_cortexa9_0' is selected.
09:55:07 INFO  : The application 'C:/Xilinx/SoC/Matrix_Mul_vivado/Matrix_Mul_vivado.sdk/matrixmul_1/Debug/matrixmul_1.elf' is downloaded to processor 'ps7_cortexa9_0'.
09:55:07 INFO  : 'configparams force-mem-access 0' command is executed.
09:55:07 INFO  : ----------------XSDB Script----------------
connect -url tcp:127.0.0.1:3121
source C:/Xilinx/SoC/Matrix_Mul_vivado/Matrix_Mul_vivado.sdk/design_1_wrapper_hw_platform_0/ps7_init.tcl
targets -set -nocase -filter {name =~"APU*" && jtag_cable_name =~ "Digilent JTAG-SMT2 210251988368"} -index 0
loadhw -hw C:/Xilinx/SoC/Matrix_Mul_vivado/Matrix_Mul_vivado.sdk/design_1_wrapper_hw_platform_0/system.hdf -mem-ranges [list {0x40000000 0xbfffffff}]
configparams force-mem-access 1
targets -set -nocase -filter {name =~"APU*" && jtag_cable_name =~ "Digilent JTAG-SMT2 210251988368"} -index 0
stop
ps7_init
ps7_post_config
targets -set -nocase -filter {name =~ "ARM*#0" && jtag_cable_name =~ "Digilent JTAG-SMT2 210251988368"} -index 0
rst -processor
targets -set -nocase -filter {name =~ "ARM*#0" && jtag_cable_name =~ "Digilent JTAG-SMT2 210251988368"} -index 0
dow C:/Xilinx/SoC/Matrix_Mul_vivado/Matrix_Mul_vivado.sdk/matrixmul_1/Debug/matrixmul_1.elf
configparams force-mem-access 0
----------------End of Script----------------

09:55:07 INFO  : Context for processor 'ps7_cortexa9_0' is selected.
09:55:07 INFO  : 'con' command is executed.
09:55:07 INFO  : ----------------XSDB Script (After Launch)----------------
targets -set -nocase -filter {name =~ "ARM*#0" && jtag_cable_name =~ "Digilent JTAG-SMT2 210251988368"} -index 0
con
----------------End of Script----------------

09:55:08 INFO  : Disconnected from the channel tcfchan#2.
09:55:27 INFO  : 'targets -set -filter {jtag_cable_name =~ "Digilent JTAG-SMT2 210251988368" && level==0} -index 1' command is executed.
09:55:27 INFO  : 'fpga -state' command is executed.
09:55:27 INFO  : Connected to target on host '127.0.0.1' and port '3121'.
09:55:27 INFO  : Jtag cable 'Digilent JTAG-SMT2 210251988368' is selected.
09:55:27 INFO  : 'jtag frequency' command is executed.
09:55:27 INFO  : Sourcing of 'C:/Xilinx/SoC/Matrix_Mul_vivado/Matrix_Mul_vivado.sdk/design_1_wrapper_hw_platform_0/ps7_init.tcl' is done.
09:55:27 INFO  : Context for 'APU' is selected.
09:55:29 INFO  : Hardware design information is loaded from 'C:/Xilinx/SoC/Matrix_Mul_vivado/Matrix_Mul_vivado.sdk/design_1_wrapper_hw_platform_0/system.hdf'.
09:55:29 INFO  : 'configparams force-mem-access 1' command is executed.
09:55:29 INFO  : Context for 'APU' is selected.
09:55:29 INFO  : 'stop' command is executed.
09:55:29 INFO  : 'ps7_init' command is executed.
09:55:29 INFO  : 'ps7_post_config' command is executed.
09:55:29 INFO  : Context for processor 'ps7_cortexa9_0' is selected.
09:55:29 INFO  : Processor reset is completed for 'ps7_cortexa9_0'.
09:55:29 INFO  : Context for processor 'ps7_cortexa9_0' is selected.
09:55:29 INFO  : The application 'C:/Xilinx/SoC/Matrix_Mul_vivado/Matrix_Mul_vivado.sdk/matrixmul_1/Debug/matrixmul_1.elf' is downloaded to processor 'ps7_cortexa9_0'.
09:55:29 INFO  : 'configparams force-mem-access 0' command is executed.
09:55:29 INFO  : ----------------XSDB Script----------------
connect -url tcp:127.0.0.1:3121
source C:/Xilinx/SoC/Matrix_Mul_vivado/Matrix_Mul_vivado.sdk/design_1_wrapper_hw_platform_0/ps7_init.tcl
targets -set -nocase -filter {name =~"APU*" && jtag_cable_name =~ "Digilent JTAG-SMT2 210251988368"} -index 0
loadhw -hw C:/Xilinx/SoC/Matrix_Mul_vivado/Matrix_Mul_vivado.sdk/design_1_wrapper_hw_platform_0/system.hdf -mem-ranges [list {0x40000000 0xbfffffff}]
configparams force-mem-access 1
targets -set -nocase -filter {name =~"APU*" && jtag_cable_name =~ "Digilent JTAG-SMT2 210251988368"} -index 0
stop
ps7_init
ps7_post_config
targets -set -nocase -filter {name =~ "ARM*#0" && jtag_cable_name =~ "Digilent JTAG-SMT2 210251988368"} -index 0
rst -processor
targets -set -nocase -filter {name =~ "ARM*#0" && jtag_cable_name =~ "Digilent JTAG-SMT2 210251988368"} -index 0
dow C:/Xilinx/SoC/Matrix_Mul_vivado/Matrix_Mul_vivado.sdk/matrixmul_1/Debug/matrixmul_1.elf
configparams force-mem-access 0
----------------End of Script----------------

09:55:29 INFO  : Context for processor 'ps7_cortexa9_0' is selected.
09:55:29 INFO  : 'con' command is executed.
09:55:29 INFO  : ----------------XSDB Script (After Launch)----------------
targets -set -nocase -filter {name =~ "ARM*#0" && jtag_cable_name =~ "Digilent JTAG-SMT2 210251988368"} -index 0
con
----------------End of Script----------------

09:55:29 INFO  : Disconnected from the channel tcfchan#3.
09:55:48 INFO  : 'targets -set -filter {jtag_cable_name =~ "Digilent JTAG-SMT2 210251988368" && level==0} -index 1' command is executed.
09:55:48 INFO  : 'fpga -state' command is executed.
09:55:48 INFO  : Connected to target on host '127.0.0.1' and port '3121'.
09:55:48 INFO  : Jtag cable 'Digilent JTAG-SMT2 210251988368' is selected.
09:55:48 INFO  : 'jtag frequency' command is executed.
09:55:48 INFO  : Sourcing of 'C:/Xilinx/SoC/Matrix_Mul_vivado/Matrix_Mul_vivado.sdk/design_1_wrapper_hw_platform_0/ps7_init.tcl' is done.
09:55:48 INFO  : Context for 'APU' is selected.
09:55:49 INFO  : Hardware design information is loaded from 'C:/Xilinx/SoC/Matrix_Mul_vivado/Matrix_Mul_vivado.sdk/design_1_wrapper_hw_platform_0/system.hdf'.
09:55:49 INFO  : 'configparams force-mem-access 1' command is executed.
09:55:49 INFO  : Context for 'APU' is selected.
09:55:49 INFO  : 'stop' command is executed.
09:55:50 INFO  : 'ps7_init' command is executed.
09:55:50 INFO  : 'ps7_post_config' command is executed.
09:55:50 INFO  : Context for processor 'ps7_cortexa9_0' is selected.
09:55:50 INFO  : Processor reset is completed for 'ps7_cortexa9_0'.
09:55:50 INFO  : Context for processor 'ps7_cortexa9_0' is selected.
09:55:50 INFO  : The application 'C:/Xilinx/SoC/Matrix_Mul_vivado/Matrix_Mul_vivado.sdk/matrixmul_1/Debug/matrixmul_1.elf' is downloaded to processor 'ps7_cortexa9_0'.
09:55:50 INFO  : 'configparams force-mem-access 0' command is executed.
09:55:50 INFO  : ----------------XSDB Script----------------
connect -url tcp:127.0.0.1:3121
source C:/Xilinx/SoC/Matrix_Mul_vivado/Matrix_Mul_vivado.sdk/design_1_wrapper_hw_platform_0/ps7_init.tcl
targets -set -nocase -filter {name =~"APU*" && jtag_cable_name =~ "Digilent JTAG-SMT2 210251988368"} -index 0
loadhw -hw C:/Xilinx/SoC/Matrix_Mul_vivado/Matrix_Mul_vivado.sdk/design_1_wrapper_hw_platform_0/system.hdf -mem-ranges [list {0x40000000 0xbfffffff}]
configparams force-mem-access 1
targets -set -nocase -filter {name =~"APU*" && jtag_cable_name =~ "Digilent JTAG-SMT2 210251988368"} -index 0
stop
ps7_init
ps7_post_config
targets -set -nocase -filter {name =~ "ARM*#0" && jtag_cable_name =~ "Digilent JTAG-SMT2 210251988368"} -index 0
rst -processor
targets -set -nocase -filter {name =~ "ARM*#0" && jtag_cable_name =~ "Digilent JTAG-SMT2 210251988368"} -index 0
dow C:/Xilinx/SoC/Matrix_Mul_vivado/Matrix_Mul_vivado.sdk/matrixmul_1/Debug/matrixmul_1.elf
configparams force-mem-access 0
----------------End of Script----------------

09:55:50 INFO  : Context for processor 'ps7_cortexa9_0' is selected.
09:55:50 INFO  : 'con' command is executed.
09:55:50 INFO  : ----------------XSDB Script (After Launch)----------------
targets -set -nocase -filter {name =~ "ARM*#0" && jtag_cable_name =~ "Digilent JTAG-SMT2 210251988368"} -index 0
con
----------------End of Script----------------

09:55:50 INFO  : Disconnected from the channel tcfchan#4.
