12:38:43 INFO  : Registering command handlers for SDK TCF services
12:38:44 INFO  : Launching XSCT server: xsct.bat -interactive C:\Xilinx\SoC\HW1_ALU\HW1_ALU.sdk\temp_xsdb_launch_script.tcl
12:38:47 INFO  : XSCT server has started successfully.
12:38:47 INFO  : Successfully done setting XSCT server connection channel  
12:38:47 INFO  : Successfully done setting SDK workspace  
12:38:47 INFO  : Processing command line option -hwspec C:/Xilinx/SoC/HW1_ALU/HW1_ALU.sdk/design_1_wrapper.hdf.
12:58:35 INFO  : Example project HW_ALU_bsp_xgpio_example_1 has been created successfully.
15:05:49 INFO  : Connected to target on host '127.0.0.1' and port '3121'.
15:05:50 INFO  : 'targets -set -filter {jtag_cable_name =~ "Digilent JTAG-SMT2 210251988368" && level==0} -index 1' command is executed.
15:05:53 INFO  : FPGA configured successfully with bitstream "C:/Xilinx/SoC/HW1_ALU/HW1_ALU.sdk/design_1_wrapper_hw_platform_0/design_1_wrapper.bit"
15:07:05 INFO  : 'targets -set -filter {jtag_cable_name =~ "Digilent JTAG-SMT2 210251988368" && level==0} -index 1' command is executed.
15:07:06 INFO  : 'fpga -state' command is executed.
15:07:06 INFO  : Connected to target on host '127.0.0.1' and port '3121'.
15:07:06 INFO  : Jtag cable 'Digilent JTAG-SMT2 210251988368' is selected.
15:07:06 INFO  : 'jtag frequency' command is executed.
15:07:06 INFO  : Sourcing of 'C:/Xilinx/SoC/HW1_ALU/HW1_ALU.sdk/design_1_wrapper_hw_platform_0/ps7_init.tcl' is done.
15:07:06 INFO  : Context for 'APU' is selected.
15:07:06 INFO  : Hardware design information is loaded from 'C:/Xilinx/SoC/HW1_ALU/HW1_ALU.sdk/design_1_wrapper_hw_platform_0/system.hdf'.
15:07:06 INFO  : 'configparams force-mem-access 1' command is executed.
15:07:06 INFO  : Context for 'APU' is selected.
15:07:06 INFO  : 'stop' command is executed.
15:07:07 INFO  : 'ps7_init' command is executed.
15:07:07 INFO  : 'ps7_post_config' command is executed.
15:07:07 INFO  : Context for processor 'ps7_cortexa9_0' is selected.
15:07:07 INFO  : Processor reset is completed for 'ps7_cortexa9_0'.
15:07:07 INFO  : Context for processor 'ps7_cortexa9_0' is selected.
15:07:07 INFO  : The application 'C:/Xilinx/SoC/HW1_ALU/HW1_ALU.sdk/HW_ALU/Debug/HW_ALU.elf' is downloaded to processor 'ps7_cortexa9_0'.
15:07:07 INFO  : 'configparams force-mem-access 0' command is executed.
15:07:07 INFO  : ----------------XSDB Script----------------
connect -url tcp:127.0.0.1:3121
source C:/Xilinx/SoC/HW1_ALU/HW1_ALU.sdk/design_1_wrapper_hw_platform_0/ps7_init.tcl
targets -set -nocase -filter {name =~"APU*" && jtag_cable_name =~ "Digilent JTAG-SMT2 210251988368"} -index 0
loadhw -hw C:/Xilinx/SoC/HW1_ALU/HW1_ALU.sdk/design_1_wrapper_hw_platform_0/system.hdf -mem-ranges [list {0x40000000 0xbfffffff}]
configparams force-mem-access 1
targets -set -nocase -filter {name =~"APU*" && jtag_cable_name =~ "Digilent JTAG-SMT2 210251988368"} -index 0
stop
ps7_init
ps7_post_config
targets -set -nocase -filter {name =~ "ARM*#0" && jtag_cable_name =~ "Digilent JTAG-SMT2 210251988368"} -index 0
rst -processor
targets -set -nocase -filter {name =~ "ARM*#0" && jtag_cable_name =~ "Digilent JTAG-SMT2 210251988368"} -index 0
dow C:/Xilinx/SoC/HW1_ALU/HW1_ALU.sdk/HW_ALU/Debug/HW_ALU.elf
configparams force-mem-access 0
----------------End of Script----------------

15:07:07 INFO  : Context for processor 'ps7_cortexa9_0' is selected.
15:07:07 INFO  : 'con' command is executed.
15:07:07 INFO  : ----------------XSDB Script (After Launch)----------------
targets -set -nocase -filter {name =~ "ARM*#0" && jtag_cable_name =~ "Digilent JTAG-SMT2 210251988368"} -index 0
con
----------------End of Script----------------

15:07:07 INFO  : Disconnected from the channel tcfchan#1.
15:07:40 INFO  : 'targets -set -filter {jtag_cable_name =~ "Digilent JTAG-SMT2 210251988368" && level==0} -index 1' command is executed.
15:07:40 INFO  : 'fpga -state' command is executed.
15:07:40 INFO  : Connected to target on host '127.0.0.1' and port '3121'.
15:07:40 INFO  : Jtag cable 'Digilent JTAG-SMT2 210251988368' is selected.
15:07:40 INFO  : 'jtag frequency' command is executed.
15:07:40 INFO  : Sourcing of 'C:/Xilinx/SoC/HW1_ALU/HW1_ALU.sdk/design_1_wrapper_hw_platform_0/ps7_init.tcl' is done.
15:07:40 INFO  : Context for 'APU' is selected.
15:07:43 INFO  : Hardware design information is loaded from 'C:/Xilinx/SoC/HW1_ALU/HW1_ALU.sdk/design_1_wrapper_hw_platform_0/system.hdf'.
15:07:43 INFO  : 'configparams force-mem-access 1' command is executed.
15:07:43 INFO  : Context for 'APU' is selected.
15:07:43 INFO  : 'stop' command is executed.
15:07:43 INFO  : 'ps7_init' command is executed.
15:07:43 INFO  : 'ps7_post_config' command is executed.
15:07:43 INFO  : 'configparams force-mem-access 0' command is executed.
15:07:43 INFO  : ----------------XSDB Script----------------
connect -url tcp:127.0.0.1:3121
source C:/Xilinx/SoC/HW1_ALU/HW1_ALU.sdk/design_1_wrapper_hw_platform_0/ps7_init.tcl
targets -set -nocase -filter {name =~"APU*" && jtag_cable_name =~ "Digilent JTAG-SMT2 210251988368"} -index 0
loadhw -hw C:/Xilinx/SoC/HW1_ALU/HW1_ALU.sdk/design_1_wrapper_hw_platform_0/system.hdf -mem-ranges [list {0x40000000 0xbfffffff}]
configparams force-mem-access 1
targets -set -nocase -filter {name =~"APU*" && jtag_cable_name =~ "Digilent JTAG-SMT2 210251988368"} -index 0
stop
ps7_init
ps7_post_config
configparams force-mem-access 0
----------------End of Script----------------

15:07:43 INFO  : Disconnected from the channel tcfchan#2.
15:07:59 INFO  : 'targets -set -filter {jtag_cable_name =~ "Digilent JTAG-SMT2 210251988368" && level==0} -index 1' command is executed.
15:07:59 INFO  : 'fpga -state' command is executed.
15:07:59 INFO  : Connected to target on host '127.0.0.1' and port '3121'.
15:07:59 INFO  : Jtag cable 'Digilent JTAG-SMT2 210251988368' is selected.
15:07:59 INFO  : 'jtag frequency' command is executed.
15:07:59 INFO  : Sourcing of 'C:/Xilinx/SoC/HW1_ALU/HW1_ALU.sdk/design_1_wrapper_hw_platform_0/ps7_init.tcl' is done.
15:07:59 INFO  : Context for 'APU' is selected.
15:08:01 INFO  : Hardware design information is loaded from 'C:/Xilinx/SoC/HW1_ALU/HW1_ALU.sdk/design_1_wrapper_hw_platform_0/system.hdf'.
15:08:01 INFO  : 'configparams force-mem-access 1' command is executed.
15:08:01 INFO  : Context for 'APU' is selected.
15:08:01 INFO  : 'stop' command is executed.
15:08:02 INFO  : 'ps7_init' command is executed.
15:08:02 INFO  : 'ps7_post_config' command is executed.
15:08:02 INFO  : 'configparams force-mem-access 0' command is executed.
15:08:02 INFO  : ----------------XSDB Script----------------
connect -url tcp:127.0.0.1:3121
source C:/Xilinx/SoC/HW1_ALU/HW1_ALU.sdk/design_1_wrapper_hw_platform_0/ps7_init.tcl
targets -set -nocase -filter {name =~"APU*" && jtag_cable_name =~ "Digilent JTAG-SMT2 210251988368"} -index 0
loadhw -hw C:/Xilinx/SoC/HW1_ALU/HW1_ALU.sdk/design_1_wrapper_hw_platform_0/system.hdf -mem-ranges [list {0x40000000 0xbfffffff}]
configparams force-mem-access 1
targets -set -nocase -filter {name =~"APU*" && jtag_cable_name =~ "Digilent JTAG-SMT2 210251988368"} -index 0
stop
ps7_init
ps7_post_config
configparams force-mem-access 0
----------------End of Script----------------

15:08:02 INFO  : Disconnected from the channel tcfchan#3.
15:30:00 INFO  : 'targets -set -filter {jtag_cable_name =~ "Digilent JTAG-SMT2 210251988368" && level==0} -index 1' command is executed.
15:30:00 INFO  : 'fpga -state' command is executed.
15:30:00 INFO  : Connected to target on host '127.0.0.1' and port '3121'.
15:30:00 INFO  : Jtag cable 'Digilent JTAG-SMT2 210251988368' is selected.
15:30:00 INFO  : 'jtag frequency' command is executed.
15:30:00 INFO  : Sourcing of 'C:/Xilinx/SoC/HW1_ALU/HW1_ALU.sdk/design_1_wrapper_hw_platform_0/ps7_init.tcl' is done.
15:30:00 INFO  : Context for 'APU' is selected.
15:30:03 INFO  : Hardware design information is loaded from 'C:/Xilinx/SoC/HW1_ALU/HW1_ALU.sdk/design_1_wrapper_hw_platform_0/system.hdf'.
15:30:03 INFO  : 'configparams force-mem-access 1' command is executed.
15:30:03 INFO  : Context for 'APU' is selected.
15:30:03 INFO  : 'stop' command is executed.
15:30:03 INFO  : 'ps7_init' command is executed.
15:30:03 INFO  : 'ps7_post_config' command is executed.
15:30:03 INFO  : Context for processor 'ps7_cortexa9_0' is selected.
15:30:03 INFO  : Processor reset is completed for 'ps7_cortexa9_0'.
15:30:03 INFO  : Context for processor 'ps7_cortexa9_0' is selected.
15:30:03 INFO  : The application 'C:/Xilinx/SoC/HW1_ALU/HW1_ALU.sdk/HW_ALU/Debug/HW_ALU.elf' is downloaded to processor 'ps7_cortexa9_0'.
15:30:03 INFO  : 'configparams force-mem-access 0' command is executed.
15:30:03 INFO  : ----------------XSDB Script----------------
connect -url tcp:127.0.0.1:3121
source C:/Xilinx/SoC/HW1_ALU/HW1_ALU.sdk/design_1_wrapper_hw_platform_0/ps7_init.tcl
targets -set -nocase -filter {name =~"APU*" && jtag_cable_name =~ "Digilent JTAG-SMT2 210251988368"} -index 0
loadhw -hw C:/Xilinx/SoC/HW1_ALU/HW1_ALU.sdk/design_1_wrapper_hw_platform_0/system.hdf -mem-ranges [list {0x40000000 0xbfffffff}]
configparams force-mem-access 1
targets -set -nocase -filter {name =~"APU*" && jtag_cable_name =~ "Digilent JTAG-SMT2 210251988368"} -index 0
stop
ps7_init
ps7_post_config
targets -set -nocase -filter {name =~ "ARM*#0" && jtag_cable_name =~ "Digilent JTAG-SMT2 210251988368"} -index 0
rst -processor
targets -set -nocase -filter {name =~ "ARM*#0" && jtag_cable_name =~ "Digilent JTAG-SMT2 210251988368"} -index 0
dow C:/Xilinx/SoC/HW1_ALU/HW1_ALU.sdk/HW_ALU/Debug/HW_ALU.elf
configparams force-mem-access 0
----------------End of Script----------------

15:30:03 INFO  : Context for processor 'ps7_cortexa9_0' is selected.
15:30:04 INFO  : 'con' command is executed.
15:30:04 INFO  : ----------------XSDB Script (After Launch)----------------
targets -set -nocase -filter {name =~ "ARM*#0" && jtag_cable_name =~ "Digilent JTAG-SMT2 210251988368"} -index 0
con
----------------End of Script----------------

15:30:04 INFO  : Disconnected from the channel tcfchan#4.
15:45:25 INFO  : 'targets -set -filter {jtag_cable_name =~ "Digilent JTAG-SMT2 210251988368" && level==0} -index 1' command is executed.
15:45:25 INFO  : 'fpga -state' command is executed.
15:45:25 INFO  : Connected to target on host '127.0.0.1' and port '3121'.
15:45:26 INFO  : Jtag cable 'Digilent JTAG-SMT2 210251988368' is selected.
15:45:26 INFO  : 'jtag frequency' command is executed.
15:45:26 INFO  : Sourcing of 'C:/Xilinx/SoC/HW1_ALU/HW1_ALU.sdk/design_1_wrapper_hw_platform_0/ps7_init.tcl' is done.
15:45:26 INFO  : Context for 'APU' is selected.
15:45:28 INFO  : Hardware design information is loaded from 'C:/Xilinx/SoC/HW1_ALU/HW1_ALU.sdk/design_1_wrapper_hw_platform_0/system.hdf'.
15:45:28 INFO  : 'configparams force-mem-access 1' command is executed.
15:45:28 INFO  : Context for 'APU' is selected.
15:45:28 INFO  : 'stop' command is executed.
15:45:28 INFO  : 'ps7_init' command is executed.
15:45:28 INFO  : 'ps7_post_config' command is executed.
15:45:28 INFO  : Context for processor 'ps7_cortexa9_0' is selected.
15:45:29 INFO  : Processor reset is completed for 'ps7_cortexa9_0'.
15:45:29 INFO  : Context for processor 'ps7_cortexa9_0' is selected.
15:45:29 INFO  : The application 'C:/Xilinx/SoC/HW1_ALU/HW1_ALU.sdk/HW_ALU/Debug/HW_ALU.elf' is downloaded to processor 'ps7_cortexa9_0'.
15:45:29 INFO  : 'configparams force-mem-access 0' command is executed.
15:45:29 INFO  : ----------------XSDB Script----------------
connect -url tcp:127.0.0.1:3121
source C:/Xilinx/SoC/HW1_ALU/HW1_ALU.sdk/design_1_wrapper_hw_platform_0/ps7_init.tcl
targets -set -nocase -filter {name =~"APU*" && jtag_cable_name =~ "Digilent JTAG-SMT2 210251988368"} -index 0
loadhw -hw C:/Xilinx/SoC/HW1_ALU/HW1_ALU.sdk/design_1_wrapper_hw_platform_0/system.hdf -mem-ranges [list {0x40000000 0xbfffffff}]
configparams force-mem-access 1
targets -set -nocase -filter {name =~"APU*" && jtag_cable_name =~ "Digilent JTAG-SMT2 210251988368"} -index 0
stop
ps7_init
ps7_post_config
targets -set -nocase -filter {name =~ "ARM*#0" && jtag_cable_name =~ "Digilent JTAG-SMT2 210251988368"} -index 0
rst -processor
targets -set -nocase -filter {name =~ "ARM*#0" && jtag_cable_name =~ "Digilent JTAG-SMT2 210251988368"} -index 0
dow C:/Xilinx/SoC/HW1_ALU/HW1_ALU.sdk/HW_ALU/Debug/HW_ALU.elf
configparams force-mem-access 0
----------------End of Script----------------

15:45:29 INFO  : Context for processor 'ps7_cortexa9_0' is selected.
15:45:29 INFO  : 'con' command is executed.
15:45:29 INFO  : ----------------XSDB Script (After Launch)----------------
targets -set -nocase -filter {name =~ "ARM*#0" && jtag_cable_name =~ "Digilent JTAG-SMT2 210251988368"} -index 0
con
----------------End of Script----------------

15:45:29 INFO  : Disconnected from the channel tcfchan#5.
16:01:28 INFO  : 'targets -set -filter {jtag_cable_name =~ "Digilent JTAG-SMT2 210251988368" && level==0} -index 1' command is executed.
16:01:28 INFO  : 'fpga -state' command is executed.
16:01:28 INFO  : Connected to target on host '127.0.0.1' and port '3121'.
16:01:28 INFO  : Jtag cable 'Digilent JTAG-SMT2 210251988368' is selected.
16:01:28 INFO  : 'jtag frequency' command is executed.
16:01:28 INFO  : Sourcing of 'C:/Xilinx/SoC/HW1_ALU/HW1_ALU.sdk/design_1_wrapper_hw_platform_0/ps7_init.tcl' is done.
16:01:28 INFO  : Context for 'APU' is selected.
16:01:30 INFO  : Hardware design information is loaded from 'C:/Xilinx/SoC/HW1_ALU/HW1_ALU.sdk/design_1_wrapper_hw_platform_0/system.hdf'.
16:01:30 INFO  : 'configparams force-mem-access 1' command is executed.
16:01:30 INFO  : Context for 'APU' is selected.
16:01:30 INFO  : 'stop' command is executed.
16:01:31 INFO  : 'ps7_init' command is executed.
16:01:31 INFO  : 'ps7_post_config' command is executed.
16:01:31 INFO  : Context for processor 'ps7_cortexa9_0' is selected.
16:01:31 INFO  : Processor reset is completed for 'ps7_cortexa9_0'.
16:01:31 INFO  : Context for processor 'ps7_cortexa9_0' is selected.
16:01:31 INFO  : The application 'C:/Xilinx/SoC/HW1_ALU/HW1_ALU.sdk/HW_ALU/Debug/HW_ALU.elf' is downloaded to processor 'ps7_cortexa9_0'.
16:01:31 INFO  : 'configparams force-mem-access 0' command is executed.
16:01:31 INFO  : ----------------XSDB Script----------------
connect -url tcp:127.0.0.1:3121
source C:/Xilinx/SoC/HW1_ALU/HW1_ALU.sdk/design_1_wrapper_hw_platform_0/ps7_init.tcl
targets -set -nocase -filter {name =~"APU*" && jtag_cable_name =~ "Digilent JTAG-SMT2 210251988368"} -index 0
loadhw -hw C:/Xilinx/SoC/HW1_ALU/HW1_ALU.sdk/design_1_wrapper_hw_platform_0/system.hdf -mem-ranges [list {0x40000000 0xbfffffff}]
configparams force-mem-access 1
targets -set -nocase -filter {name =~"APU*" && jtag_cable_name =~ "Digilent JTAG-SMT2 210251988368"} -index 0
stop
ps7_init
ps7_post_config
targets -set -nocase -filter {name =~ "ARM*#0" && jtag_cable_name =~ "Digilent JTAG-SMT2 210251988368"} -index 0
rst -processor
targets -set -nocase -filter {name =~ "ARM*#0" && jtag_cable_name =~ "Digilent JTAG-SMT2 210251988368"} -index 0
dow C:/Xilinx/SoC/HW1_ALU/HW1_ALU.sdk/HW_ALU/Debug/HW_ALU.elf
configparams force-mem-access 0
----------------End of Script----------------

16:01:31 INFO  : Context for processor 'ps7_cortexa9_0' is selected.
16:01:31 INFO  : 'con' command is executed.
16:01:31 INFO  : ----------------XSDB Script (After Launch)----------------
targets -set -nocase -filter {name =~ "ARM*#0" && jtag_cable_name =~ "Digilent JTAG-SMT2 210251988368"} -index 0
con
----------------End of Script----------------

16:01:31 INFO  : Disconnected from the channel tcfchan#6.
16:03:37 INFO  : 'targets -set -filter {jtag_cable_name =~ "Digilent JTAG-SMT2 210251988368" && level==0} -index 1' command is executed.
16:03:37 INFO  : 'fpga -state' command is executed.
16:03:37 INFO  : Connected to target on host '127.0.0.1' and port '3121'.
16:03:37 INFO  : Jtag cable 'Digilent JTAG-SMT2 210251988368' is selected.
16:03:37 INFO  : 'jtag frequency' command is executed.
16:03:37 INFO  : Sourcing of 'C:/Xilinx/SoC/HW1_ALU/HW1_ALU.sdk/design_1_wrapper_hw_platform_0/ps7_init.tcl' is done.
16:03:37 INFO  : Context for 'APU' is selected.
16:03:39 INFO  : Hardware design information is loaded from 'C:/Xilinx/SoC/HW1_ALU/HW1_ALU.sdk/design_1_wrapper_hw_platform_0/system.hdf'.
16:03:39 INFO  : 'configparams force-mem-access 1' command is executed.
16:03:40 INFO  : Context for 'APU' is selected.
16:03:40 INFO  : 'stop' command is executed.
16:03:40 INFO  : 'ps7_init' command is executed.
16:03:40 INFO  : 'ps7_post_config' command is executed.
16:03:40 INFO  : Context for processor 'ps7_cortexa9_0' is selected.
16:03:40 INFO  : Processor reset is completed for 'ps7_cortexa9_0'.
16:03:40 INFO  : Context for processor 'ps7_cortexa9_0' is selected.
16:03:40 INFO  : The application 'C:/Xilinx/SoC/HW1_ALU/HW1_ALU.sdk/HW_ALU/Debug/HW_ALU.elf' is downloaded to processor 'ps7_cortexa9_0'.
16:03:40 INFO  : 'configparams force-mem-access 0' command is executed.
16:03:40 INFO  : ----------------XSDB Script----------------
connect -url tcp:127.0.0.1:3121
source C:/Xilinx/SoC/HW1_ALU/HW1_ALU.sdk/design_1_wrapper_hw_platform_0/ps7_init.tcl
targets -set -nocase -filter {name =~"APU*" && jtag_cable_name =~ "Digilent JTAG-SMT2 210251988368"} -index 0
loadhw -hw C:/Xilinx/SoC/HW1_ALU/HW1_ALU.sdk/design_1_wrapper_hw_platform_0/system.hdf -mem-ranges [list {0x40000000 0xbfffffff}]
configparams force-mem-access 1
targets -set -nocase -filter {name =~"APU*" && jtag_cable_name =~ "Digilent JTAG-SMT2 210251988368"} -index 0
stop
ps7_init
ps7_post_config
targets -set -nocase -filter {name =~ "ARM*#0" && jtag_cable_name =~ "Digilent JTAG-SMT2 210251988368"} -index 0
rst -processor
targets -set -nocase -filter {name =~ "ARM*#0" && jtag_cable_name =~ "Digilent JTAG-SMT2 210251988368"} -index 0
dow C:/Xilinx/SoC/HW1_ALU/HW1_ALU.sdk/HW_ALU/Debug/HW_ALU.elf
configparams force-mem-access 0
----------------End of Script----------------

16:03:40 INFO  : Context for processor 'ps7_cortexa9_0' is selected.
16:03:40 INFO  : 'con' command is executed.
16:03:40 INFO  : ----------------XSDB Script (After Launch)----------------
targets -set -nocase -filter {name =~ "ARM*#0" && jtag_cable_name =~ "Digilent JTAG-SMT2 210251988368"} -index 0
con
----------------End of Script----------------

16:03:40 INFO  : Disconnected from the channel tcfchan#7.
16:12:59 INFO  : 'targets -set -filter {jtag_cable_name =~ "Digilent JTAG-SMT2 210251988368" && level==0} -index 1' command is executed.
16:12:59 INFO  : 'fpga -state' command is executed.
16:12:59 INFO  : Connected to target on host '127.0.0.1' and port '3121'.
16:12:59 INFO  : Jtag cable 'Digilent JTAG-SMT2 210251988368' is selected.
16:12:59 INFO  : 'jtag frequency' command is executed.
16:12:59 INFO  : Sourcing of 'C:/Xilinx/SoC/HW1_ALU/HW1_ALU.sdk/design_1_wrapper_hw_platform_0/ps7_init.tcl' is done.
16:12:59 INFO  : Context for 'APU' is selected.
16:13:01 INFO  : Hardware design information is loaded from 'C:/Xilinx/SoC/HW1_ALU/HW1_ALU.sdk/design_1_wrapper_hw_platform_0/system.hdf'.
16:13:01 INFO  : 'configparams force-mem-access 1' command is executed.
16:13:01 INFO  : Context for 'APU' is selected.
16:13:01 INFO  : 'stop' command is executed.
16:13:02 INFO  : 'ps7_init' command is executed.
16:13:02 INFO  : 'ps7_post_config' command is executed.
16:13:02 INFO  : Context for processor 'ps7_cortexa9_0' is selected.
16:13:02 INFO  : Processor reset is completed for 'ps7_cortexa9_0'.
16:13:02 INFO  : Context for processor 'ps7_cortexa9_0' is selected.
16:13:02 INFO  : The application 'C:/Xilinx/SoC/HW1_ALU/HW1_ALU.sdk/HW_ALU/Debug/HW_ALU.elf' is downloaded to processor 'ps7_cortexa9_0'.
16:13:02 INFO  : 'configparams force-mem-access 0' command is executed.
16:13:02 INFO  : ----------------XSDB Script----------------
connect -url tcp:127.0.0.1:3121
source C:/Xilinx/SoC/HW1_ALU/HW1_ALU.sdk/design_1_wrapper_hw_platform_0/ps7_init.tcl
targets -set -nocase -filter {name =~"APU*" && jtag_cable_name =~ "Digilent JTAG-SMT2 210251988368"} -index 0
loadhw -hw C:/Xilinx/SoC/HW1_ALU/HW1_ALU.sdk/design_1_wrapper_hw_platform_0/system.hdf -mem-ranges [list {0x40000000 0xbfffffff}]
configparams force-mem-access 1
targets -set -nocase -filter {name =~"APU*" && jtag_cable_name =~ "Digilent JTAG-SMT2 210251988368"} -index 0
stop
ps7_init
ps7_post_config
targets -set -nocase -filter {name =~ "ARM*#0" && jtag_cable_name =~ "Digilent JTAG-SMT2 210251988368"} -index 0
rst -processor
targets -set -nocase -filter {name =~ "ARM*#0" && jtag_cable_name =~ "Digilent JTAG-SMT2 210251988368"} -index 0
dow C:/Xilinx/SoC/HW1_ALU/HW1_ALU.sdk/HW_ALU/Debug/HW_ALU.elf
configparams force-mem-access 0
----------------End of Script----------------

16:13:02 INFO  : Context for processor 'ps7_cortexa9_0' is selected.
16:13:02 INFO  : 'con' command is executed.
16:13:02 INFO  : ----------------XSDB Script (After Launch)----------------
targets -set -nocase -filter {name =~ "ARM*#0" && jtag_cable_name =~ "Digilent JTAG-SMT2 210251988368"} -index 0
con
----------------End of Script----------------

16:13:02 INFO  : Disconnected from the channel tcfchan#8.
