16:29:28 INFO  : Registering command handlers for SDK TCF services
16:29:28 INFO  : Launching XSCT server: xsct.bat -interactive C:\Xilinx\SoC\uart_stm32\uart_stm32.sdk\temp_xsdb_launch_script.tcl
16:29:30 INFO  : XSCT server has started successfully.
16:29:30 INFO  : Successfully done setting XSCT server connection channel  
16:29:32 INFO  : Successfully done setting SDK workspace  
16:29:32 INFO  : Processing command line option -hwspec C:/Xilinx/SoC/uart_stm32/uart_stm32.sdk/design_1_wrapper.hdf.
16:30:26 INFO  : Example project uart_stm32_bsp_xuartlite_intr_example_1 has been created successfully.
17:06:52 INFO  : SDK has detected change in the last modified timestamps for source hardware specification file Source:1682755507428,  Project:1682753339050
17:06:52 INFO  : Project design_1_wrapper_hw_platform_0's source hardware specification located at C:/Xilinx/SoC/uart_stm32/uart_stm32.sdk/design_1_wrapper.hdf is now different from the local copy.
		 The local copy will be replaced with the source specification and your workspace will be updated.
17:07:09 INFO  : Project design_1_wrapper_hw_platform_0's source hardware specification location will not be monitored anymore.
17:07:27 INFO  : Registering command handlers for SDK TCF services
17:07:27 INFO  : Launching XSCT server: xsct.bat -interactive C:\Xilinx\SoC\uart_stm32\uart_stm32.sdk\temp_xsdb_launch_script.tcl
17:07:30 INFO  : XSCT server has started successfully.
17:07:30 INFO  : Successfully done setting XSCT server connection channel  
17:07:30 INFO  : Successfully done setting SDK workspace  
17:07:30 INFO  : Processing command line option -hwspec C:/Xilinx/SoC/uart_stm32/uart_stm32.sdk/design_1_wrapper.hdf.
17:16:28 INFO  : Connected to target on host '127.0.0.1' and port '3121'.
17:16:29 INFO  : 'targets -set -filter {jtag_cable_name =~ "Digilent JTAG-SMT2 210251988368" && level==0} -index 1' command is executed.
17:16:31 INFO  : FPGA configured successfully with bitstream "C:/Xilinx/SoC/uart_stm32/uart_stm32.sdk/design_1_wrapper_hw_platform_1/design_1_wrapper.bit"
17:16:42 INFO  : 'targets -set -filter {jtag_cable_name =~ "Digilent JTAG-SMT2 210251988368" && level==0} -index 1' command is executed.
17:16:42 INFO  : 'fpga -state' command is executed.
17:16:42 INFO  : Connected to target on host '127.0.0.1' and port '3121'.
17:16:42 INFO  : Jtag cable 'Digilent JTAG-SMT2 210251988368' is selected.
17:16:42 INFO  : 'jtag frequency' command is executed.
17:16:42 INFO  : Sourcing of 'C:/Xilinx/SoC/uart_stm32/uart_stm32.sdk/design_1_wrapper_hw_platform_1/ps7_init.tcl' is done.
17:16:42 INFO  : Context for 'APU' is selected.
17:16:42 INFO  : Hardware design information is loaded from 'C:/Xilinx/SoC/uart_stm32/uart_stm32.sdk/design_1_wrapper_hw_platform_1/system.hdf'.
17:16:42 INFO  : 'configparams force-mem-access 1' command is executed.
17:16:42 INFO  : Context for 'APU' is selected.
17:16:42 INFO  : 'stop' command is executed.
17:16:42 INFO  : 'ps7_init' command is executed.
17:16:42 INFO  : 'ps7_post_config' command is executed.
17:16:42 INFO  : Context for processor 'ps7_cortexa9_0' is selected.
17:16:43 INFO  : Processor reset is completed for 'ps7_cortexa9_0'.
17:16:43 INFO  : Context for processor 'ps7_cortexa9_0' is selected.
17:16:43 INFO  : The application 'C:/Xilinx/SoC/uart_stm32/uart_stm32.sdk/AXI_UART/Debug/AXI_UART.elf' is downloaded to processor 'ps7_cortexa9_0'.
17:16:43 INFO  : 'configparams force-mem-access 0' command is executed.
17:16:43 INFO  : ----------------XSDB Script----------------
connect -url tcp:127.0.0.1:3121
source C:/Xilinx/SoC/uart_stm32/uart_stm32.sdk/design_1_wrapper_hw_platform_1/ps7_init.tcl
targets -set -nocase -filter {name =~"APU*" && jtag_cable_name =~ "Digilent JTAG-SMT2 210251988368"} -index 0
loadhw -hw C:/Xilinx/SoC/uart_stm32/uart_stm32.sdk/design_1_wrapper_hw_platform_1/system.hdf -mem-ranges [list {0x40000000 0xbfffffff}]
configparams force-mem-access 1
targets -set -nocase -filter {name =~"APU*" && jtag_cable_name =~ "Digilent JTAG-SMT2 210251988368"} -index 0
stop
ps7_init
ps7_post_config
targets -set -nocase -filter {name =~ "ARM*#0" && jtag_cable_name =~ "Digilent JTAG-SMT2 210251988368"} -index 0
rst -processor
targets -set -nocase -filter {name =~ "ARM*#0" && jtag_cable_name =~ "Digilent JTAG-SMT2 210251988368"} -index 0
dow C:/Xilinx/SoC/uart_stm32/uart_stm32.sdk/AXI_UART/Debug/AXI_UART.elf
configparams force-mem-access 0
----------------End of Script----------------

17:16:43 INFO  : Context for processor 'ps7_cortexa9_0' is selected.
17:16:43 INFO  : 'con' command is executed.
17:16:43 INFO  : ----------------XSDB Script (After Launch)----------------
targets -set -nocase -filter {name =~ "ARM*#0" && jtag_cable_name =~ "Digilent JTAG-SMT2 210251988368"} -index 0
con
----------------End of Script----------------

17:16:43 INFO  : Disconnected from the channel tcfchan#1.
17:18:02 INFO  : Connected to target on host '127.0.0.1' and port '3121'.
17:18:36 INFO  : Connected to target on host '127.0.0.1' and port '3121'.
17:18:38 INFO  : 'targets -set -filter {jtag_cable_name =~ "Digilent JTAG-SMT2 210251988368" && level==0} -index 1' command is executed.
17:18:40 INFO  : FPGA configured successfully with bitstream "C:/Xilinx/SoC/uart_stm32/uart_stm32.sdk/design_1_wrapper_hw_platform_1/design_1_wrapper.bit"
17:18:48 INFO  : 'targets -set -filter {jtag_cable_name =~ "Digilent JTAG-SMT2 210251988368" && level==0} -index 1' command is executed.
17:18:48 INFO  : 'fpga -state' command is executed.
17:18:48 INFO  : Connected to target on host '127.0.0.1' and port '3121'.
17:18:49 INFO  : Jtag cable 'Digilent JTAG-SMT2 210251988368' is selected.
17:18:49 INFO  : 'jtag frequency' command is executed.
17:18:49 INFO  : Sourcing of 'C:/Xilinx/SoC/uart_stm32/uart_stm32.sdk/design_1_wrapper_hw_platform_1/ps7_init.tcl' is done.
17:18:49 INFO  : Context for 'APU' is selected.
17:18:49 INFO  : Hardware design information is loaded from 'C:/Xilinx/SoC/uart_stm32/uart_stm32.sdk/design_1_wrapper_hw_platform_1/system.hdf'.
17:18:49 INFO  : 'configparams force-mem-access 1' command is executed.
17:18:49 INFO  : Context for 'APU' is selected.
17:18:49 INFO  : 'stop' command is executed.
17:18:49 INFO  : 'ps7_init' command is executed.
17:18:49 INFO  : 'ps7_post_config' command is executed.
17:18:49 INFO  : Context for processor 'ps7_cortexa9_0' is selected.
17:18:49 INFO  : Processor reset is completed for 'ps7_cortexa9_0'.
17:18:49 INFO  : Context for processor 'ps7_cortexa9_0' is selected.
17:18:49 INFO  : The application 'C:/Xilinx/SoC/uart_stm32/uart_stm32.sdk/AXI_UART/Debug/AXI_UART.elf' is downloaded to processor 'ps7_cortexa9_0'.
17:18:49 INFO  : 'configparams force-mem-access 0' command is executed.
17:18:49 INFO  : ----------------XSDB Script----------------
connect -url tcp:127.0.0.1:3121
source C:/Xilinx/SoC/uart_stm32/uart_stm32.sdk/design_1_wrapper_hw_platform_1/ps7_init.tcl
targets -set -nocase -filter {name =~"APU*" && jtag_cable_name =~ "Digilent JTAG-SMT2 210251988368"} -index 0
loadhw -hw C:/Xilinx/SoC/uart_stm32/uart_stm32.sdk/design_1_wrapper_hw_platform_1/system.hdf -mem-ranges [list {0x40000000 0xbfffffff}]
configparams force-mem-access 1
targets -set -nocase -filter {name =~"APU*" && jtag_cable_name =~ "Digilent JTAG-SMT2 210251988368"} -index 0
stop
ps7_init
ps7_post_config
targets -set -nocase -filter {name =~ "ARM*#0" && jtag_cable_name =~ "Digilent JTAG-SMT2 210251988368"} -index 0
rst -processor
targets -set -nocase -filter {name =~ "ARM*#0" && jtag_cable_name =~ "Digilent JTAG-SMT2 210251988368"} -index 0
dow C:/Xilinx/SoC/uart_stm32/uart_stm32.sdk/AXI_UART/Debug/AXI_UART.elf
configparams force-mem-access 0
----------------End of Script----------------

17:18:49 INFO  : Context for processor 'ps7_cortexa9_0' is selected.
17:18:49 INFO  : 'con' command is executed.
17:18:49 INFO  : ----------------XSDB Script (After Launch)----------------
targets -set -nocase -filter {name =~ "ARM*#0" && jtag_cable_name =~ "Digilent JTAG-SMT2 210251988368"} -index 0
con
----------------End of Script----------------

17:18:49 INFO  : Disconnected from the channel tcfchan#2.
17:19:51 INFO  : 'targets -set -filter {jtag_cable_name =~ "Digilent JTAG-SMT2 210251988368" && level==0} -index 1' command is executed.
17:19:51 INFO  : 'fpga -state' command is executed.
17:19:51 INFO  : Connected to target on host '127.0.0.1' and port '3121'.
17:19:51 INFO  : Jtag cable 'Digilent JTAG-SMT2 210251988368' is selected.
17:19:51 INFO  : 'jtag frequency' command is executed.
17:19:51 INFO  : Sourcing of 'C:/Xilinx/SoC/uart_stm32/uart_stm32.sdk/design_1_wrapper_hw_platform_1/ps7_init.tcl' is done.
17:19:51 INFO  : Context for 'APU' is selected.
17:19:51 INFO  : Hardware design information is loaded from 'C:/Xilinx/SoC/uart_stm32/uart_stm32.sdk/design_1_wrapper_hw_platform_1/system.hdf'.
17:19:51 INFO  : 'configparams force-mem-access 1' command is executed.
17:19:51 INFO  : Context for 'APU' is selected.
17:19:51 INFO  : 'stop' command is executed.
17:19:52 INFO  : 'ps7_init' command is executed.
17:19:52 INFO  : 'ps7_post_config' command is executed.
17:19:52 INFO  : Context for processor 'ps7_cortexa9_0' is selected.
17:19:52 INFO  : Processor reset is completed for 'ps7_cortexa9_0'.
17:19:52 INFO  : Context for processor 'ps7_cortexa9_0' is selected.
17:19:52 INFO  : The application 'C:/Xilinx/SoC/uart_stm32/uart_stm32.sdk/AXI_UART/Debug/AXI_UART.elf' is downloaded to processor 'ps7_cortexa9_0'.
17:19:52 INFO  : 'configparams force-mem-access 0' command is executed.
17:19:52 INFO  : ----------------XSDB Script----------------
connect -url tcp:127.0.0.1:3121
source C:/Xilinx/SoC/uart_stm32/uart_stm32.sdk/design_1_wrapper_hw_platform_1/ps7_init.tcl
targets -set -nocase -filter {name =~"APU*" && jtag_cable_name =~ "Digilent JTAG-SMT2 210251988368"} -index 0
loadhw -hw C:/Xilinx/SoC/uart_stm32/uart_stm32.sdk/design_1_wrapper_hw_platform_1/system.hdf -mem-ranges [list {0x40000000 0xbfffffff}]
configparams force-mem-access 1
targets -set -nocase -filter {name =~"APU*" && jtag_cable_name =~ "Digilent JTAG-SMT2 210251988368"} -index 0
stop
ps7_init
ps7_post_config
targets -set -nocase -filter {name =~ "ARM*#0" && jtag_cable_name =~ "Digilent JTAG-SMT2 210251988368"} -index 0
rst -processor
targets -set -nocase -filter {name =~ "ARM*#0" && jtag_cable_name =~ "Digilent JTAG-SMT2 210251988368"} -index 0
dow C:/Xilinx/SoC/uart_stm32/uart_stm32.sdk/AXI_UART/Debug/AXI_UART.elf
configparams force-mem-access 0
----------------End of Script----------------

17:19:52 INFO  : Context for processor 'ps7_cortexa9_0' is selected.
17:19:52 INFO  : 'con' command is executed.
17:19:52 INFO  : ----------------XSDB Script (After Launch)----------------
targets -set -nocase -filter {name =~ "ARM*#0" && jtag_cable_name =~ "Digilent JTAG-SMT2 210251988368"} -index 0
con
----------------End of Script----------------

17:19:52 INFO  : Disconnected from the channel tcfchan#3.
17:19:52 INFO  : 'targets -set -filter {jtag_cable_name =~ "Digilent JTAG-SMT2 210251988368" && level==0} -index 1' command is executed.
17:19:52 INFO  : 'fpga -state' command is executed.
17:19:52 INFO  : Connected to target on host '127.0.0.1' and port '3121'.
17:19:52 INFO  : Jtag cable 'Digilent JTAG-SMT2 210251988368' is selected.
17:19:52 INFO  : 'jtag frequency' command is executed.
17:19:52 INFO  : Sourcing of 'C:/Xilinx/SoC/uart_stm32/uart_stm32.sdk/design_1_wrapper_hw_platform_1/ps7_init.tcl' is done.
17:19:52 INFO  : Context for 'APU' is selected.
17:19:52 INFO  : Hardware design information is loaded from 'C:/Xilinx/SoC/uart_stm32/uart_stm32.sdk/design_1_wrapper_hw_platform_1/system.hdf'.
17:19:52 INFO  : 'configparams force-mem-access 1' command is executed.
17:19:52 INFO  : Context for 'APU' is selected.
17:19:52 INFO  : 'stop' command is executed.
17:19:52 INFO  : 'ps7_init' command is executed.
17:19:53 INFO  : 'ps7_post_config' command is executed.
17:19:53 INFO  : Context for processor 'ps7_cortexa9_0' is selected.
17:19:53 INFO  : Processor reset is completed for 'ps7_cortexa9_0'.
17:19:53 INFO  : Context for processor 'ps7_cortexa9_0' is selected.
17:19:53 INFO  : The application 'C:/Xilinx/SoC/uart_stm32/uart_stm32.sdk/AXI_UART/Debug/AXI_UART.elf' is downloaded to processor 'ps7_cortexa9_0'.
17:19:53 INFO  : 'configparams force-mem-access 0' command is executed.
17:19:53 INFO  : ----------------XSDB Script----------------
connect -url tcp:127.0.0.1:3121
source C:/Xilinx/SoC/uart_stm32/uart_stm32.sdk/design_1_wrapper_hw_platform_1/ps7_init.tcl
targets -set -nocase -filter {name =~"APU*" && jtag_cable_name =~ "Digilent JTAG-SMT2 210251988368"} -index 0
loadhw -hw C:/Xilinx/SoC/uart_stm32/uart_stm32.sdk/design_1_wrapper_hw_platform_1/system.hdf -mem-ranges [list {0x40000000 0xbfffffff}]
configparams force-mem-access 1
targets -set -nocase -filter {name =~"APU*" && jtag_cable_name =~ "Digilent JTAG-SMT2 210251988368"} -index 0
stop
ps7_init
ps7_post_config
targets -set -nocase -filter {name =~ "ARM*#0" && jtag_cable_name =~ "Digilent JTAG-SMT2 210251988368"} -index 0
rst -processor
targets -set -nocase -filter {name =~ "ARM*#0" && jtag_cable_name =~ "Digilent JTAG-SMT2 210251988368"} -index 0
dow C:/Xilinx/SoC/uart_stm32/uart_stm32.sdk/AXI_UART/Debug/AXI_UART.elf
configparams force-mem-access 0
----------------End of Script----------------

17:19:53 INFO  : Context for processor 'ps7_cortexa9_0' is selected.
17:19:53 INFO  : 'con' command is executed.
17:19:53 INFO  : ----------------XSDB Script (After Launch)----------------
targets -set -nocase -filter {name =~ "ARM*#0" && jtag_cable_name =~ "Digilent JTAG-SMT2 210251988368"} -index 0
con
----------------End of Script----------------

17:19:53 INFO  : Disconnected from the channel tcfchan#4.
17:30:51 INFO  : 'targets -set -filter {jtag_cable_name =~ "Digilent JTAG-SMT2 210251988368" && level==0} -index 1' command is executed.
17:30:51 INFO  : 'fpga -state' command is executed.
17:30:51 INFO  : Connected to target on host '127.0.0.1' and port '3121'.
17:30:51 INFO  : Jtag cable 'Digilent JTAG-SMT2 210251988368' is selected.
17:30:51 INFO  : 'jtag frequency' command is executed.
17:30:51 INFO  : Sourcing of 'C:/Xilinx/SoC/uart_stm32/uart_stm32.sdk/design_1_wrapper_hw_platform_1/ps7_init.tcl' is done.
17:30:51 INFO  : Context for 'APU' is selected.
17:30:51 INFO  : Hardware design information is loaded from 'C:/Xilinx/SoC/uart_stm32/uart_stm32.sdk/design_1_wrapper_hw_platform_1/system.hdf'.
17:30:51 INFO  : 'configparams force-mem-access 1' command is executed.
17:30:51 INFO  : Context for 'APU' is selected.
17:30:51 INFO  : 'stop' command is executed.
17:30:51 INFO  : 'ps7_init' command is executed.
17:30:51 INFO  : 'ps7_post_config' command is executed.
17:30:51 INFO  : Context for processor 'ps7_cortexa9_0' is selected.
17:30:51 INFO  : Processor reset is completed for 'ps7_cortexa9_0'.
17:30:51 INFO  : Context for processor 'ps7_cortexa9_0' is selected.
17:30:51 INFO  : The application 'C:/Xilinx/SoC/uart_stm32/uart_stm32.sdk/AXI_UART/Debug/AXI_UART.elf' is downloaded to processor 'ps7_cortexa9_0'.
17:30:51 INFO  : 'configparams force-mem-access 0' command is executed.
17:30:51 INFO  : ----------------XSDB Script----------------
connect -url tcp:127.0.0.1:3121
source C:/Xilinx/SoC/uart_stm32/uart_stm32.sdk/design_1_wrapper_hw_platform_1/ps7_init.tcl
targets -set -nocase -filter {name =~"APU*" && jtag_cable_name =~ "Digilent JTAG-SMT2 210251988368"} -index 0
loadhw -hw C:/Xilinx/SoC/uart_stm32/uart_stm32.sdk/design_1_wrapper_hw_platform_1/system.hdf -mem-ranges [list {0x40000000 0xbfffffff}]
configparams force-mem-access 1
targets -set -nocase -filter {name =~"APU*" && jtag_cable_name =~ "Digilent JTAG-SMT2 210251988368"} -index 0
stop
ps7_init
ps7_post_config
targets -set -nocase -filter {name =~ "ARM*#0" && jtag_cable_name =~ "Digilent JTAG-SMT2 210251988368"} -index 0
rst -processor
targets -set -nocase -filter {name =~ "ARM*#0" && jtag_cable_name =~ "Digilent JTAG-SMT2 210251988368"} -index 0
dow C:/Xilinx/SoC/uart_stm32/uart_stm32.sdk/AXI_UART/Debug/AXI_UART.elf
configparams force-mem-access 0
----------------End of Script----------------

17:30:52 INFO  : Context for processor 'ps7_cortexa9_0' is selected.
17:30:52 INFO  : 'con' command is executed.
17:30:52 INFO  : ----------------XSDB Script (After Launch)----------------
targets -set -nocase -filter {name =~ "ARM*#0" && jtag_cable_name =~ "Digilent JTAG-SMT2 210251988368"} -index 0
con
----------------End of Script----------------

17:30:52 INFO  : Disconnected from the channel tcfchan#5.
18:27:44 INFO  : Example project AXI_UART_bsp_xuartlite_intr_example_1 has been created successfully.
18:28:32 INFO  : 'targets -set -filter {jtag_cable_name =~ "Digilent JTAG-SMT2 210251988368" && level==0} -index 1' command is executed.
18:28:33 INFO  : 'fpga -state' command is executed.
18:28:33 INFO  : Connected to target on host '127.0.0.1' and port '3121'.
18:28:33 INFO  : Jtag cable 'Digilent JTAG-SMT2 210251988368' is selected.
18:28:33 INFO  : 'jtag frequency' command is executed.
18:28:33 INFO  : Sourcing of 'C:/Xilinx/SoC/uart_stm32/uart_stm32.sdk/design_1_wrapper_hw_platform_1/ps7_init.tcl' is done.
18:28:33 INFO  : Context for 'APU' is selected.
18:28:33 INFO  : Hardware design information is loaded from 'C:/Xilinx/SoC/uart_stm32/uart_stm32.sdk/design_1_wrapper_hw_platform_1/system.hdf'.
18:28:33 INFO  : 'configparams force-mem-access 1' command is executed.
18:28:33 INFO  : Context for 'APU' is selected.
18:28:33 INFO  : 'stop' command is executed.
18:28:33 INFO  : 'ps7_init' command is executed.
18:28:33 INFO  : 'ps7_post_config' command is executed.
18:28:33 INFO  : Context for processor 'ps7_cortexa9_0' is selected.
18:28:33 INFO  : Processor reset is completed for 'ps7_cortexa9_0'.
18:28:33 INFO  : Context for processor 'ps7_cortexa9_0' is selected.
18:28:33 INFO  : The application 'C:/Xilinx/SoC/uart_stm32/uart_stm32.sdk/AXI_UART/Debug/AXI_UART.elf' is downloaded to processor 'ps7_cortexa9_0'.
18:28:33 INFO  : 'configparams force-mem-access 0' command is executed.
18:28:33 INFO  : ----------------XSDB Script----------------
connect -url tcp:127.0.0.1:3121
source C:/Xilinx/SoC/uart_stm32/uart_stm32.sdk/design_1_wrapper_hw_platform_1/ps7_init.tcl
targets -set -nocase -filter {name =~"APU*" && jtag_cable_name =~ "Digilent JTAG-SMT2 210251988368"} -index 0
loadhw -hw C:/Xilinx/SoC/uart_stm32/uart_stm32.sdk/design_1_wrapper_hw_platform_1/system.hdf -mem-ranges [list {0x40000000 0xbfffffff}]
configparams force-mem-access 1
targets -set -nocase -filter {name =~"APU*" && jtag_cable_name =~ "Digilent JTAG-SMT2 210251988368"} -index 0
stop
ps7_init
ps7_post_config
targets -set -nocase -filter {name =~ "ARM*#0" && jtag_cable_name =~ "Digilent JTAG-SMT2 210251988368"} -index 0
rst -processor
targets -set -nocase -filter {name =~ "ARM*#0" && jtag_cable_name =~ "Digilent JTAG-SMT2 210251988368"} -index 0
dow C:/Xilinx/SoC/uart_stm32/uart_stm32.sdk/AXI_UART/Debug/AXI_UART.elf
configparams force-mem-access 0
----------------End of Script----------------

18:28:33 INFO  : Context for processor 'ps7_cortexa9_0' is selected.
18:28:33 INFO  : 'con' command is executed.
18:28:33 INFO  : ----------------XSDB Script (After Launch)----------------
targets -set -nocase -filter {name =~ "ARM*#0" && jtag_cable_name =~ "Digilent JTAG-SMT2 210251988368"} -index 0
con
----------------End of Script----------------

18:28:33 INFO  : Disconnected from the channel tcfchan#6.
18:31:43 INFO  : 'targets -set -filter {jtag_cable_name =~ "Digilent JTAG-SMT2 210251988368" && level==0} -index 1' command is executed.
18:31:43 INFO  : 'fpga -state' command is executed.
18:31:43 INFO  : Connected to target on host '127.0.0.1' and port '3121'.
18:31:43 INFO  : Jtag cable 'Digilent JTAG-SMT2 210251988368' is selected.
18:31:43 INFO  : 'jtag frequency' command is executed.
18:31:43 INFO  : Sourcing of 'C:/Xilinx/SoC/uart_stm32/uart_stm32.sdk/design_1_wrapper_hw_platform_1/ps7_init.tcl' is done.
18:31:43 INFO  : Context for 'APU' is selected.
18:31:43 INFO  : Hardware design information is loaded from 'C:/Xilinx/SoC/uart_stm32/uart_stm32.sdk/design_1_wrapper_hw_platform_1/system.hdf'.
18:31:43 INFO  : 'configparams force-mem-access 1' command is executed.
18:31:43 INFO  : Context for 'APU' is selected.
18:31:43 INFO  : 'stop' command is executed.
18:31:43 INFO  : 'ps7_init' command is executed.
18:31:43 INFO  : 'ps7_post_config' command is executed.
18:31:43 INFO  : Context for processor 'ps7_cortexa9_0' is selected.
18:31:43 INFO  : Processor reset is completed for 'ps7_cortexa9_0'.
18:31:43 INFO  : Context for processor 'ps7_cortexa9_0' is selected.
18:31:44 INFO  : The application 'C:/Xilinx/SoC/uart_stm32/uart_stm32.sdk/AXI_UART/Debug/AXI_UART.elf' is downloaded to processor 'ps7_cortexa9_0'.
18:31:44 INFO  : 'configparams force-mem-access 0' command is executed.
18:31:44 INFO  : ----------------XSDB Script----------------
connect -url tcp:127.0.0.1:3121
source C:/Xilinx/SoC/uart_stm32/uart_stm32.sdk/design_1_wrapper_hw_platform_1/ps7_init.tcl
targets -set -nocase -filter {name =~"APU*" && jtag_cable_name =~ "Digilent JTAG-SMT2 210251988368"} -index 0
loadhw -hw C:/Xilinx/SoC/uart_stm32/uart_stm32.sdk/design_1_wrapper_hw_platform_1/system.hdf -mem-ranges [list {0x40000000 0xbfffffff}]
configparams force-mem-access 1
targets -set -nocase -filter {name =~"APU*" && jtag_cable_name =~ "Digilent JTAG-SMT2 210251988368"} -index 0
stop
ps7_init
ps7_post_config
targets -set -nocase -filter {name =~ "ARM*#0" && jtag_cable_name =~ "Digilent JTAG-SMT2 210251988368"} -index 0
rst -processor
targets -set -nocase -filter {name =~ "ARM*#0" && jtag_cable_name =~ "Digilent JTAG-SMT2 210251988368"} -index 0
dow C:/Xilinx/SoC/uart_stm32/uart_stm32.sdk/AXI_UART/Debug/AXI_UART.elf
configparams force-mem-access 0
----------------End of Script----------------

18:31:44 INFO  : Context for processor 'ps7_cortexa9_0' is selected.
18:31:44 INFO  : 'con' command is executed.
18:31:44 INFO  : ----------------XSDB Script (After Launch)----------------
targets -set -nocase -filter {name =~ "ARM*#0" && jtag_cable_name =~ "Digilent JTAG-SMT2 210251988368"} -index 0
con
----------------End of Script----------------

18:31:44 INFO  : Disconnected from the channel tcfchan#7.
18:33:24 INFO  : 'targets -set -filter {jtag_cable_name =~ "Digilent JTAG-SMT2 210251988368" && level==0} -index 1' command is executed.
18:33:24 INFO  : 'fpga -state' command is executed.
18:33:24 INFO  : Connected to target on host '127.0.0.1' and port '3121'.
18:33:24 INFO  : Jtag cable 'Digilent JTAG-SMT2 210251988368' is selected.
18:33:24 INFO  : 'jtag frequency' command is executed.
18:33:24 INFO  : Sourcing of 'C:/Xilinx/SoC/uart_stm32/uart_stm32.sdk/design_1_wrapper_hw_platform_1/ps7_init.tcl' is done.
18:33:24 INFO  : Context for 'APU' is selected.
18:33:24 INFO  : Hardware design information is loaded from 'C:/Xilinx/SoC/uart_stm32/uart_stm32.sdk/design_1_wrapper_hw_platform_1/system.hdf'.
18:33:24 INFO  : 'configparams force-mem-access 1' command is executed.
18:33:24 INFO  : Context for 'APU' is selected.
18:33:24 INFO  : 'stop' command is executed.
18:33:24 INFO  : 'ps7_init' command is executed.
18:33:24 INFO  : 'ps7_post_config' command is executed.
18:33:24 INFO  : Context for processor 'ps7_cortexa9_0' is selected.
18:33:24 INFO  : Processor reset is completed for 'ps7_cortexa9_0'.
18:33:24 INFO  : Context for processor 'ps7_cortexa9_0' is selected.
18:33:24 INFO  : The application 'C:/Xilinx/SoC/uart_stm32/uart_stm32.sdk/AXI_UART/Debug/AXI_UART.elf' is downloaded to processor 'ps7_cortexa9_0'.
18:33:24 INFO  : 'configparams force-mem-access 0' command is executed.
18:33:24 INFO  : ----------------XSDB Script----------------
connect -url tcp:127.0.0.1:3121
source C:/Xilinx/SoC/uart_stm32/uart_stm32.sdk/design_1_wrapper_hw_platform_1/ps7_init.tcl
targets -set -nocase -filter {name =~"APU*" && jtag_cable_name =~ "Digilent JTAG-SMT2 210251988368"} -index 0
loadhw -hw C:/Xilinx/SoC/uart_stm32/uart_stm32.sdk/design_1_wrapper_hw_platform_1/system.hdf -mem-ranges [list {0x40000000 0xbfffffff}]
configparams force-mem-access 1
targets -set -nocase -filter {name =~"APU*" && jtag_cable_name =~ "Digilent JTAG-SMT2 210251988368"} -index 0
stop
ps7_init
ps7_post_config
targets -set -nocase -filter {name =~ "ARM*#0" && jtag_cable_name =~ "Digilent JTAG-SMT2 210251988368"} -index 0
rst -processor
targets -set -nocase -filter {name =~ "ARM*#0" && jtag_cable_name =~ "Digilent JTAG-SMT2 210251988368"} -index 0
dow C:/Xilinx/SoC/uart_stm32/uart_stm32.sdk/AXI_UART/Debug/AXI_UART.elf
configparams force-mem-access 0
----------------End of Script----------------

18:33:24 INFO  : Context for processor 'ps7_cortexa9_0' is selected.
18:33:24 INFO  : 'con' command is executed.
18:33:24 INFO  : ----------------XSDB Script (After Launch)----------------
targets -set -nocase -filter {name =~ "ARM*#0" && jtag_cable_name =~ "Digilent JTAG-SMT2 210251988368"} -index 0
con
----------------End of Script----------------

18:33:24 INFO  : Disconnected from the channel tcfchan#8.
18:34:31 INFO  : Registering command handlers for SDK TCF services
18:34:32 INFO  : Launching XSCT server: xsct.bat -interactive C:\Xilinx\SoC\uart_stm32\uart_stm32.sdk\temp_xsdb_launch_script.tcl
18:34:34 INFO  : XSCT server has started successfully.
18:34:34 INFO  : Successfully done setting XSCT server connection channel  
18:34:34 INFO  : Successfully done setting SDK workspace  
18:34:34 INFO  : Processing command line option -hwspec C:/Xilinx/SoC/uart_stm32/uart_stm32.sdk/design_1_wrapper.hdf.
18:37:39 INFO  : 'targets -set -filter {jtag_cable_name =~ "Digilent JTAG-SMT2 210251988368" && level==0} -index 1' command is executed.
18:37:39 INFO  : 'fpga -state' command is executed.
18:37:39 INFO  : Connected to target on host '127.0.0.1' and port '3121'.
18:37:39 INFO  : Jtag cable 'Digilent JTAG-SMT2 210251988368' is selected.
18:37:39 INFO  : 'jtag frequency' command is executed.
18:37:39 INFO  : Sourcing of 'C:/Xilinx/SoC/uart_stm32/uart_stm32.sdk/design_1_wrapper_hw_platform_0/ps7_init.tcl' is done.
18:37:39 INFO  : Context for 'APU' is selected.
18:37:39 INFO  : Hardware design information is loaded from 'C:/Xilinx/SoC/uart_stm32/uart_stm32.sdk/design_1_wrapper_hw_platform_0/system.hdf'.
18:37:39 INFO  : 'configparams force-mem-access 1' command is executed.
18:37:39 INFO  : Context for 'APU' is selected.
18:37:39 INFO  : 'stop' command is executed.
18:37:39 INFO  : 'ps7_init' command is executed.
18:37:39 INFO  : 'ps7_post_config' command is executed.
18:37:39 INFO  : Context for processor 'ps7_cortexa9_0' is selected.
18:37:39 INFO  : Processor reset is completed for 'ps7_cortexa9_0'.
18:37:39 INFO  : Context for processor 'ps7_cortexa9_0' is selected.
18:37:39 INFO  : The application 'C:/Xilinx/SoC/uart_stm32/uart_stm32.sdk/uart_stm32/Debug/uart_stm32.elf' is downloaded to processor 'ps7_cortexa9_0'.
18:37:39 INFO  : 'configparams force-mem-access 0' command is executed.
18:37:39 INFO  : ----------------XSDB Script----------------
connect -url tcp:127.0.0.1:3121
source C:/Xilinx/SoC/uart_stm32/uart_stm32.sdk/design_1_wrapper_hw_platform_0/ps7_init.tcl
targets -set -nocase -filter {name =~"APU*" && jtag_cable_name =~ "Digilent JTAG-SMT2 210251988368"} -index 0
loadhw -hw C:/Xilinx/SoC/uart_stm32/uart_stm32.sdk/design_1_wrapper_hw_platform_0/system.hdf -mem-ranges [list {0x40000000 0xbfffffff}]
configparams force-mem-access 1
targets -set -nocase -filter {name =~"APU*" && jtag_cable_name =~ "Digilent JTAG-SMT2 210251988368"} -index 0
stop
ps7_init
ps7_post_config
targets -set -nocase -filter {name =~ "ARM*#0" && jtag_cable_name =~ "Digilent JTAG-SMT2 210251988368"} -index 0
rst -processor
targets -set -nocase -filter {name =~ "ARM*#0" && jtag_cable_name =~ "Digilent JTAG-SMT2 210251988368"} -index 0
dow C:/Xilinx/SoC/uart_stm32/uart_stm32.sdk/uart_stm32/Debug/uart_stm32.elf
configparams force-mem-access 0
----------------End of Script----------------

18:37:39 INFO  : Context for processor 'ps7_cortexa9_0' is selected.
18:37:39 INFO  : 'con' command is executed.
18:37:39 INFO  : ----------------XSDB Script (After Launch)----------------
targets -set -nocase -filter {name =~ "ARM*#0" && jtag_cable_name =~ "Digilent JTAG-SMT2 210251988368"} -index 0
con
----------------End of Script----------------

18:37:40 INFO  : Disconnected from the channel tcfchan#1.
18:38:24 INFO  : 'targets -set -filter {jtag_cable_name =~ "Digilent JTAG-SMT2 210251988368" && level==0} -index 1' command is executed.
18:38:24 INFO  : 'fpga -state' command is executed.
18:38:24 INFO  : Connected to target on host '127.0.0.1' and port '3121'.
18:38:24 INFO  : Jtag cable 'Digilent JTAG-SMT2 210251988368' is selected.
18:38:24 INFO  : 'jtag frequency' command is executed.
18:38:24 INFO  : Sourcing of 'C:/Xilinx/SoC/uart_stm32/uart_stm32.sdk/design_1_wrapper_hw_platform_0/ps7_init.tcl' is done.
18:38:24 INFO  : Context for 'APU' is selected.
18:38:25 INFO  : Hardware design information is loaded from 'C:/Xilinx/SoC/uart_stm32/uart_stm32.sdk/design_1_wrapper_hw_platform_0/system.hdf'.
18:38:25 INFO  : 'configparams force-mem-access 1' command is executed.
18:38:25 INFO  : Context for 'APU' is selected.
18:38:25 INFO  : 'stop' command is executed.
18:38:25 INFO  : 'ps7_init' command is executed.
18:38:25 INFO  : 'ps7_post_config' command is executed.
18:38:25 INFO  : Context for processor 'ps7_cortexa9_0' is selected.
18:38:25 INFO  : Processor reset is completed for 'ps7_cortexa9_0'.
18:38:26 INFO  : Context for processor 'ps7_cortexa9_0' is selected.
18:38:26 INFO  : The application 'C:/Xilinx/SoC/uart_stm32/uart_stm32.sdk/uart_stm32/Debug/uart_stm32.elf' is downloaded to processor 'ps7_cortexa9_0'.
18:38:26 INFO  : 'configparams force-mem-access 0' command is executed.
18:38:26 INFO  : ----------------XSDB Script----------------
connect -url tcp:127.0.0.1:3121
source C:/Xilinx/SoC/uart_stm32/uart_stm32.sdk/design_1_wrapper_hw_platform_0/ps7_init.tcl
targets -set -nocase -filter {name =~"APU*" && jtag_cable_name =~ "Digilent JTAG-SMT2 210251988368"} -index 0
loadhw -hw C:/Xilinx/SoC/uart_stm32/uart_stm32.sdk/design_1_wrapper_hw_platform_0/system.hdf -mem-ranges [list {0x40000000 0xbfffffff}]
configparams force-mem-access 1
targets -set -nocase -filter {name =~"APU*" && jtag_cable_name =~ "Digilent JTAG-SMT2 210251988368"} -index 0
stop
ps7_init
ps7_post_config
targets -set -nocase -filter {name =~ "ARM*#0" && jtag_cable_name =~ "Digilent JTAG-SMT2 210251988368"} -index 0
rst -processor
targets -set -nocase -filter {name =~ "ARM*#0" && jtag_cable_name =~ "Digilent JTAG-SMT2 210251988368"} -index 0
dow C:/Xilinx/SoC/uart_stm32/uart_stm32.sdk/uart_stm32/Debug/uart_stm32.elf
configparams force-mem-access 0
----------------End of Script----------------

18:38:26 INFO  : Context for processor 'ps7_cortexa9_0' is selected.
18:38:26 INFO  : 'con' command is executed.
18:38:26 INFO  : ----------------XSDB Script (After Launch)----------------
targets -set -nocase -filter {name =~ "ARM*#0" && jtag_cable_name =~ "Digilent JTAG-SMT2 210251988368"} -index 0
con
----------------End of Script----------------

18:38:26 INFO  : Disconnected from the channel tcfchan#2.
18:54:57 INFO  : 'targets -set -filter {jtag_cable_name =~ "Digilent JTAG-SMT2 210251988368" && level==0} -index 1' command is executed.
18:54:57 INFO  : 'fpga -state' command is executed.
18:54:57 INFO  : Connected to target on host '127.0.0.1' and port '3121'.
18:54:57 INFO  : Jtag cable 'Digilent JTAG-SMT2 210251988368' is selected.
18:54:57 INFO  : 'jtag frequency' command is executed.
18:54:57 INFO  : Sourcing of 'C:/Xilinx/SoC/uart_stm32/uart_stm32.sdk/design_1_wrapper_hw_platform_0/ps7_init.tcl' is done.
18:54:57 INFO  : Context for 'APU' is selected.
18:54:58 INFO  : Hardware design information is loaded from 'C:/Xilinx/SoC/uart_stm32/uart_stm32.sdk/design_1_wrapper_hw_platform_0/system.hdf'.
18:54:58 INFO  : 'configparams force-mem-access 1' command is executed.
18:54:58 INFO  : Context for 'APU' is selected.
18:54:58 INFO  : 'stop' command is executed.
18:54:58 INFO  : 'ps7_init' command is executed.
18:54:58 INFO  : 'ps7_post_config' command is executed.
18:54:58 INFO  : Context for processor 'ps7_cortexa9_0' is selected.
18:54:59 INFO  : Processor reset is completed for 'ps7_cortexa9_0'.
18:54:59 INFO  : Context for processor 'ps7_cortexa9_0' is selected.
18:54:59 INFO  : The application 'C:/Xilinx/SoC/uart_stm32/uart_stm32.sdk/uart_stm32/Debug/uart_stm32.elf' is downloaded to processor 'ps7_cortexa9_0'.
18:54:59 INFO  : 'configparams force-mem-access 0' command is executed.
18:54:59 INFO  : ----------------XSDB Script----------------
connect -url tcp:127.0.0.1:3121
source C:/Xilinx/SoC/uart_stm32/uart_stm32.sdk/design_1_wrapper_hw_platform_0/ps7_init.tcl
targets -set -nocase -filter {name =~"APU*" && jtag_cable_name =~ "Digilent JTAG-SMT2 210251988368"} -index 0
loadhw -hw C:/Xilinx/SoC/uart_stm32/uart_stm32.sdk/design_1_wrapper_hw_platform_0/system.hdf -mem-ranges [list {0x40000000 0xbfffffff}]
configparams force-mem-access 1
targets -set -nocase -filter {name =~"APU*" && jtag_cable_name =~ "Digilent JTAG-SMT2 210251988368"} -index 0
stop
ps7_init
ps7_post_config
targets -set -nocase -filter {name =~ "ARM*#0" && jtag_cable_name =~ "Digilent JTAG-SMT2 210251988368"} -index 0
rst -processor
targets -set -nocase -filter {name =~ "ARM*#0" && jtag_cable_name =~ "Digilent JTAG-SMT2 210251988368"} -index 0
dow C:/Xilinx/SoC/uart_stm32/uart_stm32.sdk/uart_stm32/Debug/uart_stm32.elf
configparams force-mem-access 0
----------------End of Script----------------

18:54:59 INFO  : Context for processor 'ps7_cortexa9_0' is selected.
18:54:59 INFO  : 'con' command is executed.
18:54:59 INFO  : ----------------XSDB Script (After Launch)----------------
targets -set -nocase -filter {name =~ "ARM*#0" && jtag_cable_name =~ "Digilent JTAG-SMT2 210251988368"} -index 0
con
----------------End of Script----------------

18:54:59 INFO  : Disconnected from the channel tcfchan#3.
18:55:35 INFO  : 'targets -set -filter {jtag_cable_name =~ "Digilent JTAG-SMT2 210251988368" && level==0} -index 1' command is executed.
18:55:35 INFO  : 'fpga -state' command is executed.
18:55:35 INFO  : Connected to target on host '127.0.0.1' and port '3121'.
18:55:35 INFO  : Jtag cable 'Digilent JTAG-SMT2 210251988368' is selected.
18:55:35 INFO  : 'jtag frequency' command is executed.
18:55:35 INFO  : Sourcing of 'C:/Xilinx/SoC/uart_stm32/uart_stm32.sdk/design_1_wrapper_hw_platform_0/ps7_init.tcl' is done.
18:55:35 INFO  : Context for 'APU' is selected.
18:55:37 INFO  : Hardware design information is loaded from 'C:/Xilinx/SoC/uart_stm32/uart_stm32.sdk/design_1_wrapper_hw_platform_0/system.hdf'.
18:55:37 INFO  : 'configparams force-mem-access 1' command is executed.
18:55:37 INFO  : Context for 'APU' is selected.
18:55:37 INFO  : 'stop' command is executed.
18:55:37 INFO  : 'ps7_init' command is executed.
18:55:37 INFO  : 'ps7_post_config' command is executed.
18:55:37 INFO  : Context for processor 'ps7_cortexa9_0' is selected.
18:55:37 INFO  : Processor reset is completed for 'ps7_cortexa9_0'.
18:55:37 INFO  : Context for processor 'ps7_cortexa9_0' is selected.
18:55:37 INFO  : The application 'C:/Xilinx/SoC/uart_stm32/uart_stm32.sdk/uart_stm32/Debug/uart_stm32.elf' is downloaded to processor 'ps7_cortexa9_0'.
18:55:37 INFO  : 'configparams force-mem-access 0' command is executed.
18:55:37 INFO  : ----------------XSDB Script----------------
connect -url tcp:127.0.0.1:3121
source C:/Xilinx/SoC/uart_stm32/uart_stm32.sdk/design_1_wrapper_hw_platform_0/ps7_init.tcl
targets -set -nocase -filter {name =~"APU*" && jtag_cable_name =~ "Digilent JTAG-SMT2 210251988368"} -index 0
loadhw -hw C:/Xilinx/SoC/uart_stm32/uart_stm32.sdk/design_1_wrapper_hw_platform_0/system.hdf -mem-ranges [list {0x40000000 0xbfffffff}]
configparams force-mem-access 1
targets -set -nocase -filter {name =~"APU*" && jtag_cable_name =~ "Digilent JTAG-SMT2 210251988368"} -index 0
stop
ps7_init
ps7_post_config
targets -set -nocase -filter {name =~ "ARM*#0" && jtag_cable_name =~ "Digilent JTAG-SMT2 210251988368"} -index 0
rst -processor
targets -set -nocase -filter {name =~ "ARM*#0" && jtag_cable_name =~ "Digilent JTAG-SMT2 210251988368"} -index 0
dow C:/Xilinx/SoC/uart_stm32/uart_stm32.sdk/uart_stm32/Debug/uart_stm32.elf
configparams force-mem-access 0
----------------End of Script----------------

18:55:37 INFO  : Context for processor 'ps7_cortexa9_0' is selected.
18:55:37 INFO  : 'con' command is executed.
18:55:37 INFO  : ----------------XSDB Script (After Launch)----------------
targets -set -nocase -filter {name =~ "ARM*#0" && jtag_cable_name =~ "Digilent JTAG-SMT2 210251988368"} -index 0
con
----------------End of Script----------------

18:55:37 INFO  : Disconnected from the channel tcfchan#4.
18:56:46 INFO  : 'targets -set -filter {jtag_cable_name =~ "Digilent JTAG-SMT2 210251988368" && level==0} -index 1' command is executed.
18:56:46 INFO  : 'fpga -state' command is executed.
18:56:46 INFO  : Connected to target on host '127.0.0.1' and port '3121'.
18:56:47 INFO  : Jtag cable 'Digilent JTAG-SMT2 210251988368' is selected.
18:56:47 INFO  : 'jtag frequency' command is executed.
18:56:47 INFO  : Sourcing of 'C:/Xilinx/SoC/uart_stm32/uart_stm32.sdk/design_1_wrapper_hw_platform_0/ps7_init.tcl' is done.
18:56:47 INFO  : Context for 'APU' is selected.
18:56:48 INFO  : Hardware design information is loaded from 'C:/Xilinx/SoC/uart_stm32/uart_stm32.sdk/design_1_wrapper_hw_platform_0/system.hdf'.
18:56:48 INFO  : 'configparams force-mem-access 1' command is executed.
18:56:48 INFO  : Context for 'APU' is selected.
18:56:48 INFO  : 'stop' command is executed.
18:56:48 INFO  : 'ps7_init' command is executed.
18:56:48 INFO  : 'ps7_post_config' command is executed.
18:56:48 INFO  : Context for processor 'ps7_cortexa9_0' is selected.
18:56:48 INFO  : Processor reset is completed for 'ps7_cortexa9_0'.
18:56:48 INFO  : Context for processor 'ps7_cortexa9_0' is selected.
18:56:48 INFO  : The application 'C:/Xilinx/SoC/uart_stm32/uart_stm32.sdk/uart_stm32/Debug/uart_stm32.elf' is downloaded to processor 'ps7_cortexa9_0'.
18:56:48 INFO  : 'configparams force-mem-access 0' command is executed.
18:56:48 INFO  : ----------------XSDB Script----------------
connect -url tcp:127.0.0.1:3121
source C:/Xilinx/SoC/uart_stm32/uart_stm32.sdk/design_1_wrapper_hw_platform_0/ps7_init.tcl
targets -set -nocase -filter {name =~"APU*" && jtag_cable_name =~ "Digilent JTAG-SMT2 210251988368"} -index 0
loadhw -hw C:/Xilinx/SoC/uart_stm32/uart_stm32.sdk/design_1_wrapper_hw_platform_0/system.hdf -mem-ranges [list {0x40000000 0xbfffffff}]
configparams force-mem-access 1
targets -set -nocase -filter {name =~"APU*" && jtag_cable_name =~ "Digilent JTAG-SMT2 210251988368"} -index 0
stop
ps7_init
ps7_post_config
targets -set -nocase -filter {name =~ "ARM*#0" && jtag_cable_name =~ "Digilent JTAG-SMT2 210251988368"} -index 0
rst -processor
targets -set -nocase -filter {name =~ "ARM*#0" && jtag_cable_name =~ "Digilent JTAG-SMT2 210251988368"} -index 0
dow C:/Xilinx/SoC/uart_stm32/uart_stm32.sdk/uart_stm32/Debug/uart_stm32.elf
configparams force-mem-access 0
----------------End of Script----------------

18:56:48 INFO  : Context for processor 'ps7_cortexa9_0' is selected.
18:56:48 INFO  : 'con' command is executed.
18:56:48 INFO  : ----------------XSDB Script (After Launch)----------------
targets -set -nocase -filter {name =~ "ARM*#0" && jtag_cable_name =~ "Digilent JTAG-SMT2 210251988368"} -index 0
con
----------------End of Script----------------

18:56:48 INFO  : Disconnected from the channel tcfchan#5.
18:57:57 INFO  : 'targets -set -filter {jtag_cable_name =~ "Digilent JTAG-SMT2 210251988368" && level==0} -index 1' command is executed.
18:57:57 INFO  : 'fpga -state' command is executed.
18:57:57 INFO  : Connected to target on host '127.0.0.1' and port '3121'.
18:57:57 INFO  : Jtag cable 'Digilent JTAG-SMT2 210251988368' is selected.
18:57:57 INFO  : 'jtag frequency' command is executed.
18:57:57 INFO  : Sourcing of 'C:/Xilinx/SoC/uart_stm32/uart_stm32.sdk/design_1_wrapper_hw_platform_0/ps7_init.tcl' is done.
18:57:57 INFO  : Context for 'APU' is selected.
18:57:58 INFO  : Hardware design information is loaded from 'C:/Xilinx/SoC/uart_stm32/uart_stm32.sdk/design_1_wrapper_hw_platform_0/system.hdf'.
18:57:58 INFO  : 'configparams force-mem-access 1' command is executed.
18:57:58 INFO  : Context for 'APU' is selected.
18:57:58 INFO  : 'stop' command is executed.
18:57:59 INFO  : 'ps7_init' command is executed.
18:57:59 INFO  : 'ps7_post_config' command is executed.
18:57:59 INFO  : Context for processor 'ps7_cortexa9_0' is selected.
18:57:59 INFO  : Processor reset is completed for 'ps7_cortexa9_0'.
18:57:59 INFO  : Context for processor 'ps7_cortexa9_0' is selected.
18:57:59 INFO  : The application 'C:/Xilinx/SoC/uart_stm32/uart_stm32.sdk/uart_stm32/Debug/uart_stm32.elf' is downloaded to processor 'ps7_cortexa9_0'.
18:57:59 INFO  : 'configparams force-mem-access 0' command is executed.
18:57:59 INFO  : ----------------XSDB Script----------------
connect -url tcp:127.0.0.1:3121
source C:/Xilinx/SoC/uart_stm32/uart_stm32.sdk/design_1_wrapper_hw_platform_0/ps7_init.tcl
targets -set -nocase -filter {name =~"APU*" && jtag_cable_name =~ "Digilent JTAG-SMT2 210251988368"} -index 0
loadhw -hw C:/Xilinx/SoC/uart_stm32/uart_stm32.sdk/design_1_wrapper_hw_platform_0/system.hdf -mem-ranges [list {0x40000000 0xbfffffff}]
configparams force-mem-access 1
targets -set -nocase -filter {name =~"APU*" && jtag_cable_name =~ "Digilent JTAG-SMT2 210251988368"} -index 0
stop
ps7_init
ps7_post_config
targets -set -nocase -filter {name =~ "ARM*#0" && jtag_cable_name =~ "Digilent JTAG-SMT2 210251988368"} -index 0
rst -processor
targets -set -nocase -filter {name =~ "ARM*#0" && jtag_cable_name =~ "Digilent JTAG-SMT2 210251988368"} -index 0
dow C:/Xilinx/SoC/uart_stm32/uart_stm32.sdk/uart_stm32/Debug/uart_stm32.elf
configparams force-mem-access 0
----------------End of Script----------------

18:57:59 INFO  : Context for processor 'ps7_cortexa9_0' is selected.
18:57:59 INFO  : 'con' command is executed.
18:57:59 INFO  : ----------------XSDB Script (After Launch)----------------
targets -set -nocase -filter {name =~ "ARM*#0" && jtag_cable_name =~ "Digilent JTAG-SMT2 210251988368"} -index 0
con
----------------End of Script----------------

18:57:59 INFO  : Disconnected from the channel tcfchan#6.
19:01:15 INFO  : 'targets -set -filter {jtag_cable_name =~ "Digilent JTAG-SMT2 210251988368" && level==0} -index 1' command is executed.
19:01:15 INFO  : 'fpga -state' command is executed.
19:01:16 INFO  : Connected to target on host '127.0.0.1' and port '3121'.
19:01:16 INFO  : Jtag cable 'Digilent JTAG-SMT2 210251988368' is selected.
19:01:16 INFO  : 'jtag frequency' command is executed.
19:01:16 INFO  : Sourcing of 'C:/Xilinx/SoC/uart_stm32/uart_stm32.sdk/design_1_wrapper_hw_platform_0/ps7_init.tcl' is done.
19:01:16 INFO  : Context for 'APU' is selected.
19:01:17 INFO  : Hardware design information is loaded from 'C:/Xilinx/SoC/uart_stm32/uart_stm32.sdk/design_1_wrapper_hw_platform_0/system.hdf'.
19:01:17 INFO  : 'configparams force-mem-access 1' command is executed.
19:01:17 INFO  : Context for 'APU' is selected.
19:01:17 INFO  : 'stop' command is executed.
19:01:17 INFO  : 'ps7_init' command is executed.
19:01:17 INFO  : 'ps7_post_config' command is executed.
19:01:17 INFO  : Context for processor 'ps7_cortexa9_0' is selected.
19:01:17 INFO  : Processor reset is completed for 'ps7_cortexa9_0'.
19:01:17 INFO  : Context for processor 'ps7_cortexa9_0' is selected.
19:01:17 INFO  : The application 'C:/Xilinx/SoC/uart_stm32/uart_stm32.sdk/uart_stm32/Debug/uart_stm32.elf' is downloaded to processor 'ps7_cortexa9_0'.
19:01:17 INFO  : 'configparams force-mem-access 0' command is executed.
19:01:17 INFO  : ----------------XSDB Script----------------
connect -url tcp:127.0.0.1:3121
source C:/Xilinx/SoC/uart_stm32/uart_stm32.sdk/design_1_wrapper_hw_platform_0/ps7_init.tcl
targets -set -nocase -filter {name =~"APU*" && jtag_cable_name =~ "Digilent JTAG-SMT2 210251988368"} -index 0
loadhw -hw C:/Xilinx/SoC/uart_stm32/uart_stm32.sdk/design_1_wrapper_hw_platform_0/system.hdf -mem-ranges [list {0x40000000 0xbfffffff}]
configparams force-mem-access 1
targets -set -nocase -filter {name =~"APU*" && jtag_cable_name =~ "Digilent JTAG-SMT2 210251988368"} -index 0
stop
ps7_init
ps7_post_config
targets -set -nocase -filter {name =~ "ARM*#0" && jtag_cable_name =~ "Digilent JTAG-SMT2 210251988368"} -index 0
rst -processor
targets -set -nocase -filter {name =~ "ARM*#0" && jtag_cable_name =~ "Digilent JTAG-SMT2 210251988368"} -index 0
dow C:/Xilinx/SoC/uart_stm32/uart_stm32.sdk/uart_stm32/Debug/uart_stm32.elf
configparams force-mem-access 0
----------------End of Script----------------

19:01:17 INFO  : Context for processor 'ps7_cortexa9_0' is selected.
19:01:17 INFO  : 'con' command is executed.
19:01:17 INFO  : ----------------XSDB Script (After Launch)----------------
targets -set -nocase -filter {name =~ "ARM*#0" && jtag_cable_name =~ "Digilent JTAG-SMT2 210251988368"} -index 0
con
----------------End of Script----------------

19:01:17 INFO  : Disconnected from the channel tcfchan#7.
19:05:13 INFO  : 'targets -set -filter {jtag_cable_name =~ "Digilent JTAG-SMT2 210251988368" && level==0} -index 1' command is executed.
19:05:13 INFO  : 'fpga -state' command is executed.
19:05:13 INFO  : Connected to target on host '127.0.0.1' and port '3121'.
19:05:13 INFO  : Jtag cable 'Digilent JTAG-SMT2 210251988368' is selected.
19:05:13 INFO  : 'jtag frequency' command is executed.
19:05:13 INFO  : Sourcing of 'C:/Xilinx/SoC/uart_stm32/uart_stm32.sdk/design_1_wrapper_hw_platform_0/ps7_init.tcl' is done.
19:05:13 INFO  : Context for 'APU' is selected.
19:05:15 INFO  : Hardware design information is loaded from 'C:/Xilinx/SoC/uart_stm32/uart_stm32.sdk/design_1_wrapper_hw_platform_0/system.hdf'.
19:05:15 INFO  : 'configparams force-mem-access 1' command is executed.
19:05:15 INFO  : Context for 'APU' is selected.
19:05:15 INFO  : 'stop' command is executed.
19:05:15 INFO  : 'ps7_init' command is executed.
19:05:15 INFO  : 'ps7_post_config' command is executed.
19:05:15 INFO  : Context for processor 'ps7_cortexa9_0' is selected.
19:05:15 INFO  : Processor reset is completed for 'ps7_cortexa9_0'.
19:05:15 INFO  : Context for processor 'ps7_cortexa9_0' is selected.
19:05:15 INFO  : The application 'C:/Xilinx/SoC/uart_stm32/uart_stm32.sdk/uart_stm32/Debug/uart_stm32.elf' is downloaded to processor 'ps7_cortexa9_0'.
19:05:15 INFO  : 'configparams force-mem-access 0' command is executed.
19:05:15 INFO  : ----------------XSDB Script----------------
connect -url tcp:127.0.0.1:3121
source C:/Xilinx/SoC/uart_stm32/uart_stm32.sdk/design_1_wrapper_hw_platform_0/ps7_init.tcl
targets -set -nocase -filter {name =~"APU*" && jtag_cable_name =~ "Digilent JTAG-SMT2 210251988368"} -index 0
loadhw -hw C:/Xilinx/SoC/uart_stm32/uart_stm32.sdk/design_1_wrapper_hw_platform_0/system.hdf -mem-ranges [list {0x40000000 0xbfffffff}]
configparams force-mem-access 1
targets -set -nocase -filter {name =~"APU*" && jtag_cable_name =~ "Digilent JTAG-SMT2 210251988368"} -index 0
stop
ps7_init
ps7_post_config
targets -set -nocase -filter {name =~ "ARM*#0" && jtag_cable_name =~ "Digilent JTAG-SMT2 210251988368"} -index 0
rst -processor
targets -set -nocase -filter {name =~ "ARM*#0" && jtag_cable_name =~ "Digilent JTAG-SMT2 210251988368"} -index 0
dow C:/Xilinx/SoC/uart_stm32/uart_stm32.sdk/uart_stm32/Debug/uart_stm32.elf
configparams force-mem-access 0
----------------End of Script----------------

19:05:15 INFO  : Context for processor 'ps7_cortexa9_0' is selected.
19:05:15 INFO  : 'con' command is executed.
19:05:15 INFO  : ----------------XSDB Script (After Launch)----------------
targets -set -nocase -filter {name =~ "ARM*#0" && jtag_cable_name =~ "Digilent JTAG-SMT2 210251988368"} -index 0
con
----------------End of Script----------------

19:05:15 INFO  : Disconnected from the channel tcfchan#8.
19:06:31 INFO  : 'targets -set -filter {jtag_cable_name =~ "Digilent JTAG-SMT2 210251988368" && level==0} -index 1' command is executed.
19:06:31 INFO  : 'fpga -state' command is executed.
19:06:31 INFO  : Connected to target on host '127.0.0.1' and port '3121'.
19:06:31 INFO  : Jtag cable 'Digilent JTAG-SMT2 210251988368' is selected.
19:06:31 INFO  : 'jtag frequency' command is executed.
19:06:31 INFO  : Sourcing of 'C:/Xilinx/SoC/uart_stm32/uart_stm32.sdk/design_1_wrapper_hw_platform_0/ps7_init.tcl' is done.
19:06:31 INFO  : Context for 'APU' is selected.
19:06:32 INFO  : Hardware design information is loaded from 'C:/Xilinx/SoC/uart_stm32/uart_stm32.sdk/design_1_wrapper_hw_platform_0/system.hdf'.
19:06:32 INFO  : 'configparams force-mem-access 1' command is executed.
19:06:32 INFO  : Context for 'APU' is selected.
19:06:32 INFO  : 'stop' command is executed.
19:06:32 INFO  : 'ps7_init' command is executed.
19:06:32 INFO  : 'ps7_post_config' command is executed.
19:06:32 INFO  : Context for processor 'ps7_cortexa9_0' is selected.
19:06:32 INFO  : Processor reset is completed for 'ps7_cortexa9_0'.
19:06:32 INFO  : Context for processor 'ps7_cortexa9_0' is selected.
19:06:33 INFO  : The application 'C:/Xilinx/SoC/uart_stm32/uart_stm32.sdk/uart_stm32/Debug/uart_stm32.elf' is downloaded to processor 'ps7_cortexa9_0'.
19:06:33 INFO  : 'configparams force-mem-access 0' command is executed.
19:06:33 INFO  : ----------------XSDB Script----------------
connect -url tcp:127.0.0.1:3121
source C:/Xilinx/SoC/uart_stm32/uart_stm32.sdk/design_1_wrapper_hw_platform_0/ps7_init.tcl
targets -set -nocase -filter {name =~"APU*" && jtag_cable_name =~ "Digilent JTAG-SMT2 210251988368"} -index 0
loadhw -hw C:/Xilinx/SoC/uart_stm32/uart_stm32.sdk/design_1_wrapper_hw_platform_0/system.hdf -mem-ranges [list {0x40000000 0xbfffffff}]
configparams force-mem-access 1
targets -set -nocase -filter {name =~"APU*" && jtag_cable_name =~ "Digilent JTAG-SMT2 210251988368"} -index 0
stop
ps7_init
ps7_post_config
targets -set -nocase -filter {name =~ "ARM*#0" && jtag_cable_name =~ "Digilent JTAG-SMT2 210251988368"} -index 0
rst -processor
targets -set -nocase -filter {name =~ "ARM*#0" && jtag_cable_name =~ "Digilent JTAG-SMT2 210251988368"} -index 0
dow C:/Xilinx/SoC/uart_stm32/uart_stm32.sdk/uart_stm32/Debug/uart_stm32.elf
configparams force-mem-access 0
----------------End of Script----------------

19:06:33 INFO  : Context for processor 'ps7_cortexa9_0' is selected.
19:06:33 INFO  : 'con' command is executed.
19:06:33 INFO  : ----------------XSDB Script (After Launch)----------------
targets -set -nocase -filter {name =~ "ARM*#0" && jtag_cable_name =~ "Digilent JTAG-SMT2 210251988368"} -index 0
con
----------------End of Script----------------

19:06:33 INFO  : Disconnected from the channel tcfchan#9.
19:09:08 INFO  : 'targets -set -filter {jtag_cable_name =~ "Digilent JTAG-SMT2 210251988368" && level==0} -index 1' command is executed.
19:09:08 INFO  : 'fpga -state' command is executed.
19:09:08 INFO  : Connected to target on host '127.0.0.1' and port '3121'.
19:09:08 INFO  : Jtag cable 'Digilent JTAG-SMT2 210251988368' is selected.
19:09:08 INFO  : 'jtag frequency' command is executed.
19:09:08 INFO  : Sourcing of 'C:/Xilinx/SoC/uart_stm32/uart_stm32.sdk/design_1_wrapper_hw_platform_0/ps7_init.tcl' is done.
19:09:08 INFO  : Context for 'APU' is selected.
19:09:10 INFO  : Hardware design information is loaded from 'C:/Xilinx/SoC/uart_stm32/uart_stm32.sdk/design_1_wrapper_hw_platform_0/system.hdf'.
19:09:10 INFO  : 'configparams force-mem-access 1' command is executed.
19:09:10 INFO  : Context for 'APU' is selected.
19:09:10 INFO  : 'stop' command is executed.
19:09:10 INFO  : 'ps7_init' command is executed.
19:09:10 INFO  : 'ps7_post_config' command is executed.
19:09:10 INFO  : Context for processor 'ps7_cortexa9_0' is selected.
19:09:10 INFO  : Processor reset is completed for 'ps7_cortexa9_0'.
19:09:10 INFO  : Context for processor 'ps7_cortexa9_0' is selected.
19:09:10 INFO  : The application 'C:/Xilinx/SoC/uart_stm32/uart_stm32.sdk/uart_stm32/Debug/uart_stm32.elf' is downloaded to processor 'ps7_cortexa9_0'.
19:09:10 INFO  : 'configparams force-mem-access 0' command is executed.
19:09:10 INFO  : ----------------XSDB Script----------------
connect -url tcp:127.0.0.1:3121
source C:/Xilinx/SoC/uart_stm32/uart_stm32.sdk/design_1_wrapper_hw_platform_0/ps7_init.tcl
targets -set -nocase -filter {name =~"APU*" && jtag_cable_name =~ "Digilent JTAG-SMT2 210251988368"} -index 0
loadhw -hw C:/Xilinx/SoC/uart_stm32/uart_stm32.sdk/design_1_wrapper_hw_platform_0/system.hdf -mem-ranges [list {0x40000000 0xbfffffff}]
configparams force-mem-access 1
targets -set -nocase -filter {name =~"APU*" && jtag_cable_name =~ "Digilent JTAG-SMT2 210251988368"} -index 0
stop
ps7_init
ps7_post_config
targets -set -nocase -filter {name =~ "ARM*#0" && jtag_cable_name =~ "Digilent JTAG-SMT2 210251988368"} -index 0
rst -processor
targets -set -nocase -filter {name =~ "ARM*#0" && jtag_cable_name =~ "Digilent JTAG-SMT2 210251988368"} -index 0
dow C:/Xilinx/SoC/uart_stm32/uart_stm32.sdk/uart_stm32/Debug/uart_stm32.elf
configparams force-mem-access 0
----------------End of Script----------------

19:09:10 INFO  : Context for processor 'ps7_cortexa9_0' is selected.
19:09:10 INFO  : 'con' command is executed.
19:09:10 INFO  : ----------------XSDB Script (After Launch)----------------
targets -set -nocase -filter {name =~ "ARM*#0" && jtag_cable_name =~ "Digilent JTAG-SMT2 210251988368"} -index 0
con
----------------End of Script----------------

19:09:10 INFO  : Disconnected from the channel tcfchan#10.
19:10:27 INFO  : 'targets -set -filter {jtag_cable_name =~ "Digilent JTAG-SMT2 210251988368" && level==0} -index 1' command is executed.
19:10:27 INFO  : 'fpga -state' command is executed.
19:10:27 INFO  : Connected to target on host '127.0.0.1' and port '3121'.
19:10:28 INFO  : Jtag cable 'Digilent JTAG-SMT2 210251988368' is selected.
19:10:28 INFO  : 'jtag frequency' command is executed.
19:10:28 INFO  : Sourcing of 'C:/Xilinx/SoC/uart_stm32/uart_stm32.sdk/design_1_wrapper_hw_platform_0/ps7_init.tcl' is done.
19:10:28 INFO  : Context for 'APU' is selected.
19:10:29 INFO  : Hardware design information is loaded from 'C:/Xilinx/SoC/uart_stm32/uart_stm32.sdk/design_1_wrapper_hw_platform_0/system.hdf'.
19:10:29 INFO  : 'configparams force-mem-access 1' command is executed.
19:10:29 INFO  : Context for 'APU' is selected.
19:10:29 INFO  : 'stop' command is executed.
19:10:29 INFO  : 'ps7_init' command is executed.
19:10:29 INFO  : 'ps7_post_config' command is executed.
19:10:29 INFO  : Context for processor 'ps7_cortexa9_0' is selected.
19:10:29 INFO  : Processor reset is completed for 'ps7_cortexa9_0'.
19:10:29 INFO  : Context for processor 'ps7_cortexa9_0' is selected.
19:10:29 INFO  : The application 'C:/Xilinx/SoC/uart_stm32/uart_stm32.sdk/uart_stm32/Debug/uart_stm32.elf' is downloaded to processor 'ps7_cortexa9_0'.
19:10:29 INFO  : 'configparams force-mem-access 0' command is executed.
19:10:29 INFO  : ----------------XSDB Script----------------
connect -url tcp:127.0.0.1:3121
source C:/Xilinx/SoC/uart_stm32/uart_stm32.sdk/design_1_wrapper_hw_platform_0/ps7_init.tcl
targets -set -nocase -filter {name =~"APU*" && jtag_cable_name =~ "Digilent JTAG-SMT2 210251988368"} -index 0
loadhw -hw C:/Xilinx/SoC/uart_stm32/uart_stm32.sdk/design_1_wrapper_hw_platform_0/system.hdf -mem-ranges [list {0x40000000 0xbfffffff}]
configparams force-mem-access 1
targets -set -nocase -filter {name =~"APU*" && jtag_cable_name =~ "Digilent JTAG-SMT2 210251988368"} -index 0
stop
ps7_init
ps7_post_config
targets -set -nocase -filter {name =~ "ARM*#0" && jtag_cable_name =~ "Digilent JTAG-SMT2 210251988368"} -index 0
rst -processor
targets -set -nocase -filter {name =~ "ARM*#0" && jtag_cable_name =~ "Digilent JTAG-SMT2 210251988368"} -index 0
dow C:/Xilinx/SoC/uart_stm32/uart_stm32.sdk/uart_stm32/Debug/uart_stm32.elf
configparams force-mem-access 0
----------------End of Script----------------

19:10:29 INFO  : Context for processor 'ps7_cortexa9_0' is selected.
19:10:30 INFO  : 'con' command is executed.
19:10:30 INFO  : ----------------XSDB Script (After Launch)----------------
targets -set -nocase -filter {name =~ "ARM*#0" && jtag_cable_name =~ "Digilent JTAG-SMT2 210251988368"} -index 0
con
----------------End of Script----------------

19:10:30 INFO  : Disconnected from the channel tcfchan#11.
19:24:34 INFO  : 'targets -set -filter {jtag_cable_name =~ "Digilent JTAG-SMT2 210251988368" && level==0} -index 1' command is executed.
19:24:34 INFO  : 'fpga -state' command is executed.
19:24:34 INFO  : Connected to target on host '127.0.0.1' and port '3121'.
19:24:35 INFO  : Jtag cable 'Digilent JTAG-SMT2 210251988368' is selected.
19:24:35 INFO  : 'jtag frequency' command is executed.
19:24:35 INFO  : Sourcing of 'C:/Xilinx/SoC/uart_stm32/uart_stm32.sdk/design_1_wrapper_hw_platform_0/ps7_init.tcl' is done.
19:24:35 INFO  : Context for 'APU' is selected.
19:24:36 INFO  : Hardware design information is loaded from 'C:/Xilinx/SoC/uart_stm32/uart_stm32.sdk/design_1_wrapper_hw_platform_0/system.hdf'.
19:24:36 INFO  : 'configparams force-mem-access 1' command is executed.
19:24:36 INFO  : Context for 'APU' is selected.
19:24:36 INFO  : 'stop' command is executed.
19:24:36 INFO  : 'ps7_init' command is executed.
19:24:36 INFO  : 'ps7_post_config' command is executed.
19:24:36 INFO  : Context for processor 'ps7_cortexa9_0' is selected.
19:24:36 INFO  : Processor reset is completed for 'ps7_cortexa9_0'.
19:24:36 INFO  : Context for processor 'ps7_cortexa9_0' is selected.
19:24:37 INFO  : The application 'C:/Xilinx/SoC/uart_stm32/uart_stm32.sdk/uart_stm32/Debug/uart_stm32.elf' is downloaded to processor 'ps7_cortexa9_0'.
19:24:37 INFO  : 'configparams force-mem-access 0' command is executed.
19:24:37 INFO  : ----------------XSDB Script----------------
connect -url tcp:127.0.0.1:3121
source C:/Xilinx/SoC/uart_stm32/uart_stm32.sdk/design_1_wrapper_hw_platform_0/ps7_init.tcl
targets -set -nocase -filter {name =~"APU*" && jtag_cable_name =~ "Digilent JTAG-SMT2 210251988368"} -index 0
loadhw -hw C:/Xilinx/SoC/uart_stm32/uart_stm32.sdk/design_1_wrapper_hw_platform_0/system.hdf -mem-ranges [list {0x40000000 0xbfffffff}]
configparams force-mem-access 1
targets -set -nocase -filter {name =~"APU*" && jtag_cable_name =~ "Digilent JTAG-SMT2 210251988368"} -index 0
stop
ps7_init
ps7_post_config
targets -set -nocase -filter {name =~ "ARM*#0" && jtag_cable_name =~ "Digilent JTAG-SMT2 210251988368"} -index 0
rst -processor
targets -set -nocase -filter {name =~ "ARM*#0" && jtag_cable_name =~ "Digilent JTAG-SMT2 210251988368"} -index 0
dow C:/Xilinx/SoC/uart_stm32/uart_stm32.sdk/uart_stm32/Debug/uart_stm32.elf
configparams force-mem-access 0
----------------End of Script----------------

19:24:37 INFO  : Context for processor 'ps7_cortexa9_0' is selected.
19:24:37 INFO  : 'con' command is executed.
19:24:37 INFO  : ----------------XSDB Script (After Launch)----------------
targets -set -nocase -filter {name =~ "ARM*#0" && jtag_cable_name =~ "Digilent JTAG-SMT2 210251988368"} -index 0
con
----------------End of Script----------------

19:24:37 INFO  : Disconnected from the channel tcfchan#12.
19:27:02 INFO  : 'targets -set -filter {jtag_cable_name =~ "Digilent JTAG-SMT2 210251988368" && level==0} -index 1' command is executed.
19:27:02 INFO  : 'fpga -state' command is executed.
19:27:02 INFO  : Connected to target on host '127.0.0.1' and port '3121'.
19:27:02 INFO  : Jtag cable 'Digilent JTAG-SMT2 210251988368' is selected.
19:27:02 INFO  : 'jtag frequency' command is executed.
19:27:02 INFO  : Sourcing of 'C:/Xilinx/SoC/uart_stm32/uart_stm32.sdk/design_1_wrapper_hw_platform_0/ps7_init.tcl' is done.
19:27:02 INFO  : Context for 'APU' is selected.
19:27:03 INFO  : Hardware design information is loaded from 'C:/Xilinx/SoC/uart_stm32/uart_stm32.sdk/design_1_wrapper_hw_platform_0/system.hdf'.
19:27:03 INFO  : 'configparams force-mem-access 1' command is executed.
19:27:03 INFO  : Context for 'APU' is selected.
19:27:03 INFO  : 'stop' command is executed.
19:27:04 INFO  : 'ps7_init' command is executed.
19:27:04 INFO  : 'ps7_post_config' command is executed.
19:27:04 INFO  : Context for processor 'ps7_cortexa9_0' is selected.
19:27:04 INFO  : Processor reset is completed for 'ps7_cortexa9_0'.
19:27:04 INFO  : Context for processor 'ps7_cortexa9_0' is selected.
19:27:04 INFO  : The application 'C:/Xilinx/SoC/uart_stm32/uart_stm32.sdk/uart_stm32/Debug/uart_stm32.elf' is downloaded to processor 'ps7_cortexa9_0'.
19:27:04 INFO  : 'configparams force-mem-access 0' command is executed.
19:27:04 INFO  : ----------------XSDB Script----------------
connect -url tcp:127.0.0.1:3121
source C:/Xilinx/SoC/uart_stm32/uart_stm32.sdk/design_1_wrapper_hw_platform_0/ps7_init.tcl
targets -set -nocase -filter {name =~"APU*" && jtag_cable_name =~ "Digilent JTAG-SMT2 210251988368"} -index 0
loadhw -hw C:/Xilinx/SoC/uart_stm32/uart_stm32.sdk/design_1_wrapper_hw_platform_0/system.hdf -mem-ranges [list {0x40000000 0xbfffffff}]
configparams force-mem-access 1
targets -set -nocase -filter {name =~"APU*" && jtag_cable_name =~ "Digilent JTAG-SMT2 210251988368"} -index 0
stop
ps7_init
ps7_post_config
targets -set -nocase -filter {name =~ "ARM*#0" && jtag_cable_name =~ "Digilent JTAG-SMT2 210251988368"} -index 0
rst -processor
targets -set -nocase -filter {name =~ "ARM*#0" && jtag_cable_name =~ "Digilent JTAG-SMT2 210251988368"} -index 0
dow C:/Xilinx/SoC/uart_stm32/uart_stm32.sdk/uart_stm32/Debug/uart_stm32.elf
configparams force-mem-access 0
----------------End of Script----------------

19:27:04 INFO  : Context for processor 'ps7_cortexa9_0' is selected.
19:27:04 INFO  : 'con' command is executed.
19:27:04 INFO  : ----------------XSDB Script (After Launch)----------------
targets -set -nocase -filter {name =~ "ARM*#0" && jtag_cable_name =~ "Digilent JTAG-SMT2 210251988368"} -index 0
con
----------------End of Script----------------

19:27:04 INFO  : Disconnected from the channel tcfchan#13.
19:27:39 INFO  : 'targets -set -filter {jtag_cable_name =~ "Digilent JTAG-SMT2 210251988368" && level==0} -index 1' command is executed.
19:27:39 INFO  : 'fpga -state' command is executed.
19:27:39 INFO  : Connected to target on host '127.0.0.1' and port '3121'.
19:27:39 INFO  : Jtag cable 'Digilent JTAG-SMT2 210251988368' is selected.
19:27:39 INFO  : 'jtag frequency' command is executed.
19:27:39 INFO  : Sourcing of 'C:/Xilinx/SoC/uart_stm32/uart_stm32.sdk/design_1_wrapper_hw_platform_0/ps7_init.tcl' is done.
19:27:39 INFO  : Context for 'APU' is selected.
19:27:41 INFO  : Hardware design information is loaded from 'C:/Xilinx/SoC/uart_stm32/uart_stm32.sdk/design_1_wrapper_hw_platform_0/system.hdf'.
19:27:41 INFO  : 'configparams force-mem-access 1' command is executed.
19:27:41 INFO  : Context for 'APU' is selected.
19:27:41 INFO  : 'stop' command is executed.
19:27:41 INFO  : 'ps7_init' command is executed.
19:27:41 INFO  : 'ps7_post_config' command is executed.
19:27:41 INFO  : Context for processor 'ps7_cortexa9_0' is selected.
19:27:41 INFO  : Processor reset is completed for 'ps7_cortexa9_0'.
19:27:41 INFO  : Context for processor 'ps7_cortexa9_0' is selected.
19:27:41 INFO  : The application 'C:/Xilinx/SoC/uart_stm32/uart_stm32.sdk/uart_stm32/Debug/uart_stm32.elf' is downloaded to processor 'ps7_cortexa9_0'.
19:27:41 INFO  : 'configparams force-mem-access 0' command is executed.
19:27:41 INFO  : ----------------XSDB Script----------------
connect -url tcp:127.0.0.1:3121
source C:/Xilinx/SoC/uart_stm32/uart_stm32.sdk/design_1_wrapper_hw_platform_0/ps7_init.tcl
targets -set -nocase -filter {name =~"APU*" && jtag_cable_name =~ "Digilent JTAG-SMT2 210251988368"} -index 0
loadhw -hw C:/Xilinx/SoC/uart_stm32/uart_stm32.sdk/design_1_wrapper_hw_platform_0/system.hdf -mem-ranges [list {0x40000000 0xbfffffff}]
configparams force-mem-access 1
targets -set -nocase -filter {name =~"APU*" && jtag_cable_name =~ "Digilent JTAG-SMT2 210251988368"} -index 0
stop
ps7_init
ps7_post_config
targets -set -nocase -filter {name =~ "ARM*#0" && jtag_cable_name =~ "Digilent JTAG-SMT2 210251988368"} -index 0
rst -processor
targets -set -nocase -filter {name =~ "ARM*#0" && jtag_cable_name =~ "Digilent JTAG-SMT2 210251988368"} -index 0
dow C:/Xilinx/SoC/uart_stm32/uart_stm32.sdk/uart_stm32/Debug/uart_stm32.elf
configparams force-mem-access 0
----------------End of Script----------------

19:27:41 INFO  : Context for processor 'ps7_cortexa9_0' is selected.
19:27:41 INFO  : 'con' command is executed.
19:27:41 INFO  : ----------------XSDB Script (After Launch)----------------
targets -set -nocase -filter {name =~ "ARM*#0" && jtag_cable_name =~ "Digilent JTAG-SMT2 210251988368"} -index 0
con
----------------End of Script----------------

19:27:41 INFO  : Disconnected from the channel tcfchan#14.
19:47:46 INFO  : 'targets -set -filter {jtag_cable_name =~ "Digilent JTAG-SMT2 210251988368" && level==0} -index 1' command is executed.
19:47:46 INFO  : 'fpga -state' command is executed.
19:47:46 INFO  : Connected to target on host '127.0.0.1' and port '3121'.
19:47:46 INFO  : Jtag cable 'Digilent JTAG-SMT2 210251988368' is selected.
19:47:46 INFO  : 'jtag frequency' command is executed.
19:47:46 INFO  : Sourcing of 'C:/Xilinx/SoC/uart_stm32/uart_stm32.sdk/design_1_wrapper_hw_platform_0/ps7_init.tcl' is done.
19:47:46 INFO  : Context for 'APU' is selected.
19:47:47 INFO  : Hardware design information is loaded from 'C:/Xilinx/SoC/uart_stm32/uart_stm32.sdk/design_1_wrapper_hw_platform_0/system.hdf'.
19:47:47 INFO  : 'configparams force-mem-access 1' command is executed.
19:47:47 INFO  : Context for 'APU' is selected.
19:47:47 INFO  : 'stop' command is executed.
19:47:48 INFO  : 'ps7_init' command is executed.
19:47:48 INFO  : 'ps7_post_config' command is executed.
19:47:48 INFO  : Context for processor 'ps7_cortexa9_0' is selected.
19:47:48 INFO  : Processor reset is completed for 'ps7_cortexa9_0'.
19:47:48 INFO  : Context for processor 'ps7_cortexa9_0' is selected.
19:47:48 INFO  : The application 'C:/Xilinx/SoC/uart_stm32/uart_stm32.sdk/uart_stm32/Debug/uart_stm32.elf' is downloaded to processor 'ps7_cortexa9_0'.
19:47:48 INFO  : 'configparams force-mem-access 0' command is executed.
19:47:48 INFO  : ----------------XSDB Script----------------
connect -url tcp:127.0.0.1:3121
source C:/Xilinx/SoC/uart_stm32/uart_stm32.sdk/design_1_wrapper_hw_platform_0/ps7_init.tcl
targets -set -nocase -filter {name =~"APU*" && jtag_cable_name =~ "Digilent JTAG-SMT2 210251988368"} -index 0
loadhw -hw C:/Xilinx/SoC/uart_stm32/uart_stm32.sdk/design_1_wrapper_hw_platform_0/system.hdf -mem-ranges [list {0x40000000 0xbfffffff}]
configparams force-mem-access 1
targets -set -nocase -filter {name =~"APU*" && jtag_cable_name =~ "Digilent JTAG-SMT2 210251988368"} -index 0
stop
ps7_init
ps7_post_config
targets -set -nocase -filter {name =~ "ARM*#0" && jtag_cable_name =~ "Digilent JTAG-SMT2 210251988368"} -index 0
rst -processor
targets -set -nocase -filter {name =~ "ARM*#0" && jtag_cable_name =~ "Digilent JTAG-SMT2 210251988368"} -index 0
dow C:/Xilinx/SoC/uart_stm32/uart_stm32.sdk/uart_stm32/Debug/uart_stm32.elf
configparams force-mem-access 0
----------------End of Script----------------

19:47:48 INFO  : Context for processor 'ps7_cortexa9_0' is selected.
19:47:48 INFO  : 'con' command is executed.
19:47:48 INFO  : ----------------XSDB Script (After Launch)----------------
targets -set -nocase -filter {name =~ "ARM*#0" && jtag_cable_name =~ "Digilent JTAG-SMT2 210251988368"} -index 0
con
----------------End of Script----------------

19:47:48 INFO  : Disconnected from the channel tcfchan#15.
19:49:06 INFO  : 'targets -set -filter {jtag_cable_name =~ "Digilent JTAG-SMT2 210251988368" && level==0} -index 1' command is executed.
19:49:06 INFO  : 'fpga -state' command is executed.
19:49:06 INFO  : Connected to target on host '127.0.0.1' and port '3121'.
19:49:06 INFO  : Jtag cable 'Digilent JTAG-SMT2 210251988368' is selected.
19:49:06 INFO  : 'jtag frequency' command is executed.
19:49:06 INFO  : Sourcing of 'C:/Xilinx/SoC/uart_stm32/uart_stm32.sdk/design_1_wrapper_hw_platform_0/ps7_init.tcl' is done.
19:49:06 INFO  : Context for 'APU' is selected.
19:49:08 INFO  : Hardware design information is loaded from 'C:/Xilinx/SoC/uart_stm32/uart_stm32.sdk/design_1_wrapper_hw_platform_0/system.hdf'.
19:49:08 INFO  : 'configparams force-mem-access 1' command is executed.
19:49:08 INFO  : Context for 'APU' is selected.
19:49:08 INFO  : 'stop' command is executed.
19:49:08 INFO  : 'ps7_init' command is executed.
19:49:08 INFO  : 'ps7_post_config' command is executed.
19:49:08 INFO  : Context for processor 'ps7_cortexa9_0' is selected.
19:49:08 INFO  : Processor reset is completed for 'ps7_cortexa9_0'.
19:49:08 INFO  : Context for processor 'ps7_cortexa9_0' is selected.
19:49:08 INFO  : The application 'C:/Xilinx/SoC/uart_stm32/uart_stm32.sdk/uart_stm32/Debug/uart_stm32.elf' is downloaded to processor 'ps7_cortexa9_0'.
19:49:08 INFO  : 'configparams force-mem-access 0' command is executed.
19:49:08 INFO  : ----------------XSDB Script----------------
connect -url tcp:127.0.0.1:3121
source C:/Xilinx/SoC/uart_stm32/uart_stm32.sdk/design_1_wrapper_hw_platform_0/ps7_init.tcl
targets -set -nocase -filter {name =~"APU*" && jtag_cable_name =~ "Digilent JTAG-SMT2 210251988368"} -index 0
loadhw -hw C:/Xilinx/SoC/uart_stm32/uart_stm32.sdk/design_1_wrapper_hw_platform_0/system.hdf -mem-ranges [list {0x40000000 0xbfffffff}]
configparams force-mem-access 1
targets -set -nocase -filter {name =~"APU*" && jtag_cable_name =~ "Digilent JTAG-SMT2 210251988368"} -index 0
stop
ps7_init
ps7_post_config
targets -set -nocase -filter {name =~ "ARM*#0" && jtag_cable_name =~ "Digilent JTAG-SMT2 210251988368"} -index 0
rst -processor
targets -set -nocase -filter {name =~ "ARM*#0" && jtag_cable_name =~ "Digilent JTAG-SMT2 210251988368"} -index 0
dow C:/Xilinx/SoC/uart_stm32/uart_stm32.sdk/uart_stm32/Debug/uart_stm32.elf
configparams force-mem-access 0
----------------End of Script----------------

19:49:08 INFO  : Context for processor 'ps7_cortexa9_0' is selected.
19:49:08 INFO  : 'con' command is executed.
19:49:08 INFO  : ----------------XSDB Script (After Launch)----------------
targets -set -nocase -filter {name =~ "ARM*#0" && jtag_cable_name =~ "Digilent JTAG-SMT2 210251988368"} -index 0
con
----------------End of Script----------------

19:49:08 INFO  : Disconnected from the channel tcfchan#16.
19:49:22 INFO  : Connected to target on host '127.0.0.1' and port '3121'.
19:49:23 INFO  : 'targets -set -filter {jtag_cable_name =~ "Digilent JTAG-SMT2 210251988368" && level==0} -index 1' command is executed.
19:49:25 INFO  : FPGA configured successfully with bitstream "C:/Xilinx/SoC/uart_stm32/uart_stm32.sdk/design_1_wrapper_hw_platform_0/design_1_wrapper.bit"
19:49:33 INFO  : 'targets -set -filter {jtag_cable_name =~ "Digilent JTAG-SMT2 210251988368" && level==0} -index 1' command is executed.
19:49:33 INFO  : 'fpga -state' command is executed.
19:49:33 INFO  : Connected to target on host '127.0.0.1' and port '3121'.
19:49:33 INFO  : Jtag cable 'Digilent JTAG-SMT2 210251988368' is selected.
19:49:33 INFO  : 'jtag frequency' command is executed.
19:49:33 INFO  : Sourcing of 'C:/Xilinx/SoC/uart_stm32/uart_stm32.sdk/design_1_wrapper_hw_platform_0/ps7_init.tcl' is done.
19:49:33 INFO  : Context for 'APU' is selected.
19:49:33 INFO  : Hardware design information is loaded from 'C:/Xilinx/SoC/uart_stm32/uart_stm32.sdk/design_1_wrapper_hw_platform_0/system.hdf'.
19:49:33 INFO  : 'configparams force-mem-access 1' command is executed.
19:49:33 INFO  : Context for 'APU' is selected.
19:49:33 INFO  : 'stop' command is executed.
19:49:33 INFO  : 'ps7_init' command is executed.
19:49:33 INFO  : 'ps7_post_config' command is executed.
19:49:33 INFO  : Context for processor 'ps7_cortexa9_0' is selected.
19:49:33 INFO  : Processor reset is completed for 'ps7_cortexa9_0'.
19:49:33 INFO  : Context for processor 'ps7_cortexa9_0' is selected.
19:49:34 INFO  : The application 'C:/Xilinx/SoC/uart_stm32/uart_stm32.sdk/uart_stm32/Debug/uart_stm32.elf' is downloaded to processor 'ps7_cortexa9_0'.
19:49:34 INFO  : 'configparams force-mem-access 0' command is executed.
19:49:34 INFO  : ----------------XSDB Script----------------
connect -url tcp:127.0.0.1:3121
source C:/Xilinx/SoC/uart_stm32/uart_stm32.sdk/design_1_wrapper_hw_platform_0/ps7_init.tcl
targets -set -nocase -filter {name =~"APU*" && jtag_cable_name =~ "Digilent JTAG-SMT2 210251988368"} -index 0
loadhw -hw C:/Xilinx/SoC/uart_stm32/uart_stm32.sdk/design_1_wrapper_hw_platform_0/system.hdf -mem-ranges [list {0x40000000 0xbfffffff}]
configparams force-mem-access 1
targets -set -nocase -filter {name =~"APU*" && jtag_cable_name =~ "Digilent JTAG-SMT2 210251988368"} -index 0
stop
ps7_init
ps7_post_config
targets -set -nocase -filter {name =~ "ARM*#0" && jtag_cable_name =~ "Digilent JTAG-SMT2 210251988368"} -index 0
rst -processor
targets -set -nocase -filter {name =~ "ARM*#0" && jtag_cable_name =~ "Digilent JTAG-SMT2 210251988368"} -index 0
dow C:/Xilinx/SoC/uart_stm32/uart_stm32.sdk/uart_stm32/Debug/uart_stm32.elf
configparams force-mem-access 0
----------------End of Script----------------

19:49:34 INFO  : Context for processor 'ps7_cortexa9_0' is selected.
19:49:34 INFO  : 'con' command is executed.
19:49:34 INFO  : ----------------XSDB Script (After Launch)----------------
targets -set -nocase -filter {name =~ "ARM*#0" && jtag_cable_name =~ "Digilent JTAG-SMT2 210251988368"} -index 0
con
----------------End of Script----------------

19:49:34 INFO  : Disconnected from the channel tcfchan#17.
19:50:47 INFO  : 'targets -set -filter {jtag_cable_name =~ "Digilent JTAG-SMT2 210251988368" && level==0} -index 1' command is executed.
19:50:47 INFO  : 'fpga -state' command is executed.
19:50:47 INFO  : Connected to target on host '127.0.0.1' and port '3121'.
19:50:47 INFO  : Jtag cable 'Digilent JTAG-SMT2 210251988368' is selected.
19:50:47 INFO  : 'jtag frequency' command is executed.
19:50:47 INFO  : Sourcing of 'C:/Xilinx/SoC/uart_stm32/uart_stm32.sdk/design_1_wrapper_hw_platform_0/ps7_init.tcl' is done.
19:50:47 INFO  : Context for 'APU' is selected.
19:50:49 INFO  : Hardware design information is loaded from 'C:/Xilinx/SoC/uart_stm32/uart_stm32.sdk/design_1_wrapper_hw_platform_0/system.hdf'.
19:50:49 INFO  : 'configparams force-mem-access 1' command is executed.
19:50:49 INFO  : Context for 'APU' is selected.
19:50:49 INFO  : 'stop' command is executed.
19:50:49 INFO  : 'ps7_init' command is executed.
19:50:49 INFO  : 'ps7_post_config' command is executed.
19:50:49 INFO  : Context for processor 'ps7_cortexa9_0' is selected.
19:50:49 INFO  : Processor reset is completed for 'ps7_cortexa9_0'.
19:50:49 INFO  : Context for processor 'ps7_cortexa9_0' is selected.
19:50:49 INFO  : The application 'C:/Xilinx/SoC/uart_stm32/uart_stm32.sdk/uart_stm32/Debug/uart_stm32.elf' is downloaded to processor 'ps7_cortexa9_0'.
19:50:49 INFO  : 'configparams force-mem-access 0' command is executed.
19:50:49 INFO  : ----------------XSDB Script----------------
connect -url tcp:127.0.0.1:3121
source C:/Xilinx/SoC/uart_stm32/uart_stm32.sdk/design_1_wrapper_hw_platform_0/ps7_init.tcl
targets -set -nocase -filter {name =~"APU*" && jtag_cable_name =~ "Digilent JTAG-SMT2 210251988368"} -index 0
loadhw -hw C:/Xilinx/SoC/uart_stm32/uart_stm32.sdk/design_1_wrapper_hw_platform_0/system.hdf -mem-ranges [list {0x40000000 0xbfffffff}]
configparams force-mem-access 1
targets -set -nocase -filter {name =~"APU*" && jtag_cable_name =~ "Digilent JTAG-SMT2 210251988368"} -index 0
stop
ps7_init
ps7_post_config
targets -set -nocase -filter {name =~ "ARM*#0" && jtag_cable_name =~ "Digilent JTAG-SMT2 210251988368"} -index 0
rst -processor
targets -set -nocase -filter {name =~ "ARM*#0" && jtag_cable_name =~ "Digilent JTAG-SMT2 210251988368"} -index 0
dow C:/Xilinx/SoC/uart_stm32/uart_stm32.sdk/uart_stm32/Debug/uart_stm32.elf
configparams force-mem-access 0
----------------End of Script----------------

19:50:49 INFO  : Context for processor 'ps7_cortexa9_0' is selected.
19:50:49 INFO  : 'con' command is executed.
19:50:49 INFO  : ----------------XSDB Script (After Launch)----------------
targets -set -nocase -filter {name =~ "ARM*#0" && jtag_cable_name =~ "Digilent JTAG-SMT2 210251988368"} -index 0
con
----------------End of Script----------------

19:50:49 INFO  : Disconnected from the channel tcfchan#18.
19:51:53 INFO  : 'targets -set -filter {jtag_cable_name =~ "Digilent JTAG-SMT2 210251988368" && level==0} -index 1' command is executed.
19:51:53 INFO  : 'fpga -state' command is executed.
19:51:53 INFO  : Connected to target on host '127.0.0.1' and port '3121'.
19:51:53 INFO  : Jtag cable 'Digilent JTAG-SMT2 210251988368' is selected.
19:51:53 INFO  : 'jtag frequency' command is executed.
19:51:53 INFO  : Sourcing of 'C:/Xilinx/SoC/uart_stm32/uart_stm32.sdk/design_1_wrapper_hw_platform_0/ps7_init.tcl' is done.
19:51:53 INFO  : Context for 'APU' is selected.
19:51:55 INFO  : Hardware design information is loaded from 'C:/Xilinx/SoC/uart_stm32/uart_stm32.sdk/design_1_wrapper_hw_platform_0/system.hdf'.
19:51:55 INFO  : 'configparams force-mem-access 1' command is executed.
19:51:55 INFO  : Context for 'APU' is selected.
19:51:55 INFO  : 'stop' command is executed.
19:51:55 INFO  : 'ps7_init' command is executed.
19:51:55 INFO  : 'ps7_post_config' command is executed.
19:51:55 INFO  : Context for processor 'ps7_cortexa9_0' is selected.
19:51:55 INFO  : Processor reset is completed for 'ps7_cortexa9_0'.
19:51:55 INFO  : Context for processor 'ps7_cortexa9_0' is selected.
19:51:55 INFO  : The application 'C:/Xilinx/SoC/uart_stm32/uart_stm32.sdk/uart_stm32/Debug/uart_stm32.elf' is downloaded to processor 'ps7_cortexa9_0'.
19:51:55 INFO  : 'configparams force-mem-access 0' command is executed.
19:51:55 INFO  : ----------------XSDB Script----------------
connect -url tcp:127.0.0.1:3121
source C:/Xilinx/SoC/uart_stm32/uart_stm32.sdk/design_1_wrapper_hw_platform_0/ps7_init.tcl
targets -set -nocase -filter {name =~"APU*" && jtag_cable_name =~ "Digilent JTAG-SMT2 210251988368"} -index 0
loadhw -hw C:/Xilinx/SoC/uart_stm32/uart_stm32.sdk/design_1_wrapper_hw_platform_0/system.hdf -mem-ranges [list {0x40000000 0xbfffffff}]
configparams force-mem-access 1
targets -set -nocase -filter {name =~"APU*" && jtag_cable_name =~ "Digilent JTAG-SMT2 210251988368"} -index 0
stop
ps7_init
ps7_post_config
targets -set -nocase -filter {name =~ "ARM*#0" && jtag_cable_name =~ "Digilent JTAG-SMT2 210251988368"} -index 0
rst -processor
targets -set -nocase -filter {name =~ "ARM*#0" && jtag_cable_name =~ "Digilent JTAG-SMT2 210251988368"} -index 0
dow C:/Xilinx/SoC/uart_stm32/uart_stm32.sdk/uart_stm32/Debug/uart_stm32.elf
configparams force-mem-access 0
----------------End of Script----------------

19:51:55 INFO  : Context for processor 'ps7_cortexa9_0' is selected.
19:51:55 INFO  : 'con' command is executed.
19:51:55 INFO  : ----------------XSDB Script (After Launch)----------------
targets -set -nocase -filter {name =~ "ARM*#0" && jtag_cable_name =~ "Digilent JTAG-SMT2 210251988368"} -index 0
con
----------------End of Script----------------

19:51:55 INFO  : Disconnected from the channel tcfchan#19.
19:54:12 INFO  : 'targets -set -filter {jtag_cable_name =~ "Digilent JTAG-SMT2 210251988368" && level==0} -index 1' command is executed.
19:54:12 INFO  : 'fpga -state' command is executed.
19:54:12 INFO  : Connected to target on host '127.0.0.1' and port '3121'.
19:54:13 INFO  : Jtag cable 'Digilent JTAG-SMT2 210251988368' is selected.
19:54:13 INFO  : 'jtag frequency' command is executed.
19:54:13 INFO  : Sourcing of 'C:/Xilinx/SoC/uart_stm32/uart_stm32.sdk/design_1_wrapper_hw_platform_0/ps7_init.tcl' is done.
19:54:13 INFO  : Context for 'APU' is selected.
19:54:14 INFO  : Hardware design information is loaded from 'C:/Xilinx/SoC/uart_stm32/uart_stm32.sdk/design_1_wrapper_hw_platform_0/system.hdf'.
19:54:14 INFO  : 'configparams force-mem-access 1' command is executed.
19:54:14 INFO  : Context for 'APU' is selected.
19:54:14 INFO  : 'stop' command is executed.
19:54:14 INFO  : 'ps7_init' command is executed.
19:54:14 INFO  : 'ps7_post_config' command is executed.
19:54:14 INFO  : Context for processor 'ps7_cortexa9_0' is selected.
19:54:14 INFO  : Processor reset is completed for 'ps7_cortexa9_0'.
19:54:14 INFO  : Context for processor 'ps7_cortexa9_0' is selected.
19:54:14 INFO  : The application 'C:/Xilinx/SoC/uart_stm32/uart_stm32.sdk/uart_stm32/Debug/uart_stm32.elf' is downloaded to processor 'ps7_cortexa9_0'.
19:54:14 INFO  : 'configparams force-mem-access 0' command is executed.
19:54:14 INFO  : ----------------XSDB Script----------------
connect -url tcp:127.0.0.1:3121
source C:/Xilinx/SoC/uart_stm32/uart_stm32.sdk/design_1_wrapper_hw_platform_0/ps7_init.tcl
targets -set -nocase -filter {name =~"APU*" && jtag_cable_name =~ "Digilent JTAG-SMT2 210251988368"} -index 0
loadhw -hw C:/Xilinx/SoC/uart_stm32/uart_stm32.sdk/design_1_wrapper_hw_platform_0/system.hdf -mem-ranges [list {0x40000000 0xbfffffff}]
configparams force-mem-access 1
targets -set -nocase -filter {name =~"APU*" && jtag_cable_name =~ "Digilent JTAG-SMT2 210251988368"} -index 0
stop
ps7_init
ps7_post_config
targets -set -nocase -filter {name =~ "ARM*#0" && jtag_cable_name =~ "Digilent JTAG-SMT2 210251988368"} -index 0
rst -processor
targets -set -nocase -filter {name =~ "ARM*#0" && jtag_cable_name =~ "Digilent JTAG-SMT2 210251988368"} -index 0
dow C:/Xilinx/SoC/uart_stm32/uart_stm32.sdk/uart_stm32/Debug/uart_stm32.elf
configparams force-mem-access 0
----------------End of Script----------------

19:54:14 INFO  : Context for processor 'ps7_cortexa9_0' is selected.
19:54:14 INFO  : 'con' command is executed.
19:54:14 INFO  : ----------------XSDB Script (After Launch)----------------
targets -set -nocase -filter {name =~ "ARM*#0" && jtag_cable_name =~ "Digilent JTAG-SMT2 210251988368"} -index 0
con
----------------End of Script----------------

19:54:14 INFO  : Disconnected from the channel tcfchan#20.
19:54:57 INFO  : Connected to target on host '127.0.0.1' and port '3121'.
19:54:58 INFO  : 'targets -set -filter {jtag_cable_name =~ "Digilent JTAG-SMT2 210251988368" && level==0} -index 1' command is executed.
19:55:00 INFO  : FPGA configured successfully with bitstream "C:/Xilinx/SoC/uart_stm32/uart_stm32.sdk/design_1_wrapper_hw_platform_0/design_1_wrapper.bit"
19:55:10 INFO  : 'targets -set -filter {jtag_cable_name =~ "Digilent JTAG-SMT2 210251988368" && level==0} -index 1' command is executed.
19:55:10 INFO  : 'fpga -state' command is executed.
19:55:10 INFO  : Connected to target on host '127.0.0.1' and port '3121'.
19:55:10 INFO  : Jtag cable 'Digilent JTAG-SMT2 210251988368' is selected.
19:55:10 INFO  : 'jtag frequency' command is executed.
19:55:10 INFO  : Sourcing of 'C:/Xilinx/SoC/uart_stm32/uart_stm32.sdk/design_1_wrapper_hw_platform_0/ps7_init.tcl' is done.
19:55:10 INFO  : Context for 'APU' is selected.
19:55:10 INFO  : Hardware design information is loaded from 'C:/Xilinx/SoC/uart_stm32/uart_stm32.sdk/design_1_wrapper_hw_platform_0/system.hdf'.
19:55:10 INFO  : 'configparams force-mem-access 1' command is executed.
19:55:10 INFO  : Context for 'APU' is selected.
19:55:10 INFO  : 'stop' command is executed.
19:55:11 INFO  : 'ps7_init' command is executed.
19:55:11 INFO  : 'ps7_post_config' command is executed.
19:55:11 INFO  : Context for processor 'ps7_cortexa9_0' is selected.
19:55:11 INFO  : Processor reset is completed for 'ps7_cortexa9_0'.
19:55:11 INFO  : Context for processor 'ps7_cortexa9_0' is selected.
19:55:11 INFO  : The application 'C:/Xilinx/SoC/uart_stm32/uart_stm32.sdk/uart_stm32/Debug/uart_stm32.elf' is downloaded to processor 'ps7_cortexa9_0'.
19:55:11 INFO  : 'configparams force-mem-access 0' command is executed.
19:55:11 INFO  : ----------------XSDB Script----------------
connect -url tcp:127.0.0.1:3121
source C:/Xilinx/SoC/uart_stm32/uart_stm32.sdk/design_1_wrapper_hw_platform_0/ps7_init.tcl
targets -set -nocase -filter {name =~"APU*" && jtag_cable_name =~ "Digilent JTAG-SMT2 210251988368"} -index 0
loadhw -hw C:/Xilinx/SoC/uart_stm32/uart_stm32.sdk/design_1_wrapper_hw_platform_0/system.hdf -mem-ranges [list {0x40000000 0xbfffffff}]
configparams force-mem-access 1
targets -set -nocase -filter {name =~"APU*" && jtag_cable_name =~ "Digilent JTAG-SMT2 210251988368"} -index 0
stop
ps7_init
ps7_post_config
targets -set -nocase -filter {name =~ "ARM*#0" && jtag_cable_name =~ "Digilent JTAG-SMT2 210251988368"} -index 0
rst -processor
targets -set -nocase -filter {name =~ "ARM*#0" && jtag_cable_name =~ "Digilent JTAG-SMT2 210251988368"} -index 0
dow C:/Xilinx/SoC/uart_stm32/uart_stm32.sdk/uart_stm32/Debug/uart_stm32.elf
configparams force-mem-access 0
----------------End of Script----------------

19:55:11 INFO  : Context for processor 'ps7_cortexa9_0' is selected.
19:55:11 INFO  : 'con' command is executed.
19:55:11 INFO  : ----------------XSDB Script (After Launch)----------------
targets -set -nocase -filter {name =~ "ARM*#0" && jtag_cable_name =~ "Digilent JTAG-SMT2 210251988368"} -index 0
con
----------------End of Script----------------

19:55:11 INFO  : Disconnected from the channel tcfchan#21.
19:55:49 INFO  : 'targets -set -filter {jtag_cable_name =~ "Digilent JTAG-SMT2 210251988368" && level==0} -index 1' command is executed.
19:55:49 INFO  : 'fpga -state' command is executed.
19:55:49 INFO  : Connected to target on host '127.0.0.1' and port '3121'.
19:55:49 INFO  : Jtag cable 'Digilent JTAG-SMT2 210251988368' is selected.
19:55:49 INFO  : 'jtag frequency' command is executed.
19:55:49 INFO  : Sourcing of 'C:/Xilinx/SoC/uart_stm32/uart_stm32.sdk/design_1_wrapper_hw_platform_0/ps7_init.tcl' is done.
19:55:49 INFO  : Context for 'APU' is selected.
19:55:51 INFO  : Hardware design information is loaded from 'C:/Xilinx/SoC/uart_stm32/uart_stm32.sdk/design_1_wrapper_hw_platform_0/system.hdf'.
19:55:51 INFO  : 'configparams force-mem-access 1' command is executed.
19:55:51 INFO  : Context for 'APU' is selected.
19:55:51 INFO  : 'stop' command is executed.
19:55:51 INFO  : 'ps7_init' command is executed.
19:55:51 INFO  : 'ps7_post_config' command is executed.
19:55:51 INFO  : Context for processor 'ps7_cortexa9_0' is selected.
19:55:51 INFO  : Processor reset is completed for 'ps7_cortexa9_0'.
19:55:51 INFO  : Context for processor 'ps7_cortexa9_0' is selected.
19:55:51 INFO  : The application 'C:/Xilinx/SoC/uart_stm32/uart_stm32.sdk/uart_stm32/Debug/uart_stm32.elf' is downloaded to processor 'ps7_cortexa9_0'.
19:55:51 INFO  : 'configparams force-mem-access 0' command is executed.
19:55:51 INFO  : ----------------XSDB Script----------------
connect -url tcp:127.0.0.1:3121
source C:/Xilinx/SoC/uart_stm32/uart_stm32.sdk/design_1_wrapper_hw_platform_0/ps7_init.tcl
targets -set -nocase -filter {name =~"APU*" && jtag_cable_name =~ "Digilent JTAG-SMT2 210251988368"} -index 0
loadhw -hw C:/Xilinx/SoC/uart_stm32/uart_stm32.sdk/design_1_wrapper_hw_platform_0/system.hdf -mem-ranges [list {0x40000000 0xbfffffff}]
configparams force-mem-access 1
targets -set -nocase -filter {name =~"APU*" && jtag_cable_name =~ "Digilent JTAG-SMT2 210251988368"} -index 0
stop
ps7_init
ps7_post_config
targets -set -nocase -filter {name =~ "ARM*#0" && jtag_cable_name =~ "Digilent JTAG-SMT2 210251988368"} -index 0
rst -processor
targets -set -nocase -filter {name =~ "ARM*#0" && jtag_cable_name =~ "Digilent JTAG-SMT2 210251988368"} -index 0
dow C:/Xilinx/SoC/uart_stm32/uart_stm32.sdk/uart_stm32/Debug/uart_stm32.elf
configparams force-mem-access 0
----------------End of Script----------------

19:55:51 INFO  : Context for processor 'ps7_cortexa9_0' is selected.
19:55:51 INFO  : 'con' command is executed.
19:55:51 INFO  : ----------------XSDB Script (After Launch)----------------
targets -set -nocase -filter {name =~ "ARM*#0" && jtag_cable_name =~ "Digilent JTAG-SMT2 210251988368"} -index 0
con
----------------End of Script----------------

19:55:51 INFO  : Disconnected from the channel tcfchan#22.
19:58:57 INFO  : 'targets -set -filter {jtag_cable_name =~ "Digilent JTAG-SMT2 210251988368" && level==0} -index 1' command is executed.
19:58:57 INFO  : 'fpga -state' command is executed.
19:58:57 INFO  : Connected to target on host '127.0.0.1' and port '3121'.
19:58:57 INFO  : Jtag cable 'Digilent JTAG-SMT2 210251988368' is selected.
19:58:57 INFO  : 'jtag frequency' command is executed.
19:58:57 INFO  : Sourcing of 'C:/Xilinx/SoC/uart_stm32/uart_stm32.sdk/design_1_wrapper_hw_platform_0/ps7_init.tcl' is done.
19:58:57 INFO  : Context for 'APU' is selected.
19:58:58 INFO  : Hardware design information is loaded from 'C:/Xilinx/SoC/uart_stm32/uart_stm32.sdk/design_1_wrapper_hw_platform_0/system.hdf'.
19:58:58 INFO  : 'configparams force-mem-access 1' command is executed.
19:58:58 INFO  : Context for 'APU' is selected.
19:58:58 INFO  : 'stop' command is executed.
19:58:58 INFO  : 'ps7_init' command is executed.
19:58:59 INFO  : 'ps7_post_config' command is executed.
19:58:59 INFO  : Context for processor 'ps7_cortexa9_0' is selected.
19:58:59 INFO  : Processor reset is completed for 'ps7_cortexa9_0'.
19:58:59 INFO  : Context for processor 'ps7_cortexa9_0' is selected.
19:58:59 INFO  : The application 'C:/Xilinx/SoC/uart_stm32/uart_stm32.sdk/uart_stm32/Debug/uart_stm32.elf' is downloaded to processor 'ps7_cortexa9_0'.
19:58:59 INFO  : 'configparams force-mem-access 0' command is executed.
19:58:59 INFO  : ----------------XSDB Script----------------
connect -url tcp:127.0.0.1:3121
source C:/Xilinx/SoC/uart_stm32/uart_stm32.sdk/design_1_wrapper_hw_platform_0/ps7_init.tcl
targets -set -nocase -filter {name =~"APU*" && jtag_cable_name =~ "Digilent JTAG-SMT2 210251988368"} -index 0
loadhw -hw C:/Xilinx/SoC/uart_stm32/uart_stm32.sdk/design_1_wrapper_hw_platform_0/system.hdf -mem-ranges [list {0x40000000 0xbfffffff}]
configparams force-mem-access 1
targets -set -nocase -filter {name =~"APU*" && jtag_cable_name =~ "Digilent JTAG-SMT2 210251988368"} -index 0
stop
ps7_init
ps7_post_config
targets -set -nocase -filter {name =~ "ARM*#0" && jtag_cable_name =~ "Digilent JTAG-SMT2 210251988368"} -index 0
rst -processor
targets -set -nocase -filter {name =~ "ARM*#0" && jtag_cable_name =~ "Digilent JTAG-SMT2 210251988368"} -index 0
dow C:/Xilinx/SoC/uart_stm32/uart_stm32.sdk/uart_stm32/Debug/uart_stm32.elf
configparams force-mem-access 0
----------------End of Script----------------

19:58:59 INFO  : Context for processor 'ps7_cortexa9_0' is selected.
19:58:59 INFO  : 'con' command is executed.
19:58:59 INFO  : ----------------XSDB Script (After Launch)----------------
targets -set -nocase -filter {name =~ "ARM*#0" && jtag_cable_name =~ "Digilent JTAG-SMT2 210251988368"} -index 0
con
----------------End of Script----------------

19:58:59 INFO  : Disconnected from the channel tcfchan#23.
20:00:09 INFO  : 'targets -set -filter {jtag_cable_name =~ "Digilent JTAG-SMT2 210251988368" && level==0} -index 1' command is executed.
20:00:09 INFO  : 'fpga -state' command is executed.
20:00:09 INFO  : Connected to target on host '127.0.0.1' and port '3121'.
20:00:09 INFO  : Jtag cable 'Digilent JTAG-SMT2 210251988368' is selected.
20:00:09 INFO  : 'jtag frequency' command is executed.
20:00:09 INFO  : Sourcing of 'C:/Xilinx/SoC/uart_stm32/uart_stm32.sdk/design_1_wrapper_hw_platform_0/ps7_init.tcl' is done.
20:00:09 INFO  : Context for 'APU' is selected.
20:00:10 INFO  : Hardware design information is loaded from 'C:/Xilinx/SoC/uart_stm32/uart_stm32.sdk/design_1_wrapper_hw_platform_0/system.hdf'.
20:00:10 INFO  : 'configparams force-mem-access 1' command is executed.
20:00:10 INFO  : Context for 'APU' is selected.
20:00:10 INFO  : 'stop' command is executed.
20:00:11 INFO  : 'ps7_init' command is executed.
20:00:11 INFO  : 'ps7_post_config' command is executed.
20:00:11 INFO  : Context for processor 'ps7_cortexa9_0' is selected.
20:00:11 INFO  : Processor reset is completed for 'ps7_cortexa9_0'.
20:00:11 INFO  : Context for processor 'ps7_cortexa9_0' is selected.
20:00:11 INFO  : The application 'C:/Xilinx/SoC/uart_stm32/uart_stm32.sdk/uart_stm32/Debug/uart_stm32.elf' is downloaded to processor 'ps7_cortexa9_0'.
20:00:11 INFO  : 'configparams force-mem-access 0' command is executed.
20:00:11 INFO  : ----------------XSDB Script----------------
connect -url tcp:127.0.0.1:3121
source C:/Xilinx/SoC/uart_stm32/uart_stm32.sdk/design_1_wrapper_hw_platform_0/ps7_init.tcl
targets -set -nocase -filter {name =~"APU*" && jtag_cable_name =~ "Digilent JTAG-SMT2 210251988368"} -index 0
loadhw -hw C:/Xilinx/SoC/uart_stm32/uart_stm32.sdk/design_1_wrapper_hw_platform_0/system.hdf -mem-ranges [list {0x40000000 0xbfffffff}]
configparams force-mem-access 1
targets -set -nocase -filter {name =~"APU*" && jtag_cable_name =~ "Digilent JTAG-SMT2 210251988368"} -index 0
stop
ps7_init
ps7_post_config
targets -set -nocase -filter {name =~ "ARM*#0" && jtag_cable_name =~ "Digilent JTAG-SMT2 210251988368"} -index 0
rst -processor
targets -set -nocase -filter {name =~ "ARM*#0" && jtag_cable_name =~ "Digilent JTAG-SMT2 210251988368"} -index 0
dow C:/Xilinx/SoC/uart_stm32/uart_stm32.sdk/uart_stm32/Debug/uart_stm32.elf
configparams force-mem-access 0
----------------End of Script----------------

20:00:11 INFO  : Context for processor 'ps7_cortexa9_0' is selected.
20:00:11 INFO  : 'con' command is executed.
20:00:11 INFO  : ----------------XSDB Script (After Launch)----------------
targets -set -nocase -filter {name =~ "ARM*#0" && jtag_cable_name =~ "Digilent JTAG-SMT2 210251988368"} -index 0
con
----------------End of Script----------------

20:00:11 INFO  : Disconnected from the channel tcfchan#24.
20:01:32 INFO  : 'targets -set -filter {jtag_cable_name =~ "Digilent JTAG-SMT2 210251988368" && level==0} -index 1' command is executed.
20:01:32 INFO  : 'fpga -state' command is executed.
20:01:32 INFO  : Connected to target on host '127.0.0.1' and port '3121'.
20:01:32 INFO  : Jtag cable 'Digilent JTAG-SMT2 210251988368' is selected.
20:01:32 INFO  : 'jtag frequency' command is executed.
20:01:32 INFO  : Sourcing of 'C:/Xilinx/SoC/uart_stm32/uart_stm32.sdk/design_1_wrapper_hw_platform_0/ps7_init.tcl' is done.
20:01:32 INFO  : Context for 'APU' is selected.
20:01:34 INFO  : Hardware design information is loaded from 'C:/Xilinx/SoC/uart_stm32/uart_stm32.sdk/design_1_wrapper_hw_platform_0/system.hdf'.
20:01:34 INFO  : 'configparams force-mem-access 1' command is executed.
20:01:34 INFO  : Context for 'APU' is selected.
20:01:34 INFO  : 'stop' command is executed.
20:01:34 INFO  : 'ps7_init' command is executed.
20:01:34 INFO  : 'ps7_post_config' command is executed.
20:01:34 INFO  : Context for processor 'ps7_cortexa9_0' is selected.
20:01:34 INFO  : Processor reset is completed for 'ps7_cortexa9_0'.
20:01:34 INFO  : Context for processor 'ps7_cortexa9_0' is selected.
20:01:34 INFO  : The application 'C:/Xilinx/SoC/uart_stm32/uart_stm32.sdk/uart_stm32/Debug/uart_stm32.elf' is downloaded to processor 'ps7_cortexa9_0'.
20:01:34 INFO  : 'configparams force-mem-access 0' command is executed.
20:01:34 INFO  : ----------------XSDB Script----------------
connect -url tcp:127.0.0.1:3121
source C:/Xilinx/SoC/uart_stm32/uart_stm32.sdk/design_1_wrapper_hw_platform_0/ps7_init.tcl
targets -set -nocase -filter {name =~"APU*" && jtag_cable_name =~ "Digilent JTAG-SMT2 210251988368"} -index 0
loadhw -hw C:/Xilinx/SoC/uart_stm32/uart_stm32.sdk/design_1_wrapper_hw_platform_0/system.hdf -mem-ranges [list {0x40000000 0xbfffffff}]
configparams force-mem-access 1
targets -set -nocase -filter {name =~"APU*" && jtag_cable_name =~ "Digilent JTAG-SMT2 210251988368"} -index 0
stop
ps7_init
ps7_post_config
targets -set -nocase -filter {name =~ "ARM*#0" && jtag_cable_name =~ "Digilent JTAG-SMT2 210251988368"} -index 0
rst -processor
targets -set -nocase -filter {name =~ "ARM*#0" && jtag_cable_name =~ "Digilent JTAG-SMT2 210251988368"} -index 0
dow C:/Xilinx/SoC/uart_stm32/uart_stm32.sdk/uart_stm32/Debug/uart_stm32.elf
configparams force-mem-access 0
----------------End of Script----------------

20:01:34 INFO  : Context for processor 'ps7_cortexa9_0' is selected.
20:01:34 INFO  : 'con' command is executed.
20:01:34 INFO  : ----------------XSDB Script (After Launch)----------------
targets -set -nocase -filter {name =~ "ARM*#0" && jtag_cable_name =~ "Digilent JTAG-SMT2 210251988368"} -index 0
con
----------------End of Script----------------

20:01:34 INFO  : Disconnected from the channel tcfchan#25.
