Copyright 1986-2018 Xilinx, Inc. All Rights Reserved.
---------------------------------------------------------------------------------------------
| Tool Version : Vivado v.2018.2 (win64) Build 2258646 Thu Jun 14 20:03:12 MDT 2018
| Date         : Fri Apr  7 16:14:42 2023
| Host         : hmhlaptop running 64-bit major release  (build 9200)
| Command      : report_control_sets -verbose -file design_1_wrapper_control_sets_placed.rpt
| Design       : design_1_wrapper
| Device       : xc7z020
---------------------------------------------------------------------------------------------

Control Set Information

Table of Contents
-----------------
1. Summary
2. Histogram
3. Flip-Flop Distribution
4. Detailed Control Set Information

1. Summary
----------

+----------------------------------------------------------+-------+
|                          Status                          | Count |
+----------------------------------------------------------+-------+
| Number of unique control sets                            |    53 |
| Unused register locations in slices containing registers |    76 |
+----------------------------------------------------------+-------+


2. Histogram
------------

+--------+--------------+
| Fanout | Control Sets |
+--------+--------------+
|      4 |            1 |
|      8 |            6 |
|     10 |            2 |
|     12 |            1 |
|     14 |            1 |
|    16+ |           42 |
+--------+--------------+


3. Flip-Flop Distribution
-------------------------

+--------------+-----------------------+------------------------+-----------------+--------------+
| Clock Enable | Synchronous Set/Reset | Asynchronous Set/Reset | Total Registers | Total Slices |
+--------------+-----------------------+------------------------+-----------------+--------------+
| No           | No                    | No                     |             410 |           64 |
| No           | No                    | Yes                    |               0 |            0 |
| No           | Yes                   | No                     |             526 |           76 |
| Yes          | No                    | No                     |            1326 |          171 |
| Yes          | No                    | Yes                    |               0 |            0 |
| Yes          | Yes                   | No                     |             430 |           68 |
+--------------+-----------------------+------------------------+-----------------+--------------+


4. Detailed Control Set Information
-----------------------------------

+-------------------------------------------------+----------------------------------------------------------------------------------------------------------------------------------------------------------------+--------------------------------------------------------------------------------------------------------------------------------------------+------------------+----------------+
|                   Clock Signal                  |                                                                          Enable Signal                                                                         |                                                              Set/Reset Signal                                                              | Slice Load Count | Bel Load Count |
+-------------------------------------------------+----------------------------------------------------------------------------------------------------------------------------------------------------------------+--------------------------------------------------------------------------------------------------------------------------------------------+------------------+----------------+
|  design_1_i/processing_system7_0/inst/FCLK_CLK0 | design_1_i/ps7_0_axi_periph/s00_couplers/auto_pc/inst/gen_axilite.gen_b2s_conv.axilite_b2s/WR.b_channel_0/bid_fifo_0/bresp_push                                |                                                                                                                                            |                1 |              4 |
|  design_1_i/processing_system7_0/inst/FCLK_CLK0 | design_1_i/xadc_wiz_0/inst/AXI_XADC_CORE_I/D[6]                                                                                                                | design_1_i/xadc_wiz_0/inst/AXI_LITE_IPIF_I/I_SLAVE_ATTACHMENT/reset2ip_reset                                                               |                2 |              8 |
|  design_1_i/processing_system7_0/inst/FCLK_CLK0 |                                                                                                                                                                | design_1_i/ps7_0_axi_periph/s00_couplers/auto_pc/inst/gen_axilite.gen_b2s_conv.axilite_b2s/SI_REG/ar.ar_pipe/m_valid_i_reg_0               |                3 |              8 |
|  design_1_i/processing_system7_0/inst/FCLK_CLK0 |                                                                                                                                                                | design_1_i/ps7_0_axi_periph/s00_couplers/auto_pc/inst/gen_axilite.gen_b2s_conv.axilite_b2s/SI_REG/aw.aw_pipe/s_ready_i_reg_0               |                2 |              8 |
|  design_1_i/processing_system7_0/inst/FCLK_CLK0 | design_1_i/fir_0/inst/ap_CS_fsm_state3                                                                                                                         |                                                                                                                                            |                1 |              8 |
|  design_1_i/processing_system7_0/inst/FCLK_CLK0 | design_1_i/ps7_0_axi_periph/s00_couplers/auto_pc/inst/gen_axilite.gen_b2s_conv.axilite_b2s/RD.ar_channel_0/ar_cmd_fsm_0/E[0]                                   | design_1_i/ps7_0_axi_periph/s00_couplers/auto_pc/inst/gen_axilite.gen_b2s_conv.axilite_b2s/RD.ar_channel_0/ar_cmd_fsm_0/axlen_cnt_reg[7]   |                2 |              8 |
|  design_1_i/processing_system7_0/inst/FCLK_CLK0 | design_1_i/ps7_0_axi_periph/s00_couplers/auto_pc/inst/gen_axilite.gen_b2s_conv.axilite_b2s/WR.aw_channel_0/aw_cmd_fsm_0/axaddr_wrap_reg[11][0]                 | design_1_i/ps7_0_axi_periph/s00_couplers/auto_pc/inst/gen_axilite.gen_b2s_conv.axilite_b2s/WR.aw_channel_0/aw_cmd_fsm_0/axlen_cnt_reg[7]_1 |                2 |              8 |
|  design_1_i/processing_system7_0/inst/FCLK_CLK0 |                                                                                                                                                                | design_1_i/rst_ps7_0_100M/U0/EXT_LPF/lpf_int                                                                                               |                2 |             10 |
|  design_1_i/processing_system7_0/inst/FCLK_CLK0 | design_1_i/fir_0/inst/ap_CS_fsm_state4                                                                                                                         |                                                                                                                                            |                2 |             10 |
|  design_1_i/processing_system7_0/inst/FCLK_CLK0 | design_1_i/rst_ps7_0_100M/U0/SEQ/seq_cnt_en                                                                                                                    | design_1_i/rst_ps7_0_100M/U0/SEQ/SEQ_COUNTER/clear                                                                                         |                1 |             12 |
|  design_1_i/processing_system7_0/inst/FCLK_CLK0 |                                                                                                                                                                | design_1_i/xadc_wiz_0/inst/AXI_LITE_IPIF_I/I_SLAVE_ATTACHMENT/p_2_out                                                                      |                2 |             14 |
|  design_1_i/processing_system7_0/inst/FCLK_CLK0 | design_1_i/fir_0/inst/fir_AXILiteS_s_axi_U/aw_hs                                                                                                               |                                                                                                                                            |                2 |             16 |
|  design_1_i/processing_system7_0/inst/FCLK_CLK0 | design_1_i/ps7_0_axi_periph/s00_couplers/auto_pc/inst/gen_axilite.gen_b2s_conv.axilite_b2s/WR.b_channel_0/mhandshake_r                                         | design_1_i/ps7_0_axi_periph/s00_couplers/auto_pc/inst/gen_axilite.gen_b2s_conv.axilite_b2s/WR.b_channel_0/bid_fifo_0/SR[0]                 |                4 |             16 |
|  design_1_i/processing_system7_0/inst/FCLK_CLK0 |                                                                                                                                                                | design_1_i/ps7_0_axi_periph/xbar/inst/gen_sasd.crossbar_sasd_0/addr_arbiter_inst/SR[0]                                                     |                6 |             22 |
|  design_1_i/processing_system7_0/inst/FCLK_CLK0 | design_1_i/ps7_0_axi_periph/s00_couplers/auto_pc/inst/gen_axilite.gen_b2s_conv.axilite_b2s/RD.ar_channel_0/ar_cmd_fsm_0/axaddr_incr_reg[0][0]                  |                                                                                                                                            |                3 |             24 |
|  design_1_i/processing_system7_0/inst/FCLK_CLK0 | design_1_i/ps7_0_axi_periph/s00_couplers/auto_pc/inst/gen_axilite.gen_b2s_conv.axilite_b2s/RD.ar_channel_0/ar_cmd_fsm_0/wrap_boundary_axaddr_r_reg[11][0]      |                                                                                                                                            |                6 |             24 |
|  design_1_i/processing_system7_0/inst/FCLK_CLK0 | design_1_i/ps7_0_axi_periph/s00_couplers/auto_pc/inst/gen_axilite.gen_b2s_conv.axilite_b2s/WR.aw_channel_0/cmd_translator_0/incr_cmd_0/axaddr_incr[11]_i_1_n_0 |                                                                                                                                            |                3 |             24 |
|  design_1_i/processing_system7_0/inst/FCLK_CLK0 | design_1_i/ps7_0_axi_periph/s00_couplers/auto_pc/inst/gen_axilite.gen_b2s_conv.axilite_b2s/WR.aw_channel_0/aw_cmd_fsm_0/E[0]                                   |                                                                                                                                            |                6 |             24 |
|  design_1_i/processing_system7_0/inst/FCLK_CLK0 | design_1_i/ps7_0_axi_periph/s00_couplers/auto_pc/inst/gen_axilite.gen_b2s_conv.axilite_b2s/RD.r_channel_0/r_push_r                                             |                                                                                                                                            |                4 |             26 |
|  design_1_i/processing_system7_0/inst/FCLK_CLK0 | design_1_i/ps7_0_axi_periph/s00_couplers/auto_pc/inst/gen_axilite.gen_b2s_conv.axilite_b2s/SI_REG/b.b_pipe/skid_buffer_reg[0]_0                                |                                                                                                                                            |                2 |             28 |
|  design_1_i/processing_system7_0/inst/FCLK_CLK0 | design_1_i/ps7_0_axi_periph/s00_couplers/auto_pc/inst/gen_axilite.gen_b2s_conv.axilite_b2s/SI_REG/b.b_pipe/p_1_in                                              |                                                                                                                                            |                2 |             28 |
|  design_1_i/processing_system7_0/inst/FCLK_CLK0 |                                                                                                                                                                | design_1_i/fir_0/inst/fir_AXILiteS_s_axi_U/SR[0]                                                                                           |                6 |             32 |
|  design_1_i/processing_system7_0/inst/FCLK_CLK0 |                                                                                                                                                                | design_1_i/xadc_wiz_0/inst/AXI_XADC_CORE_I/do_reg[15]_i_1_n_0                                                                              |                5 |             32 |
|  design_1_i/processing_system7_0/inst/FCLK_CLK0 | design_1_i/ps7_0_axi_periph/s00_couplers/auto_pc/inst/gen_axilite.gen_b2s_conv.axilite_b2s/WR.aw_channel_0/aw_cmd_fsm_0/b_push                                 |                                                                                                                                            |                3 |             32 |
|  design_1_i/processing_system7_0/inst/FCLK_CLK0 | design_1_i/xadc_wiz_0/inst/AXI_LITE_IPIF_I/I_SLAVE_ATTACHMENT/I_DECODER/E[0]                                                                                   | design_1_i/xadc_wiz_0/inst/AXI_LITE_IPIF_I/I_SLAVE_ATTACHMENT/reset2ip_reset                                                               |               11 |             34 |
|  design_1_i/processing_system7_0/inst/FCLK_CLK0 | design_1_i/fir_0/inst/ap_CS_fsm_state6                                                                                                                         |                                                                                                                                            |                3 |             34 |
|  design_1_i/processing_system7_0/inst/FCLK_CLK0 | design_1_i/xadc_wiz_0/inst/AXI_LITE_IPIF_I/I_SLAVE_ATTACHMENT/s_axi_rresp_i                                                                                    | design_1_i/xadc_wiz_0/inst/AXI_LITE_IPIF_I/I_SLAVE_ATTACHMENT/SR[0]                                                                        |                6 |             40 |
|  design_1_i/processing_system7_0/inst/FCLK_CLK0 | design_1_i/ps7_0_axi_periph/s00_couplers/auto_pc/inst/gen_axilite.gen_b2s_conv.axilite_b2s/RD.ar_channel_0/ar_cmd_fsm_0/E[0]                                   |                                                                                                                                            |                8 |             40 |
|  design_1_i/processing_system7_0/inst/FCLK_CLK0 | design_1_i/ps7_0_axi_periph/s00_couplers/auto_pc/inst/gen_axilite.gen_b2s_conv.axilite_b2s/WR.aw_channel_0/aw_cmd_fsm_0/axaddr_wrap_reg[11][0]                 |                                                                                                                                            |                7 |             40 |
|  design_1_i/processing_system7_0/inst/FCLK_CLK0 |                                                                                                                                                                | design_1_i/xadc_wiz_0/inst/AXI_LITE_IPIF_I/I_SLAVE_ATTACHMENT/SR[0]                                                                        |                8 |             50 |
|  design_1_i/processing_system7_0/inst/FCLK_CLK0 | design_1_i/xadc_wiz_0/inst/AXI_LITE_IPIF_I/I_SLAVE_ATTACHMENT/I_DECODER/start                                                                                  | design_1_i/xadc_wiz_0/inst/AXI_LITE_IPIF_I/I_SLAVE_ATTACHMENT/I_DECODER/cs_ce_clr                                                          |               10 |             50 |
|  design_1_i/processing_system7_0/inst/FCLK_CLK0 | design_1_i/ps7_0_axi_periph/xbar/inst/gen_sasd.crossbar_sasd_0/addr_arbiter_inst/p_0_in1_in                                                                    | design_1_i/ps7_0_axi_periph/xbar/inst/gen_sasd.crossbar_sasd_0/addr_arbiter_inst/SR[0]                                                     |               10 |             52 |
|  design_1_i/processing_system7_0/inst/FCLK_CLK0 | design_1_i/fir_0/inst/y_1_vld_reg                                                                                                                              | design_1_i/fir_0/inst/fir_AXILiteS_s_axi_U/SR[0]                                                                                           |                6 |             64 |
|  design_1_i/processing_system7_0/inst/FCLK_CLK0 | design_1_i/fir_0/inst/y_1_data_reg0                                                                                                                            |                                                                                                                                            |                5 |             64 |
|  design_1_i/processing_system7_0/inst/FCLK_CLK0 | design_1_i/fir_0/inst/rdata_reg[31]_i_7_n_2                                                                                                                    |                                                                                                                                            |                9 |             64 |
|  design_1_i/processing_system7_0/inst/FCLK_CLK0 | design_1_i/fir_0/inst/fir_AXILiteS_s_axi_U/p_0_in                                                                                                              | design_1_i/fir_0/inst/fir_AXILiteS_s_axi_U/SR[0]                                                                                           |                6 |             64 |
|  design_1_i/processing_system7_0/inst/FCLK_CLK0 | design_1_i/fir_0/inst/shift_reg_U/fir_shift_reg_ram_U/shift_reg_ce0                                                                                            |                                                                                                                                            |               26 |             64 |
|  design_1_i/processing_system7_0/inst/FCLK_CLK0 | design_1_i/fir_0/inst/fir_AXILiteS_s_axi_U/rdata[31]_i_1_n_2                                                                                                   |                                                                                                                                            |               13 |             64 |
|  design_1_i/processing_system7_0/inst/FCLK_CLK0 | design_1_i/fir_0/inst/ap_CS_fsm_state2                                                                                                                         |                                                                                                                                            |                7 |             64 |
|  design_1_i/processing_system7_0/inst/FCLK_CLK0 | design_1_i/fir_0/inst/shift_reg_U/fir_shift_reg_ram_U/p_0_in                                                                                                   |                                                                                                                                            |                8 |             64 |
|  design_1_i/processing_system7_0/inst/FCLK_CLK0 | design_1_i/fir_0/inst/tmp_6_fu_181_p2_i_35_n_2                                                                                                                 |                                                                                                                                            |                8 |             64 |
|  design_1_i/processing_system7_0/inst/FCLK_CLK0 | design_1_i/ps7_0_axi_periph/s00_couplers/auto_pc/inst/gen_axilite.gen_b2s_conv.axilite_b2s/RD.r_channel_0/rd_data_fifo_0/wr_en0                                |                                                                                                                                            |                9 |             68 |
|  design_1_i/processing_system7_0/inst/FCLK_CLK0 | design_1_i/ps7_0_axi_periph/xbar/inst/gen_sasd.crossbar_sasd_0/addr_arbiter_inst/E[0]                                                                          |                                                                                                                                            |                7 |             70 |
|  design_1_i/processing_system7_0/inst/FCLK_CLK0 | design_1_i/fir_0/inst/ap_CS_fsm_state7                                                                                                                         | design_1_i/fir_0/inst/acc_reg_107                                                                                                          |                8 |             74 |
|  design_1_i/processing_system7_0/inst/FCLK_CLK0 | design_1_i/ps7_0_axi_periph/s00_couplers/auto_pc/inst/gen_axilite.gen_b2s_conv.axilite_b2s/SI_REG/r.r_pipe/p_1_in                                              |                                                                                                                                            |                7 |             94 |
|  design_1_i/processing_system7_0/inst/FCLK_CLK0 | design_1_i/ps7_0_axi_periph/s00_couplers/auto_pc/inst/gen_axilite.gen_b2s_conv.axilite_b2s/SI_REG/r.r_pipe/skid_buffer_reg[0]_0                                |                                                                                                                                            |               11 |             94 |
|  design_1_i/processing_system7_0/inst/FCLK_CLK0 | design_1_i/ps7_0_axi_periph/s00_couplers/auto_pc/inst/gen_axilite.gen_b2s_conv.axilite_b2s/SI_REG/aw.aw_pipe/s_axi_awready                                     |                                                                                                                                            |                7 |             96 |
|  design_1_i/processing_system7_0/inst/FCLK_CLK0 | design_1_i/ps7_0_axi_periph/s00_couplers/auto_pc/inst/gen_axilite.gen_b2s_conv.axilite_b2s/RD.ar_channel_0/ar_cmd_fsm_0/m_payload_i_reg[0]_1[0]                |                                                                                                                                            |                8 |             96 |
|  design_1_i/processing_system7_0/inst/FCLK_CLK0 | design_1_i/ps7_0_axi_periph/s00_couplers/auto_pc/inst/gen_axilite.gen_b2s_conv.axilite_b2s/WR.aw_channel_0/aw_cmd_fsm_0/m_payload_i_reg[0][0]                  |                                                                                                                                            |                8 |             96 |
|  design_1_i/processing_system7_0/inst/FCLK_CLK0 | design_1_i/ps7_0_axi_periph/s00_couplers/auto_pc/inst/gen_axilite.gen_b2s_conv.axilite_b2s/SI_REG/ar.ar_pipe/s_axi_arready                                     |                                                                                                                                            |               10 |             96 |
|  design_1_i/processing_system7_0/inst/FCLK_CLK0 |                                                                                                                                                                | design_1_i/ps7_0_axi_periph/s00_couplers/auto_pc/inst/gen_axilite.gen_b2s_conv.axilite_b2s/areset_d1                                       |               14 |            120 |
|  design_1_i/processing_system7_0/inst/FCLK_CLK0 |                                                                                                                                                                | design_1_i/xadc_wiz_0/inst/AXI_LITE_IPIF_I/I_SLAVE_ATTACHMENT/reset2ip_reset                                                               |               28 |            230 |
|  design_1_i/processing_system7_0/inst/FCLK_CLK0 |                                                                                                                                                                |                                                                                                                                            |               65 |            412 |
+-------------------------------------------------+----------------------------------------------------------------------------------------------------------------------------------------------------------------+--------------------------------------------------------------------------------------------------------------------------------------------+------------------+----------------+


