08:43:16 INFO  : Registering command handlers for SDK TCF services
08:43:17 INFO  : Launching XSCT server: xsct.bat -interactive C:\Xilinx\Capston\project_2\project_2.sdk\temp_xsdb_launch_script.tcl
08:43:22 INFO  : XSCT server has started successfully.
08:43:25 INFO  : Successfully done setting XSCT server connection channel  
08:43:25 INFO  : Successfully done setting SDK workspace  
08:43:25 INFO  : Processing command line option -hwspec C:/Xilinx/Capston/project_2/project_2.sdk/design_1_wrapper.hdf.
08:50:00 INFO  : Example project test_bsp_xsysmon_extmux_example_1 has been created successfully.
08:51:15 INFO  : Example project test_bsp_xsysmon_intr_example_1 has been created successfully.
08:51:16 INFO  : Example project test_bsp_xsysmon_intr_printf_example_1 has been created successfully.
08:51:17 INFO  : Example project test_bsp_xsysmon_single_ch_intr_example_1 has been created successfully.
09:01:02 INFO  : Connected to target on host '127.0.0.1' and port '3121'.
09:01:12 INFO  : 'targets -set -filter {jtag_cable_name =~ "Digilent JTAG-SMT2 210251988368" && level==0} -index 1' command is executed.
09:01:14 INFO  : FPGA configured successfully with bitstream "C:/Xilinx/Capston/project_2/project_2.sdk/design_1_wrapper_hw_platform_0/design_1_wrapper.bit"
09:01:25 INFO  : 'targets -set -filter {jtag_cable_name =~ "Digilent JTAG-SMT2 210251988368" && level==0} -index 1' command is executed.
09:01:25 INFO  : 'fpga -state' command is executed.
09:01:25 INFO  : Connected to target on host '127.0.0.1' and port '3121'.
09:01:25 INFO  : Jtag cable 'Digilent JTAG-SMT2 210251988368' is selected.
09:01:25 INFO  : 'jtag frequency' command is executed.
09:01:25 INFO  : Sourcing of 'C:/Xilinx/Capston/project_2/project_2.sdk/design_1_wrapper_hw_platform_0/ps7_init.tcl' is done.
09:01:25 INFO  : Context for 'APU' is selected.
09:01:25 INFO  : Hardware design information is loaded from 'C:/Xilinx/Capston/project_2/project_2.sdk/design_1_wrapper_hw_platform_0/system.hdf'.
09:01:25 INFO  : 'configparams force-mem-access 1' command is executed.
09:01:25 INFO  : Context for 'APU' is selected.
09:01:25 INFO  : 'stop' command is executed.
09:01:25 INFO  : 'ps7_init' command is executed.
09:01:25 INFO  : 'ps7_post_config' command is executed.
09:01:25 INFO  : Context for processor 'ps7_cortexa9_0' is selected.
09:01:26 INFO  : Processor reset is completed for 'ps7_cortexa9_0'.
09:01:26 INFO  : Context for processor 'ps7_cortexa9_0' is selected.
09:01:26 INFO  : The application 'C:/Xilinx/Capston/project_2/project_2.sdk/test/Debug/test.elf' is downloaded to processor 'ps7_cortexa9_0'.
09:01:26 INFO  : 'configparams force-mem-access 0' command is executed.
09:01:26 INFO  : ----------------XSDB Script----------------
connect -url tcp:127.0.0.1:3121
source C:/Xilinx/Capston/project_2/project_2.sdk/design_1_wrapper_hw_platform_0/ps7_init.tcl
targets -set -nocase -filter {name =~"APU*" && jtag_cable_name =~ "Digilent JTAG-SMT2 210251988368"} -index 0
loadhw -hw C:/Xilinx/Capston/project_2/project_2.sdk/design_1_wrapper_hw_platform_0/system.hdf -mem-ranges [list {0x40000000 0xbfffffff}]
configparams force-mem-access 1
targets -set -nocase -filter {name =~"APU*" && jtag_cable_name =~ "Digilent JTAG-SMT2 210251988368"} -index 0
stop
ps7_init
ps7_post_config
targets -set -nocase -filter {name =~ "ARM*#0" && jtag_cable_name =~ "Digilent JTAG-SMT2 210251988368"} -index 0
rst -processor
targets -set -nocase -filter {name =~ "ARM*#0" && jtag_cable_name =~ "Digilent JTAG-SMT2 210251988368"} -index 0
dow C:/Xilinx/Capston/project_2/project_2.sdk/test/Debug/test.elf
configparams force-mem-access 0
----------------End of Script----------------

09:01:26 INFO  : Context for processor 'ps7_cortexa9_0' is selected.
09:01:26 INFO  : 'con' command is executed.
09:01:26 INFO  : ----------------XSDB Script (After Launch)----------------
targets -set -nocase -filter {name =~ "ARM*#0" && jtag_cable_name =~ "Digilent JTAG-SMT2 210251988368"} -index 0
con
----------------End of Script----------------

09:01:26 INFO  : Disconnected from the channel tcfchan#1.
