08:56:19 **** Clean-only build of configuration Debug for project test_bsp_xsysmon_intr_example_1 ****
make clean 
rm -rf  ./src/xsysmon_intr_example.o  ./src/xsysmon_intr_example.d  test_bsp_xsysmon_intr_example_1.elf.size  test_bsp_xsysmon_intr_example_1.elf
' '
08:56:19 **** Clean-only build of project test_bsp ****
make -k clean 
make -C ps7_cortexa9_0/libsrc/coresightps_dcc_v1_4/src -s clean 
make -C ps7_cortexa9_0/libsrc/cpu_cortexa9_v2_6/src -s clean 
make -C ps7_cortexa9_0/libsrc/ddrps_v1_0/src -s clean 
make -C ps7_cortexa9_0/libsrc/devcfg_v3_5/src -s clean 
make -C ps7_cortexa9_0/libsrc/dmaps_v2_3/src -s clean 
make -C ps7_cortexa9_0/libsrc/qspips_v3_4/src -s clean 
make -C ps7_cortexa9_0/libsrc/scugic_v3_9/src -s clean 
make -C ps7_cortexa9_0/libsrc/scutimer_v2_1/src -s clean 
make -C ps7_cortexa9_0/libsrc/scuwdt_v2_1/src -s clean 
make -C ps7_cortexa9_0/libsrc/standalone_v6_7/src -s clean 
make -C ps7_cortexa9_0/libsrc/sysmon_v7_4/src -s clean 
make -C ps7_cortexa9_0/libsrc/uartps_v3_6/src -s clean 
make -C ps7_cortexa9_0/libsrc/xadcps_v2_2/src -s clean 
rm -f ps7_cortexa9_0/lib/libxil.a
08:56:21 **** Build of project test_bsp ****
make -k all 
"Running Make include in ps7_cortexa9_0/libsrc/coresightps_dcc_v1_4/src"
make -C ps7_cortexa9_0/libsrc/coresightps_dcc_v1_4/src -s include  "SHELL=CMD" "COMPILER=arm-none-eabi-gcc" "ARCHIVER=arm-none-eabi-ar" "COMPILER_FLAGS=  -O2 -c" "EXTRA_COMPILER_FLAGS=-mcpu=cortex-a9 -mfpu=vfpv3 -mfloat-abi=hard -nostartfiles -g -Wall -Wextra"
"Running Make include in ps7_cortexa9_0/libsrc/cpu_cortexa9_v2_6/src"
make -C ps7_cortexa9_0/libsrc/cpu_cortexa9_v2_6/src -s include  "SHELL=CMD" "COMPILER=arm-none-eabi-gcc" "ARCHIVER=arm-none-eabi-ar" "COMPILER_FLAGS=  -O2 -c" "EXTRA_COMPILER_FLAGS=-mcpu=cortex-a9 -mfpu=vfpv3 -mfloat-abi=hard -nostartfiles -g -Wall -Wextra"
"Running Make include in ps7_cortexa9_0/libsrc/ddrps_v1_0/src"
make -C ps7_cortexa9_0/libsrc/ddrps_v1_0/src -s include  "SHELL=CMD" "COMPILER=arm-none-eabi-gcc" "ARCHIVER=arm-none-eabi-ar" "COMPILER_FLAGS=  -O2 -c" "EXTRA_COMPILER_FLAGS=-mcpu=cortex-a9 -mfpu=vfpv3 -mfloat-abi=hard -nostartfiles -g -Wall -Wextra"
"Running Make include in ps7_cortexa9_0/libsrc/devcfg_v3_5/src"
make -C ps7_cortexa9_0/libsrc/devcfg_v3_5/src -s include  "SHELL=CMD" "COMPILER=arm-none-eabi-gcc" "ARCHIVER=arm-none-eabi-ar" "COMPILER_FLAGS=  -O2 -c" "EXTRA_COMPILER_FLAGS=-mcpu=cortex-a9 -mfpu=vfpv3 -mfloat-abi=hard -nostartfiles -g -Wall -Wextra"
"Running Make include in ps7_cortexa9_0/libsrc/dmaps_v2_3/src"
make -C ps7_cortexa9_0/libsrc/dmaps_v2_3/src -s include  "SHELL=CMD" "COMPILER=arm-none-eabi-gcc" "ARCHIVER=arm-none-eabi-ar" "COMPILER_FLAGS=  -O2 -c" "EXTRA_COMPILER_FLAGS=-mcpu=cortex-a9 -mfpu=vfpv3 -mfloat-abi=hard -nostartfiles -g -Wall -Wextra"
"Running Make include in ps7_cortexa9_0/libsrc/qspips_v3_4/src"
make -C ps7_cortexa9_0/libsrc/qspips_v3_4/src -s include  "SHELL=CMD" "COMPILER=arm-none-eabi-gcc" "ARCHIVER=arm-none-eabi-ar" "COMPILER_FLAGS=  -O2 -c" "EXTRA_COMPILER_FLAGS=-mcpu=cortex-a9 -mfpu=vfpv3 -mfloat-abi=hard -nostartfiles -g -Wall -Wextra"
"Running Make include in ps7_cortexa9_0/libsrc/scugic_v3_9/src"
make -C ps7_cortexa9_0/libsrc/scugic_v3_9/src -s include  "SHELL=CMD" "COMPILER=arm-none-eabi-gcc" "ARCHIVER=arm-none-eabi-ar" "COMPILER_FLAGS=  -O2 -c" "EXTRA_COMPILER_FLAGS=-mcpu=cortex-a9 -mfpu=vfpv3 -mfloat-abi=hard -nostartfiles -g -Wall -Wextra"
"Running Make include in ps7_cortexa9_0/libsrc/scutimer_v2_1/src"
make -C ps7_cortexa9_0/libsrc/scutimer_v2_1/src -s include  "SHELL=CMD" "COMPILER=arm-none-eabi-gcc" "ARCHIVER=arm-none-eabi-ar" "COMPILER_FLAGS=  -O2 -c" "EXTRA_COMPILER_FLAGS=-mcpu=cortex-a9 -mfpu=vfpv3 -mfloat-abi=hard -nostartfiles -g -Wall -Wextra"
"Running Make include in ps7_cortexa9_0/libsrc/scuwdt_v2_1/src"
make -C ps7_cortexa9_0/libsrc/scuwdt_v2_1/src -s include  "SHELL=CMD" "COMPILER=arm-none-eabi-gcc" "ARCHIVER=arm-none-eabi-ar" "COMPILER_FLAGS=  -O2 -c" "EXTRA_COMPILER_FLAGS=-mcpu=cortex-a9 -mfpu=vfpv3 -mfloat-abi=hard -nostartfiles -g -Wall -Wextra"
"Running Make include in ps7_cortexa9_0/libsrc/standalone_v6_7/src"
make -C ps7_cortexa9_0/libsrc/standalone_v6_7/src -s include  "SHELL=CMD" "COMPILER=arm-none-eabi-gcc" "ARCHIVER=arm-none-eabi-ar" "COMPILER_FLAGS=  -O2 -c" "EXTRA_COMPILER_FLAGS=-mcpu=cortex-a9 -mfpu=vfpv3 -mfloat-abi=hard -nostartfiles -g -Wall -Wextra"
"Running Make include in ps7_cortexa9_0/libsrc/sysmon_v7_4/src"
make -C ps7_cortexa9_0/libsrc/sysmon_v7_4/src -s include  "SHELL=CMD" "COMPILER=arm-none-eabi-gcc" "ARCHIVER=arm-none-eabi-ar" "COMPILER_FLAGS=  -O2 -c" "EXTRA_COMPILER_FLAGS=-mcpu=cortex-a9 -mfpu=vfpv3 -mfloat-abi=hard -nostartfiles -g -Wall -Wextra"
"Running Make include in ps7_cortexa9_0/libsrc/uartps_v3_6/src"
make -C ps7_cortexa9_0/libsrc/uartps_v3_6/src -s include  "SHELL=CMD" "COMPILER=arm-none-eabi-gcc" "ARCHIVER=arm-none-eabi-ar" "COMPILER_FLAGS=  -O2 -c" "EXTRA_COMPILER_FLAGS=-mcpu=cortex-a9 -mfpu=vfpv3 -mfloat-abi=hard -nostartfiles -g -Wall -Wextra"
"Running Make include in ps7_cortexa9_0/libsrc/xadcps_v2_2/src"
make -C ps7_cortexa9_0/libsrc/xadcps_v2_2/src -s include  "SHELL=CMD" "COMPILER=arm-none-eabi-gcc" "ARCHIVER=arm-none-eabi-ar" "COMPILER_FLAGS=  -O2 -c" "EXTRA_COMPILER_FLAGS=-mcpu=cortex-a9 -mfpu=vfpv3 -mfloat-abi=hard -nostartfiles -g -Wall -Wextra"
"Running Make libs in ps7_cortexa9_0/libsrc/coresightps_dcc_v1_4/src"
make -C ps7_cortexa9_0/libsrc/coresightps_dcc_v1_4/src -s libs  "SHELL=CMD" "COMPILER=arm-none-eabi-gcc" "ARCHIVER=arm-none-eabi-ar" "COMPILER_FLAGS=  -O2 -c" "EXTRA_COMPILER_FLAGS=-mcpu=cortex-a9 -mfpu=vfpv3 -mfloat-abi=hard -nostartfiles -g -Wall -Wextra"
"Compiling coresightps_dcc"
arm-none-eabi-ar: creating ../../../lib/libxil.a
"Running Make libs in ps7_cortexa9_0/libsrc/cpu_cortexa9_v2_6/src"
make -C ps7_cortexa9_0/libsrc/cpu_cortexa9_v2_6/src -s libs  "SHELL=CMD" "COMPILER=arm-none-eabi-gcc" "ARCHIVER=arm-none-eabi-ar" "COMPILER_FLAGS=  -O2 -c" "EXTRA_COMPILER_FLAGS=-mcpu=cortex-a9 -mfpu=vfpv3 -mfloat-abi=hard -nostartfiles -g -Wall -Wextra"
"Compiling cpu_cortexa9"
"Running Make libs in ps7_cortexa9_0/libsrc/ddrps_v1_0/src"
make -C ps7_cortexa9_0/libsrc/ddrps_v1_0/src -s libs  "SHELL=CMD" "COMPILER=arm-none-eabi-gcc" "ARCHIVER=arm-none-eabi-ar" "COMPILER_FLAGS=  -O2 -c" "EXTRA_COMPILER_FLAGS=-mcpu=cortex-a9 -mfpu=vfpv3 -mfloat-abi=hard -nostartfiles -g -Wall -Wextra"
"Compiling ddrps"
"Running Make libs in ps7_cortexa9_0/libsrc/devcfg_v3_5/src"
make -C ps7_cortexa9_0/libsrc/devcfg_v3_5/src -s libs  "SHELL=CMD" "COMPILER=arm-none-eabi-gcc" "ARCHIVER=arm-none-eabi-ar" "COMPILER_FLAGS=  -O2 -c" "EXTRA_COMPILER_FLAGS=-mcpu=cortex-a9 -mfpu=vfpv3 -mfloat-abi=hard -nostartfiles -g -Wall -Wextra"
"Compiling devcfg"
"Running Make libs in ps7_cortexa9_0/libsrc/dmaps_v2_3/src"
make -C ps7_cortexa9_0/libsrc/dmaps_v2_3/src -s libs  "SHELL=CMD" "COMPILER=arm-none-eabi-gcc" "ARCHIVER=arm-none-eabi-ar" "COMPILER_FLAGS=  -O2 -c" "EXTRA_COMPILER_FLAGS=-mcpu=cortex-a9 -mfpu=vfpv3 -mfloat-abi=hard -nostartfiles -g -Wall -Wextra"
"Compiling dmaps"
"Running Make libs in ps7_cortexa9_0/libsrc/qspips_v3_4/src"
make -C ps7_cortexa9_0/libsrc/qspips_v3_4/src -s libs  "SHELL=CMD" "COMPILER=arm-none-eabi-gcc" "ARCHIVER=arm-none-eabi-ar" "COMPILER_FLAGS=  -O2 -c" "EXTRA_COMPILER_FLAGS=-mcpu=cortex-a9 -mfpu=vfpv3 -mfloat-abi=hard -nostartfiles -g -Wall -Wextra"
"Compiling qspips"
"Running Make libs in ps7_cortexa9_0/libsrc/scugic_v3_9/src"
make -C ps7_cortexa9_0/libsrc/scugic_v3_9/src -s libs  "SHELL=CMD" "COMPILER=arm-none-eabi-gcc" "ARCHIVER=arm-none-eabi-ar" "COMPILER_FLAGS=  -O2 -c" "EXTRA_COMPILER_FLAGS=-mcpu=cortex-a9 -mfpu=vfpv3 -mfloat-abi=hard -nostartfiles -g -Wall -Wextra"
"Compiling scugic"
"Running Make libs in ps7_cortexa9_0/libsrc/scutimer_v2_1/src"
make -C ps7_cortexa9_0/libsrc/scutimer_v2_1/src -s libs  "SHELL=CMD" "COMPILER=arm-none-eabi-gcc" "ARCHIVER=arm-none-eabi-ar" "COMPILER_FLAGS=  -O2 -c" "EXTRA_COMPILER_FLAGS=-mcpu=cortex-a9 -mfpu=vfpv3 -mfloat-abi=hard -nostartfiles -g -Wall -Wextra"
"Compiling scutimer"
"Running Make libs in ps7_cortexa9_0/libsrc/scuwdt_v2_1/src"
make -C ps7_cortexa9_0/libsrc/scuwdt_v2_1/src -s libs  "SHELL=CMD" "COMPILER=arm-none-eabi-gcc" "ARCHIVER=arm-none-eabi-ar" "COMPILER_FLAGS=  -O2 -c" "EXTRA_COMPILER_FLAGS=-mcpu=cortex-a9 -mfpu=vfpv3 -mfloat-abi=hard -nostartfiles -g -Wall -Wextra"
"Compiling scuwdt"
"Running Make libs in ps7_cortexa9_0/libsrc/standalone_v6_7/src"
make -C ps7_cortexa9_0/libsrc/standalone_v6_7/src -s libs  "SHELL=CMD" "COMPILER=arm-none-eabi-gcc" "ARCHIVER=arm-none-eabi-ar" "COMPILER_FLAGS=  -O2 -c" "EXTRA_COMPILER_FLAGS=-mcpu=cortex-a9 -mfpu=vfpv3 -mfloat-abi=hard -nostartfiles -g -Wall -Wextra"
"Compiling standalone"
In file included from sleep.c:57:0:
xtime_l.h:89:9: note: #pragma message: For the sleep routines, Global timer is being used
 #pragma message ("For the sleep routines, Global timer is being used")
         ^~~~~~~
In file included from usleep.c:60:0:
xtime_l.h:89:9: note: #pragma message: For the sleep routines, Global timer is being used
 #pragma message ("For the sleep routines, Global timer is being used")
         ^~~~~~~
In file included from xil_sleeptimer.c:55:0:
xtime_l.h:89:9: note: #pragma message: For the sleep routines, Global timer is being used
 #pragma message ("For the sleep routines, Global timer is being used")
         ^~~~~~~
In file included from xtime_l.c:53:0:
xtime_l.h:89:9: note: #pragma message: For the sleep routines, Global timer is being used
 #pragma message ("For the sleep routines, Global timer is being used")
         ^~~~~~~
"Running Make libs in ps7_cortexa9_0/libsrc/sysmon_v7_4/src"
make -C ps7_cortexa9_0/libsrc/sysmon_v7_4/src -s libs  "SHELL=CMD" "COMPILER=arm-none-eabi-gcc" "ARCHIVER=arm-none-eabi-ar" "COMPILER_FLAGS=  -O2 -c" "EXTRA_COMPILER_FLAGS=-mcpu=cortex-a9 -mfpu=vfpv3 -mfloat-abi=hard -nostartfiles -g -Wall -Wextra"
"Compiling sysmon"
"Running Make libs in ps7_cortexa9_0/libsrc/uartps_v3_6/src"
make -C ps7_cortexa9_0/libsrc/uartps_v3_6/src -s libs  "SHELL=CMD" "COMPILER=arm-none-eabi-gcc" "ARCHIVER=arm-none-eabi-ar" "COMPILER_FLAGS=  -O2 -c" "EXTRA_COMPILER_FLAGS=-mcpu=cortex-a9 -mfpu=vfpv3 -mfloat-abi=hard -nostartfiles -g -Wall -Wextra"
"Compiling uartps"
"Running Make libs in ps7_cortexa9_0/libsrc/xadcps_v2_2/src"
make -C ps7_cortexa9_0/libsrc/xadcps_v2_2/src -s libs  "SHELL=CMD" "COMPILER=arm-none-eabi-gcc" "ARCHIVER=arm-none-eabi-ar" "COMPILER_FLAGS=  -O2 -c" "EXTRA_COMPILER_FLAGS=-mcpu=cortex-a9 -mfpu=vfpv3 -mfloat-abi=hard -nostartfiles -g -Wall -Wextra"
"Compiling xadcps"
'Finished building libraries'
08:56:50 **** Auto Build of configuration Debug for project test ****
make pre-build main-build 
a9-linaro-pre-build-step
' '
'Building file: ../src/helloworld.c'
'Invoking: ARM v7 gcc compiler'
arm-none-eabi-gcc -Wall -O0 -g3 -c -fmessage-length=0 -MT"src/helloworld.o" -mcpu=cortex-a9 -mfpu=vfpv3 -mfloat-abi=hard -I../../test_bsp/ps7_cortexa9_0/include -MMD -MP -MF"src/helloworld.d" -MT"src/helloworld.o" -o "src/helloworld.o" "../src/helloworld.c"
../src/helloworld.c: In function 'main':
../src/helloworld.c:34:15: error: lvalue required as left operand of assignment
 VccIntRawData = XSysMon_GetAdcData(SysMonInstPtr, XSM_CH_VCCINT); //Read the on-chip Vccint Data
               ^
../src/helloworld.c:50:2: warning: implicit declaration of function 'usleep'; did you mean 'fseek'? [-Wimplicit-function-declaration]
  usleep(500000); //wait 500ms
  ^~~~~~
  fseek
../src/helloworld.c:13:46: warning: unused variable 'i' [-Wunused-variable]
  u32 TempRawData,VccIntRawData,ExtVolRawData,i;
                                              ^
../src/helloworld.c:12:5: warning: unused variable 'SeqMode' [-Wunused-variable]
  u8 SeqMode;
     ^~~~~~~
../src/helloworld.c: In function 'SysMonFractionToInt':
../src/helloworld.c:62:1: error: expected declaration or statement at end of input
 return( ((int)((Temp -(float)((int)Temp)) * (1000.0f))));
 ^~~~~~
make: *** [src/helloworld.o] 오류 1
08:56:51 **** Build of configuration Debug for project test_bsp_xsysmon_extmux_example_1 ****
make pre-build main-build 
a9-linaro-pre-build-step
' '
'Building file: ../src/xsysmon_extmux_example.c'
'Invoking: ARM v7 gcc compiler'
arm-none-eabi-gcc -Wall -O0 -g3 -c -fmessage-length=0 -MT"src/xsysmon_extmux_example.o" -mcpu=cortex-a9 -mfpu=vfpv3 -mfloat-abi=hard -I../../test_bsp/ps7_cortexa9_0/include -MMD -MP -MF"src/xsysmon_extmux_example.d" -MT"src/xsysmon_extmux_example.o" -o "src/xsysmon_extmux_example.o" "../src/xsysmon_extmux_example.c"
../src/xsysmon_extmux_example.c:73:10: fatal error: xintc.h: No such file or directory
 #include "xintc.h"
          ^~~~~~~~~
compilation terminated.
make: *** [src/xsysmon_extmux_example.o] 오류 1
08:56:52 **** Build of configuration Debug for project test_bsp_xsysmon_intr_example_1 ****
make pre-build main-build 
a9-linaro-pre-build-step
' '
'Building file: ../src/xsysmon_intr_example.c'
'Invoking: ARM v7 gcc compiler'
arm-none-eabi-gcc -Wall -O0 -g3 -c -fmessage-length=0 -MT"src/xsysmon_intr_example.o" -mcpu=cortex-a9 -mfpu=vfpv3 -mfloat-abi=hard -I../../test_bsp/ps7_cortexa9_0/include -MMD -MP -MF"src/xsysmon_intr_example.d" -MT"src/xsysmon_intr_example.o" -o "src/xsysmon_intr_example.o" "../src/xsysmon_intr_example.c"
../src/xsysmon_intr_example.c: In function 'main':
../src/xsysmon_intr_example.c:107:19: error: 'XPAR_FABRIC_SYSTEM_MANAGEMENT_WIZ_0_IP2INTC_IRPT_INTR' undeclared (first use in this function)
 #define INTR_ID   XPAR_FABRIC_SYSTEM_MANAGEMENT_WIZ_0_IP2INTC_IRPT_INTR
                   ^
../src/xsysmon_intr_example.c:107:19: note: in definition of macro 'INTR_ID'
 #define INTR_ID   XPAR_FABRIC_SYSTEM_MANAGEMENT_WIZ_0_IP2INTC_IRPT_INTR
                   ^~~~~~~~~~~~~~~~~~~~~~~~~~~~~~~~~~~~~~~~~~~~~~~~~~~~~
../src/xsysmon_intr_example.c:107:19: note: each undeclared identifier is reported only once for each function it appears in
 #define INTR_ID   XPAR_FABRIC_SYSTEM_MANAGEMENT_WIZ_0_IP2INTC_IRPT_INTR
                   ^
../src/xsysmon_intr_example.c:107:19: note: in definition of macro 'INTR_ID'
 #define INTR_ID   XPAR_FABRIC_SYSTEM_MANAGEMENT_WIZ_0_IP2INTC_IRPT_INTR
                   ^~~~~~~~~~~~~~~~~~~~~~~~~~~~~~~~~~~~~~~~~~~~~~~~~~~~~
make: *** [src/xsysmon_intr_example.o] 오류 1
08:56:52 **** Auto Build of configuration Debug for project test_bsp_xsysmon_intr_printf_example_1 ****
make pre-build main-build 
a9-linaro-pre-build-step
' '
'Building file: ../src/xsysmon_intr_printf_example.c'
'Invoking: ARM v7 gcc compiler'
arm-none-eabi-gcc -Wall -O0 -g3 -c -fmessage-length=0 -MT"src/xsysmon_intr_printf_example.o" -mcpu=cortex-a9 -mfpu=vfpv3 -mfloat-abi=hard -I../../test_bsp/ps7_cortexa9_0/include -MMD -MP -MF"src/xsysmon_intr_printf_example.d" -MT"src/xsysmon_intr_printf_example.o" -o "src/xsysmon_intr_printf_example.o" "../src/xsysmon_intr_printf_example.c"
../src/xsysmon_intr_printf_example.c: In function 'main':
../src/xsysmon_intr_printf_example.c:115:18: error: 'XPAR_FABRIC_SYSTEM_MANAGEMENT_WIZ_0_IP2INTC_IRPT_INTR' undeclared (first use in this function)
 #define INTR_ID  XPAR_FABRIC_SYSTEM_MANAGEMENT_WIZ_0_IP2INTC_IRPT_INTR
                  ^
../src/xsysmon_intr_printf_example.c:115:18: note: in definition of macro 'INTR_ID'
 #define INTR_ID  XPAR_FABRIC_SYSTEM_MANAGEMENT_WIZ_0_IP2INTC_IRPT_INTR
                  ^~~~~~~~~~~~~~~~~~~~~~~~~~~~~~~~~~~~~~~~~~~~~~~~~~~~~
../src/xsysmon_intr_printf_example.c:115:18: note: each undeclared identifier is reported only once for each function it appears in
 #define INTR_ID  XPAR_FABRIC_SYSTEM_MANAGEMENT_WIZ_0_IP2INTC_IRPT_INTR
                  ^
../src/xsysmon_intr_printf_example.c:115:18: note: in definition of macro 'INTR_ID'
 #define INTR_ID  XPAR_FABRIC_SYSTEM_MANAGEMENT_WIZ_0_IP2INTC_IRPT_INTR
                  ^~~~~~~~~~~~~~~~~~~~~~~~~~~~~~~~~~~~~~~~~~~~~~~~~~~~~
make: *** [src/xsysmon_intr_printf_example.o] 오류 1
08:56:53 **** Auto Build of configuration Debug for project test_bsp_xsysmon_single_ch_intr_example_1 ****
make pre-build main-build 
a9-linaro-pre-build-step
' '
'Building file: ../src/xsysmon_single_ch_intr_example.c'
'Invoking: ARM v7 gcc compiler'
arm-none-eabi-gcc -Wall -O0 -g3 -c -fmessage-length=0 -MT"src/xsysmon_single_ch_intr_example.o" -mcpu=cortex-a9 -mfpu=vfpv3 -mfloat-abi=hard -I../../test_bsp/ps7_cortexa9_0/include -MMD -MP -MF"src/xsysmon_single_ch_intr_example.d" -MT"src/xsysmon_single_ch_intr_example.o" -o "src/xsysmon_single_ch_intr_example.o" "../src/xsysmon_single_ch_intr_example.c"
../src/xsysmon_single_ch_intr_example.c: In function 'main':
../src/xsysmon_single_ch_intr_example.c:99:18: error: 'XPAR_FABRIC_SYSTEM_MANAGEMENT_WIZ_0_IP2INTC_IRPT_INTR' undeclared (first use in this function)
 #define INTR_ID  XPAR_FABRIC_SYSTEM_MANAGEMENT_WIZ_0_IP2INTC_IRPT_INTR
                  ^
../src/xsysmon_single_ch_intr_example.c:99:18: note: in definition of macro 'INTR_ID'
 #define INTR_ID  XPAR_FABRIC_SYSTEM_MANAGEMENT_WIZ_0_IP2INTC_IRPT_INTR
                  ^~~~~~~~~~~~~~~~~~~~~~~~~~~~~~~~~~~~~~~~~~~~~~~~~~~~~
../src/xsysmon_single_ch_intr_example.c:99:18: note: each undeclared identifier is reported only once for each function it appears in
 #define INTR_ID  XPAR_FABRIC_SYSTEM_MANAGEMENT_WIZ_0_IP2INTC_IRPT_INTR
                  ^
../src/xsysmon_single_ch_intr_example.c:99:18: note: in definition of macro 'INTR_ID'
 #define INTR_ID  XPAR_FABRIC_SYSTEM_MANAGEMENT_WIZ_0_IP2INTC_IRPT_INTR
                  ^~~~~~~~~~~~~~~~~~~~~~~~~~~~~~~~~~~~~~~~~~~~~~~~~~~~~
make: *** [src/xsysmon_single_ch_intr_example.o] 오류 1
08:57:38 **** Auto Build of configuration Debug for project test ****
make pre-build main-build 
a9-linaro-pre-build-step
' '
'Building file: ../src/helloworld.c'
'Invoking: ARM v7 gcc compiler'
arm-none-eabi-gcc -Wall -O0 -g3 -c -fmessage-length=0 -MT"src/helloworld.o" -mcpu=cortex-a9 -mfpu=vfpv3 -mfloat-abi=hard -I../../test_bsp/ps7_cortexa9_0/include -MMD -MP -MF"src/helloworld.d" -MT"src/helloworld.o" -o "src/helloworld.o" "../src/helloworld.c"
../src/helloworld.c: In function 'main':
../src/helloworld.c:34:15: error: lvalue required as left operand of assignment
 VccIntRawData = XSysMon_GetAdcData(SysMonInstPtr, XSM_CH_VCCINT); //Read the on-chip Vccint Data
               ^
../src/helloworld.c:50:2: warning: implicit declaration of function 'usleep'; did you mean 'fseek'? [-Wimplicit-function-declaration]
  usleep(500000); //wait 500ms
  ^~~~~~
  fseek
../src/helloworld.c:13:46: warning: unused variable 'i' [-Wunused-variable]
  u32 TempRawData,VccIntRawData,ExtVolRawData,i;
                                              ^
../src/helloworld.c:12:5: warning: unused variable 'SeqMode' [-Wunused-variable]
  u8 SeqMode;
     ^~~~~~~
make: *** [src/helloworld.o] 오류 1
08:57:49 **** Incremental Build of configuration Debug for project test ****
make pre-build main-build 
a9-linaro-pre-build-step
' '
'Building file: ../src/helloworld.c'
'Invoking: ARM v7 gcc compiler'
arm-none-eabi-gcc -Wall -O0 -g3 -c -fmessage-length=0 -MT"src/helloworld.o" -mcpu=cortex-a9 -mfpu=vfpv3 -mfloat-abi=hard -I../../test_bsp/ps7_cortexa9_0/include -MMD -MP -MF"src/helloworld.d" -MT"src/helloworld.o" -o "src/helloworld.o" "../src/helloworld.c"
../src/helloworld.c: In function 'main':
../src/helloworld.c:34:15: error: lvalue required as left operand of assignment
 VccIntRawData = XSysMon_GetAdcData(SysMonInstPtr, XSM_CH_VCCINT); //Read the on-chip Vccint Data
               ^
../src/helloworld.c:50:2: warning: implicit declaration of function 'usleep'; did you mean 'fseek'? [-Wimplicit-function-declaration]
  usleep(500000); //wait 500ms
  ^~~~~~
  fseek
../src/helloworld.c:13:46: warning: unused variable 'i' [-Wunused-variable]
  u32 TempRawData,VccIntRawData,ExtVolRawData,i;
                                              ^
../src/helloworld.c:12:5: warning: unused variable 'SeqMode' [-Wunused-variable]
  u8 SeqMode;
     ^~~~~~~
make: *** [src/helloworld.o] 오류 1
08:57:51 **** Incremental Build of configuration Debug for project test_bsp_xsysmon_extmux_example_1 ****
make pre-build main-build 
a9-linaro-pre-build-step
' '
'Building file: ../src/xsysmon_extmux_example.c'
'Invoking: ARM v7 gcc compiler'
arm-none-eabi-gcc -Wall -O0 -g3 -c -fmessage-length=0 -MT"src/xsysmon_extmux_example.o" -mcpu=cortex-a9 -mfpu=vfpv3 -mfloat-abi=hard -I../../test_bsp/ps7_cortexa9_0/include -MMD -MP -MF"src/xsysmon_extmux_example.d" -MT"src/xsysmon_extmux_example.o" -o "src/xsysmon_extmux_example.o" "../src/xsysmon_extmux_example.c"
../src/xsysmon_extmux_example.c:73:10: fatal error: xintc.h: No such file or directory
 #include "xintc.h"
          ^~~~~~~~~
compilation terminated.
make: *** [src/xsysmon_extmux_example.o] 오류 1
08:57:52 **** Incremental Build of configuration Debug for project test_bsp_xsysmon_intr_example_1 ****
make pre-build main-build 
a9-linaro-pre-build-step
' '
'Building file: ../src/xsysmon_intr_example.c'
'Invoking: ARM v7 gcc compiler'
arm-none-eabi-gcc -Wall -O0 -g3 -c -fmessage-length=0 -MT"src/xsysmon_intr_example.o" -mcpu=cortex-a9 -mfpu=vfpv3 -mfloat-abi=hard -I../../test_bsp/ps7_cortexa9_0/include -MMD -MP -MF"src/xsysmon_intr_example.d" -MT"src/xsysmon_intr_example.o" -o "src/xsysmon_intr_example.o" "../src/xsysmon_intr_example.c"
../src/xsysmon_intr_example.c: In function 'main':
../src/xsysmon_intr_example.c:107:19: error: 'XPAR_FABRIC_SYSTEM_MANAGEMENT_WIZ_0_IP2INTC_IRPT_INTR' undeclared (first use in this function)
 #define INTR_ID   XPAR_FABRIC_SYSTEM_MANAGEMENT_WIZ_0_IP2INTC_IRPT_INTR
                   ^
../src/xsysmon_intr_example.c:107:19: note: in definition of macro 'INTR_ID'
 #define INTR_ID   XPAR_FABRIC_SYSTEM_MANAGEMENT_WIZ_0_IP2INTC_IRPT_INTR
                   ^~~~~~~~~~~~~~~~~~~~~~~~~~~~~~~~~~~~~~~~~~~~~~~~~~~~~
../src/xsysmon_intr_example.c:107:19: note: each undeclared identifier is reported only once for each function it appears in
 #define INTR_ID   XPAR_FABRIC_SYSTEM_MANAGEMENT_WIZ_0_IP2INTC_IRPT_INTR
                   ^
../src/xsysmon_intr_example.c:107:19: note: in definition of macro 'INTR_ID'
 #define INTR_ID   XPAR_FABRIC_SYSTEM_MANAGEMENT_WIZ_0_IP2INTC_IRPT_INTR
                   ^~~~~~~~~~~~~~~~~~~~~~~~~~~~~~~~~~~~~~~~~~~~~~~~~~~~~
make: *** [src/xsysmon_intr_example.o] 오류 1
08:57:53 **** Incremental Build of configuration Debug for project test_bsp_xsysmon_intr_printf_example_1 ****
make pre-build main-build 
a9-linaro-pre-build-step
' '
'Building file: ../src/xsysmon_intr_printf_example.c'
'Invoking: ARM v7 gcc compiler'
arm-none-eabi-gcc -Wall -O0 -g3 -c -fmessage-length=0 -MT"src/xsysmon_intr_printf_example.o" -mcpu=cortex-a9 -mfpu=vfpv3 -mfloat-abi=hard -I../../test_bsp/ps7_cortexa9_0/include -MMD -MP -MF"src/xsysmon_intr_printf_example.d" -MT"src/xsysmon_intr_printf_example.o" -o "src/xsysmon_intr_printf_example.o" "../src/xsysmon_intr_printf_example.c"
../src/xsysmon_intr_printf_example.c: In function 'main':
../src/xsysmon_intr_printf_example.c:115:18: error: 'XPAR_FABRIC_SYSTEM_MANAGEMENT_WIZ_0_IP2INTC_IRPT_INTR' undeclared (first use in this function)
 #define INTR_ID  XPAR_FABRIC_SYSTEM_MANAGEMENT_WIZ_0_IP2INTC_IRPT_INTR
                  ^
../src/xsysmon_intr_printf_example.c:115:18: note: in definition of macro 'INTR_ID'
 #define INTR_ID  XPAR_FABRIC_SYSTEM_MANAGEMENT_WIZ_0_IP2INTC_IRPT_INTR
                  ^~~~~~~~~~~~~~~~~~~~~~~~~~~~~~~~~~~~~~~~~~~~~~~~~~~~~
../src/xsysmon_intr_printf_example.c:115:18: note: each undeclared identifier is reported only once for each function it appears in
 #define INTR_ID  XPAR_FABRIC_SYSTEM_MANAGEMENT_WIZ_0_IP2INTC_IRPT_INTR
                  ^
../src/xsysmon_intr_printf_example.c:115:18: note: in definition of macro 'INTR_ID'
 #define INTR_ID  XPAR_FABRIC_SYSTEM_MANAGEMENT_WIZ_0_IP2INTC_IRPT_INTR
                  ^~~~~~~~~~~~~~~~~~~~~~~~~~~~~~~~~~~~~~~~~~~~~~~~~~~~~
make: *** [src/xsysmon_intr_printf_example.o] 오류 1
08:57:54 **** Incremental Build of configuration Debug for project test_bsp_xsysmon_single_ch_intr_example_1 ****
make pre-build main-build 
a9-linaro-pre-build-step
' '
'Building file: ../src/xsysmon_single_ch_intr_example.c'
'Invoking: ARM v7 gcc compiler'
arm-none-eabi-gcc -Wall -O0 -g3 -c -fmessage-length=0 -MT"src/xsysmon_single_ch_intr_example.o" -mcpu=cortex-a9 -mfpu=vfpv3 -mfloat-abi=hard -I../../test_bsp/ps7_cortexa9_0/include -MMD -MP -MF"src/xsysmon_single_ch_intr_example.d" -MT"src/xsysmon_single_ch_intr_example.o" -o "src/xsysmon_single_ch_intr_example.o" "../src/xsysmon_single_ch_intr_example.c"
../src/xsysmon_single_ch_intr_example.c: In function 'main':
../src/xsysmon_single_ch_intr_example.c:99:18: error: 'XPAR_FABRIC_SYSTEM_MANAGEMENT_WIZ_0_IP2INTC_IRPT_INTR' undeclared (first use in this function)
 #define INTR_ID  XPAR_FABRIC_SYSTEM_MANAGEMENT_WIZ_0_IP2INTC_IRPT_INTR
                  ^
../src/xsysmon_single_ch_intr_example.c:99:18: note: in definition of macro 'INTR_ID'
 #define INTR_ID  XPAR_FABRIC_SYSTEM_MANAGEMENT_WIZ_0_IP2INTC_IRPT_INTR
                  ^~~~~~~~~~~~~~~~~~~~~~~~~~~~~~~~~~~~~~~~~~~~~~~~~~~~~
../src/xsysmon_single_ch_intr_example.c:99:18: note: each undeclared identifier is reported only once for each function it appears in
 #define INTR_ID  XPAR_FABRIC_SYSTEM_MANAGEMENT_WIZ_0_IP2INTC_IRPT_INTR
                  ^
../src/xsysmon_single_ch_intr_example.c:99:18: note: in definition of macro 'INTR_ID'
 #define INTR_ID  XPAR_FABRIC_SYSTEM_MANAGEMENT_WIZ_0_IP2INTC_IRPT_INTR
                  ^~~~~~~~~~~~~~~~~~~~~~~~~~~~~~~~~~~~~~~~~~~~~~~~~~~~~
make: *** [src/xsysmon_single_ch_intr_example.o] 오류 1
08:58:45 **** Auto Build of configuration Debug for project test ****
make pre-build main-build 
a9-linaro-pre-build-step
' '
'Building file: ../src/helloworld.c'
'Invoking: ARM v7 gcc compiler'
arm-none-eabi-gcc -Wall -O0 -g3 -c -fmessage-length=0 -MT"src/helloworld.o" -mcpu=cortex-a9 -mfpu=vfpv3 -mfloat-abi=hard -I../../test_bsp/ps7_cortexa9_0/include -MMD -MP -MF"src/helloworld.d" -MT"src/helloworld.o" -o "src/helloworld.o" "../src/helloworld.c"
../src/helloworld.c: In function 'main':
../src/helloworld.c:50:2: warning: implicit declaration of function 'usleep'; did you mean 'fseek'? [-Wimplicit-function-declaration]
  usleep(500000); //wait 500ms
  ^~~~~~
  fseek
../src/helloworld.c:13:46: warning: unused variable 'i' [-Wunused-variable]
  u32 TempRawData,VccIntRawData,ExtVolRawData,i;
                                              ^
../src/helloworld.c:12:5: warning: unused variable 'SeqMode' [-Wunused-variable]
  u8 SeqMode;
     ^~~~~~~
'Finished building: ../src/helloworld.c'
' '
'Building file: ../src/platform.c'
'Invoking: ARM v7 gcc compiler'
arm-none-eabi-gcc -Wall -O0 -g3 -c -fmessage-length=0 -MT"src/platform.o" -mcpu=cortex-a9 -mfpu=vfpv3 -mfloat-abi=hard -I../../test_bsp/ps7_cortexa9_0/include -MMD -MP -MF"src/platform.d" -MT"src/platform.o" -o "src/platform.o" "../src/platform.c"
'Finished building: ../src/platform.c'
' '
'Building target: test.elf'
'Invoking: ARM v7 gcc linker'
arm-none-eabi-gcc -mcpu=cortex-a9 -mfpu=vfpv3 -mfloat-abi=hard -Wl,-build-id=none -specs=Xilinx.spec -Wl,-T -Wl,../src/lscript.ld -L../../test_bsp/ps7_cortexa9_0/lib -o "test.elf"  ./src/helloworld.o ./src/platform.o   -Wl,--start-group,-lxil,-lgcc,-lc,--end-group
'Finished building target: test.elf'
' '
'Invoking: ARM v7 Print Size'
arm-none-eabi-size test.elf  |tee "test.elf.size"
   text	   data	    bss	    dec	    hex	filename
  78224	   2596	  23360	 104180	  196f4	test.elf
'Finished building: test.elf.size'
' '
08:59:20 **** Incremental Build of configuration Debug for project test ****
make pre-build main-build 
a9-linaro-pre-build-step
' '
make: `main-build'를 위해 할 일이 없습니다
10:42:53 **** Auto Build of configuration Debug for project test ****
make pre-build main-build 
a9-linaro-pre-build-step
' '
'Building file: ../src/helloworld.c'
'Invoking: ARM v7 gcc compiler'
arm-none-eabi-gcc -Wall -O0 -g3 -c -fmessage-length=0 -MT"src/helloworld.o" -mcpu=cortex-a9 -mfpu=vfpv3 -mfloat-abi=hard -I../../test_bsp/ps7_cortexa9_0/include -MMD -MP -MF"src/helloworld.d" -MT"src/helloworld.o" -o "src/helloworld.o" "../src/helloworld.c"
../src/helloworld.c: In function 'main':
../src/helloworld.c:50:3: warning: implicit declaration of function 'usleep'; did you mean 'fseek'? [-Wimplicit-function-declaration]
   usleep(500000); //wait 500ms
   ^~~~~~
   fseek
../src/helloworld.c:13:49: warning: unused variable 'i' [-Wunused-variable]
  u32 TempRawData, VccIntRawData, ExtVolRawData, i;
                                                 ^
../src/helloworld.c:12:5: warning: unused variable 'SeqMode' [-Wunused-variable]
  u8 SeqMode;
     ^~~~~~~
'Finished building: ../src/helloworld.c'
' '
'Building target: test.elf'
'Invoking: ARM v7 gcc linker'
arm-none-eabi-gcc -mcpu=cortex-a9 -mfpu=vfpv3 -mfloat-abi=hard -Wl,-build-id=none -specs=Xilinx.spec -Wl,-T -Wl,../src/lscript.ld -L../../test_bsp/ps7_cortexa9_0/lib -o "test.elf"  ./src/helloworld.o ./src/platform.o   -Wl,--start-group,-lxil,-lgcc,-lc,--end-group
'Finished building target: test.elf'
' '
'Invoking: ARM v7 Print Size'
arm-none-eabi-size test.elf  |tee "test.elf.size"
   text	   data	    bss	    dec	    hex	filename
  78224	   2596	  23360	 104180	  196f4	test.elf
'Finished building: test.elf.size'
' '
