#-----------------------------------------------------------
# Webtalk v2018.2 (64-bit)
# SW Build 2258646 on Thu Jun 14 20:03:12 MDT 2018
# 
# Start of session at: Sun Apr 30 09:03:18 2023
# Process ID: 28612
# Current directory: C:/Xilinx/SoC/Matrix_Mul_vivado/Matrix_Mul_vivado.sdk/webtalk
# Command line: wbtcv.exe -mode batch -source sdk_webtalk.tcl
# Log file: C:/Xilinx/SoC/Matrix_Mul_vivado/Matrix_Mul_vivado.sdk/webtalk/webtalk.log
# Journal file: C:/Xilinx/SoC/Matrix_Mul_vivado/Matrix_Mul_vivado.sdk/webtalk\webtalk.jou
#-----------------------------------------------------------
source sdk_webtalk.tcl
# webtalk_init -webtalk_dir C:\\Xilinx\\SoC\\Matrix_Mul_vivado\\Matrix_Mul_vivado.sdk\\webtalk
# webtalk_register_client -client project
# webtalk_add_data -client project -key date_generated -value "2023-04-30 09:03:17" -context "software_version_and_target_device"
# webtalk_add_data -client project -key product_version -value "SDK v2018.2" -context "software_version_and_target_device"
# webtalk_add_data -client project -key build_version -value "2018.2" -context "software_version_and_target_device"
# webtalk_add_data -client project -key os_platform -value "amd64" -context "software_version_and_target_device"
# webtalk_add_data -client project -key registration_id -value "" -context "software_version_and_target_device"
# webtalk_add_data -client project -key tool_flow -value "SDK" -context "software_version_and_target_device"
# webtalk_add_data -client project -key beta -value "false" -context "software_version_and_target_device"
# webtalk_add_data -client project -key route_design -value "NA" -context "software_version_and_target_device"
# webtalk_add_data -client project -key target_family -value "NA" -context "software_version_and_target_device"
# webtalk_add_data -client project -key target_device -value "NA" -context "software_version_and_target_device"
# webtalk_add_data -client project -key target_package -value "NA" -context "software_version_and_target_device"
# webtalk_add_data -client project -key target_speed -value "NA" -context "software_version_and_target_device"
# webtalk_add_data -client project -key random_id -value "24p61mm3s1o8ih5nhro17i33r3" -context "software_version_and_target_device"
# webtalk_add_data -client project -key project_id -value "2018.2_7" -context "software_version_and_target_device"
# webtalk_add_data -client project -key project_iteration -value "7" -context "software_version_and_target_device"
# webtalk_add_data -client project -key os_name -value "Microsoft Windows 8 or later , 64-bit" -context "user_environment"
# webtalk_add_data -client project -key os_release -value "major release  (build 9200)" -context "user_environment"
# webtalk_add_data -client project -key cpu_name -value "AMD Ryzen 5 3600 6-Core Processor              " -context "user_environment"
# webtalk_add_data -client project -key cpu_speed -value "4300 MHz" -context "user_environment"
# webtalk_add_data -client project -key total_processors -value "2" -context "user_environment"
# webtalk_add_data -client project -key system_ram -value "17.112 GB" -context "user_environment"
# webtalk_register_client -client sdk
# webtalk_add_data -client sdk -key uid -value "1682810279735" -context "sdk\\\\hardware/1682810279735"
# webtalk_add_data -client sdk -key isZynq -value "true" -context "sdk\\\\hardware/1682810279735"
# webtalk_add_data -client sdk -key isZynqMP -value "false" -context "sdk\\\\hardware/1682810279735"
# webtalk_add_data -client sdk -key Processors -value "2" -context "sdk\\\\hardware/1682810279735"
# webtalk_add_data -client sdk -key VivadoVersion -value "2018.2" -context "sdk\\\\hardware/1682810279735"
# webtalk_add_data -client sdk -key Arch -value "zynq" -context "sdk\\\\hardware/1682810279735"
# webtalk_add_data -client sdk -key Device -value "7z020" -context "sdk\\\\hardware/1682810279735"
# webtalk_add_data -client sdk -key IsHandoff -value "true" -context "sdk\\\\hardware/1682810279735"
# webtalk_add_data -client sdk -key os -value "NA" -context "sdk\\\\hardware/1682810279735"
# webtalk_add_data -client sdk -key apptemplate -value "NA" -context "sdk\\\\hardware/1682810279735"
# webtalk_add_data -client sdk -key RecordType -value "HWCreation" -context "sdk\\\\hardware/1682810279735"
# webtalk_add_data -client sdk -key uid -value "1682810291035" -context "sdk\\\\bsp/1682810291035"
# webtalk_add_data -client sdk -key hwid -value "1682810279735" -context "sdk\\\\bsp/1682810291035"
# webtalk_add_data -client sdk -key os -value "standalone" -context "sdk\\\\bsp/1682810291035"
# webtalk_add_data -client sdk -key apptemplate -value "hello_world" -context "sdk\\\\bsp/1682810291035"
# webtalk_add_data -client sdk -key RecordType -value "BSPCreation" -context "sdk\\\\bsp/1682810291035"
# webtalk_add_data -client sdk -key uid -value "1682810295649" -context "sdk\\\\application/1682810295649"
# webtalk_add_data -client sdk -key hwid -value "1682810279735" -context "sdk\\\\application/1682810295649"
# webtalk_add_data -client sdk -key bspid -value "1682810291035" -context "sdk\\\\application/1682810295649"
# webtalk_add_data -client sdk -key newbsp -value "true" -context "sdk\\\\application/1682810295649"
# webtalk_add_data -client sdk -key os -value "standalone" -context "sdk\\\\application/1682810295649"
# webtalk_add_data -client sdk -key apptemplate -value "hello_world" -context "sdk\\\\application/1682810295649"
# webtalk_add_data -client sdk -key RecordType -value "APPCreation" -context "sdk\\\\application/1682810295649"
# webtalk_add_data -client sdk -key LangUsed -value "C" -context "sdk\\\\application/1682810295649"
# webtalk_add_data -client sdk -key Procused -value "ps7_cortexa9" -context "sdk\\\\application/1682810295649"
# webtalk_add_data -client sdk -key uid -value "NA" -context "sdk\\\\bsp/1682812997831"
# webtalk_add_data -client sdk -key RecordType -value "ToolUsage" -context "sdk\\\\bsp/1682812997831"
# webtalk_add_data -client sdk -key BootgenCount -value "0" -context "sdk\\\\bsp/1682812997831"
# webtalk_add_data -client sdk -key DebugCount -value "0" -context "sdk\\\\bsp/1682812997831"
# webtalk_add_data -client sdk -key PerfCount -value "0" -context "sdk\\\\bsp/1682812997831"
# webtalk_add_data -client sdk -key FlashCount -value "0" -context "sdk\\\\bsp/1682812997831"
# webtalk_add_data -client sdk -key CrossTriggCount -value "0" -context "sdk\\\\bsp/1682812997831"
# webtalk_add_data -client sdk -key QemuDebugCount -value "0" -context "sdk\\\\bsp/1682812997831"
# webtalk_transmit -clientid 3221702679 -regid "" -xml C:\\Xilinx\\SoC\\Matrix_Mul_vivado\\Matrix_Mul_vivado.sdk\\webtalk\\usage_statistics_ext_sdk.xml -html C:\\Xilinx\\SoC\\Matrix_Mul_vivado\\Matrix_Mul_vivado.sdk\\webtalk\\usage_statistics_ext_sdk.html -wdm C:\\Xilinx\\SoC\\Matrix_Mul_vivado\\Matrix_Mul_vivado.sdk\\webtalk\\sdk_webtalk.wdm -intro "<H3>SDK Usage Report</H3><BR>"
# webtalk_terminate
INFO: [Common 17-206] Exiting Webtalk at Sun Apr 30 09:03:19 2023...
