Vivado Simulator 2018.2
Copyright 1986-1999, 2001-2018 Xilinx, Inc. All Rights Reserved.
Running: C:/Xilinx/Vivado/2018.2/bin/unwrapped/win64.o/xelab.exe -wto 38f2470b31654bb7bfc52a17470327a6 --incr --debug typical --relax --mt 2 -L xil_defaultlib -L blk_mem_gen_v8_4_1 -L unisims_ver -L unimacro_ver -L secureip -L xpm --snapshot tb_RV32I_SoC_behav xil_defaultlib.tb_RV32I_SoC xil_defaultlib.glbl -log elaborate.log 
Using 2 slave threads.
Starting static elaboration
WARNING: [VRFC 10-278] actual bit length 1 differs from formal bit length 4 for port wea [C:/Xilinx/SoC/Lab12-RV32-Start/Lab12-RV32-Start2.srcs/sources_1/new/RV32I_SoC.v:43]
WARNING: [VRFC 10-278] actual bit length 32 differs from formal bit length 12 for port Addr [C:/Xilinx/SoC/Lab12-RV32-Start/Lab12-RV32-Start2.srcs/sources_1/new/RV32I_SoC.v:97]
Completed static elaboration
Starting simulation data flow analysis
Completed simulation data flow analysis
Time Resolution for simulation is 1ps
Compiling module blk_mem_gen_v8_4_1.blk_mem_gen_v8_4_1_output_stage(...
Compiling module blk_mem_gen_v8_4_1.blk_mem_gen_v8_4_1_softecc_outpu...
Compiling module blk_mem_gen_v8_4_1.blk_mem_gen_v8_4_1_mem_module(C_...
Compiling module blk_mem_gen_v8_4_1.blk_mem_gen_v8_4_1(C_FAMILY="zyn...
Compiling module xil_defaultlib.ram_2port_2048x32
Compiling module unisims_ver.IBUF
Compiling module unisims_ver.MMCME2_ADV(CLKFBOUT_MULT_F=10.0,...
Compiling module unisims_ver.BUFG
Compiling module xil_defaultlib.clk_wiz_0_clk_wiz
Compiling module xil_defaultlib.clk_wiz_0
Compiling module xil_defaultlib.regfile
Compiling module xil_defaultlib.FullAdder
Compiling module xil_defaultlib.RippleAdder
Compiling module xil_defaultlib.alu
Compiling module xil_defaultlib.rv32i_cpu
Compiling module xil_defaultlib.Addr_Decoder
Compiling module xil_defaultlib.GPIO
Compiling module xil_defaultlib.RV32I_SoC
Compiling module xil_defaultlib.tb_RV32I_SoC
Compiling module xil_defaultlib.glbl
Built simulation snapshot tb_RV32I_SoC_behav
